2022-10-09 09:03:45,707 - main_Test - INFO - 开始处理实况数据：2022-09-29
2022-10-09 09:03:45,718 - main_Test - INFO - 当前设定计算时间为： 2022-09-28
2022-10-09 09:03:52,803 - main_Test - ERROR - _read_obs_data_mp() takes 5 positional arguments but 14921 were given
2022-10-09 09:04:24,004 - main_Test - INFO - 开始处理实况数据：2022-09-29
2022-10-09 09:04:24,065 - main_Test - INFO - 当前设定计算时间为： 2022-09-28
2022-10-09 09:04:29,932 - main_Test - ERROR - _read_obs_data_mp() takes 5 positional arguments but 14921 were given
2022-10-09 09:04:53,409 - main_Test - INFO - 开始处理实况数据：2022-09-29
2022-10-09 09:04:53,441 - main_Test - INFO - 当前设定计算时间为： 2022-09-28
2022-10-09 09:12:00,369 - main_Test - INFO - 开始处理实况数据：2022-09-29
2022-10-09 09:12:00,448 - main_Test - INFO - 当前设定计算时间为： 2022-09-28
2022-10-09 09:13:00,920 - main_Test - INFO - 开始处理实况数据：2022-09-29
2022-10-09 09:13:00,971 - main_Test - INFO - 当前设定计算时间为： 2022-09-28
2022-10-09 09:43:14,157 - main_Test - INFO - 开始处理实况数据：2022-09-29
2022-10-09 09:43:14,167 - main_Test - INFO - 当前设定计算时间为： 2022-09-28
2022-10-09 09:46:48,616 - main_Test - INFO - 开始处理实况数据：2022-09-29
2022-10-09 09:46:48,666 - main_Test - INFO - 当前设定计算时间为： 2022-09-28
2022-10-09 09:46:48,666 - main_Test - ERROR - 'int' object is not subscriptable
2022-10-09 09:47:36,774 - main_Test - INFO - 开始处理实况数据：2022-09-29
2022-10-09 09:47:36,800 - main_Test - INFO - 当前设定计算时间为： 2022-09-28
2022-10-09 09:48:20,660 - main_Test - INFO - 开始处理实况数据：2022-09-29
2022-10-09 09:48:20,711 - main_Test - INFO - 当前设定计算时间为： 2022-09-28
2022-10-09 09:50:41,338 - main_Test - INFO - 开始处理实况数据：2022-09-29
2022-10-09 09:50:41,352 - main_Test - INFO - 当前设定计算时间为： 2022-09-28
2022-10-09 09:53:14,721 - main - INFO - 开始处理实况数据：2022-09-29
2022-10-09 09:53:14,736 - main - INFO - 当前设定计算时间为： 2022-09-28
2022-10-09 15:59:27,801 - main_Test - INFO - 开始处理实况数据：2022-09-29
2022-10-09 15:59:27,811 - main_Test - INFO - 当前设定计算时间为： 2022-09-28
2022-10-09 16:00:32,178 - main_Test - INFO - 开始处理预报数据：2022-09-29
2022-10-09 16:00:35,390 - main_Test - ERROR - list indices must be integers or slices, not str
2022-10-09 16:00:57,250 - main_Test - INFO - 开始处理实况数据：2022-09-29
2022-10-09 16:00:57,287 - main_Test - INFO - 当前设定计算时间为： 2022-09-28
2022-10-09 16:01:10,789 - main - INFO - 开始处理实况数据：2022-09-29
2022-10-09 16:01:10,807 - main - INFO - 当前设定计算时间为： 2022-09-28
2022-10-09 16:01:24,124 - main - INFO - 开始处理实况数据：2022-09-29
2022-10-09 16:01:24,180 - main - INFO - 当前设定计算时间为： 2022-09-28
2022-10-09 16:02:03,999 - main - INFO - 开始处理预报数据：2022-09-29
2022-10-09 16:05:16,075 - main - INFO - 开始处理实况数据：2022-09-29
2022-10-09 16:05:16,150 - main - INFO - 当前设定计算时间为： 2022-09-28
2022-10-09 16:06:23,138 - main - INFO - 开始处理预报数据：2022-09-29
2022-10-09 16:20:06,264 - main - INFO - 开始处理实况数据：2022-09-29
2022-10-09 16:20:06,313 - main - INFO - 当前设定计算时间为： 2022-09-28
2022-10-09 16:20:46,347 - main - INFO - 开始处理预报数据：2022-09-29
2022-10-09 16:22:41,414 - main - INFO - 开始处理实况数据：2022-09-27
2022-10-09 16:22:41,458 - main - INFO - 当前设定计算时间为： 2022-09-26
2022-10-09 16:23:21,307 - main - INFO - 开始处理预报数据：2022-09-27
2022-10-09 16:28:52,246 - main - INFO - 开始处理实况数据：2022-09-27
2022-10-09 16:28:52,312 - main - INFO - 当前设定计算时间为： 2022-09-26
2022-10-09 16:29:39,269 - main - INFO - 开始处理预报数据：2022-09-27
2022-10-09 16:34:08,046 - main - INFO - 开始处理实况数据：2022-09-27
2022-10-09 16:34:08,081 - main - INFO - 当前设定计算时间为： 2022-09-26
2022-10-09 16:34:48,680 - main - INFO - 开始处理预报数据：2022-09-27
2022-10-09 16:48:38,147 - main - INFO - 开始处理实况数据：2022-09-27
2022-10-09 16:48:38,189 - main - INFO - 当前设定计算时间为： 2022-09-26
2022-10-09 16:49:17,395 - main - INFO - 开始处理预报数据：2022-09-27
2022-10-09 16:59:13,048 - main - INFO - 开始处理实况数据：2022-09-27
2022-10-09 16:59:13,058 - main - INFO - 当前设定计算时间为： 2022-09-26
2022-10-09 16:59:51,430 - main - INFO - 开始处理预报数据：2022-09-27
2022-10-09 16:59:55,459 - main - ERROR - ufunc 'isfinite' not supported for the input types, and the inputs could not be safely coerced to any supported types according to the casting rule ''safe''
2022-10-09 17:04:33,909 - main - INFO - 开始处理实况数据：2022-09-27
2022-10-09 17:04:33,919 - main - INFO - 当前设定计算时间为： 2022-09-26
2022-10-09 17:05:09,965 - main - INFO - 开始处理预报数据：2022-09-27
2022-10-09 17:06:11,848 - main - INFO - 开始处理实况数据：2022-09-27
2022-10-09 17:06:11,879 - main - INFO - 当前设定计算时间为： 2022-09-26
2022-10-09 17:06:45,602 - main - INFO - 开始处理预报数据：2022-09-27
2022-10-09 17:10:07,769 - main - INFO - 开始处理实况数据：2022-09-27
2022-10-09 17:10:07,825 - main - INFO - 当前设定计算时间为： 2022-09-26
2022-10-09 17:10:16,288 - main - INFO - 开始处理实况数据：2022-09-27
2022-10-09 17:10:16,305 - main - INFO - 当前设定计算时间为： 2022-09-26
2022-10-09 17:10:57,421 - main - INFO - 开始处理预报数据：2022-09-27
2022-10-09 17:11:01,714 - main - ERROR - Failed to convert value(s) to axis units: '29Aug'
2022-10-09 17:20:11,982 - main - INFO - 开始处理实况数据：2022-09-27
2022-10-09 17:20:12,031 - main - INFO - 当前设定计算时间为： 2022-09-26
2022-10-09 17:20:52,802 - main - INFO - 开始处理预报数据：2022-09-27
2022-10-09 17:20:57,303 - main - ERROR - too many values to unpack (expected 2)
2022-10-09 17:30:29,246 - main - INFO - 开始处理实况数据：2022-09-27
2022-10-09 17:30:29,282 - main - INFO - 当前设定计算时间为： 2022-09-26
2022-10-09 17:31:03,533 - main - INFO - 开始处理预报数据：2022-09-27
2022-10-09 17:31:07,434 - main - ERROR - ufunc 'isfinite' not supported for the input types, and the inputs could not be safely coerced to any supported types according to the casting rule ''safe''
2022-10-09 17:33:18,037 - main - INFO - 开始处理实况数据：2022-09-27
2022-10-09 17:33:18,074 - main - INFO - 当前设定计算时间为： 2022-09-26
2022-10-09 17:33:51,203 - main - INFO - 开始处理预报数据：2022-09-27
2022-10-09 17:35:11,369 - main - INFO - 开始处理实况数据：2022-09-27
2022-10-09 17:35:11,409 - main - INFO - 当前设定计算时间为： 2022-09-26
2022-10-09 17:35:44,369 - main - INFO - 开始处理预报数据：2022-09-27
2022-10-09 17:35:49,296 - main - ERROR - 'Quiver' object has no property 'length'
2022-10-09 17:36:52,511 - main - INFO - 开始处理实况数据：2022-09-27
2022-10-09 17:36:52,568 - main - INFO - 当前设定计算时间为： 2022-09-26
2022-10-09 17:37:35,163 - main - INFO - 开始处理预报数据：2022-09-27
2022-10-09 17:53:11,947 - main - INFO - 开始处理实况数据：2022-09-27
2022-10-09 17:53:12,032 - main - INFO - 当前设定计算时间为： 2022-09-26
2022-10-09 17:53:52,423 - main - INFO - 开始处理预报数据：2022-09-27
2022-10-09 17:56:11,091 - main - INFO - 开始处理实况数据：2022-09-27
2022-10-09 17:56:11,173 - main - INFO - 当前设定计算时间为： 2022-09-26
2022-10-09 17:56:51,965 - main - INFO - 开始处理预报数据：2022-09-27
2022-10-09 17:58:13,936 - main - INFO - 开始处理实况数据：2022-09-27
2022-10-09 17:58:14,030 - main - INFO - 当前设定计算时间为： 2022-09-26
2022-10-09 17:58:53,024 - main - INFO - 开始处理实况数据：2022-09-27
2022-10-09 17:58:53,034 - main - INFO - 当前设定计算时间为： 2022-09-26
2022-10-09 17:59:29,646 - main - INFO - 开始处理预报数据：2022-09-27
2022-10-09 18:13:34,528 - main - INFO - 开始处理实况数据：2022-09-27
2022-10-09 18:13:34,544 - main - INFO - 当前设定计算时间为： 2022-09-26
2022-10-09 18:14:12,986 - main - INFO - 开始处理预报数据：2022-09-27
