2022-09-09 09:13:43,970 - main - INFO - 开始处理是实况数据：2022-05-20
2022-09-09 09:13:44,007 - main - INFO - 当前设定计算时间为： 2022-05-19
2022-09-09 09:14:26,498 - main - INFO - 开始处理是预报数据：2022-05-20
2022-09-09 09:14:26,535 - main - INFO - 220520   grid24_2022052008.024
2022-09-09 09:14:26,555 - main - INFO - 220521   grid24_2022052108.024
2022-09-09 09:14:26,574 - main - INFO - 220522   grid24_2022052208.024
2022-09-09 09:14:26,590 - main - INFO - 220523   grid24_2022052308.024
2022-09-09 09:14:26,605 - main - INFO - 220524   grid24_2022052408.024
2022-09-09 09:14:26,619 - main - INFO - 220525   grid24_2022052508.024
2022-09-09 09:14:26,635 - main - INFO - 220526   grid24_2022052608.024
2022-09-09 09:14:26,654 - main - INFO - 220527   grid24_2022052708.024
2022-09-09 09:14:26,675 - main - INFO - 220528   grid24_2022052808.024
2022-09-09 09:14:26,694 - main - INFO - 220529   grid24_2022052908.024
2022-09-09 09:15:03,376 - main - INFO - 开始处理是实况数据：2022-05-20
2022-09-09 09:15:03,385 - main - INFO - 当前设定计算时间为： 2022-05-19
2022-09-09 09:15:51,040 - main - INFO - 开始处理是预报数据：2022-05-20
2022-09-09 09:15:51,050 - main - INFO - 220520   grid24_2022052008.024
2022-09-09 09:15:51,053 - main - INFO - 220521   grid24_2022052108.024
2022-09-09 09:15:51,058 - main - INFO - 220522   grid24_2022052208.024
2022-09-09 09:15:51,063 - main - INFO - 220523   grid24_2022052308.024
2022-09-09 09:15:51,066 - main - INFO - 220524   grid24_2022052408.024
2022-09-09 09:15:51,071 - main - INFO - 220525   grid24_2022052508.024
2022-09-09 09:15:51,074 - main - INFO - 220526   grid24_2022052608.024
2022-09-09 09:15:51,078 - main - INFO - 220527   grid24_2022052708.024
2022-09-09 09:15:51,082 - main - INFO - 220528   grid24_2022052808.024
2022-09-09 09:15:51,085 - main - INFO - 220529   grid24_2022052908.024
2022-09-09 09:19:46,061 - main - INFO - 开始处理是实况数据：2022-05-20
2022-09-09 09:19:46,103 - main - INFO - 当前设定计算时间为： 2022-05-19
2022-09-09 09:20:19,669 - main - INFO - 开始处理是预报数据：2022-05-20
2022-09-09 09:20:19,702 - main - INFO - 220520   grid24_2022052008.024
2022-09-09 09:20:19,721 - main - INFO - 220521   grid24_2022052108.024
2022-09-09 09:20:19,727 - main - INFO - 220522   grid24_2022052208.024
2022-09-09 09:20:19,741 - main - INFO - 220523   grid24_2022052308.024
2022-09-09 09:20:19,760 - main - INFO - 220524   grid24_2022052408.024
2022-09-09 09:20:19,768 - main - INFO - 220525   grid24_2022052508.024
2022-09-09 09:20:19,773 - main - INFO - 220526   grid24_2022052608.024
2022-09-09 09:20:19,779 - main - INFO - 220527   grid24_2022052708.024
2022-09-09 09:20:19,784 - main - INFO - 220528   grid24_2022052808.024
2022-09-09 09:20:19,802 - main - INFO - 220529   grid24_2022052908.024
2022-09-09 09:20:19,859 - main - ERROR - unsupported operand type(s) for -: 'str' and 'datetime.timedelta'
2022-09-09 09:20:48,271 - main - INFO - 开始处理是实况数据：2022-05-20
2022-09-09 09:20:48,285 - main - INFO - 当前设定计算时间为： 2022-05-19
2022-09-09 09:21:25,094 - main - INFO - 开始处理是预报数据：2022-05-20
2022-09-09 09:21:25,127 - main - INFO - 220520   grid24_2022052008.024
2022-09-09 09:21:25,144 - main - INFO - 220521   grid24_2022052108.024
2022-09-09 09:21:25,150 - main - INFO - 220522   grid24_2022052208.024
2022-09-09 09:21:25,155 - main - INFO - 220523   grid24_2022052308.024
2022-09-09 09:21:25,170 - main - INFO - 220524   grid24_2022052408.024
2022-09-09 09:21:25,190 - main - INFO - 220525   grid24_2022052508.024
2022-09-09 09:21:25,195 - main - INFO - 220526   grid24_2022052608.024
2022-09-09 09:21:25,209 - main - INFO - 220527   grid24_2022052708.024
2022-09-09 09:21:25,218 - main - INFO - 220528   grid24_2022052808.024
2022-09-09 09:21:25,229 - main - INFO - 220529   grid24_2022052908.024
2022-09-09 09:21:25,265 - main - ERROR - 'NoneType' object is not iterable
2022-09-09 09:21:39,435 - main - INFO - 开始处理是实况数据：2022-05-20
2022-09-09 09:21:39,455 - main - INFO - 当前设定计算时间为： 2022-05-19
2022-09-09 09:22:20,200 - main - INFO - 开始处理是预报数据：2022-05-20
2022-09-09 09:22:20,276 - main - INFO - 220520   grid24_2022052008.024
2022-09-09 09:22:20,306 - main - INFO - 220521   grid24_2022052108.024
2022-09-09 09:22:20,320 - main - INFO - 220522   grid24_2022052208.024
2022-09-09 09:22:20,336 - main - INFO - 220523   grid24_2022052308.024
2022-09-09 09:22:20,358 - main - INFO - 220524   grid24_2022052408.024
2022-09-09 09:22:20,373 - main - INFO - 220525   grid24_2022052508.024
2022-09-09 09:22:20,379 - main - INFO - 220526   grid24_2022052608.024
2022-09-09 09:22:20,397 - main - INFO - 220527   grid24_2022052708.024
2022-09-09 09:22:20,409 - main - INFO - 220528   grid24_2022052808.024
2022-09-09 09:22:20,419 - main - INFO - 220529   grid24_2022052908.024
2022-09-09 09:23:13,385 - main - INFO - 开始处理是实况数据：2022-05-20
2022-09-09 09:23:13,436 - main - INFO - 当前设定计算时间为： 2022-05-19
2022-09-09 09:23:49,149 - main - INFO - 开始处理是预报数据：2022-05-20
2022-09-09 09:23:49,175 - main - INFO - 220520   grid24_2022052008.024
2022-09-09 09:23:49,183 - main - INFO - 220521   grid24_2022052108.024
2022-09-09 09:23:49,203 - main - INFO - 220522   grid24_2022052208.024
2022-09-09 09:23:49,213 - main - INFO - 220523   grid24_2022052308.024
2022-09-09 09:23:49,225 - main - INFO - 220524   grid24_2022052408.024
2022-09-09 09:23:49,243 - main - INFO - 220525   grid24_2022052508.024
2022-09-09 09:23:49,263 - main - INFO - 220526   grid24_2022052608.024
2022-09-09 09:23:49,283 - main - INFO - 220527   grid24_2022052708.024
2022-09-09 09:23:49,304 - main - INFO - 220528   grid24_2022052808.024
2022-09-09 09:23:49,311 - main - INFO - 220529   grid24_2022052908.024
2022-09-09 09:23:59,083 - main - INFO - 开始处理是实况数据：2022-05-20
2022-09-09 09:23:59,133 - main - INFO - 当前设定计算时间为： 2022-05-19
2022-09-09 09:24:40,559 - main - INFO - 开始处理是预报数据：2022-05-20
2022-09-09 09:24:40,584 - main - INFO - 220520   grid24_2022052008.024
2022-09-09 09:24:40,592 - main - INFO - 220521   grid24_2022052108.024
2022-09-09 09:24:40,611 - main - INFO - 220522   grid24_2022052208.024
2022-09-09 09:24:40,632 - main - INFO - 220523   grid24_2022052308.024
2022-09-09 09:24:40,652 - main - INFO - 220524   grid24_2022052408.024
2022-09-09 09:24:40,662 - main - INFO - 220525   grid24_2022052508.024
2022-09-09 09:24:40,676 - main - INFO - 220526   grid24_2022052608.024
2022-09-09 09:24:40,692 - main - INFO - 220527   grid24_2022052708.024
2022-09-09 09:24:40,721 - main - INFO - 220528   grid24_2022052808.024
2022-09-09 09:24:40,741 - main - INFO - 220529   grid24_2022052908.024
2022-09-09 09:29:52,296 - main - INFO - 开始处理是实况数据：2022-05-20
2022-09-09 09:29:52,313 - main - INFO - 当前设定计算时间为： 2022-05-19
2022-09-09 09:30:30,397 - main - INFO - 开始处理是预报数据：2022-05-20
2022-09-09 09:30:30,448 - main - INFO - 220520   grid24_2022052008.024
2022-09-09 09:30:30,458 - main - INFO - 220521   grid24_2022052108.024
2022-09-09 09:30:30,477 - main - INFO - 220522   grid24_2022052208.024
2022-09-09 09:30:30,484 - main - INFO - 220523   grid24_2022052308.024
2022-09-09 09:30:30,500 - main - INFO - 220524   grid24_2022052408.024
2022-09-09 09:30:30,507 - main - INFO - 220525   grid24_2022052508.024
2022-09-09 09:30:30,528 - main - INFO - 220526   grid24_2022052608.024
2022-09-09 09:30:30,532 - main - INFO - 220527   grid24_2022052708.024
2022-09-09 09:30:30,543 - main - INFO - 220528   grid24_2022052808.024
2022-09-09 09:30:30,558 - main - INFO - 220529   grid24_2022052908.024
2022-09-09 09:30:42,810 - main - INFO - 开始处理是实况数据：2022-05-20
2022-09-09 09:30:42,868 - main - INFO - 当前设定计算时间为： 2022-05-19
2022-09-09 09:31:23,360 - main - INFO - 开始处理是预报数据：2022-05-20
2022-09-09 09:31:23,387 - main - INFO - 220520   grid24_2022052008.024
2022-09-09 09:31:23,391 - main - INFO - 220521   grid24_2022052108.024
2022-09-09 09:31:23,394 - main - INFO - 220522   grid24_2022052208.024
2022-09-09 09:31:23,398 - main - INFO - 220523   grid24_2022052308.024
2022-09-09 09:31:23,402 - main - INFO - 220524   grid24_2022052408.024
2022-09-09 09:31:23,405 - main - INFO - 220525   grid24_2022052508.024
2022-09-09 09:31:23,408 - main - INFO - 220526   grid24_2022052608.024
2022-09-09 09:31:23,413 - main - INFO - 220527   grid24_2022052708.024
2022-09-09 09:31:23,419 - main - INFO - 220528   grid24_2022052808.024
2022-09-09 09:31:23,424 - main - INFO - 220529   grid24_2022052908.024
2022-09-09 09:32:32,133 - main - INFO - 开始处理是实况数据：2022-05-20
2022-09-09 09:32:32,196 - main - INFO - 当前设定计算时间为： 2022-05-19
2022-09-09 09:33:09,372 - main - INFO - 开始处理是预报数据：2022-05-20
2022-09-09 09:33:09,399 - main - INFO - 220520   grid24_2022052008.024
2022-09-09 09:33:09,405 - main - INFO - 220521   grid24_2022052108.024
2022-09-09 09:33:09,422 - main - INFO - 220522   grid24_2022052208.024
2022-09-09 09:33:09,442 - main - INFO - 220523   grid24_2022052308.024
2022-09-09 09:33:09,447 - main - INFO - 220524   grid24_2022052408.024
2022-09-09 09:33:09,452 - main - INFO - 220525   grid24_2022052508.024
2022-09-09 09:33:09,460 - main - INFO - 220526   grid24_2022052608.024
2022-09-09 09:33:09,468 - main - INFO - 220527   grid24_2022052708.024
2022-09-09 09:33:09,476 - main - INFO - 220528   grid24_2022052808.024
2022-09-09 09:33:09,485 - main - INFO - 220529   grid24_2022052908.024
2022-09-09 09:33:21,377 - main - INFO - 开始处理是实况数据：2022-05-20
2022-09-09 09:33:21,420 - main - INFO - 当前设定计算时间为： 2022-05-19
2022-09-09 09:33:59,399 - main - INFO - 开始处理是预报数据：2022-05-20
2022-09-09 09:33:59,435 - main - INFO - 220520   grid24_2022052008.024
2022-09-09 09:33:59,456 - main - INFO - 220521   grid24_2022052108.024
2022-09-09 09:33:59,462 - main - INFO - 220522   grid24_2022052208.024
2022-09-09 09:33:59,470 - main - INFO - 220523   grid24_2022052308.024
2022-09-09 09:33:59,475 - main - INFO - 220524   grid24_2022052408.024
2022-09-09 09:33:59,480 - main - INFO - 220525   grid24_2022052508.024
2022-09-09 09:33:59,489 - main - INFO - 220526   grid24_2022052608.024
2022-09-09 09:33:59,499 - main - INFO - 220527   grid24_2022052708.024
2022-09-09 09:33:59,509 - main - INFO - 220528   grid24_2022052808.024
2022-09-09 09:33:59,519 - main - INFO - 220529   grid24_2022052908.024
2022-09-09 09:34:17,494 - main - INFO - 开始处理是实况数据：2022-05-20
2022-09-09 09:34:17,569 - main - INFO - 当前设定计算时间为： 2022-05-19
2022-09-09 09:35:05,724 - main - INFO - 开始处理是预报数据：2022-05-20
2022-09-09 09:35:05,781 - main - INFO - 220520   grid24_2022052008.024
2022-09-09 09:35:05,801 - main - INFO - 220521   grid24_2022052108.024
2022-09-09 09:35:05,807 - main - INFO - 220522   grid24_2022052208.024
2022-09-09 09:35:05,818 - main - INFO - 220523   grid24_2022052308.024
2022-09-09 09:35:05,824 - main - INFO - 220524   grid24_2022052408.024
2022-09-09 09:35:05,827 - main - INFO - 220525   grid24_2022052508.024
2022-09-09 09:35:05,837 - main - INFO - 220526   grid24_2022052608.024
2022-09-09 09:35:05,848 - main - INFO - 220527   grid24_2022052708.024
2022-09-09 09:35:05,867 - main - INFO - 220528   grid24_2022052808.024
2022-09-09 09:35:05,871 - main - INFO - 220529   grid24_2022052908.024
2022-09-09 09:35:57,303 - main - INFO - 开始处理是实况数据：2022-05-20
2022-09-09 09:35:57,346 - main - INFO - 当前设定计算时间为： 2022-05-19
2022-09-09 09:36:45,504 - main - INFO - 开始处理是预报数据：2022-05-20
2022-09-09 09:36:45,526 - main - INFO - 220520   grid24_2022052008.024
2022-09-09 09:36:45,533 - main - INFO - 220521   grid24_2022052108.024
2022-09-09 09:36:45,544 - main - INFO - 220522   grid24_2022052208.024
2022-09-09 09:36:45,553 - main - INFO - 220523   grid24_2022052308.024
2022-09-09 09:36:45,558 - main - INFO - 220524   grid24_2022052408.024
2022-09-09 09:36:45,573 - main - INFO - 220525   grid24_2022052508.024
2022-09-09 09:36:45,597 - main - INFO - 220526   grid24_2022052608.024
2022-09-09 09:36:45,619 - main - INFO - 220527   grid24_2022052708.024
2022-09-09 09:36:45,634 - main - INFO - 220528   grid24_2022052808.024
2022-09-09 09:36:45,654 - main - INFO - 220529   grid24_2022052908.024
2022-09-09 09:43:11,081 - main - INFO - 开始处理是实况数据：2022-05-20
2022-09-09 09:43:11,108 - main - INFO - 当前设定计算时间为： 2022-05-19
2022-09-09 09:43:43,879 - main - INFO - 开始处理是预报数据：2022-05-20
2022-09-09 09:43:43,896 - main - INFO - 220520   grid24_2022052008.024
2022-09-09 09:43:43,905 - main - INFO - 220521   grid24_2022052108.024
2022-09-09 09:43:43,916 - main - INFO - 220522   grid24_2022052208.024
2022-09-09 09:43:43,936 - main - INFO - 220523   grid24_2022052308.024
2022-09-09 09:43:43,942 - main - INFO - 220524   grid24_2022052408.024
2022-09-09 09:43:43,950 - main - INFO - 220525   grid24_2022052508.024
2022-09-09 09:43:43,961 - main - INFO - 220526   grid24_2022052608.024
2022-09-09 09:43:43,977 - main - INFO - 220527   grid24_2022052708.024
2022-09-09 09:43:43,986 - main - INFO - 220528   grid24_2022052808.024
2022-09-09 09:43:43,991 - main - INFO - 220529   grid24_2022052908.024
2022-09-09 09:44:08,518 - main - INFO - 开始处理是实况数据：2022-05-20
2022-09-09 09:44:08,529 - main - INFO - 当前设定计算时间为： 2022-05-19
2022-09-09 09:44:36,579 - main - INFO - 开始处理是预报数据：2022-05-20
2022-09-09 09:44:36,607 - main - INFO - 220520   grid24_2022052008.024
2022-09-09 09:44:36,613 - main - INFO - 220521   grid24_2022052108.024
2022-09-09 09:44:36,619 - main - INFO - 220522   grid24_2022052208.024
2022-09-09 09:44:36,625 - main - INFO - 220523   grid24_2022052308.024
2022-09-09 09:44:36,634 - main - INFO - 220524   grid24_2022052408.024
2022-09-09 09:44:36,639 - main - INFO - 220525   grid24_2022052508.024
2022-09-09 09:44:36,656 - main - INFO - 220526   grid24_2022052608.024
2022-09-09 09:44:36,661 - main - INFO - 220527   grid24_2022052708.024
2022-09-09 09:44:36,689 - main - INFO - 220528   grid24_2022052808.024
2022-09-09 09:44:36,708 - main - INFO - 220529   grid24_2022052908.024
2022-09-09 09:44:36,760 - main - ERROR - Failed to convert value(s) to axis units: ['30Apr', '01May', '02May', '03May', '04May', '05May', '06May', '07May', '08May', '09May', '10May', '11May', '12May', '13May', '14May', '15May', '16May', '17May', '18May', '19May']
2022-09-09 09:48:51,862 - main - INFO - 开始处理是实况数据：2022-05-20
2022-09-09 09:48:51,881 - main - INFO - 当前设定计算时间为： 2022-05-19
2022-09-09 09:48:58,933 - main - INFO - 开始处理是实况数据：2022-05-20
2022-09-09 09:48:58,940 - main - INFO - 当前设定计算时间为： 2022-05-19
2022-09-09 09:49:27,622 - main - INFO - 开始处理是预报数据：2022-05-20
2022-09-09 09:49:27,635 - main - INFO - 220520   grid24_2022052008.024
2022-09-09 09:49:27,640 - main - INFO - 220521   grid24_2022052108.024
2022-09-09 09:49:27,643 - main - INFO - 220522   grid24_2022052208.024
2022-09-09 09:49:27,646 - main - INFO - 220523   grid24_2022052308.024
2022-09-09 09:49:27,649 - main - INFO - 220524   grid24_2022052408.024
2022-09-09 09:49:27,668 - main - INFO - 220525   grid24_2022052508.024
2022-09-09 09:49:27,672 - main - INFO - 220526   grid24_2022052608.024
2022-09-09 09:49:27,675 - main - INFO - 220527   grid24_2022052708.024
2022-09-09 09:49:27,678 - main - INFO - 220528   grid24_2022052808.024
2022-09-09 09:49:27,682 - main - INFO - 220529   grid24_2022052908.024
2022-09-09 09:49:27,715 - main - ERROR - 'NoneType' object is not iterable
2022-09-09 09:49:54,174 - main - INFO - 开始处理是实况数据：2022-05-20
2022-09-09 09:49:54,211 - main - INFO - 当前设定计算时间为： 2022-05-19
2022-09-09 09:50:04,461 - main - INFO - 开始处理是实况数据：2022-05-20
2022-09-09 09:50:04,501 - main - INFO - 当前设定计算时间为： 2022-05-19
2022-09-09 09:50:32,642 - main - INFO - 开始处理是预报数据：2022-05-20
2022-09-09 09:50:32,670 - main - INFO - 220520   grid24_2022052008.024
2022-09-09 09:50:32,679 - main - INFO - 220521   grid24_2022052108.024
2022-09-09 09:50:32,690 - main - INFO - 220522   grid24_2022052208.024
2022-09-09 09:50:32,700 - main - INFO - 220523   grid24_2022052308.024
2022-09-09 09:50:32,708 - main - INFO - 220524   grid24_2022052408.024
2022-09-09 09:50:32,736 - main - INFO - 220525   grid24_2022052508.024
2022-09-09 09:50:32,768 - main - INFO - 220526   grid24_2022052608.024
2022-09-09 09:50:32,781 - main - INFO - 220527   grid24_2022052708.024
2022-09-09 09:50:32,790 - main - INFO - 220528   grid24_2022052808.024
2022-09-09 09:50:32,800 - main - INFO - 220529   grid24_2022052908.024
2022-09-09 09:50:32,837 - main - ERROR - 'NoneType' object is not iterable
2022-09-09 09:51:03,360 - main - INFO - 开始处理是实况数据：2022-05-20
2022-09-09 09:51:03,369 - main - INFO - 当前设定计算时间为： 2022-05-19
2022-09-09 09:51:29,029 - main - INFO - 开始处理是预报数据：2022-05-20
2022-09-09 09:51:29,053 - main - INFO - 220520   grid24_2022052008.024
2022-09-09 09:51:29,060 - main - INFO - 220521   grid24_2022052108.024
2022-09-09 09:51:29,065 - main - INFO - 220522   grid24_2022052208.024
2022-09-09 09:51:29,071 - main - INFO - 220523   grid24_2022052308.024
2022-09-09 09:51:29,077 - main - INFO - 220524   grid24_2022052408.024
2022-09-09 09:51:29,087 - main - INFO - 220525   grid24_2022052508.024
2022-09-09 09:51:29,096 - main - INFO - 220526   grid24_2022052608.024
2022-09-09 09:51:29,120 - main - INFO - 220527   grid24_2022052708.024
2022-09-09 09:51:29,128 - main - INFO - 220528   grid24_2022052808.024
2022-09-09 09:51:29,133 - main - INFO - 220529   grid24_2022052908.024
2022-09-09 09:52:23,476 - main - INFO - 开始处理是实况数据：2022-05-20
2022-09-09 09:52:23,515 - main - INFO - 当前设定计算时间为： 2022-05-19
2022-09-09 09:52:58,360 - main - INFO - 开始处理是预报数据：2022-05-20
2022-09-09 09:52:58,382 - main - INFO - 220520   grid24_2022052008.024
2022-09-09 09:52:58,386 - main - INFO - 220521   grid24_2022052108.024
2022-09-09 09:52:58,389 - main - INFO - 220522   grid24_2022052208.024
2022-09-09 09:52:58,392 - main - INFO - 220523   grid24_2022052308.024
2022-09-09 09:52:58,395 - main - INFO - 220524   grid24_2022052408.024
2022-09-09 09:52:58,399 - main - INFO - 220525   grid24_2022052508.024
2022-09-09 09:52:58,402 - main - INFO - 220526   grid24_2022052608.024
2022-09-09 09:52:58,405 - main - INFO - 220527   grid24_2022052708.024
2022-09-09 09:52:58,408 - main - INFO - 220528   grid24_2022052808.024
2022-09-09 09:52:58,411 - main - INFO - 220529   grid24_2022052908.024
2022-09-09 09:53:08,222 - main - INFO - 开始处理是实况数据：2022-05-20
2022-09-09 09:53:08,237 - main - INFO - 当前设定计算时间为： 2022-05-19
2022-09-09 09:53:43,027 - main - INFO - 开始处理是预报数据：2022-05-20
2022-09-09 09:53:43,047 - main - INFO - 220520   grid24_2022052008.024
2022-09-09 09:53:43,052 - main - INFO - 220521   grid24_2022052108.024
2022-09-09 09:53:43,056 - main - INFO - 220522   grid24_2022052208.024
2022-09-09 09:53:43,061 - main - INFO - 220523   grid24_2022052308.024
2022-09-09 09:53:43,065 - main - INFO - 220524   grid24_2022052408.024
2022-09-09 09:53:43,070 - main - INFO - 220525   grid24_2022052508.024
2022-09-09 09:53:43,076 - main - INFO - 220526   grid24_2022052608.024
2022-09-09 09:53:43,082 - main - INFO - 220527   grid24_2022052708.024
2022-09-09 09:53:43,087 - main - INFO - 220528   grid24_2022052808.024
2022-09-09 09:53:43,091 - main - INFO - 220529   grid24_2022052908.024
2022-09-09 09:53:43,144 - main - ERROR - Failed to convert value(s) to axis units: ['30Apr', '01May', '02May', '03May', '04May', '05May', '06May', '07May', '08May', '09May', '10May', '11May', '12May', '13May', '14May', '15May', '16May', '17May', '18May', '19May']
2022-09-09 10:52:46,237 - main - INFO - 开始处理是实况数据：2022-05-20
2022-09-09 10:52:46,255 - main - INFO - 当前设定计算时间为： 2022-05-19
2022-09-09 10:53:13,095 - main - INFO - 开始处理是预报数据：2022-05-20
2022-09-09 10:53:13,103 - main - INFO - 220520   grid24_2022052008.024
2022-09-09 10:53:13,107 - main - INFO - 220521   grid24_2022052108.024
2022-09-09 10:53:13,110 - main - INFO - 220522   grid24_2022052208.024
2022-09-09 10:53:13,113 - main - INFO - 220523   grid24_2022052308.024
2022-09-09 10:53:13,116 - main - INFO - 220524   grid24_2022052408.024
2022-09-09 10:53:13,119 - main - INFO - 220525   grid24_2022052508.024
2022-09-09 10:53:13,123 - main - INFO - 220526   grid24_2022052608.024
2022-09-09 10:53:13,127 - main - INFO - 220527   grid24_2022052708.024
2022-09-09 10:53:13,131 - main - INFO - 220528   grid24_2022052808.024
2022-09-09 10:53:13,134 - main - INFO - 220529   grid24_2022052908.024
2022-09-09 10:55:18,123 - main - INFO - 开始处理是实况数据：2022-05-20
2022-09-09 10:55:18,171 - main - INFO - 当前设定计算时间为： 2022-05-19
2022-09-09 10:55:56,175 - main - INFO - 开始处理是预报数据：2022-05-20
2022-09-09 10:55:56,202 - main - INFO - 220520   grid24_2022052008.024
2022-09-09 10:55:56,210 - main - INFO - 220521   grid24_2022052108.024
2022-09-09 10:55:56,228 - main - INFO - 220522   grid24_2022052208.024
2022-09-09 10:55:56,244 - main - INFO - 220523   grid24_2022052308.024
2022-09-09 10:55:56,271 - main - INFO - 220524   grid24_2022052408.024
2022-09-09 10:55:56,282 - main - INFO - 220525   grid24_2022052508.024
2022-09-09 10:55:56,296 - main - INFO - 220526   grid24_2022052608.024
2022-09-09 10:55:56,318 - main - INFO - 220527   grid24_2022052708.024
2022-09-09 10:55:56,328 - main - INFO - 220528   grid24_2022052808.024
2022-09-09 10:55:56,346 - main - INFO - 220529   grid24_2022052908.024
2022-09-09 10:56:38,070 - main - INFO - 开始处理是实况数据：2022-05-20
2022-09-09 10:56:38,116 - main - INFO - 当前设定计算时间为： 2022-05-19
2022-09-09 10:57:09,630 - main - INFO - 开始处理是预报数据：2022-05-20
2022-09-09 10:57:09,640 - main - INFO - 220520   grid24_2022052008.024
2022-09-09 10:57:09,643 - main - INFO - 220521   grid24_2022052108.024
2022-09-09 10:57:09,647 - main - INFO - 220522   grid24_2022052208.024
2022-09-09 10:57:09,651 - main - INFO - 220523   grid24_2022052308.024
2022-09-09 10:57:09,655 - main - INFO - 220524   grid24_2022052408.024
2022-09-09 10:57:09,674 - main - INFO - 220525   grid24_2022052508.024
2022-09-09 10:57:09,677 - main - INFO - 220526   grid24_2022052608.024
2022-09-09 10:57:09,680 - main - INFO - 220527   grid24_2022052708.024
2022-09-09 10:57:09,684 - main - INFO - 220528   grid24_2022052808.024
2022-09-09 10:57:09,687 - main - INFO - 220529   grid24_2022052908.024
2022-09-09 11:03:28,215 - main - INFO - 开始处理是实况数据：2022-05-20
2022-09-09 11:03:28,268 - main - INFO - 当前设定计算时间为： 2022-05-19
2022-09-09 11:03:54,679 - main - INFO - 开始处理是预报数据：2022-05-20
2022-09-09 11:03:54,692 - main - INFO - 220520   grid24_2022052008.024
2022-09-09 11:03:54,698 - main - INFO - 220521   grid24_2022052108.024
2022-09-09 11:03:54,709 - main - INFO - 220522   grid24_2022052208.024
2022-09-09 11:03:54,715 - main - INFO - 220523   grid24_2022052308.024
2022-09-09 11:03:54,722 - main - INFO - 220524   grid24_2022052408.024
2022-09-09 11:03:54,725 - main - INFO - 220525   grid24_2022052508.024
2022-09-09 11:03:54,740 - main - INFO - 220526   grid24_2022052608.024
2022-09-09 11:03:54,747 - main - INFO - 220527   grid24_2022052708.024
2022-09-09 11:03:54,756 - main - INFO - 220528   grid24_2022052808.024
2022-09-09 11:03:54,761 - main - INFO - 220529   grid24_2022052908.024
2022-09-09 11:05:56,316 - main - INFO - 开始处理是实况数据：2022-05-20
2022-09-09 11:05:56,375 - main - INFO - 当前设定计算时间为： 2022-05-19
2022-09-09 11:06:27,201 - main - INFO - 开始处理是预报数据：2022-05-20
2022-09-09 11:06:27,209 - main - INFO - 220520   grid24_2022052008.024
2022-09-09 11:06:27,213 - main - INFO - 220521   grid24_2022052108.024
2022-09-09 11:06:27,216 - main - INFO - 220522   grid24_2022052208.024
2022-09-09 11:06:27,219 - main - INFO - 220523   grid24_2022052308.024
2022-09-09 11:06:27,222 - main - INFO - 220524   grid24_2022052408.024
2022-09-09 11:06:27,226 - main - INFO - 220525   grid24_2022052508.024
2022-09-09 11:06:27,230 - main - INFO - 220526   grid24_2022052608.024
2022-09-09 11:06:27,233 - main - INFO - 220527   grid24_2022052708.024
2022-09-09 11:06:27,236 - main - INFO - 220528   grid24_2022052808.024
2022-09-09 11:06:27,240 - main - INFO - 220529   grid24_2022052908.024
2022-09-09 11:07:40,744 - main - INFO - 开始处理是实况数据：2022-05-20
2022-09-09 11:07:40,780 - main - INFO - 当前设定计算时间为： 2022-05-19
2022-09-09 11:08:17,542 - main - INFO - 开始处理是预报数据：2022-05-20
2022-09-09 11:08:17,570 - main - INFO - 220520   grid24_2022052008.024
2022-09-09 11:08:17,578 - main - INFO - 220521   grid24_2022052108.024
2022-09-09 11:08:17,603 - main - INFO - 220522   grid24_2022052208.024
2022-09-09 11:08:17,615 - main - INFO - 220523   grid24_2022052308.024
2022-09-09 11:08:17,629 - main - INFO - 220524   grid24_2022052408.024
2022-09-09 11:08:17,639 - main - INFO - 220525   grid24_2022052508.024
2022-09-09 11:08:17,649 - main - INFO - 220526   grid24_2022052608.024
2022-09-09 11:08:17,655 - main - INFO - 220527   grid24_2022052708.024
2022-09-09 11:08:17,667 - main - INFO - 220528   grid24_2022052808.024
2022-09-09 11:08:17,679 - main - INFO - 220529   grid24_2022052908.024
2022-09-09 11:08:44,673 - main - INFO - 开始处理是实况数据：2022-05-20
2022-09-09 11:08:44,707 - main - INFO - 当前设定计算时间为： 2022-05-19
2022-09-09 11:09:11,640 - main - INFO - 开始处理是预报数据：2022-05-20
2022-09-09 11:09:11,661 - main - INFO - 220520   grid24_2022052008.024
2022-09-09 11:09:11,666 - main - INFO - 220521   grid24_2022052108.024
2022-09-09 11:09:11,670 - main - INFO - 220522   grid24_2022052208.024
2022-09-09 11:09:11,675 - main - INFO - 220523   grid24_2022052308.024
2022-09-09 11:09:11,682 - main - INFO - 220524   grid24_2022052408.024
2022-09-09 11:09:11,690 - main - INFO - 220525   grid24_2022052508.024
2022-09-09 11:09:11,696 - main - INFO - 220526   grid24_2022052608.024
2022-09-09 11:09:11,700 - main - INFO - 220527   grid24_2022052708.024
2022-09-09 11:09:11,706 - main - INFO - 220528   grid24_2022052808.024
2022-09-09 11:09:11,710 - main - INFO - 220529   grid24_2022052908.024
2022-09-09 11:17:10,154 - main - INFO - 开始处理是实况数据：2022-05-20
2022-09-09 11:17:10,167 - main - INFO - 当前设定计算时间为： 2022-05-19
2022-09-09 11:17:41,213 - main - INFO - 开始处理是预报数据：2022-05-20
2022-09-09 11:17:41,234 - main - INFO - 220520   grid24_2022052008.024
2022-09-09 11:17:41,241 - main - INFO - 220521   grid24_2022052108.024
2022-09-09 11:17:41,247 - main - INFO - 220522   grid24_2022052208.024
2022-09-09 11:17:41,254 - main - INFO - 220523   grid24_2022052308.024
2022-09-09 11:17:41,261 - main - INFO - 220524   grid24_2022052408.024
2022-09-09 11:17:41,268 - main - INFO - 220525   grid24_2022052508.024
2022-09-09 11:17:41,274 - main - INFO - 220526   grid24_2022052608.024
2022-09-09 11:17:41,279 - main - INFO - 220527   grid24_2022052708.024
2022-09-09 11:17:41,288 - main - INFO - 220528   grid24_2022052808.024
2022-09-09 11:17:41,292 - main - INFO - 220529   grid24_2022052908.024
2022-09-09 11:31:28,765 - main - INFO - 开始处理是实况数据：2022-05-20
2022-09-09 11:31:28,824 - main - INFO - 当前设定计算时间为： 2022-05-19
2022-09-09 11:32:14,057 - main - INFO - 开始处理是预报数据：2022-05-20
2022-09-09 11:32:14,087 - main - INFO - 220520   grid24_2022052008.024
2022-09-09 11:32:14,098 - main - INFO - 220521   grid24_2022052108.024
2022-09-09 11:32:14,109 - main - INFO - 220522   grid24_2022052208.024
2022-09-09 11:32:14,120 - main - INFO - 220523   grid24_2022052308.024
2022-09-09 11:32:14,132 - main - INFO - 220524   grid24_2022052408.024
2022-09-09 11:32:14,143 - main - INFO - 220525   grid24_2022052508.024
2022-09-09 11:32:14,154 - main - INFO - 220526   grid24_2022052608.024
2022-09-09 11:32:14,166 - main - INFO - 220527   grid24_2022052708.024
2022-09-09 11:32:14,176 - main - INFO - 220528   grid24_2022052808.024
2022-09-09 11:32:14,187 - main - INFO - 220529   grid24_2022052908.024
2022-09-09 11:34:25,384 - main - INFO - 开始处理是实况数据：2022-05-20
2022-09-09 11:34:25,392 - main - INFO - 当前设定计算时间为： 2022-05-19
2022-09-09 11:35:01,139 - main - INFO - 开始处理是预报数据：2022-05-20
2022-09-09 11:35:01,145 - main - INFO - 220520   grid24_2022052008.024
2022-09-09 11:35:01,150 - main - INFO - 220521   grid24_2022052108.024
2022-09-09 11:35:01,153 - main - INFO - 220522   grid24_2022052208.024
2022-09-09 11:35:01,156 - main - INFO - 220523   grid24_2022052308.024
2022-09-09 11:35:01,159 - main - INFO - 220524   grid24_2022052408.024
2022-09-09 11:35:01,163 - main - INFO - 220525   grid24_2022052508.024
2022-09-09 11:35:01,166 - main - INFO - 220526   grid24_2022052608.024
2022-09-09 11:35:01,170 - main - INFO - 220527   grid24_2022052708.024
2022-09-09 11:35:01,173 - main - INFO - 220528   grid24_2022052808.024
2022-09-09 11:35:01,177 - main - INFO - 220529   grid24_2022052908.024
2022-09-09 11:35:01,258 - main - ERROR - x and y must be the same size
2022-09-09 11:39:02,228 - main - INFO - 开始处理是实况数据：2022-05-20
2022-09-09 11:39:02,253 - main - INFO - 当前设定计算时间为： 2022-05-19
2022-09-09 11:39:31,863 - main - INFO - 开始处理是预报数据：2022-05-20
2022-09-09 11:39:31,896 - main - INFO - 220520   grid24_2022052008.024
2022-09-09 11:39:31,924 - main - INFO - 220521   grid24_2022052108.024
2022-09-09 11:39:31,946 - main - INFO - 220522   grid24_2022052208.024
2022-09-09 11:39:31,958 - main - INFO - 220523   grid24_2022052308.024
2022-09-09 11:39:31,963 - main - INFO - 220524   grid24_2022052408.024
2022-09-09 11:39:31,973 - main - INFO - 220525   grid24_2022052508.024
2022-09-09 11:39:31,994 - main - INFO - 220526   grid24_2022052608.024
2022-09-09 11:39:32,017 - main - INFO - 220527   grid24_2022052708.024
2022-09-09 11:39:32,033 - main - INFO - 220528   grid24_2022052808.024
2022-09-09 11:39:32,050 - main - INFO - 220529   grid24_2022052908.024
2022-09-09 11:46:17,125 - main - INFO - 开始处理是实况数据：2022-05-20
2022-09-09 11:46:17,136 - main - INFO - 当前设定计算时间为： 2022-05-19
2022-09-09 11:46:47,556 - main - INFO - 开始处理是预报数据：2022-05-20
2022-09-09 11:46:47,600 - main - INFO - 220520   grid24_2022052008.024
2022-09-09 11:46:47,612 - main - INFO - 220521   grid24_2022052108.024
2022-09-09 11:46:47,623 - main - INFO - 220522   grid24_2022052208.024
2022-09-09 11:46:47,634 - main - INFO - 220523   grid24_2022052308.024
2022-09-09 11:46:47,645 - main - INFO - 220524   grid24_2022052408.024
2022-09-09 11:46:47,658 - main - INFO - 220525   grid24_2022052508.024
2022-09-09 11:46:47,707 - main - INFO - 220526   grid24_2022052608.024
2022-09-09 11:46:47,720 - main - INFO - 220527   grid24_2022052708.024
2022-09-09 11:46:47,736 - main - INFO - 220528   grid24_2022052808.024
2022-09-09 11:46:47,756 - main - INFO - 220529   grid24_2022052908.024
2022-09-09 11:50:56,370 - main - INFO - 开始处理是实况数据：2022-05-20
2022-09-09 11:50:56,473 - main - INFO - 当前设定计算时间为： 2022-05-19
2022-09-09 11:51:37,398 - main - INFO - 开始处理是预报数据：2022-05-20
2022-09-09 11:51:37,430 - main - INFO - 220520   grid24_2022052008.024
2022-09-09 11:51:37,440 - main - INFO - 220521   grid24_2022052108.024
2022-09-09 11:51:37,462 - main - INFO - 220522   grid24_2022052208.024
2022-09-09 11:51:37,470 - main - INFO - 220523   grid24_2022052308.024
2022-09-09 11:51:37,481 - main - INFO - 220524   grid24_2022052408.024
2022-09-09 11:51:37,488 - main - INFO - 220525   grid24_2022052508.024
2022-09-09 11:51:37,505 - main - INFO - 220526   grid24_2022052608.024
2022-09-09 11:51:37,514 - main - INFO - 220527   grid24_2022052708.024
2022-09-09 11:51:37,525 - main - INFO - 220528   grid24_2022052808.024
2022-09-09 11:51:37,534 - main - INFO - 220529   grid24_2022052908.024
2022-09-09 12:21:20,572 - main - INFO - 开始处理是实况数据：2022-05-20
2022-09-09 12:21:20,612 - main - INFO - 当前设定计算时间为： 2022-05-19
2022-09-09 12:21:48,292 - main - INFO - 开始处理是预报数据：2022-05-20
2022-09-09 12:21:48,304 - main - INFO - 220520   grid24_2022052008.024
2022-09-09 12:21:48,307 - main - INFO - 220521   grid24_2022052108.024
2022-09-09 12:21:48,310 - main - INFO - 220522   grid24_2022052208.024
2022-09-09 12:21:48,315 - main - INFO - 220523   grid24_2022052308.024
2022-09-09 12:21:48,318 - main - INFO - 220524   grid24_2022052408.024
2022-09-09 12:21:48,321 - main - INFO - 220525   grid24_2022052508.024
2022-09-09 12:21:48,325 - main - INFO - 220526   grid24_2022052608.024
2022-09-09 12:21:48,328 - main - INFO - 220527   grid24_2022052708.024
2022-09-09 12:21:48,331 - main - INFO - 220528   grid24_2022052808.024
2022-09-09 12:21:48,334 - main - INFO - 220529   grid24_2022052908.024
2022-09-09 13:38:45,125 - main - INFO - 开始处理是实况数据：2022-05-20
2022-09-09 13:38:45,149 - main - INFO - 当前设定计算时间为： 2022-05-19
2022-09-09 13:39:25,679 - main - INFO - 开始处理是预报数据：2022-05-20
2022-09-09 13:39:25,749 - main - INFO - 220520   grid24_2022052008.024
2022-09-09 13:39:25,767 - main - INFO - 220521   grid24_2022052108.024
2022-09-09 13:39:25,788 - main - INFO - 220522   grid24_2022052208.024
2022-09-09 13:39:25,806 - main - INFO - 220523   grid24_2022052308.024
2022-09-09 13:39:25,820 - main - INFO - 220524   grid24_2022052408.024
2022-09-09 13:39:25,829 - main - INFO - 220525   grid24_2022052508.024
2022-09-09 13:39:25,835 - main - INFO - 220526   grid24_2022052608.024
2022-09-09 13:39:25,840 - main - INFO - 220527   grid24_2022052708.024
2022-09-09 13:39:25,846 - main - INFO - 220528   grid24_2022052808.024
2022-09-09 13:39:25,852 - main - INFO - 220529   grid24_2022052908.024
2022-09-09 13:46:35,853 - main - INFO - 开始处理是实况数据：2022-05-20
2022-09-09 13:46:35,907 - main - INFO - 当前设定计算时间为： 2022-05-19
2022-09-09 13:47:05,929 - main - INFO - 开始处理是预报数据：2022-05-20
2022-09-09 13:47:05,971 - main - INFO - 220520   grid24_2022052008.024
2022-09-09 13:47:05,982 - main - INFO - 220521   grid24_2022052108.024
2022-09-09 13:47:05,991 - main - INFO - 220522   grid24_2022052208.024
2022-09-09 13:47:06,001 - main - INFO - 220523   grid24_2022052308.024
2022-09-09 13:47:06,012 - main - INFO - 220524   grid24_2022052408.024
2022-09-09 13:47:06,022 - main - INFO - 220525   grid24_2022052508.024
2022-09-09 13:47:06,032 - main - INFO - 220526   grid24_2022052608.024
2022-09-09 13:47:06,037 - main - INFO - 220527   grid24_2022052708.024
2022-09-09 13:47:06,043 - main - INFO - 220528   grid24_2022052808.024
2022-09-09 13:47:06,049 - main - INFO - 220529   grid24_2022052908.024
2022-09-09 13:49:24,341 - main - INFO - 开始处理是实况数据：2022-05-20
2022-09-09 13:49:24,359 - main - INFO - 当前设定计算时间为： 2022-05-19
2022-09-09 13:49:56,783 - main - INFO - 开始处理是预报数据：2022-05-20
2022-09-09 13:49:56,802 - main - INFO - 220520   grid24_2022052008.024
2022-09-09 13:49:56,814 - main - INFO - 220521   grid24_2022052108.024
2022-09-09 13:49:56,823 - main - INFO - 220522   grid24_2022052208.024
2022-09-09 13:49:56,834 - main - INFO - 220523   grid24_2022052308.024
2022-09-09 13:49:56,844 - main - INFO - 220524   grid24_2022052408.024
2022-09-09 13:49:56,854 - main - INFO - 220525   grid24_2022052508.024
2022-09-09 13:49:56,864 - main - INFO - 220526   grid24_2022052608.024
2022-09-09 13:49:56,874 - main - INFO - 220527   grid24_2022052708.024
2022-09-09 13:49:56,883 - main - INFO - 220528   grid24_2022052808.024
2022-09-09 13:49:56,894 - main - INFO - 220529   grid24_2022052908.024
2022-09-09 13:52:17,799 - main - INFO - 开始处理是实况数据：2022-05-20
2022-09-09 13:52:17,813 - main - INFO - 当前设定计算时间为： 2022-05-19
2022-09-09 13:52:52,317 - main - INFO - 开始处理是预报数据：2022-05-20
2022-09-09 13:52:52,328 - main - INFO - 220520   grid24_2022052008.024
2022-09-09 13:52:52,333 - main - INFO - 220521   grid24_2022052108.024
2022-09-09 13:52:52,337 - main - INFO - 220522   grid24_2022052208.024
2022-09-09 13:52:52,341 - main - INFO - 220523   grid24_2022052308.024
2022-09-09 13:52:52,344 - main - INFO - 220524   grid24_2022052408.024
2022-09-09 13:52:52,347 - main - INFO - 220525   grid24_2022052508.024
2022-09-09 13:52:52,350 - main - INFO - 220526   grid24_2022052608.024
2022-09-09 13:52:52,355 - main - INFO - 220527   grid24_2022052708.024
2022-09-09 13:52:52,358 - main - INFO - 220528   grid24_2022052808.024
2022-09-09 13:52:52,361 - main - INFO - 220529   grid24_2022052908.024
2022-09-09 13:54:38,843 - main - INFO - 开始处理是实况数据：2022-05-20
2022-09-09 13:54:38,937 - main - INFO - 当前设定计算时间为： 2022-05-19
2022-09-09 13:55:19,167 - main - INFO - 开始处理是预报数据：2022-05-20
2022-09-09 13:55:19,211 - main - INFO - 220520   grid24_2022052008.024
2022-09-09 13:55:19,216 - main - INFO - 220521   grid24_2022052108.024
2022-09-09 13:55:19,220 - main - INFO - 220522   grid24_2022052208.024
2022-09-09 13:55:19,223 - main - INFO - 220523   grid24_2022052308.024
2022-09-09 13:55:19,227 - main - INFO - 220524   grid24_2022052408.024
2022-09-09 13:55:19,231 - main - INFO - 220525   grid24_2022052508.024
2022-09-09 13:55:19,235 - main - INFO - 220526   grid24_2022052608.024
2022-09-09 13:55:19,239 - main - INFO - 220527   grid24_2022052708.024
2022-09-09 13:55:19,243 - main - INFO - 220528   grid24_2022052808.024
2022-09-09 13:55:19,247 - main - INFO - 220529   grid24_2022052908.024
2022-09-09 13:58:35,941 - main - INFO - 开始处理是实况数据：2022-05-20
2022-09-09 13:58:35,988 - main - INFO - 当前设定计算时间为： 2022-05-19
2022-09-09 13:58:57,902 - main - INFO - 开始处理是预报数据：2022-05-20
2022-09-09 13:58:57,910 - main - INFO - 220520   grid24_2022052008.024
2022-09-09 13:58:57,915 - main - INFO - 220521   grid24_2022052108.024
2022-09-09 13:58:57,921 - main - INFO - 220522   grid24_2022052208.024
2022-09-09 13:58:57,924 - main - INFO - 220523   grid24_2022052308.024
2022-09-09 13:58:57,928 - main - INFO - 220524   grid24_2022052408.024
2022-09-09 13:58:57,932 - main - INFO - 220525   grid24_2022052508.024
2022-09-09 13:58:57,935 - main - INFO - 220526   grid24_2022052608.024
2022-09-09 13:58:57,939 - main - INFO - 220527   grid24_2022052708.024
2022-09-09 13:58:57,942 - main - INFO - 220528   grid24_2022052808.024
2022-09-09 13:58:57,945 - main - INFO - 220529   grid24_2022052908.024
2022-09-09 14:00:21,730 - main - INFO - 开始处理是实况数据：2022-05-20
2022-09-09 14:00:21,815 - main - INFO - 当前设定计算时间为： 2022-05-19
2022-09-09 14:00:51,134 - main - INFO - 开始处理是预报数据：2022-05-20
2022-09-09 14:00:51,160 - main - INFO - 220520   grid24_2022052008.024
2022-09-09 14:00:51,163 - main - INFO - 220521   grid24_2022052108.024
2022-09-09 14:00:51,167 - main - INFO - 220522   grid24_2022052208.024
2022-09-09 14:00:51,171 - main - INFO - 220523   grid24_2022052308.024
2022-09-09 14:00:51,174 - main - INFO - 220524   grid24_2022052408.024
2022-09-09 14:00:51,178 - main - INFO - 220525   grid24_2022052508.024
2022-09-09 14:00:51,181 - main - INFO - 220526   grid24_2022052608.024
2022-09-09 14:00:51,185 - main - INFO - 220527   grid24_2022052708.024
2022-09-09 14:00:51,188 - main - INFO - 220528   grid24_2022052808.024
2022-09-09 14:00:51,192 - main - INFO - 220529   grid24_2022052908.024
2022-09-09 14:04:49,147 - main - INFO - 开始处理是实况数据：2022-05-20
2022-09-09 14:04:49,165 - main - INFO - 当前设定计算时间为： 2022-05-19
2022-09-09 14:05:19,751 - main - INFO - 开始处理是预报数据：2022-05-20
2022-09-09 14:05:19,760 - main - INFO - 220520   grid24_2022052008.024
2022-09-09 14:05:19,764 - main - INFO - 220521   grid24_2022052108.024
2022-09-09 14:05:19,766 - main - INFO - 220522   grid24_2022052208.024
2022-09-09 14:05:19,770 - main - INFO - 220523   grid24_2022052308.024
2022-09-09 14:05:19,773 - main - INFO - 220524   grid24_2022052408.024
2022-09-09 14:05:19,776 - main - INFO - 220525   grid24_2022052508.024
2022-09-09 14:05:19,779 - main - INFO - 220526   grid24_2022052608.024
2022-09-09 14:05:19,782 - main - INFO - 220527   grid24_2022052708.024
2022-09-09 14:05:19,786 - main - INFO - 220528   grid24_2022052808.024
2022-09-09 14:05:19,789 - main - INFO - 220529   grid24_2022052908.024
2022-09-09 14:06:00,812 - main - INFO - 开始处理是实况数据：2022-05-20
2022-09-09 14:06:00,874 - main - INFO - 当前设定计算时间为： 2022-05-19
2022-09-09 14:06:35,539 - main - INFO - 开始处理是预报数据：2022-05-20
2022-09-09 14:06:35,573 - main - INFO - 220520   grid24_2022052008.024
2022-09-09 14:06:35,596 - main - INFO - 220521   grid24_2022052108.024
2022-09-09 14:06:35,611 - main - INFO - 220522   grid24_2022052208.024
2022-09-09 14:06:35,623 - main - INFO - 220523   grid24_2022052308.024
2022-09-09 14:06:35,633 - main - INFO - 220524   grid24_2022052408.024
2022-09-09 14:06:35,642 - main - INFO - 220525   grid24_2022052508.024
2022-09-09 14:06:35,653 - main - INFO - 220526   grid24_2022052608.024
2022-09-09 14:06:35,663 - main - INFO - 220527   grid24_2022052708.024
2022-09-09 14:06:35,673 - main - INFO - 220528   grid24_2022052808.024
2022-09-09 14:06:35,693 - main - INFO - 220529   grid24_2022052908.024
2022-09-09 14:07:27,357 - main - INFO - 开始处理是实况数据：2022-05-20
2022-09-09 14:07:27,385 - main - INFO - 当前设定计算时间为： 2022-05-19
2022-09-09 14:07:36,786 - main - INFO - 开始处理是实况数据：2022-05-20
2022-09-09 14:07:36,801 - main - INFO - 当前设定计算时间为： 2022-05-19
2022-09-09 14:08:13,195 - main - INFO - 开始处理是预报数据：2022-05-20
2022-09-09 14:08:13,229 - main - INFO - 220520   grid24_2022052008.024
2022-09-09 14:08:13,233 - main - INFO - 220521   grid24_2022052108.024
2022-09-09 14:08:13,237 - main - INFO - 220522   grid24_2022052208.024
2022-09-09 14:08:13,240 - main - INFO - 220523   grid24_2022052308.024
2022-09-09 14:08:13,243 - main - INFO - 220524   grid24_2022052408.024
2022-09-09 14:08:13,246 - main - INFO - 220525   grid24_2022052508.024
2022-09-09 14:08:13,250 - main - INFO - 220526   grid24_2022052608.024
2022-09-09 14:08:13,253 - main - INFO - 220527   grid24_2022052708.024
2022-09-09 14:08:13,257 - main - INFO - 220528   grid24_2022052808.024
2022-09-09 14:08:13,260 - main - INFO - 220529   grid24_2022052908.024
2022-09-09 14:08:48,258 - main - INFO - 开始处理是实况数据：2022-05-20
2022-09-09 14:08:48,268 - main - INFO - 当前设定计算时间为： 2022-05-19
2022-09-09 14:09:08,030 - main - INFO - 开始处理是预报数据：2022-05-20
2022-09-09 14:09:08,065 - main - INFO - 220520   grid24_2022052008.024
2022-09-09 14:09:08,072 - main - INFO - 220521   grid24_2022052108.024
2022-09-09 14:09:08,079 - main - INFO - 220522   grid24_2022052208.024
2022-09-09 14:09:08,084 - main - INFO - 220523   grid24_2022052308.024
2022-09-09 14:09:08,087 - main - INFO - 220524   grid24_2022052408.024
2022-09-09 14:09:08,092 - main - INFO - 220525   grid24_2022052508.024
2022-09-09 14:09:08,097 - main - INFO - 220526   grid24_2022052608.024
2022-09-09 14:09:08,103 - main - INFO - 220527   grid24_2022052708.024
2022-09-09 14:09:08,107 - main - INFO - 220528   grid24_2022052808.024
2022-09-09 14:09:08,112 - main - INFO - 220529   grid24_2022052908.024
2022-09-09 14:10:40,042 - main - INFO - 开始处理是实况数据：2022-05-20
2022-09-09 14:10:40,082 - main - INFO - 当前设定计算时间为： 2022-05-19
2022-09-09 14:10:59,551 - main - INFO - 开始处理是预报数据：2022-05-20
2022-09-09 14:10:59,560 - main - INFO - 220520   grid24_2022052008.024
2022-09-09 14:10:59,564 - main - INFO - 220521   grid24_2022052108.024
2022-09-09 14:10:59,567 - main - INFO - 220522   grid24_2022052208.024
2022-09-09 14:10:59,570 - main - INFO - 220523   grid24_2022052308.024
2022-09-09 14:10:59,573 - main - INFO - 220524   grid24_2022052408.024
2022-09-09 14:10:59,577 - main - INFO - 220525   grid24_2022052508.024
2022-09-09 14:10:59,581 - main - INFO - 220526   grid24_2022052608.024
2022-09-09 14:10:59,584 - main - INFO - 220527   grid24_2022052708.024
2022-09-09 14:10:59,587 - main - INFO - 220528   grid24_2022052808.024
2022-09-09 14:10:59,590 - main - INFO - 220529   grid24_2022052908.024
