2022-09-22 09:34:53,919 - main - INFO - 开始处理实况数据：2022-06-02
2022-09-22 09:34:53,957 - main - INFO - 当前设定计算时间为： 2022-06-01
2022-09-22 09:35:39,962 - main - INFO - 开始处理预报数据：2022-06-02
2022-09-22 09:42:26,712 - main - INFO - 开始处理实况数据：2022-06-02
2022-09-22 09:42:26,747 - main - INFO - 当前设定计算时间为： 2022-06-01
2022-09-22 09:42:26,799 - main - ERROR - 'NoneType' object is not iterable
2022-09-22 09:42:26,805 - main - INFO - 开始处理实况数据：2022-06-03
2022-09-22 09:42:26,819 - main - INFO - 当前设定计算时间为： 2022-06-02
2022-09-22 09:42:26,859 - main - ERROR - 'NoneType' object is not iterable
2022-09-22 09:42:26,865 - main - INFO - 开始处理实况数据：2022-06-04
2022-09-22 09:42:26,890 - main - INFO - 当前设定计算时间为： 2022-06-03
2022-09-22 09:42:26,944 - main - ERROR - 'NoneType' object is not iterable
2022-09-22 09:42:26,955 - main - INFO - 开始处理实况数据：2022-06-05
2022-09-22 09:42:26,972 - main - INFO - 当前设定计算时间为： 2022-06-04
2022-09-22 09:42:27,031 - main - ERROR - 'NoneType' object is not iterable
2022-09-22 09:42:27,035 - main - INFO - 开始处理实况数据：2022-06-06
2022-09-22 09:42:27,051 - main - INFO - 当前设定计算时间为： 2022-06-05
2022-09-22 09:42:27,090 - main - ERROR - 'NoneType' object is not iterable
2022-09-22 09:47:53,862 - main - INFO - 开始处理实况数据：2022-06-02
2022-09-22 09:47:53,875 - main - INFO - 当前设定计算时间为： 2022-06-01
2022-09-22 09:48:27,897 - main - INFO - 开始处理预报数据：2022-06-02
2022-09-22 09:48:38,365 - main - ERROR - 'StationInfo_08' object has no attribute 'IIII'
2022-09-22 09:48:38,365 - main - INFO - 开始处理实况数据：2022-06-03
2022-09-22 09:48:38,409 - main - INFO - 当前设定计算时间为： 2022-06-02
2022-09-22 09:49:13,232 - main - INFO - 开始处理预报数据：2022-06-03
2022-09-22 10:18:00,304 - main - INFO - 开始处理实况数据：2022-06-02
2022-09-22 10:18:00,312 - main - INFO - 当前设定计算时间为： 2022-06-01
2022-09-22 10:18:42,164 - main - INFO - 开始处理预报数据：2022-06-02
2022-09-22 10:18:55,033 - main - ERROR - 'StationInfo_08' object has no attribute 'IIII'
2022-09-22 10:18:55,033 - main - INFO - 开始处理实况数据：2022-06-03
2022-09-22 10:18:55,070 - main - INFO - 当前设定计算时间为： 2022-06-02
2022-09-22 10:19:42,812 - main - INFO - 开始处理预报数据：2022-06-03
2022-09-22 10:19:53,736 - main - ERROR - 'StationInfo_08' object has no attribute 'IIII'
2022-09-22 10:19:53,736 - main - INFO - 开始处理实况数据：2022-06-04
2022-09-22 10:19:53,784 - main - INFO - 当前设定计算时间为： 2022-06-03
2022-09-22 10:20:36,596 - main - INFO - 开始处理实况数据：2022-06-22
2022-09-22 10:20:36,656 - main - INFO - 当前设定计算时间为： 2022-06-21
2022-09-22 10:21:38,107 - main - INFO - 开始处理预报数据：2022-06-22
