2022-10-12 10:00:27,225 - main - INFO - 开始处理实况数据：2022-09-20
2022-10-12 10:00:27,329 - main - INFO - 当前设定计算时间为： 2022-09-19
2022-10-12 10:01:27,191 - main - INFO - 开始处理预报数据：2022-09-20
2022-10-12 10:01:31,920 - main - ERROR - unsupported operand type(s) for +: 'int' and 'NoneType'
2022-10-12 10:03:01,097 - main - INFO - 开始处理实况数据：2022-09-20
2022-10-12 10:03:01,172 - main - INFO - 当前设定计算时间为： 2022-09-19
2022-10-12 10:04:09,811 - main - INFO - 开始处理预报数据：2022-09-20
2022-10-12 10:07:04,243 - main - INFO - 开始处理实况数据：2022-09-20
2022-10-12 10:07:04,276 - main - INFO - 当前设定计算时间为： 2022-09-19
2022-10-12 10:07:38,448 - main - INFO - 开始处理预报数据：2022-09-20
2022-10-12 10:09:43,650 - main - INFO - 开始处理实况数据：2022-09-20
2022-10-12 10:09:43,666 - main - INFO - 当前设定计算时间为： 2022-09-19
2022-10-12 10:10:12,330 - main - INFO - 开始处理预报数据：2022-09-20
2022-10-12 10:12:06,649 - main - INFO - 开始处理实况数据：2022-09-20
2022-10-12 10:12:06,711 - main - INFO - 当前设定计算时间为： 2022-09-19
2022-10-12 10:12:44,782 - main - INFO - 开始处理预报数据：2022-09-20
2022-10-12 10:13:23,136 - main - INFO - 开始处理实况数据：2022-09-20
2022-10-12 10:13:23,170 - main - INFO - 当前设定计算时间为： 2022-09-19
2022-10-12 10:13:49,683 - main - INFO - 开始处理实况数据：2022-09-20
2022-10-12 10:13:49,697 - main - INFO - 当前设定计算时间为： 2022-09-19
2022-10-12 10:14:29,586 - main - INFO - 开始处理预报数据：2022-09-20
2022-10-12 10:15:19,726 - main - INFO - 开始处理实况数据：2022-09-20
2022-10-12 10:15:19,737 - main - INFO - 当前设定计算时间为： 2022-09-19
2022-10-12 10:15:48,680 - main - INFO - 开始处理预报数据：2022-09-20
2022-10-12 10:15:52,181 - main - ERROR - scatter() got multiple values for argument 's'
2022-10-12 10:16:25,293 - main - INFO - 开始处理实况数据：2022-09-20
2022-10-12 10:16:25,351 - main - INFO - 当前设定计算时间为： 2022-09-19
2022-10-12 10:16:47,651 - main - INFO - 开始处理实况数据：2022-09-20
2022-10-12 10:16:47,680 - main - INFO - 当前设定计算时间为： 2022-09-19
2022-10-12 10:17:18,583 - main - INFO - 开始处理预报数据：2022-09-20
2022-10-12 10:17:23,061 - main - ERROR - 'PathCollection' object has no property 'markersize'
2022-10-12 10:19:29,974 - main - INFO - 开始处理实况数据：2022-09-20
2022-10-12 10:19:30,011 - main - INFO - 当前设定计算时间为： 2022-09-19
2022-10-12 10:20:01,830 - main - INFO - 开始处理预报数据：2022-09-20
2022-10-12 10:20:05,244 - main - ERROR - scatter() got multiple values for argument 's'
2022-10-12 10:22:30,397 - main - INFO - 开始处理实况数据：2022-09-20
2022-10-12 10:22:30,439 - main - INFO - 当前设定计算时间为： 2022-09-19
2022-10-12 10:23:04,467 - main - INFO - 开始处理预报数据：2022-09-20
2022-10-12 10:23:08,141 - main - ERROR - scatter() got multiple values for argument 's'
2022-10-12 10:23:32,771 - main - INFO - 开始处理实况数据：2022-09-20
2022-10-12 10:23:32,799 - main - INFO - 当前设定计算时间为： 2022-09-19
2022-10-12 10:23:51,574 - main - INFO - 开始处理实况数据：2022-09-20
2022-10-12 10:23:51,603 - main - INFO - 当前设定计算时间为： 2022-09-19
2022-10-12 10:24:22,513 - main - INFO - 开始处理预报数据：2022-09-20
2022-10-12 10:25:06,380 - main - INFO - 开始处理实况数据：2022-09-20
2022-10-12 10:25:06,410 - main - INFO - 当前设定计算时间为： 2022-09-19
2022-10-12 10:25:38,549 - main - INFO - 开始处理预报数据：2022-09-20
2022-10-12 10:26:14,021 - main - INFO - 开始处理实况数据：2022-09-20
2022-10-12 10:26:14,068 - main - INFO - 当前设定计算时间为： 2022-09-19
2022-10-12 10:26:44,048 - main - INFO - 开始处理实况数据：2022-09-20
2022-10-12 10:26:44,077 - main - INFO - 当前设定计算时间为： 2022-09-19
2022-10-12 10:27:16,250 - main - INFO - 开始处理预报数据：2022-09-20
2022-10-12 10:27:20,766 - main - ERROR - __init__() got an unexpected keyword argument 'nrow'
2022-10-12 10:27:44,261 - main - INFO - 开始处理实况数据：2022-09-20
2022-10-12 10:27:44,282 - main - INFO - 当前设定计算时间为： 2022-09-19
2022-10-12 10:28:14,845 - main - INFO - 开始处理预报数据：2022-09-20
2022-10-12 10:33:29,502 - main - INFO - 开始处理实况数据：2022-09-20
2022-10-12 10:33:29,543 - main - INFO - 当前设定计算时间为： 2022-09-19
2022-10-12 10:33:57,020 - main - INFO - 开始处理预报数据：2022-09-20
2022-10-12 10:34:00,613 - main - ERROR - x and y must be the same size
2022-10-12 10:34:27,470 - main - INFO - 开始处理实况数据：2022-09-20
2022-10-12 10:34:27,507 - main - INFO - 当前设定计算时间为： 2022-09-19
2022-10-12 10:35:02,530 - main - INFO - 开始处理预报数据：2022-09-20
2022-10-12 10:37:03,065 - main - INFO - 开始处理实况数据：2022-09-20
2022-10-12 10:37:03,100 - main - INFO - 当前设定计算时间为： 2022-09-19
2022-10-12 10:37:35,388 - main - INFO - 开始处理预报数据：2022-09-20
2022-10-12 10:42:42,526 - main - INFO - 开始处理实况数据：2022-09-20
2022-10-12 10:42:42,569 - main - INFO - 当前设定计算时间为： 2022-09-19
2022-10-12 10:43:22,439 - main - INFO - 开始处理预报数据：2022-09-20
2022-10-12 10:46:08,209 - main - INFO - 开始处理实况数据：2022-09-20
2022-10-12 10:46:08,275 - main - INFO - 当前设定计算时间为： 2022-09-19
2022-10-12 10:46:45,493 - main - INFO - 开始处理预报数据：2022-09-20
2022-10-12 10:46:48,862 - main - ERROR - ufunc 'add' did not contain a loop with signature matching types (dtype('<U5'), dtype('<U5')) -> None
2022-10-12 10:47:01,968 - main - INFO - 开始处理实况数据：2022-09-20
2022-10-12 10:47:02,023 - main - INFO - 当前设定计算时间为： 2022-09-19
2022-10-12 10:47:40,900 - main - INFO - 开始处理预报数据：2022-09-20
2022-10-12 11:01:47,903 - main - INFO - 开始处理实况数据：2022-09-20
2022-10-12 11:01:47,971 - main - INFO - 当前设定计算时间为： 2022-09-19
2022-10-12 11:02:21,519 - main - INFO - 开始处理预报数据：2022-09-20
2022-10-12 11:03:20,501 - main - INFO - 开始处理实况数据：2022-09-20
2022-10-12 11:03:20,520 - main - INFO - 当前设定计算时间为： 2022-09-19
2022-10-12 11:03:25,421 - main - INFO - 开始处理实况数据：2022-09-20
2022-10-12 11:03:25,432 - main - INFO - 当前设定计算时间为： 2022-09-19
2022-10-12 11:03:52,129 - main - INFO - 开始处理预报数据：2022-09-20
2022-10-12 11:03:55,594 - main - ERROR - ufunc 'add' did not contain a loop with signature matching types (dtype('<U5'), dtype('<U5')) -> None
2022-10-12 11:04:22,758 - main - INFO - 开始处理实况数据：2022-09-20
2022-10-12 11:04:22,795 - main - INFO - 当前设定计算时间为： 2022-09-19
2022-10-12 11:04:56,140 - main - INFO - 开始处理预报数据：2022-09-20
2022-10-12 11:26:27,841 - main - INFO - 开始处理实况数据：2022-09-20
2022-10-12 11:26:27,885 - main - INFO - 当前设定计算时间为： 2022-09-19
2022-10-12 11:26:58,893 - main - INFO - 开始处理预报数据：2022-09-20
2022-10-12 11:27:03,066 - main - ERROR - ufunc 'add' did not contain a loop with signature matching types (dtype('<U5'), dtype('<U5')) -> None
2022-10-12 11:27:12,063 - main - INFO - 开始处理实况数据：2022-09-20
2022-10-12 11:27:12,091 - main - INFO - 当前设定计算时间为： 2022-09-19
2022-10-12 11:27:49,579 - main - INFO - 开始处理预报数据：2022-09-20
2022-10-12 11:35:20,154 - main - INFO - 开始处理实况数据：2022-09-20
2022-10-12 11:35:20,187 - main - INFO - 当前设定计算时间为： 2022-09-19
2022-10-12 11:35:44,125 - main - INFO - 开始处理预报数据：2022-09-20
2022-10-12 11:35:48,657 - main - ERROR - unsupported operand type(s) for +: 'NoneType' and 'NoneType'
2022-10-12 11:36:27,935 - main - INFO - 开始处理实况数据：2022-09-20
2022-10-12 11:36:27,954 - main - INFO - 当前设定计算时间为： 2022-09-19
2022-10-12 11:36:58,030 - main - INFO - 开始处理预报数据：2022-09-20
2022-10-12 11:41:17,018 - main - INFO - 开始处理实况数据：2022-09-20
2022-10-12 11:41:17,027 - main - INFO - 当前设定计算时间为： 2022-09-19
2022-10-12 11:41:30,062 - main - INFO - 开始处理实况数据：2022-09-20
2022-10-12 11:41:30,094 - main - INFO - 当前设定计算时间为： 2022-09-19
2022-10-12 11:41:58,720 - main - INFO - 开始处理预报数据：2022-09-20
2022-10-12 11:42:02,585 - main - ERROR - Failed to convert value(s) to axis units: ['21Aug', '22Aug', '23Aug', '24Aug', '25Aug', '26Aug', '27Aug', '28Aug', '29Aug', '30Aug', '31Aug', '01Sep', '02Sep', '03Sep', '04Sep', '05Sep', '06Sep', '07Sep', '08Sep', '09Sep', '10Sep', '11Sep', '12Sep', '13Sep', '14Sep', '15Sep', '16Sep', '17Sep', '18Sep', '19Sep', '20Sep', '21Sep', '22Sep', '23Sep', '24Sep', '25Sep', '26Sep', '27Sep', '28Sep', '29Sep', '30Sep', '01Oct', '02Oct', '03Oct', '04Oct']
2022-10-12 11:42:29,222 - main - INFO - 开始处理实况数据：2022-09-20
2022-10-12 11:42:29,256 - main - INFO - 当前设定计算时间为： 2022-09-19
2022-10-12 11:42:57,962 - main - INFO - 开始处理预报数据：2022-09-20
2022-10-12 11:43:01,729 - main - ERROR - ufunc 'add' did not contain a loop with signature matching types (dtype('<U5'), dtype('<U5')) -> None
2022-10-12 11:44:15,249 - main - INFO - 开始处理实况数据：2022-09-20
2022-10-12 11:44:15,279 - main - INFO - 当前设定计算时间为： 2022-09-19
2022-10-12 11:44:44,640 - main - INFO - 开始处理预报数据：2022-09-20
2022-10-12 11:44:49,113 - main - ERROR - The number of FixedLocator locations (269), usually from a call to set_ticks, does not match the number of ticklabels (45).
2022-10-12 11:49:14,361 - main - INFO - 开始处理实况数据：2022-09-20
2022-10-12 11:49:14,397 - main - INFO - 当前设定计算时间为： 2022-09-19
2022-10-12 11:49:42,422 - main - INFO - 开始处理预报数据：2022-09-20
2022-10-12 12:32:25,975 - main - INFO - 开始处理实况数据：2022-09-20
2022-10-12 12:32:25,996 - main - INFO - 当前设定计算时间为： 2022-09-19
2022-10-12 12:32:53,807 - main - INFO - 开始处理预报数据：2022-09-20
2022-10-12 12:32:58,423 - main - ERROR - Failed to convert value(s) to axis units: ['21Aug', '22Aug', '23Aug', '24Aug', '25Aug', '26Aug', '27Aug', '28Aug', '29Aug', '30Aug', '31Aug', '01Sep', '02Sep', '03Sep', '04Sep', '05Sep', '06Sep', '07Sep', '08Sep', '09Sep', '10Sep', '11Sep', '12Sep', '13Sep', '14Sep', '15Sep', '16Sep', '17Sep', '18Sep', '19Sep', '20Sep', '21Sep', '22Sep', '23Sep', '24Sep', '25Sep', '26Sep', '27Sep', '28Sep', '29Sep', '30Sep', '01Oct', '02Oct', '03Oct', '04Oct']
2022-10-12 12:33:11,940 - main - INFO - 开始处理实况数据：2022-09-20
2022-10-12 12:33:11,981 - main - INFO - 当前设定计算时间为： 2022-09-19
2022-10-12 12:33:42,722 - main - INFO - 开始处理实况数据：2022-09-20
2022-10-12 12:33:42,760 - main - INFO - 当前设定计算时间为： 2022-09-19
2022-10-12 12:33:55,561 - main - INFO - 开始处理实况数据：2022-09-20
2022-10-12 12:33:55,574 - main - INFO - 当前设定计算时间为： 2022-09-19
2022-10-12 12:34:22,123 - main - INFO - 开始处理预报数据：2022-09-20
2022-10-12 12:34:25,444 - main - ERROR - Failed to convert value(s) to axis units: ['21Aug', '22Aug', '23Aug', '24Aug', '25Aug', '26Aug', '27Aug', '28Aug', '29Aug', '30Aug', '31Aug', '01Sep', '02Sep', '03Sep', '04Sep', '05Sep', '06Sep', '07Sep', '08Sep', '09Sep', '10Sep', '11Sep', '12Sep', '13Sep', '14Sep', '15Sep', '16Sep', '17Sep', '18Sep', '19Sep', '20Sep', '21Sep', '22Sep', '23Sep', '24Sep', '25Sep', '26Sep', '27Sep', '28Sep', '29Sep', '30Sep', '01Oct', '02Oct', '03Oct', '04Oct']
2022-10-12 12:34:33,553 - main - INFO - 开始处理实况数据：2022-09-20
2022-10-12 12:34:33,594 - main - INFO - 当前设定计算时间为： 2022-09-19
2022-10-12 12:35:16,624 - main - INFO - 开始处理预报数据：2022-09-20
2022-10-12 13:35:28,890 - main - INFO - 开始处理实况数据：2022-09-20
2022-10-12 13:35:28,905 - main - INFO - 当前设定计算时间为： 2022-09-19
2022-10-12 13:36:08,524 - main - INFO - 开始处理预报数据：2022-09-20
2022-10-12 13:45:21,367 - main - INFO - 开始处理实况数据：2022-09-20
2022-10-12 13:45:21,407 - main - INFO - 当前设定计算时间为： 2022-09-19
2022-10-12 13:45:50,164 - main - INFO - 开始处理预报数据：2022-09-20
2022-10-12 13:45:55,213 - main - ERROR - object of type 'NoneType' has no len()
2022-10-12 13:46:40,144 - main - INFO - 开始处理实况数据：2022-09-20
2022-10-12 13:46:40,182 - main - INFO - 当前设定计算时间为： 2022-09-19
2022-10-12 13:47:12,015 - main - INFO - 开始处理预报数据：2022-09-20
2022-10-12 13:47:15,879 - main - ERROR - The number of FixedLocator locations (1), usually from a call to set_ticks, does not match the number of ticklabels (45).
2022-10-12 13:47:37,062 - main - INFO - 开始处理实况数据：2022-09-20
2022-10-12 13:47:37,102 - main - INFO - 当前设定计算时间为： 2022-09-19
2022-10-12 13:48:13,927 - main - INFO - 开始处理预报数据：2022-09-20
2022-10-12 13:48:39,785 - main - ERROR - The number of FixedLocator locations (1), usually from a call to set_ticks, does not match the number of ticklabels (45).
2022-10-12 13:48:49,371 - main - INFO - 开始处理实况数据：2022-09-20
2022-10-12 13:48:49,383 - main - INFO - 当前设定计算时间为： 2022-09-19
2022-10-12 13:49:23,597 - main - INFO - 开始处理预报数据：2022-09-20
2022-10-12 14:02:53,048 - main - INFO - 开始处理实况数据：2022-09-20
2022-10-12 14:02:53,062 - main - INFO - 当前设定计算时间为： 2022-09-19
2022-10-12 14:03:39,092 - main - INFO - 开始处理预报数据：2022-09-20
2022-10-12 14:05:17,200 - main - INFO - 开始处理实况数据：2022-09-20
2022-10-12 14:05:17,215 - main - INFO - 当前设定计算时间为： 2022-09-19
2022-10-12 14:05:55,570 - main - INFO - 开始处理预报数据：2022-09-20
2022-10-12 14:06:50,929 - main - INFO - 开始处理实况数据：2022-09-20
2022-10-12 14:06:50,958 - main - INFO - 当前设定计算时间为： 2022-09-19
2022-10-12 14:07:31,692 - main - INFO - 开始处理实况数据：2022-09-20
2022-10-12 14:07:31,745 - main - INFO - 当前设定计算时间为： 2022-09-19
2022-10-12 14:07:56,377 - main - INFO - 开始处理预报数据：2022-09-20
2022-10-12 14:08:00,273 - main - ERROR - Failed to convert value(s) to axis units: ['20Aug', '21Aug', '22Aug', '23Aug', '24Aug', '25Aug', '26Aug', '27Aug', '28Aug', '29Aug', '30Aug', '31Aug', '01Sep', '02Sep', '03Sep', '04Sep', '05Sep', '06Sep', '07Sep', '08Sep', '09Sep', '10Sep', '11Sep', '12Sep', '13Sep', '14Sep', '15Sep', '16Sep', '17Sep', '18Sep', '19Sep', '20Sep', '21Sep', '22Sep', '23Sep', '24Sep', '25Sep', '26Sep', '27Sep', '28Sep', '29Sep', '30Sep', '01Oct', '02Oct', '03Oct', '04Oct']
2022-10-12 14:08:22,819 - main - INFO - 开始处理实况数据：2022-09-20
2022-10-12 14:08:22,831 - main - INFO - 当前设定计算时间为： 2022-09-19
2022-10-12 14:08:54,566 - main - INFO - 开始处理预报数据：2022-09-20
2022-10-12 14:10:42,560 - main - INFO - 开始处理实况数据：2022-09-20
2022-10-12 14:10:42,596 - main - INFO - 当前设定计算时间为： 2022-09-19
2022-10-12 14:11:19,458 - main - INFO - 开始处理预报数据：2022-09-20
2022-10-12 14:12:19,186 - main - INFO - 开始处理实况数据：2022-09-20
2022-10-12 14:12:19,214 - main - INFO - 当前设定计算时间为： 2022-09-19
2022-10-12 14:12:59,814 - main - INFO - 开始处理预报数据：2022-09-20
2022-10-12 14:15:10,887 - main - INFO - 开始处理实况数据：2022-09-20
2022-10-12 14:15:10,897 - main - INFO - 当前设定计算时间为： 2022-09-19
2022-10-12 14:15:41,361 - main - INFO - 开始处理预报数据：2022-09-20
2022-10-12 14:16:16,138 - main - INFO - 开始处理实况数据：2022-09-20
2022-10-12 14:16:16,150 - main - INFO - 当前设定计算时间为： 2022-09-19
2022-10-12 14:16:49,733 - main - INFO - 开始处理预报数据：2022-09-20
2022-10-12 14:28:26,159 - main - INFO - 开始处理实况数据：2022-09-20
2022-10-12 14:28:26,171 - main - INFO - 当前设定计算时间为： 2022-09-19
2022-10-12 14:29:00,997 - main - INFO - 开始处理预报数据：2022-09-20
2022-10-12 14:29:04,311 - main - ERROR - Dimensions of labels and X must be compatible
2022-10-12 14:29:12,547 - main - INFO - 开始处理实况数据：2022-09-20
2022-10-12 14:29:12,565 - main - INFO - 当前设定计算时间为： 2022-09-19
2022-10-12 14:29:43,738 - main - INFO - 开始处理预报数据：2022-09-20
2022-10-12 14:29:52,727 - main - INFO - 开始处理实况数据：2022-09-20
2022-10-12 14:29:52,743 - main - INFO - 当前设定计算时间为： 2022-09-19
2022-10-12 14:30:27,085 - main - INFO - 开始处理预报数据：2022-09-20
2022-10-12 14:30:30,574 - main - ERROR - Dimensions of labels and X must be compatible
2022-10-12 14:31:39,751 - main - INFO - 开始处理实况数据：2022-09-20
2022-10-12 14:31:39,800 - main - INFO - 当前设定计算时间为： 2022-09-19
2022-10-12 14:32:15,752 - main - INFO - 开始处理预报数据：2022-09-20
2022-10-12 14:32:20,439 - main - ERROR - Dimensions of labels and X must be compatible
2022-10-12 14:32:27,924 - main - INFO - 开始处理实况数据：2022-09-20
2022-10-12 14:32:27,977 - main - INFO - 当前设定计算时间为： 2022-09-19
2022-10-12 14:33:03,396 - main - INFO - 开始处理预报数据：2022-09-20
2022-10-12 14:55:51,972 - main - INFO - 开始处理实况数据：2022-09-20
2022-10-12 14:55:52,013 - main - INFO - 当前设定计算时间为： 2022-09-19
2022-10-12 14:56:22,109 - main - INFO - 开始处理预报数据：2022-09-20
2022-10-12 15:09:25,940 - main - INFO - 开始处理实况数据：2022-09-20
2022-10-12 15:09:25,940 - main - ERROR - 输入目录obs：/mnt/server159/micaps/data/surface/r24-8 不存在，程序退出
2022-10-12 15:10:16,160 - main - INFO - 开始处理实况数据：2022-09-20
2022-10-12 15:10:16,170 - main - INFO - 当前设定计算时间为： 2022-09-19
2022-10-12 15:10:46,024 - main - INFO - 开始处理预报数据：2022-09-20
2022-10-12 15:24:25,044 - main - INFO - 开始处理实况数据：2022-09-20
2022-10-12 15:24:25,052 - main - INFO - 当前设定计算时间为： 2022-09-19
2022-10-12 15:24:59,921 - main - INFO - 开始处理预报数据：2022-09-20
2022-10-12 15:35:07,872 - main - INFO - 开始处理实况数据：2022-09-20
2022-10-12 15:35:07,889 - main - INFO - 当前设定计算时间为： 2022-09-19
2022-10-12 15:35:46,761 - main - INFO - 开始处理预报数据：2022-09-20
2022-10-12 15:47:14,541 - main - INFO - 开始处理实况数据：2022-09-10
2022-10-12 15:47:14,554 - main - INFO - 当前设定计算时间为： 2022-09-09
2022-10-12 15:47:44,160 - main - INFO - 开始处理预报数据：2022-09-10
2022-10-12 15:47:48,440 - main - ERROR - 'NoneType' object is not iterable
2022-10-12 15:47:48,442 - main - INFO - 开始处理实况数据：2022-09-11
2022-10-12 15:47:48,472 - main - INFO - 当前设定计算时间为： 2022-09-10
2022-10-12 15:48:13,604 - main - INFO - 开始处理预报数据：2022-09-11
2022-10-12 15:48:23,935 - main - INFO - 开始处理实况数据：2022-09-10
2022-10-12 15:48:23,952 - main - INFO - 当前设定计算时间为： 2022-09-09
2022-10-12 15:49:01,279 - main - INFO - 开始处理预报数据：2022-09-10
2022-10-12 15:51:16,569 - main - ERROR - 'NoneType' object is not iterable
2022-10-12 15:51:16,571 - main - INFO - 开始处理实况数据：2022-09-11
2022-10-12 15:51:16,588 - main - INFO - 当前设定计算时间为： 2022-09-10
2022-10-12 15:51:51,182 - main - INFO - 开始处理实况数据：2022-09-10
2022-10-12 15:51:51,222 - main - INFO - 当前设定计算时间为： 2022-09-09
2022-10-12 15:52:20,948 - main - INFO - 开始处理预报数据：2022-09-10
2022-10-12 15:55:35,314 - main - INFO - 开始处理实况数据：2022-09-10
2022-10-12 15:55:35,373 - main - INFO - 当前设定计算时间为： 2022-09-09
2022-10-12 15:56:33,795 - main - INFO - 开始处理预报数据：2022-09-10
2022-10-12 16:04:59,344 - main - INFO - 开始处理实况数据：2022-09-10
2022-10-12 16:04:59,390 - main - INFO - 当前设定计算时间为： 2022-09-09
2022-10-12 16:05:59,109 - main - INFO - 开始处理预报数据：2022-09-10
2022-10-12 16:07:38,053 - main - INFO - 开始处理实况数据：2022-09-10
2022-10-12 16:07:38,084 - main - INFO - 当前设定计算时间为： 2022-09-09
2022-10-12 16:08:52,732 - main - INFO - 开始处理预报数据：2022-09-10
2022-10-12 16:12:24,132 - main - INFO - 开始处理实况数据：2022-09-10
2022-10-12 16:12:24,166 - main - INFO - 当前设定计算时间为： 2022-09-09
2022-10-12 16:13:06,658 - main - INFO - 开始处理预报数据：2022-09-10
2022-10-12 16:13:14,115 - main - INFO - 开始处理实况数据：2022-09-11
2022-10-12 16:13:14,126 - main - INFO - 当前设定计算时间为： 2022-09-10
2022-10-12 16:13:50,824 - main - INFO - 开始处理预报数据：2022-09-11
2022-10-12 16:14:43,521 - main - INFO - 开始处理实况数据：2022-09-20
2022-10-12 16:14:43,531 - main - INFO - 当前设定计算时间为： 2022-09-19
2022-10-12 16:15:37,648 - main - INFO - 开始处理预报数据：2022-09-20
2022-10-12 16:15:45,445 - main - INFO - 开始处理实况数据：2022-09-21
2022-10-12 16:15:45,482 - main - INFO - 当前设定计算时间为： 2022-09-20
2022-10-12 16:16:18,627 - main - INFO - 开始处理实况数据：2022-09-20
2022-10-12 16:16:18,636 - main - INFO - 当前设定计算时间为： 2022-09-19
2022-10-12 16:17:11,454 - main - INFO - 开始处理预报数据：2022-09-20
2022-10-12 16:36:49,560 - main - INFO - 开始处理实况数据：2022-09-20
2022-10-12 16:36:49,571 - main - INFO - 当前设定计算时间为： 2022-09-19
2022-10-12 16:37:43,472 - main - INFO - 开始处理预报数据：2022-09-20
2022-10-12 16:37:49,048 - main - INFO - 开始处理实况数据：2022-09-21
2022-10-12 16:37:49,632 - main - INFO - 当前设定计算时间为： 2022-09-20
2022-10-12 16:38:54,493 - main - INFO - 开始处理预报数据：2022-09-21
2022-10-12 16:40:58,438 - main - INFO - 开始处理实况数据：2022-09-20
2022-10-12 16:40:58,478 - main - INFO - 当前设定计算时间为： 2022-09-19
2022-10-12 16:42:06,431 - main - INFO - 开始处理预报数据：2022-09-20
2022-10-12 16:42:12,007 - main - INFO - 开始处理实况数据：2022-09-21
2022-10-12 16:42:12,780 - main - INFO - 当前设定计算时间为： 2022-09-20
2022-10-12 16:43:11,254 - main - INFO - 开始处理实况数据：2022-09-20
2022-10-12 16:43:11,271 - main - INFO - 当前设定计算时间为： 2022-09-19
2022-10-12 16:44:11,823 - main - INFO - 开始处理预报数据：2022-09-20
2022-10-12 16:44:16,837 - main - ERROR - No mappable was found to use for colorbar creation. First define a mappable such as an image (with imshow) or a contour set (with contourf).
2022-10-12 16:44:16,843 - main - INFO - 开始处理实况数据：2022-09-21
2022-10-12 16:44:16,881 - main - INFO - 当前设定计算时间为： 2022-09-20
2022-10-12 16:45:07,246 - main - INFO - 开始处理实况数据：2022-09-20
2022-10-12 16:45:07,272 - main - INFO - 当前设定计算时间为： 2022-09-19
2022-10-12 16:46:13,748 - main - INFO - 开始处理预报数据：2022-09-20
2022-10-12 16:46:19,524 - main - ERROR - 'GeoContourSet' object has no attribute '_axes_locator'
2022-10-12 16:46:19,527 - main - INFO - 开始处理实况数据：2022-09-21
2022-10-12 16:46:19,561 - main - INFO - 当前设定计算时间为： 2022-09-20
2022-10-12 16:46:48,040 - main - INFO - 开始处理实况数据：2022-09-20
2022-10-12 16:46:48,105 - main - INFO - 当前设定计算时间为： 2022-09-19
2022-10-12 16:47:59,546 - main - INFO - 开始处理预报数据：2022-09-20
2022-10-12 16:48:07,837 - main - ERROR - No mappable was found to use for colorbar creation. First define a mappable such as an image (with imshow) or a contour set (with contourf).
2022-10-12 16:48:07,845 - main - INFO - 开始处理实况数据：2022-09-21
2022-10-12 16:48:07,874 - main - INFO - 当前设定计算时间为： 2022-09-20
2022-10-12 16:49:14,123 - main - INFO - 开始处理预报数据：2022-09-21
2022-10-12 16:49:19,930 - main - ERROR - No mappable was found to use for colorbar creation. First define a mappable such as an image (with imshow) or a contour set (with contourf).
2022-10-12 16:50:52,443 - main - INFO - 开始处理实况数据：2022-09-20
2022-10-12 16:50:52,453 - main - INFO - 当前设定计算时间为： 2022-09-19
2022-10-12 16:51:50,065 - main - INFO - 开始处理预报数据：2022-09-20
2022-10-12 16:51:55,930 - main - INFO - 开始处理实况数据：2022-09-21
2022-10-12 16:51:57,070 - main - INFO - 当前设定计算时间为： 2022-09-20
2022-10-12 16:52:36,558 - main - INFO - 开始处理实况数据：2022-09-20
2022-10-12 16:52:36,581 - main - INFO - 当前设定计算时间为： 2022-09-19
2022-10-12 16:53:31,410 - main - INFO - 开始处理预报数据：2022-09-20
2022-10-12 16:53:37,037 - main - INFO - 开始处理实况数据：2022-09-21
2022-10-12 16:53:37,456 - main - INFO - 当前设定计算时间为： 2022-09-20
2022-10-12 16:54:17,697 - main - INFO - 开始处理实况数据：2022-09-20
2022-10-12 16:54:17,738 - main - INFO - 当前设定计算时间为： 2022-09-19
2022-10-12 16:55:10,392 - main - INFO - 开始处理预报数据：2022-09-20
2022-10-12 16:55:16,011 - main - INFO - 开始处理实况数据：2022-09-21
2022-10-12 16:55:16,026 - main - INFO - 当前设定计算时间为： 2022-09-20
2022-10-12 16:56:08,591 - main - INFO - 开始处理预报数据：2022-09-21
2022-10-12 17:01:53,370 - main - INFO - 开始处理实况数据：2022-09-20
2022-10-12 17:01:53,401 - main - INFO - 当前设定计算时间为： 2022-09-19
2022-10-12 17:02:48,946 - main - INFO - 开始处理预报数据：2022-09-20
2022-10-12 17:02:54,527 - main - ERROR - 'Colorbar' object has no attribute 'get_figure'
2022-10-12 17:02:54,536 - main - INFO - 开始处理实况数据：2022-09-21
2022-10-12 17:02:54,556 - main - INFO - 当前设定计算时间为： 2022-09-20
2022-10-12 17:03:36,785 - main - INFO - 开始处理实况数据：2022-09-20
2022-10-12 17:03:36,802 - main - INFO - 当前设定计算时间为： 2022-09-19
2022-10-12 17:04:30,845 - main - INFO - 开始处理预报数据：2022-09-20
2022-10-12 17:04:36,510 - main - INFO - 开始处理实况数据：2022-09-21
2022-10-12 17:04:37,742 - main - INFO - 当前设定计算时间为： 2022-09-20
2022-10-12 17:05:14,343 - main - INFO - 开始处理实况数据：2022-09-20
2022-10-12 17:05:14,374 - main - INFO - 当前设定计算时间为： 2022-09-19
2022-10-12 17:06:06,125 - main - INFO - 开始处理预报数据：2022-09-20
2022-10-12 17:06:12,250 - main - INFO - 开始处理实况数据：2022-09-21
2022-10-12 17:06:12,281 - main - INFO - 当前设定计算时间为： 2022-09-20
2022-10-12 17:07:54,272 - main - INFO - 开始处理实况数据：2022-09-20
2022-10-12 17:07:54,293 - main - INFO - 当前设定计算时间为： 2022-09-19
2022-10-12 17:08:45,672 - main - INFO - 开始处理预报数据：2022-09-20
2022-10-12 17:08:51,575 - main - INFO - 开始处理实况数据：2022-09-21
2022-10-12 17:08:52,660 - main - INFO - 当前设定计算时间为： 2022-09-20
2022-10-12 17:09:45,458 - main - INFO - 开始处理实况数据：2022-09-20
2022-10-12 17:09:45,494 - main - INFO - 当前设定计算时间为： 2022-09-19
2022-10-12 17:10:39,005 - main - INFO - 开始处理预报数据：2022-09-20
2022-10-12 17:10:44,859 - main - ERROR - 'Colorbar' object has no attribute '_axes_locator'
2022-10-12 17:10:44,861 - main - INFO - 开始处理实况数据：2022-09-21
2022-10-12 17:10:44,892 - main - INFO - 当前设定计算时间为： 2022-09-20
2022-10-12 17:11:26,830 - main - INFO - 开始处理实况数据：2022-09-20
2022-10-12 17:11:26,853 - main - INFO - 当前设定计算时间为： 2022-09-19
2022-10-12 17:12:23,302 - main - INFO - 开始处理预报数据：2022-09-20
2022-10-12 17:12:30,513 - main - INFO - 开始处理实况数据：2022-09-21
2022-10-12 17:12:31,346 - main - INFO - 当前设定计算时间为： 2022-09-20
2022-10-12 17:13:34,923 - main - INFO - 开始处理实况数据：2022-09-20
2022-10-12 17:13:34,978 - main - INFO - 当前设定计算时间为： 2022-09-19
2022-10-12 17:14:48,411 - main - INFO - 开始处理预报数据：2022-09-20
2022-10-12 17:14:53,980 - main - ERROR - 'Colorbar' object has no attribute '_axes_locator'
2022-10-12 17:14:53,982 - main - INFO - 开始处理实况数据：2022-09-21
2022-10-12 17:14:54,097 - main - INFO - 当前设定计算时间为： 2022-09-20
2022-10-12 17:15:10,829 - main - INFO - 开始处理实况数据：2022-09-20
2022-10-12 17:15:10,871 - main - INFO - 当前设定计算时间为： 2022-09-19
2022-10-12 17:15:14,112 - main - INFO - 开始处理实况数据：2022-09-20
2022-10-12 17:15:14,136 - main - INFO - 当前设定计算时间为： 2022-09-19
2022-10-12 17:16:25,624 - main - INFO - 开始处理预报数据：2022-09-20
2022-10-12 17:16:31,256 - main - ERROR - 'Colorbar' object has no attribute '_axes_locator'
2022-10-12 17:16:31,258 - main - INFO - 开始处理实况数据：2022-09-21
2022-10-12 17:16:31,288 - main - INFO - 当前设定计算时间为： 2022-09-20
2022-10-12 17:16:50,498 - main - INFO - 开始处理实况数据：2022-09-20
2022-10-12 17:16:50,536 - main - INFO - 当前设定计算时间为： 2022-09-19
2022-10-12 17:17:58,674 - main - INFO - 开始处理预报数据：2022-09-20
2022-10-12 17:18:03,905 - main - ERROR - 'Colorbar' object has no attribute '_axes_locator'
2022-10-12 17:18:03,907 - main - INFO - 开始处理实况数据：2022-09-21
2022-10-12 17:18:03,944 - main - INFO - 当前设定计算时间为： 2022-09-20
2022-10-12 17:18:34,307 - main - INFO - 开始处理实况数据：2022-09-20
2022-10-12 17:18:34,343 - main - INFO - 当前设定计算时间为： 2022-09-19
2022-10-12 17:19:40,139 - main - INFO - 开始处理预报数据：2022-09-20
2022-10-12 17:19:45,703 - main - ERROR - 'NoneType' object is not callable
2022-10-12 17:19:45,711 - main - INFO - 开始处理实况数据：2022-09-21
2022-10-12 17:19:46,898 - main - INFO - 当前设定计算时间为： 2022-09-20
2022-10-12 17:20:11,787 - main - INFO - 开始处理实况数据：2022-09-20
2022-10-12 17:20:11,839 - main - INFO - 当前设定计算时间为： 2022-09-19
2022-10-12 17:21:14,257 - main - INFO - 开始处理预报数据：2022-09-20
2022-10-12 17:21:19,975 - main - INFO - 开始处理实况数据：2022-09-21
2022-10-12 17:21:21,495 - main - INFO - 当前设定计算时间为： 2022-09-20
2022-10-12 17:22:04,816 - main - INFO - 开始处理实况数据：2022-09-20
2022-10-12 17:22:04,866 - main - INFO - 当前设定计算时间为： 2022-09-19
2022-10-12 17:23:10,908 - main - INFO - 开始处理预报数据：2022-09-20
2022-10-12 17:23:16,781 - main - INFO - 开始处理实况数据：2022-09-21
2022-10-12 17:23:16,916 - main - INFO - 当前设定计算时间为： 2022-09-20
2022-10-12 17:24:21,673 - main - INFO - 开始处理预报数据：2022-09-21
