2022-09-13 09:15:09,334 - main - INFO - 开始处理是实况数据：2022-05-20
2022-09-13 09:15:09,366 - main - INFO - 当前设定计算时间为： 2022-05-19
2022-09-13 09:15:40,243 - main - INFO - 开始处理是预报数据：2022-05-20
2022-09-13 09:15:40,274 - main - INFO - 220520   grid24_2022052008.024
2022-09-13 09:15:40,280 - main - INFO - 220521   grid24_2022052108.024
2022-09-13 09:15:40,285 - main - INFO - 220522   grid24_2022052208.024
2022-09-13 09:15:40,290 - main - INFO - 220523   grid24_2022052308.024
2022-09-13 09:15:40,315 - main - INFO - 220524   grid24_2022052408.024
2022-09-13 09:15:40,335 - main - INFO - 220525   grid24_2022052508.024
2022-09-13 09:15:40,355 - main - INFO - 220526   grid24_2022052608.024
2022-09-13 09:15:40,369 - main - INFO - 220527   grid24_2022052708.024
2022-09-13 09:15:40,374 - main - INFO - 220528   grid24_2022052808.024
2022-09-13 09:15:40,386 - main - INFO - 220529   grid24_2022052908.024
2022-09-13 09:26:51,762 - main - INFO - 开始处理是实况数据：2022-05-20
2022-09-13 09:26:51,828 - main - INFO - 当前设定计算时间为： 2022-05-19
2022-09-13 09:27:27,279 - main - INFO - 开始处理是预报数据：2022-05-20
2022-09-13 09:27:27,304 - main - INFO - 220520   grid24_2022052008.024
2022-09-13 09:27:27,314 - main - INFO - 220521   grid24_2022052108.024
2022-09-13 09:27:27,325 - main - INFO - 220522   grid24_2022052208.024
2022-09-13 09:27:27,334 - main - INFO - 220523   grid24_2022052308.024
2022-09-13 09:27:27,344 - main - INFO - 220524   grid24_2022052408.024
2022-09-13 09:27:27,355 - main - INFO - 220525   grid24_2022052508.024
2022-09-13 09:27:27,364 - main - INFO - 220526   grid24_2022052608.024
2022-09-13 09:27:27,375 - main - INFO - 220527   grid24_2022052708.024
2022-09-13 09:27:27,385 - main - INFO - 220528   grid24_2022052808.024
2022-09-13 09:27:27,395 - main - INFO - 220529   grid24_2022052908.024
2022-09-13 09:28:03,199 - main - INFO - 开始处理是实况数据：2022-05-20
2022-09-13 09:28:03,242 - main - INFO - 当前设定计算时间为： 2022-05-19
2022-09-13 09:28:40,883 - main - INFO - 开始处理是预报数据：2022-05-20
2022-09-13 09:28:40,920 - main - INFO - 220520   grid24_2022052008.024
2022-09-13 09:28:40,925 - main - INFO - 220521   grid24_2022052108.024
2022-09-13 09:28:40,929 - main - INFO - 220522   grid24_2022052208.024
2022-09-13 09:28:40,934 - main - INFO - 220523   grid24_2022052308.024
2022-09-13 09:28:40,939 - main - INFO - 220524   grid24_2022052408.024
2022-09-13 09:28:40,946 - main - INFO - 220525   grid24_2022052508.024
2022-09-13 09:28:40,949 - main - INFO - 220526   grid24_2022052608.024
2022-09-13 09:28:40,954 - main - INFO - 220527   grid24_2022052708.024
2022-09-13 09:28:40,959 - main - INFO - 220528   grid24_2022052808.024
2022-09-13 09:28:40,964 - main - INFO - 220529   grid24_2022052908.024
2022-09-13 09:28:56,470 - main - INFO - 开始处理是实况数据：2022-05-20
2022-09-13 09:28:56,521 - main - INFO - 当前设定计算时间为： 2022-05-19
2022-09-13 09:29:34,171 - main - INFO - 开始处理是预报数据：2022-05-20
2022-09-13 09:29:34,190 - main - INFO - 220520   grid24_2022052008.024
2022-09-13 09:29:34,199 - main - INFO - 220521   grid24_2022052108.024
2022-09-13 09:29:34,209 - main - INFO - 220522   grid24_2022052208.024
2022-09-13 09:29:34,220 - main - INFO - 220523   grid24_2022052308.024
2022-09-13 09:29:34,229 - main - INFO - 220524   grid24_2022052408.024
2022-09-13 09:29:34,241 - main - INFO - 220525   grid24_2022052508.024
2022-09-13 09:29:34,249 - main - INFO - 220526   grid24_2022052608.024
2022-09-13 09:29:34,259 - main - INFO - 220527   grid24_2022052708.024
2022-09-13 09:29:34,270 - main - INFO - 220528   grid24_2022052808.024
2022-09-13 09:29:34,280 - main - INFO - 220529   grid24_2022052908.024
2022-09-13 09:29:34,466 - main - ERROR - 'str' object has no attribute 'strftime'
2022-09-13 09:30:58,363 - main - INFO - 开始处理是实况数据：2022-05-20
2022-09-13 09:30:58,378 - main - INFO - 当前设定计算时间为： 2022-05-19
2022-09-13 09:31:29,365 - main - INFO - 开始处理是预报数据：2022-05-20
2022-09-13 09:31:29,404 - main - INFO - 220520   grid24_2022052008.024
2022-09-13 09:31:29,414 - main - INFO - 220521   grid24_2022052108.024
2022-09-13 09:31:29,424 - main - INFO - 220522   grid24_2022052208.024
2022-09-13 09:31:29,435 - main - INFO - 220523   grid24_2022052308.024
2022-09-13 09:31:29,444 - main - INFO - 220524   grid24_2022052408.024
2022-09-13 09:31:29,454 - main - INFO - 220525   grid24_2022052508.024
2022-09-13 09:31:29,464 - main - INFO - 220526   grid24_2022052608.024
2022-09-13 09:31:29,485 - main - INFO - 220527   grid24_2022052708.024
2022-09-13 09:31:29,495 - main - INFO - 220528   grid24_2022052808.024
2022-09-13 09:31:29,505 - main - INFO - 220529   grid24_2022052908.024
2022-09-13 10:56:06,052 - main - INFO - 开始处理是实况数据：2022-05-20
2022-09-13 10:56:06,069 - main - INFO - 当前设定计算时间为： 2022-05-19
2022-09-13 10:56:44,015 - main - INFO - 开始处理是预报数据：2022-05-20
2022-09-13 10:56:44,042 - main - INFO - 220520   grid24_2022052008.024
2022-09-13 10:56:44,048 - main - INFO - 220521   grid24_2022052108.024
2022-09-13 10:56:44,052 - main - INFO - 220522   grid24_2022052208.024
2022-09-13 10:56:44,061 - main - INFO - 220523   grid24_2022052308.024
2022-09-13 10:56:44,073 - main - INFO - 220524   grid24_2022052408.024
2022-09-13 10:56:44,082 - main - INFO - 220525   grid24_2022052508.024
2022-09-13 10:56:44,093 - main - INFO - 220526   grid24_2022052608.024
2022-09-13 10:56:44,102 - main - INFO - 220527   grid24_2022052708.024
2022-09-13 10:56:44,113 - main - INFO - 220528   grid24_2022052808.024
2022-09-13 10:56:44,119 - main - INFO - 220529   grid24_2022052908.024
2022-09-13 11:13:29,942 - main - INFO - 开始处理是实况数据：2022-05-20
2022-09-13 11:13:29,996 - main - INFO - 当前设定计算时间为： 2022-05-19
2022-09-13 11:13:59,587 - main - INFO - 开始处理是预报数据：2022-05-20
2022-09-13 11:13:59,593 - main - INFO - 220520   grid24_2022052008.024
2022-09-13 11:13:59,596 - main - INFO - 220521   grid24_2022052108.024
2022-09-13 11:13:59,600 - main - INFO - 220522   grid24_2022052208.024
2022-09-13 11:13:59,602 - main - INFO - 220523   grid24_2022052308.024
2022-09-13 11:13:59,606 - main - INFO - 220524   grid24_2022052408.024
2022-09-13 11:13:59,610 - main - INFO - 220525   grid24_2022052508.024
2022-09-13 11:13:59,614 - main - INFO - 220526   grid24_2022052608.024
2022-09-13 11:13:59,618 - main - INFO - 220527   grid24_2022052708.024
2022-09-13 11:13:59,621 - main - INFO - 220528   grid24_2022052808.024
2022-09-13 11:13:59,625 - main - INFO - 220529   grid24_2022052908.024
2022-09-13 11:22:52,815 - main - INFO - 开始处理是实况数据：2022-05-20
2022-09-13 11:22:52,840 - main - INFO - 当前设定计算时间为： 2022-05-19
2022-09-13 11:23:20,955 - main - INFO - 开始处理是预报数据：2022-05-20
2022-09-13 11:23:20,988 - main - INFO - 220520   grid24_2022052008.024
2022-09-13 11:23:20,998 - main - INFO - 220521   grid24_2022052108.024
2022-09-13 11:23:21,009 - main - INFO - 220522   grid24_2022052208.024
2022-09-13 11:23:21,019 - main - INFO - 220523   grid24_2022052308.024
2022-09-13 11:23:21,022 - main - INFO - 220524   grid24_2022052408.024
2022-09-13 11:23:21,027 - main - INFO - 220525   grid24_2022052508.024
2022-09-13 11:23:21,032 - main - INFO - 220526   grid24_2022052608.024
2022-09-13 11:23:21,037 - main - INFO - 220527   grid24_2022052708.024
2022-09-13 11:23:21,044 - main - INFO - 220528   grid24_2022052808.024
2022-09-13 11:23:21,050 - main - INFO - 220529   grid24_2022052908.024
2022-09-13 11:32:09,259 - main - INFO - 开始处理是实况数据：2022-05-20
2022-09-13 11:32:09,276 - main - INFO - 当前设定计算时间为： 2022-05-19
2022-09-13 11:32:48,463 - main - INFO - 开始处理是预报数据：2022-05-20
2022-09-13 11:32:48,477 - main - INFO - 220520   grid24_2022052008.024
2022-09-13 11:32:48,481 - main - INFO - 220521   grid24_2022052108.024
2022-09-13 11:32:48,485 - main - INFO - 220522   grid24_2022052208.024
2022-09-13 11:32:48,489 - main - INFO - 220523   grid24_2022052308.024
2022-09-13 11:32:48,492 - main - INFO - 220524   grid24_2022052408.024
2022-09-13 11:32:48,496 - main - INFO - 220525   grid24_2022052508.024
2022-09-13 11:32:48,500 - main - INFO - 220526   grid24_2022052608.024
2022-09-13 11:32:48,504 - main - INFO - 220527   grid24_2022052708.024
2022-09-13 11:32:48,508 - main - INFO - 220528   grid24_2022052808.024
2022-09-13 11:32:48,511 - main - INFO - 220529   grid24_2022052908.024
2022-09-13 11:59:30,105 - main - INFO - 开始处理是实况数据：2022-05-20
2022-09-13 11:59:30,117 - main - INFO - 当前设定计算时间为： 2022-05-19
2022-09-13 12:00:12,422 - main - INFO - 开始处理是预报数据：2022-05-20
2022-09-13 12:00:12,455 - main - INFO - 220520   grid24_2022052008.024
2022-09-13 12:00:12,469 - main - INFO - 220521   grid24_2022052108.024
2022-09-13 12:00:12,480 - main - INFO - 220522   grid24_2022052208.024
2022-09-13 12:00:12,490 - main - INFO - 220523   grid24_2022052308.024
2022-09-13 12:00:12,501 - main - INFO - 220524   grid24_2022052408.024
2022-09-13 12:00:12,511 - main - INFO - 220525   grid24_2022052508.024
2022-09-13 12:00:12,521 - main - INFO - 220526   grid24_2022052608.024
2022-09-13 12:00:12,531 - main - INFO - 220527   grid24_2022052708.024
2022-09-13 12:00:12,541 - main - INFO - 220528   grid24_2022052808.024
2022-09-13 12:00:12,550 - main - INFO - 220529   grid24_2022052908.024
2022-09-13 14:50:06,938 - main - INFO - 开始处理是实况数据：2022-05-20
2022-09-13 14:50:06,972 - main - INFO - 当前设定计算时间为： 2022-05-19
2022-09-13 14:50:40,180 - main - INFO - 开始处理是预报数据：2022-05-20
2022-09-13 14:50:40,210 - main - INFO - 220520   grid24_2022052008.024
2022-09-13 14:50:40,221 - main - INFO - 220521   grid24_2022052108.024
2022-09-13 14:50:40,231 - main - INFO - 220522   grid24_2022052208.024
2022-09-13 14:50:40,242 - main - INFO - 220523   grid24_2022052308.024
2022-09-13 14:50:40,261 - main - INFO - 220524   grid24_2022052408.024
2022-09-13 14:50:40,270 - main - INFO - 220525   grid24_2022052508.024
2022-09-13 14:50:40,282 - main - INFO - 220526   grid24_2022052608.024
2022-09-13 14:50:40,291 - main - INFO - 220527   grid24_2022052708.024
2022-09-13 14:50:40,302 - main - INFO - 220528   grid24_2022052808.024
2022-09-13 14:50:40,321 - main - INFO - 220529   grid24_2022052908.024
2022-09-13 14:50:40,518 - main - ERROR - unsupported operand type(s) for +: 'NoneType' and 'float'
2022-09-13 14:59:46,841 - main - INFO - 开始处理是实况数据：2022-05-20
2022-09-13 14:59:46,879 - main - INFO - 当前设定计算时间为： 2022-05-19
2022-09-13 15:00:15,840 - main - INFO - 开始处理是预报数据：2022-05-20
2022-09-13 15:00:15,869 - main - INFO - 220520   grid24_2022052008.024
2022-09-13 15:00:15,880 - main - INFO - 220521   grid24_2022052108.024
2022-09-13 15:00:15,889 - main - INFO - 220522   grid24_2022052208.024
2022-09-13 15:00:15,900 - main - INFO - 220523   grid24_2022052308.024
2022-09-13 15:00:15,910 - main - INFO - 220524   grid24_2022052408.024
2022-09-13 15:00:15,919 - main - INFO - 220525   grid24_2022052508.024
2022-09-13 15:00:15,930 - main - INFO - 220526   grid24_2022052608.024
2022-09-13 15:00:15,939 - main - INFO - 220527   grid24_2022052708.024
2022-09-13 15:00:15,950 - main - INFO - 220528   grid24_2022052808.024
2022-09-13 15:00:15,959 - main - INFO - 220529   grid24_2022052908.024
2022-09-13 15:00:16,134 - main - ERROR - unsupported operand type(s) for +: 'NoneType' and 'float'
2022-09-13 15:00:35,860 - main - INFO - 开始处理是实况数据：2022-05-20
2022-09-13 15:00:35,899 - main - INFO - 当前设定计算时间为： 2022-05-19
2022-09-13 15:01:09,918 - main - INFO - 开始处理是预报数据：2022-05-20
2022-09-13 15:01:09,944 - main - INFO - 220520   grid24_2022052008.024
2022-09-13 15:01:09,952 - main - INFO - 220521   grid24_2022052108.024
2022-09-13 15:01:09,960 - main - INFO - 220522   grid24_2022052208.024
2022-09-13 15:01:09,968 - main - INFO - 220523   grid24_2022052308.024
2022-09-13 15:01:09,977 - main - INFO - 220524   grid24_2022052408.024
2022-09-13 15:01:09,985 - main - INFO - 220525   grid24_2022052508.024
2022-09-13 15:01:09,994 - main - INFO - 220526   grid24_2022052608.024
2022-09-13 15:01:10,002 - main - INFO - 220527   grid24_2022052708.024
2022-09-13 15:01:10,010 - main - INFO - 220528   grid24_2022052808.024
2022-09-13 15:01:10,018 - main - INFO - 220529   grid24_2022052908.024
2022-09-13 15:01:10,200 - main - ERROR - unsupported operand type(s) for +: 'NoneType' and 'float'
2022-09-13 15:01:23,816 - main - INFO - 开始处理是实况数据：2022-05-20
2022-09-13 15:01:23,824 - main - INFO - 当前设定计算时间为： 2022-05-19
2022-09-13 15:01:57,230 - main - INFO - 开始处理是预报数据：2022-05-20
2022-09-13 15:01:57,239 - main - INFO - 220520   grid24_2022052008.024
2022-09-13 15:01:57,243 - main - INFO - 220521   grid24_2022052108.024
2022-09-13 15:01:57,245 - main - INFO - 220522   grid24_2022052208.024
2022-09-13 15:01:57,249 - main - INFO - 220523   grid24_2022052308.024
2022-09-13 15:01:57,253 - main - INFO - 220524   grid24_2022052408.024
2022-09-13 15:01:57,256 - main - INFO - 220525   grid24_2022052508.024
2022-09-13 15:01:57,260 - main - INFO - 220526   grid24_2022052608.024
2022-09-13 15:01:57,263 - main - INFO - 220527   grid24_2022052708.024
2022-09-13 15:01:57,267 - main - INFO - 220528   grid24_2022052808.024
2022-09-13 15:01:57,282 - main - INFO - 220529   grid24_2022052908.024
2022-09-13 15:04:28,063 - main - INFO - 开始处理是实况数据：2022-05-20
2022-09-13 15:04:28,102 - main - INFO - 当前设定计算时间为： 2022-05-19
2022-09-13 15:04:55,580 - main - INFO - 开始处理是预报数据：2022-05-20
2022-09-13 15:04:55,594 - main - INFO - 220520   grid24_2022052008.024
2022-09-13 15:04:55,601 - main - INFO - 220521   grid24_2022052108.024
2022-09-13 15:04:55,605 - main - INFO - 220522   grid24_2022052208.024
2022-09-13 15:04:55,609 - main - INFO - 220523   grid24_2022052308.024
2022-09-13 15:04:55,613 - main - INFO - 220524   grid24_2022052408.024
2022-09-13 15:04:55,618 - main - INFO - 220525   grid24_2022052508.024
2022-09-13 15:04:55,623 - main - INFO - 220526   grid24_2022052608.024
2022-09-13 15:04:55,628 - main - INFO - 220527   grid24_2022052708.024
2022-09-13 15:04:55,633 - main - INFO - 220528   grid24_2022052808.024
2022-09-13 15:04:55,638 - main - INFO - 220529   grid24_2022052908.024
2022-09-13 15:07:01,087 - main - INFO - 开始处理是实况数据：2022-05-20
2022-09-13 15:07:01,099 - main - INFO - 当前设定计算时间为： 2022-05-19
2022-09-13 15:07:25,503 - main - INFO - 开始处理是预报数据：2022-05-20
2022-09-13 15:07:25,517 - main - INFO - 220520   grid24_2022052008.024
2022-09-13 15:07:25,520 - main - INFO - 220521   grid24_2022052108.024
2022-09-13 15:07:25,525 - main - INFO - 220522   grid24_2022052208.024
2022-09-13 15:07:25,529 - main - INFO - 220523   grid24_2022052308.024
2022-09-13 15:07:25,533 - main - INFO - 220524   grid24_2022052408.024
2022-09-13 15:07:25,536 - main - INFO - 220525   grid24_2022052508.024
2022-09-13 15:07:25,540 - main - INFO - 220526   grid24_2022052608.024
2022-09-13 15:07:25,543 - main - INFO - 220527   grid24_2022052708.024
2022-09-13 15:07:25,546 - main - INFO - 220528   grid24_2022052808.024
2022-09-13 15:07:25,549 - main - INFO - 220529   grid24_2022052908.024
2022-09-13 15:10:04,940 - main - INFO - 开始处理是实况数据：2022-05-20
2022-09-13 15:10:04,967 - main - INFO - 当前设定计算时间为： 2022-05-19
2022-09-13 15:10:32,429 - main - INFO - 开始处理是预报数据：2022-05-20
2022-09-13 15:10:32,445 - main - INFO - 220520   grid24_2022052008.024
2022-09-13 15:10:32,449 - main - INFO - 220521   grid24_2022052108.024
2022-09-13 15:10:32,454 - main - INFO - 220522   grid24_2022052208.024
2022-09-13 15:10:32,460 - main - INFO - 220523   grid24_2022052308.024
2022-09-13 15:10:32,463 - main - INFO - 220524   grid24_2022052408.024
2022-09-13 15:10:32,468 - main - INFO - 220525   grid24_2022052508.024
2022-09-13 15:10:32,472 - main - INFO - 220526   grid24_2022052608.024
2022-09-13 15:10:32,503 - main - INFO - 220527   grid24_2022052708.024
2022-09-13 15:10:32,518 - main - INFO - 220528   grid24_2022052808.024
2022-09-13 15:10:32,541 - main - INFO - 220529   grid24_2022052908.024
2022-09-13 15:27:47,536 - main - INFO - 开始处理是实况数据：2022-05-20
2022-09-13 15:27:47,606 - main - INFO - 当前设定计算时间为： 2022-05-19
2022-09-13 15:28:18,105 - main - INFO - 开始处理是预报数据：2022-05-20
2022-09-13 15:28:18,120 - main - INFO - 220520   grid24_2022052008.024
2022-09-13 15:28:18,123 - main - INFO - 220521   grid24_2022052108.024
2022-09-13 15:28:18,127 - main - INFO - 220522   grid24_2022052208.024
2022-09-13 15:28:18,130 - main - INFO - 220523   grid24_2022052308.024
2022-09-13 15:28:18,133 - main - INFO - 220524   grid24_2022052408.024
2022-09-13 15:28:18,136 - main - INFO - 220525   grid24_2022052508.024
2022-09-13 15:28:18,139 - main - INFO - 220526   grid24_2022052608.024
2022-09-13 15:28:18,157 - main - INFO - 220527   grid24_2022052708.024
2022-09-13 15:28:18,162 - main - INFO - 220528   grid24_2022052808.024
2022-09-13 15:28:18,165 - main - INFO - 220529   grid24_2022052908.024
2022-09-13 15:34:50,478 - main - INFO - 开始处理是实况数据：2022-05-20
2022-09-13 15:34:50,521 - main - INFO - 当前设定计算时间为： 2022-05-19
2022-09-13 15:35:24,078 - main - INFO - 开始处理是预报数据：2022-05-20
2022-09-13 15:35:24,117 - main - INFO - 220520   grid24_2022052008.024
2022-09-13 15:35:24,127 - main - INFO - 220521   grid24_2022052108.024
2022-09-13 15:35:24,136 - main - INFO - 220522   grid24_2022052208.024
2022-09-13 15:35:24,147 - main - INFO - 220523   grid24_2022052308.024
2022-09-13 15:35:24,157 - main - INFO - 220524   grid24_2022052408.024
2022-09-13 15:35:24,167 - main - INFO - 220525   grid24_2022052508.024
2022-09-13 15:35:24,178 - main - INFO - 220526   grid24_2022052608.024
2022-09-13 15:35:24,198 - main - INFO - 220527   grid24_2022052708.024
2022-09-13 15:35:24,208 - main - INFO - 220528   grid24_2022052808.024
2022-09-13 15:35:24,228 - main - INFO - 220529   grid24_2022052908.024
2022-09-13 15:38:59,818 - main - INFO - 开始处理是实况数据：2022-05-20
2022-09-13 15:38:59,855 - main - INFO - 当前设定计算时间为： 2022-05-19
2022-09-13 15:39:32,214 - main - INFO - 开始处理是预报数据：2022-05-20
2022-09-13 15:39:32,244 - main - INFO - 220520   grid24_2022052008.024
2022-09-13 15:39:32,250 - main - INFO - 220521   grid24_2022052108.024
2022-09-13 15:39:32,258 - main - INFO - 220522   grid24_2022052208.024
2022-09-13 15:39:32,266 - main - INFO - 220523   grid24_2022052308.024
2022-09-13 15:39:32,275 - main - INFO - 220524   grid24_2022052408.024
2022-09-13 15:39:32,286 - main - INFO - 220525   grid24_2022052508.024
2022-09-13 15:39:32,293 - main - INFO - 220526   grid24_2022052608.024
2022-09-13 15:39:32,301 - main - INFO - 220527   grid24_2022052708.024
2022-09-13 15:39:32,307 - main - INFO - 220528   grid24_2022052808.024
2022-09-13 15:39:32,315 - main - INFO - 220529   grid24_2022052908.024
2022-09-13 15:59:38,806 - main - INFO - 开始处理是实况数据：2022-05-20
2022-09-13 15:59:38,842 - main - INFO - 当前设定计算时间为： 2022-05-19
2022-09-13 16:00:07,845 - main - INFO - 开始处理是预报数据：2022-05-20
2022-09-13 16:00:07,917 - main - INFO - 220520   grid24_2022052008.024
2022-09-13 16:00:07,966 - main - INFO - 220521   grid24_2022052108.024
2022-09-13 16:00:07,991 - main - INFO - 220522   grid24_2022052208.024
2022-09-13 16:00:08,008 - main - INFO - 220523   grid24_2022052308.024
2022-09-13 16:00:08,021 - main - INFO - 220524   grid24_2022052408.024
2022-09-13 16:00:08,037 - main - INFO - 220525   grid24_2022052508.024
2022-09-13 16:00:08,061 - main - INFO - 220526   grid24_2022052608.024
2022-09-13 16:00:08,077 - main - INFO - 220527   grid24_2022052708.024
2022-09-13 16:00:08,090 - main - INFO - 220528   grid24_2022052808.024
2022-09-13 16:00:08,109 - main - INFO - 220529   grid24_2022052908.024
2022-09-13 16:00:08,982 - main - ERROR - 'StationInfo_08' object has no attribute 'obs_begin_rainy_date'
2022-09-13 16:01:57,633 - main - INFO - 开始处理是实况数据：2022-05-20
2022-09-13 16:01:57,676 - main - INFO - 当前设定计算时间为： 2022-05-19
2022-09-13 16:02:19,478 - main - INFO - 开始处理是预报数据：2022-05-20
2022-09-13 16:02:19,488 - main - INFO - 220520   grid24_2022052008.024
2022-09-13 16:02:19,492 - main - INFO - 220521   grid24_2022052108.024
2022-09-13 16:02:19,495 - main - INFO - 220522   grid24_2022052208.024
2022-09-13 16:02:19,499 - main - INFO - 220523   grid24_2022052308.024
2022-09-13 16:02:19,502 - main - INFO - 220524   grid24_2022052408.024
2022-09-13 16:02:19,505 - main - INFO - 220525   grid24_2022052508.024
2022-09-13 16:02:19,509 - main - INFO - 220526   grid24_2022052608.024
2022-09-13 16:02:19,512 - main - INFO - 220527   grid24_2022052708.024
2022-09-13 16:02:19,516 - main - INFO - 220528   grid24_2022052808.024
2022-09-13 16:02:19,520 - main - INFO - 220529   grid24_2022052908.024
2022-09-13 16:06:53,355 - main - INFO - 开始处理是实况数据：2022-05-20
2022-09-13 16:06:53,382 - main - INFO - 当前设定计算时间为： 2022-05-19
2022-09-13 16:07:22,961 - main - INFO - 开始处理是预报数据：2022-05-20
2022-09-13 16:07:23,015 - main - INFO - 220520   grid24_2022052008.024
2022-09-13 16:07:23,030 - main - INFO - 220521   grid24_2022052108.024
2022-09-13 16:07:23,061 - main - INFO - 220522   grid24_2022052208.024
2022-09-13 16:07:23,074 - main - INFO - 220523   grid24_2022052308.024
2022-09-13 16:07:23,083 - main - INFO - 220524   grid24_2022052408.024
2022-09-13 16:07:23,094 - main - INFO - 220525   grid24_2022052508.024
2022-09-13 16:07:23,103 - main - INFO - 220526   grid24_2022052608.024
2022-09-13 16:07:23,113 - main - INFO - 220527   grid24_2022052708.024
2022-09-13 16:07:23,123 - main - INFO - 220528   grid24_2022052808.024
2022-09-13 16:07:23,133 - main - INFO - 220529   grid24_2022052908.024
2022-09-13 16:37:01,626 - main - INFO - 开始处理是实况数据：2022-05-20
2022-09-13 16:37:01,635 - main - INFO - 当前设定计算时间为： 2022-05-19
2022-09-13 16:37:40,851 - main - INFO - 开始处理是预报数据：2022-05-20
2022-09-13 16:37:40,893 - main - INFO - 220520   grid24_2022052008.024
2022-09-13 16:37:40,903 - main - INFO - 220521   grid24_2022052108.024
2022-09-13 16:37:40,914 - main - INFO - 220522   grid24_2022052208.024
2022-09-13 16:37:40,933 - main - INFO - 220523   grid24_2022052308.024
2022-09-13 16:37:40,954 - main - INFO - 220524   grid24_2022052408.024
2022-09-13 16:37:40,963 - main - INFO - 220525   grid24_2022052508.024
2022-09-13 16:37:40,974 - main - INFO - 220526   grid24_2022052608.024
2022-09-13 16:37:40,983 - main - INFO - 220527   grid24_2022052708.024
2022-09-13 16:37:40,994 - main - INFO - 220528   grid24_2022052808.024
2022-09-13 16:37:41,004 - main - INFO - 220529   grid24_2022052908.024
2022-09-13 17:03:24,961 - main - ERROR - time data '220509' does not match format '%Y%m%d'
2022-09-13 17:03:30,819 - main - INFO - 开始处理是实况数据：2022-05-20
2022-09-13 17:03:30,841 - main - INFO - 当前设定计算时间为： 2022-05-19
2022-09-13 17:04:06,480 - main - INFO - 开始处理是预报数据：2022-05-20
2022-09-13 17:04:06,526 - main - INFO - 220520   grid24_2022052008.024
2022-09-13 17:04:06,550 - main - INFO - 220521   grid24_2022052108.024
2022-09-13 17:04:06,562 - main - INFO - 220522   grid24_2022052208.024
2022-09-13 17:04:06,573 - main - INFO - 220523   grid24_2022052308.024
2022-09-13 17:04:06,587 - main - INFO - 220524   grid24_2022052408.024
2022-09-13 17:04:06,600 - main - INFO - 220525   grid24_2022052508.024
2022-09-13 17:04:06,611 - main - INFO - 220526   grid24_2022052608.024
2022-09-13 17:04:06,619 - main - INFO - 220527   grid24_2022052708.024
2022-09-13 17:04:06,628 - main - INFO - 220528   grid24_2022052808.024
2022-09-13 17:04:06,631 - main - INFO - 220529   grid24_2022052908.024
2022-09-13 18:02:30,887 - main - INFO - 开始处理是实况数据：2022-05-20
2022-09-13 18:02:30,931 - main - INFO - 当前设定计算时间为： 2022-05-19
2022-09-13 18:03:06,659 - main - INFO - 开始处理是预报数据：2022-05-20
2022-09-13 18:03:06,669 - main - INFO - 220520   grid24_2022052008.024
2022-09-13 18:03:06,672 - main - INFO - 220521   grid24_2022052108.024
2022-09-13 18:03:06,675 - main - INFO - 220522   grid24_2022052208.024
2022-09-13 18:03:06,678 - main - INFO - 220523   grid24_2022052308.024
2022-09-13 18:03:06,681 - main - INFO - 220524   grid24_2022052408.024
2022-09-13 18:03:06,684 - main - INFO - 220525   grid24_2022052508.024
2022-09-13 18:03:06,688 - main - INFO - 220526   grid24_2022052608.024
2022-09-13 18:03:06,691 - main - INFO - 220527   grid24_2022052708.024
2022-09-13 18:03:06,694 - main - INFO - 220528   grid24_2022052808.024
2022-09-13 18:03:06,697 - main - INFO - 220529   grid24_2022052908.024
2022-09-13 18:05:52,414 - main - INFO - 开始处理是实况数据：2022-05-20
2022-09-13 18:05:52,452 - main - INFO - 当前设定计算时间为： 2022-05-19
2022-09-13 18:06:27,751 - main - INFO - 开始处理是预报数据：2022-05-20
2022-09-13 18:06:27,781 - main - INFO - 220520   grid24_2022052008.024
2022-09-13 18:06:27,792 - main - INFO - 220521   grid24_2022052108.024
2022-09-13 18:06:27,802 - main - INFO - 220522   grid24_2022052208.024
2022-09-13 18:06:27,811 - main - INFO - 220523   grid24_2022052308.024
2022-09-13 18:06:27,821 - main - INFO - 220524   grid24_2022052408.024
2022-09-13 18:06:27,832 - main - INFO - 220525   grid24_2022052508.024
2022-09-13 18:06:27,841 - main - INFO - 220526   grid24_2022052608.024
2022-09-13 18:06:27,851 - main - INFO - 220527   grid24_2022052708.024
2022-09-13 18:06:27,862 - main - INFO - 220528   grid24_2022052808.024
2022-09-13 18:06:27,872 - main - INFO - 220529   grid24_2022052908.024
2022-09-13 18:07:49,725 - main - INFO - 开始处理是实况数据：2022-05-20
2022-09-13 18:07:49,768 - main - INFO - 当前设定计算时间为： 2022-05-19
