2022-09-30 09:02:07,096 - main - INFO - 开始处理实况数据：2022-09-30
2022-09-30 09:02:07,119 - main - INFO - 当前设定计算时间为： 2022-09-29
2022-09-30 09:34:34,951 - main - INFO - 开始处理实况数据：2022-09-30
2022-09-30 09:34:35,012 - main - INFO - 当前设定计算时间为： 2022-09-29
2022-09-30 09:35:10,632 - main - INFO - 开始处理预报数据：2022-09-30
2022-09-30 09:35:33,038 - main - INFO - 开始处理实况数据：2022-09-30
2022-09-30 09:35:33,077 - main - INFO - 当前设定计算时间为： 2022-09-29
2022-09-30 09:36:11,209 - main - INFO - 开始处理预报数据：2022-09-30
2022-09-30 10:12:26,025 - main - INFO - 开始处理实况数据：2022-09-30
2022-09-30 10:12:26,115 - main - INFO - 当前设定计算时间为： 2022-09-29
2022-09-30 10:13:04,086 - main - INFO - 开始处理预报数据：2022-09-30
2022-09-30 10:13:11,177 - main - ERROR - object of type 'NoneType' has no len()
2022-09-30 10:13:24,401 - main - INFO - 开始处理实况数据：2022-09-30
2022-09-30 10:13:24,445 - main - INFO - 当前设定计算时间为： 2022-09-29
2022-09-30 10:14:03,481 - main - INFO - 开始处理预报数据：2022-09-30
2022-09-30 10:17:34,384 - main - INFO - 开始处理实况数据：2022-09-30
2022-09-30 10:17:34,429 - main - INFO - 当前设定计算时间为： 2022-09-29
2022-09-30 10:18:13,400 - main - INFO - 开始处理预报数据：2022-09-30
2022-09-30 10:18:16,374 - main - ERROR - 'StationInfo_08' object has no attribute 'obs_begin_rainy_day'
2022-09-30 10:19:40,066 - main - INFO - 开始处理实况数据：2022-09-30
2022-09-30 10:19:40,199 - main - INFO - 当前设定计算时间为： 2022-09-29
2022-09-30 10:20:16,012 - main - INFO - 开始处理预报数据：2022-09-30
2022-09-30 10:21:04,694 - main - INFO - 开始处理实况数据：2022-09-30
2022-09-30 10:21:04,730 - main - INFO - 当前设定计算时间为： 2022-09-29
2022-09-30 10:21:31,468 - main - INFO - 开始处理预报数据：2022-09-30
2022-09-30 10:21:35,231 - main - ERROR - strptime() argument 1 must be str, not datetime.datetime
2022-09-30 10:21:52,337 - main - INFO - 开始处理实况数据：2022-09-30
2022-09-30 10:21:52,346 - main - INFO - 当前设定计算时间为： 2022-09-29
2022-09-30 10:22:27,959 - main - INFO - 开始处理预报数据：2022-09-30
2022-09-30 10:23:09,189 - main - INFO - 开始处理实况数据：2022-09-30
2022-09-30 10:23:09,226 - main - INFO - 当前设定计算时间为： 2022-09-29
2022-09-30 10:23:41,412 - main - INFO - 开始处理预报数据：2022-09-30
2022-09-30 10:25:29,284 - main - INFO - 开始处理实况数据：2022-09-30
2022-09-30 10:25:29,295 - main - INFO - 当前设定计算时间为： 2022-09-29
2022-09-30 10:26:02,048 - main - INFO - 开始处理预报数据：2022-09-30
2022-09-30 10:26:05,028 - main - ERROR - 'StationInfo_08' object has no attribute 'obs_begin_rainy_day'
2022-09-30 10:26:13,917 - main - INFO - 开始处理实况数据：2022-09-30
2022-09-30 10:26:13,957 - main - INFO - 当前设定计算时间为： 2022-09-29
2022-09-30 10:26:52,460 - main - INFO - 开始处理预报数据：2022-09-30
2022-09-30 10:33:52,625 - main - INFO - 开始处理实况数据：2022-09-30
2022-09-30 10:33:52,635 - main - INFO - 当前设定计算时间为： 2022-09-29
2022-09-30 10:34:26,349 - main - INFO - 开始处理预报数据：2022-09-30
2022-09-30 10:34:52,113 - main - INFO - 开始处理实况数据：2022-09-30
2022-09-30 10:34:52,156 - main - INFO - 当前设定计算时间为： 2022-09-29
2022-09-30 10:35:28,753 - main - INFO - 开始处理预报数据：2022-09-30
2022-09-30 10:35:35,811 - main - ERROR - 'StationInfo_08' object has no attribute 'obs_begin_rainy_day'
2022-09-30 10:36:11,080 - main - INFO - 开始处理实况数据：2022-09-30
2022-09-30 10:36:11,126 - main - INFO - 当前设定计算时间为： 2022-09-29
2022-09-30 10:36:47,933 - main - INFO - 开始处理预报数据：2022-09-30
2022-09-30 10:36:54,929 - main - ERROR - can only concatenate str (not "datetime.datetime") to str
2022-09-30 10:37:27,829 - main - INFO - 开始处理实况数据：2022-09-30
2022-09-30 10:37:27,880 - main - INFO - 当前设定计算时间为： 2022-09-29
2022-09-30 10:38:08,595 - main - INFO - 开始处理预报数据：2022-09-30
2022-09-30 10:39:54,571 - main - INFO - 开始处理实况数据：2022-09-30
2022-09-30 10:39:54,634 - main - INFO - 当前设定计算时间为： 2022-09-29
2022-09-30 10:40:23,927 - main - INFO - 开始处理预报数据：2022-09-30
2022-09-30 10:40:28,019 - main - ERROR - [Errno 2] No such file or directory: 'D:/Wiztek_Project_Result/HX/pic/20220929/22092908_华西地区监测图.png'
2022-09-30 10:41:12,225 - main - INFO - 开始处理实况数据：2022-09-30
2022-09-30 10:41:12,323 - main - INFO - 当前设定计算时间为： 2022-09-29
2022-09-30 10:41:56,153 - main - INFO - 开始处理预报数据：2022-09-30
2022-09-30 10:45:53,163 - main - INFO - 开始处理实况数据：2022-09-30
2022-09-30 10:45:53,181 - main - INFO - 当前设定计算时间为： 2022-09-29
2022-09-30 10:46:35,327 - main - INFO - 开始处理预报数据：2022-09-30
2022-09-30 10:46:52,817 - main - INFO - 开始处理实况数据：2022-09-30
2022-09-30 10:46:52,827 - main - INFO - 当前设定计算时间为： 2022-09-29
2022-09-30 10:47:29,419 - main - INFO - 开始处理实况数据：2022-09-25
2022-09-30 10:47:29,447 - main - INFO - 当前设定计算时间为： 2022-09-24
2022-09-30 10:48:00,628 - main - INFO - 开始处理预报数据：2022-09-25
2022-09-30 10:55:40,708 - main - INFO - 开始处理实况数据：2022-09-25
2022-09-30 10:55:40,746 - main - INFO - 当前设定计算时间为： 2022-09-24
2022-09-30 10:55:51,861 - main - INFO - 开始处理实况数据：2022-09-25
2022-09-30 10:55:51,874 - main - INFO - 当前设定计算时间为： 2022-09-24
2022-09-30 10:56:27,956 - main - INFO - 开始处理预报数据：2022-09-25
2022-09-30 10:56:32,509 - main - ERROR - argument of type 'NoneType' is not iterable
2022-09-30 10:56:44,159 - main - INFO - 开始处理实况数据：2022-09-25
2022-09-30 10:56:44,208 - main - INFO - 当前设定计算时间为： 2022-09-24
2022-09-30 10:57:21,701 - main - INFO - 开始处理预报数据：2022-09-25
2022-09-30 10:58:38,378 - main - INFO - 开始处理实况数据：2022-09-28
2022-09-30 10:58:38,410 - main - INFO - 当前设定计算时间为： 2022-09-27
2022-09-30 10:59:16,685 - main - INFO - 开始处理预报数据：2022-09-28
2022-09-30 11:04:24,084 - main - INFO - 开始处理实况数据：2022-09-28
2022-09-30 11:04:24,122 - main - INFO - 当前设定计算时间为： 2022-09-27
2022-09-30 11:05:00,493 - main - INFO - 开始处理预报数据：2022-09-28
2022-09-30 11:09:12,029 - main - INFO - 开始处理实况数据：2022-09-28
2022-09-30 11:09:12,073 - main - INFO - 当前设定计算时间为： 2022-09-27
2022-09-30 11:09:45,330 - main - INFO - 开始处理预报数据：2022-09-28
2022-09-30 11:11:12,220 - main - INFO - 开始处理实况数据：2022-09-20
2022-09-30 11:11:12,259 - main - INFO - 当前设定计算时间为： 2022-09-19
2022-09-30 11:11:38,815 - main - INFO - 开始处理预报数据：2022-09-20
2022-09-30 11:13:23,708 - main - INFO - 开始处理实况数据：2022-09-20
2022-09-30 11:13:23,719 - main - INFO - 当前设定计算时间为： 2022-09-19
2022-09-30 11:14:00,632 - main - INFO - 开始处理预报数据：2022-09-20
2022-09-30 11:14:29,219 - main - INFO - 开始处理实况数据：2022-09-28
2022-09-30 11:14:29,229 - main - INFO - 当前设定计算时间为： 2022-09-27
2022-09-30 11:15:05,459 - main - INFO - 开始处理预报数据：2022-09-28
2022-09-30 11:18:59,795 - main - INFO - 开始处理实况数据：2022-09-28
2022-09-30 11:18:59,829 - main - INFO - 当前设定计算时间为： 2022-09-27
2022-09-30 11:19:38,749 - main - INFO - 开始处理预报数据：2022-09-28
2022-09-30 11:21:32,751 - main - INFO - 开始处理实况数据：2022-09-28
2022-09-30 11:21:32,790 - main - INFO - 当前设定计算时间为： 2022-09-27
2022-09-30 11:22:12,440 - main - INFO - 开始处理预报数据：2022-09-28
2022-09-30 11:24:53,491 - main - INFO - 开始处理实况数据：2022-09-29
2022-09-30 11:24:53,525 - main - INFO - 当前设定计算时间为： 2022-09-28
2022-09-30 11:25:27,821 - main - INFO - 开始处理预报数据：2022-09-29
2022-09-30 11:34:52,528 - main - INFO - 开始处理实况数据：2022-09-29
2022-09-30 11:34:52,537 - main - INFO - 当前设定计算时间为： 2022-09-28
2022-09-30 11:35:38,465 - main - INFO - 开始处理预报数据：2022-09-29
2022-09-30 11:39:17,315 - main - INFO - 开始处理实况数据：2022-09-29
2022-09-30 11:39:17,335 - main - INFO - 当前设定计算时间为： 2022-09-28
2022-09-30 11:40:03,086 - main - INFO - 开始处理预报数据：2022-09-29
2022-09-30 11:41:20,958 - main - INFO - 开始处理实况数据：2022-09-29
2022-09-30 11:41:21,013 - main - INFO - 当前设定计算时间为： 2022-09-28
2022-09-30 11:42:00,656 - main - INFO - 开始处理预报数据：2022-09-29
2022-09-30 11:47:10,737 - main - INFO - 开始处理实况数据：2022-09-29
2022-09-30 11:47:10,830 - main - INFO - 当前设定计算时间为： 2022-09-28
2022-09-30 11:47:59,296 - main - INFO - 开始处理预报数据：2022-09-29
2022-09-30 11:52:15,890 - main - INFO - 开始处理实况数据：2022-09-29
2022-09-30 11:52:15,926 - main - INFO - 当前设定计算时间为： 2022-09-28
2022-09-30 11:52:51,099 - main - INFO - 开始处理预报数据：2022-09-29
2022-09-30 11:55:58,527 - main - INFO - 开始处理实况数据：2022-09-29
2022-09-30 11:55:58,567 - main - INFO - 当前设定计算时间为： 2022-09-28
2022-09-30 11:56:36,136 - main - INFO - 开始处理预报数据：2022-09-29
2022-09-30 13:46:25,390 - main - INFO - 开始处理实况数据：2022-09-29
2022-09-30 13:46:25,429 - main - INFO - 当前设定计算时间为： 2022-09-28
2022-09-30 13:47:17,927 - main - INFO - 开始处理预报数据：2022-09-29
2022-09-30 13:58:37,857 - main - INFO - 开始处理实况数据：2022-09-29
2022-09-30 13:58:37,909 - main - INFO - 当前设定计算时间为： 2022-09-28
2022-09-30 13:59:17,655 - main - INFO - 开始处理预报数据：2022-09-29
2022-09-30 15:10:58,227 - main_Test - INFO - 开始处理实况数据：2022-09-30
2022-09-30 15:10:58,238 - main_Test - INFO - 当前设定计算时间为： 2022-09-29
2022-09-30 15:13:59,890 - main_Test - INFO - 开始处理实况数据：2022-09-30
2022-09-30 15:13:59,901 - main_Test - INFO - 当前设定计算时间为： 2022-09-29
2022-09-30 15:14:05,972 - main_Test - ERROR - _read_obs_data_mp() takes 4 positional arguments but 15294 were given
2022-09-30 15:15:44,478 - main_Test - INFO - 开始处理实况数据：2022-09-30
2022-09-30 15:15:44,529 - main_Test - INFO - 当前设定计算时间为： 2022-09-29
2022-09-30 15:17:36,116 - main_Test - INFO - 开始处理实况数据：2022-09-30
2022-09-30 15:17:36,157 - main_Test - INFO - 当前设定计算时间为： 2022-09-29
2022-09-30 15:19:20,561 - main_Test - INFO - 开始处理实况数据：2022-09-30
2022-09-30 15:19:20,586 - main_Test - INFO - 当前设定计算时间为： 2022-09-29
2022-09-30 15:20:51,349 - main_Test - INFO - 开始处理实况数据：2022-09-30
2022-09-30 15:20:51,409 - main_Test - INFO - 当前设定计算时间为： 2022-09-29
2022-09-30 15:25:09,151 - main_Test - INFO - 开始处理实况数据：2022-09-30
2022-09-30 15:25:09,167 - main_Test - INFO - 当前设定计算时间为： 2022-09-29
