2022-09-14 09:13:57,830 - main - INFO - 开始处理是实况数据：2022-05-20
2022-09-14 09:13:57,869 - main - INFO - 当前设定计算时间为： 2022-05-19
2022-09-14 09:14:25,457 - main - INFO - 开始处理是预报数据：2022-05-20
2022-09-14 09:14:25,486 - main - INFO - 220520   grid24_2022052008.024
2022-09-14 09:14:25,494 - main - INFO - 220521   grid24_2022052108.024
2022-09-14 09:14:25,502 - main - INFO - 220522   grid24_2022052208.024
2022-09-14 09:14:25,511 - main - INFO - 220523   grid24_2022052308.024
2022-09-14 09:14:25,519 - main - INFO - 220524   grid24_2022052408.024
2022-09-14 09:14:25,527 - main - INFO - 220525   grid24_2022052508.024
2022-09-14 09:14:25,537 - main - INFO - 220526   grid24_2022052608.024
2022-09-14 09:14:25,545 - main - INFO - 220527   grid24_2022052708.024
2022-09-14 09:14:25,554 - main - INFO - 220528   grid24_2022052808.024
2022-09-14 09:14:25,563 - main - INFO - 220529   grid24_2022052908.024
2022-09-14 09:15:21,922 - main - INFO - 开始处理是实况数据：2022-05-20
2022-09-14 09:15:21,958 - main - INFO - 当前设定计算时间为： 2022-05-19
2022-09-14 09:15:55,034 - main - INFO - 开始处理是预报数据：2022-05-20
2022-09-14 09:15:55,062 - main - INFO - 220520   grid24_2022052008.024
2022-09-14 09:15:55,072 - main - INFO - 220521   grid24_2022052108.024
2022-09-14 09:15:55,080 - main - INFO - 220522   grid24_2022052208.024
2022-09-14 09:15:55,089 - main - INFO - 220523   grid24_2022052308.024
2022-09-14 09:15:55,098 - main - INFO - 220524   grid24_2022052408.024
2022-09-14 09:15:55,107 - main - INFO - 220525   grid24_2022052508.024
2022-09-14 09:15:55,115 - main - INFO - 220526   grid24_2022052608.024
2022-09-14 09:15:55,124 - main - INFO - 220527   grid24_2022052708.024
2022-09-14 09:15:55,132 - main - INFO - 220528   grid24_2022052808.024
2022-09-14 09:15:55,149 - main - INFO - 220529   grid24_2022052908.024
2022-09-14 09:29:12,959 - main - INFO - 开始处理是实况数据：2022-05-20
2022-09-14 09:29:13,018 - main - INFO - 当前设定计算时间为： 2022-05-19
2022-09-14 09:29:45,876 - main - INFO - 开始处理是预报数据：2022-05-20
2022-09-14 09:29:45,916 - main - INFO - 220520   grid24_2022052008.024
2022-09-14 09:29:45,924 - main - INFO - 220521   grid24_2022052108.024
2022-09-14 09:29:45,936 - main - INFO - 220522   grid24_2022052208.024
2022-09-14 09:29:45,948 - main - INFO - 220523   grid24_2022052308.024
2022-09-14 09:29:45,954 - main - INFO - 220524   grid24_2022052408.024
2022-09-14 09:29:45,960 - main - INFO - 220525   grid24_2022052508.024
2022-09-14 09:29:45,985 - main - INFO - 220526   grid24_2022052608.024
2022-09-14 09:29:45,997 - main - INFO - 220527   grid24_2022052708.024
2022-09-14 09:29:46,016 - main - INFO - 220528   grid24_2022052808.024
2022-09-14 09:29:46,036 - main - INFO - 220529   grid24_2022052908.024
2022-09-14 09:30:42,891 - main - INFO - 开始处理是实况数据：2022-05-20
2022-09-14 09:30:42,934 - main - INFO - 当前设定计算时间为： 2022-05-19
2022-09-14 09:31:18,293 - main - INFO - 开始处理是预报数据：2022-05-20
2022-09-14 09:31:18,347 - main - INFO - 220520   grid24_2022052008.024
2022-09-14 09:31:18,369 - main - INFO - 220521   grid24_2022052108.024
2022-09-14 09:31:18,379 - main - INFO - 220522   grid24_2022052208.024
2022-09-14 09:31:18,384 - main - INFO - 220523   grid24_2022052308.024
2022-09-14 09:31:18,390 - main - INFO - 220524   grid24_2022052408.024
2022-09-14 09:31:18,402 - main - INFO - 220525   grid24_2022052508.024
2022-09-14 09:31:18,412 - main - INFO - 220526   grid24_2022052608.024
2022-09-14 09:31:18,422 - main - INFO - 220527   grid24_2022052708.024
2022-09-14 09:31:18,446 - main - INFO - 220528   grid24_2022052808.024
2022-09-14 09:31:18,452 - main - INFO - 220529   grid24_2022052908.024
2022-09-14 09:32:16,999 - main - INFO - 开始处理是实况数据：2022-05-20
2022-09-14 09:32:17,021 - main - INFO - 当前设定计算时间为： 2022-05-19
2022-09-14 09:32:43,063 - main - INFO - 开始处理是预报数据：2022-05-20
2022-09-14 09:32:43,073 - main - INFO - 220520   grid24_2022052008.024
2022-09-14 09:32:43,077 - main - INFO - 220521   grid24_2022052108.024
2022-09-14 09:32:43,080 - main - INFO - 220522   grid24_2022052208.024
2022-09-14 09:32:43,084 - main - INFO - 220523   grid24_2022052308.024
2022-09-14 09:32:43,087 - main - INFO - 220524   grid24_2022052408.024
2022-09-14 09:32:43,091 - main - INFO - 220525   grid24_2022052508.024
2022-09-14 09:32:43,094 - main - INFO - 220526   grid24_2022052608.024
2022-09-14 09:32:43,098 - main - INFO - 220527   grid24_2022052708.024
2022-09-14 09:32:43,101 - main - INFO - 220528   grid24_2022052808.024
2022-09-14 09:32:43,105 - main - INFO - 220529   grid24_2022052908.024
2022-09-14 09:45:13,660 - main - INFO - 开始处理是实况数据：2022-05-20
2022-09-14 09:45:13,714 - main - INFO - 当前设定计算时间为： 2022-05-19
2022-09-14 09:45:40,209 - main - INFO - 开始处理是预报数据：2022-05-20
2022-09-14 09:45:40,254 - main - INFO - 220520   grid24_2022052008.024
2022-09-14 09:45:40,274 - main - INFO - 220521   grid24_2022052108.024
2022-09-14 09:45:40,293 - main - INFO - 220522   grid24_2022052208.024
2022-09-14 09:45:40,307 - main - INFO - 220523   grid24_2022052308.024
2022-09-14 09:45:40,314 - main - INFO - 220524   grid24_2022052408.024
2022-09-14 09:45:40,333 - main - INFO - 220525   grid24_2022052508.024
2022-09-14 09:45:40,352 - main - INFO - 220526   grid24_2022052608.024
2022-09-14 09:45:40,363 - main - INFO - 220527   grid24_2022052708.024
2022-09-14 09:45:40,383 - main - INFO - 220528   grid24_2022052808.024
2022-09-14 09:45:40,407 - main - INFO - 220529   grid24_2022052908.024
2022-09-14 09:45:59,210 - main - INFO - 开始处理是实况数据：2022-05-20
2022-09-14 09:45:59,263 - main - INFO - 当前设定计算时间为： 2022-05-19
2022-09-14 09:46:31,710 - main - INFO - 开始处理是预报数据：2022-05-20
2022-09-14 09:46:31,720 - main - INFO - 220520   grid24_2022052008.024
2022-09-14 09:46:31,723 - main - INFO - 220521   grid24_2022052108.024
2022-09-14 09:46:31,727 - main - INFO - 220522   grid24_2022052208.024
2022-09-14 09:46:31,730 - main - INFO - 220523   grid24_2022052308.024
2022-09-14 09:46:31,734 - main - INFO - 220524   grid24_2022052408.024
2022-09-14 09:46:31,737 - main - INFO - 220525   grid24_2022052508.024
2022-09-14 09:46:31,740 - main - INFO - 220526   grid24_2022052608.024
2022-09-14 09:46:31,743 - main - INFO - 220527   grid24_2022052708.024
2022-09-14 09:46:31,746 - main - INFO - 220528   grid24_2022052808.024
2022-09-14 09:46:31,749 - main - INFO - 220529   grid24_2022052908.024
2022-09-14 09:49:03,573 - main - INFO - 开始处理是实况数据：2022-05-15
2022-09-14 09:49:03,624 - main - INFO - 当前设定计算时间为： 2022-05-14
2022-09-14 09:49:31,172 - main - INFO - 开始处理是预报数据：2022-05-15
2022-09-14 09:49:31,187 - main - INFO - 220515   grid24_2022051508.024
2022-09-14 09:49:31,191 - main - INFO - 220516   grid24_2022051608.024
2022-09-14 09:49:31,195 - main - INFO - 220517   grid24_2022051708.024
2022-09-14 09:49:31,199 - main - INFO - 220518   grid24_2022051808.024
2022-09-14 09:49:31,204 - main - INFO - 220519   grid24_2022051908.024
2022-09-14 09:49:31,209 - main - INFO - 220520   grid24_2022052008.024
2022-09-14 09:49:31,213 - main - INFO - 220521   grid24_2022052108.024
2022-09-14 09:49:31,217 - main - INFO - 220522   grid24_2022052208.024
2022-09-14 09:49:31,221 - main - INFO - 220523   grid24_2022052308.024
2022-09-14 09:49:31,225 - main - INFO - 220524   grid24_2022052408.024
2022-09-14 09:50:19,705 - main - INFO - 开始处理是实况数据：2022-05-15
2022-09-14 09:50:19,740 - main - INFO - 当前设定计算时间为： 2022-05-14
2022-09-14 09:50:35,595 - main - INFO - 开始处理是实况数据：2022-05-10
2022-09-14 09:50:35,609 - main - INFO - 当前设定计算时间为： 2022-05-09
2022-09-14 09:51:02,268 - main - INFO - 开始处理是预报数据：2022-05-10
2022-09-14 09:51:02,299 - main - INFO - 220510   grid24_2022051008.024
2022-09-14 09:51:02,308 - main - INFO - 220511   grid24_2022051108.024
2022-09-14 09:51:02,319 - main - INFO - 220512   grid24_2022051208.024
2022-09-14 09:51:02,326 - main - INFO - 220513   grid24_2022051308.024
2022-09-14 09:51:02,338 - main - INFO - 220514   grid24_2022051408.024
2022-09-14 09:51:02,349 - main - INFO - 220515   grid24_2022051508.024
2022-09-14 09:51:02,358 - main - INFO - 220516   grid24_2022051608.024
2022-09-14 09:51:02,369 - main - INFO - 220517   grid24_2022051708.024
2022-09-14 09:51:02,389 - main - INFO - 220518   grid24_2022051808.024
2022-09-14 09:51:02,399 - main - INFO - 220519   grid24_2022051908.024
2022-09-14 09:51:02,434 - main - ERROR - '>=' not supported between instances of 'NoneType' and 'NoneType'
2022-09-14 09:51:18,610 - main - INFO - 开始处理是实况数据：2022-05-11
2022-09-14 09:51:18,648 - main - INFO - 当前设定计算时间为： 2022-05-10
2022-09-14 09:51:38,463 - main - INFO - 开始处理是预报数据：2022-05-11
2022-09-14 09:51:38,516 - main - INFO - 220511   grid24_2022051108.024
2022-09-14 09:51:38,531 - main - INFO - 220512   grid24_2022051208.024
2022-09-14 09:51:38,540 - main - INFO - 220513   grid24_2022051308.024
2022-09-14 09:51:38,558 - main - INFO - 220514   grid24_2022051408.024
2022-09-14 09:51:38,567 - main - INFO - 220515   grid24_2022051508.024
2022-09-14 09:51:38,577 - main - INFO - 220516   grid24_2022051608.024
2022-09-14 09:51:38,587 - main - INFO - 220517   grid24_2022051708.024
2022-09-14 09:51:38,597 - main - INFO - 220518   grid24_2022051808.024
2022-09-14 09:51:38,607 - main - INFO - 220519   grid24_2022051908.024
2022-09-14 09:51:38,616 - main - INFO - 220520   grid24_2022052008.024
2022-09-14 09:51:38,661 - main - ERROR - '>=' not supported between instances of 'NoneType' and 'NoneType'
2022-09-14 09:52:02,081 - main - INFO - 开始处理是实况数据：2022-05-15
2022-09-14 09:52:02,106 - main - INFO - 当前设定计算时间为： 2022-05-14
2022-09-14 09:52:26,944 - main - INFO - 开始处理是预报数据：2022-05-15
2022-09-14 09:52:26,973 - main - INFO - 220515   grid24_2022051508.024
2022-09-14 09:52:26,985 - main - INFO - 220516   grid24_2022051608.024
2022-09-14 09:52:26,995 - main - INFO - 220517   grid24_2022051708.024
2022-09-14 09:52:27,006 - main - INFO - 220518   grid24_2022051808.024
2022-09-14 09:52:27,015 - main - INFO - 220519   grid24_2022051908.024
2022-09-14 09:52:27,025 - main - INFO - 220520   grid24_2022052008.024
2022-09-14 09:52:27,035 - main - INFO - 220521   grid24_2022052108.024
2022-09-14 09:52:27,045 - main - INFO - 220522   grid24_2022052208.024
2022-09-14 09:52:27,055 - main - INFO - 220523   grid24_2022052308.024
2022-09-14 09:52:27,066 - main - INFO - 220524   grid24_2022052408.024
2022-09-14 09:53:20,353 - main - INFO - 开始处理是实况数据：2022-05-15
2022-09-14 09:53:20,393 - main - INFO - 当前设定计算时间为： 2022-05-14
2022-09-14 09:53:46,374 - main - INFO - 开始处理是预报数据：2022-05-15
2022-09-14 09:53:46,402 - main - INFO - 220515   grid24_2022051508.024
2022-09-14 09:53:46,412 - main - INFO - 220516   grid24_2022051608.024
2022-09-14 09:53:46,422 - main - INFO - 220517   grid24_2022051708.024
2022-09-14 09:53:46,431 - main - INFO - 220518   grid24_2022051808.024
2022-09-14 09:53:46,446 - main - INFO - 220519   grid24_2022051908.024
2022-09-14 09:53:46,469 - main - INFO - 220520   grid24_2022052008.024
2022-09-14 09:53:46,495 - main - INFO - 220521   grid24_2022052108.024
2022-09-14 09:53:46,512 - main - INFO - 220522   grid24_2022052208.024
2022-09-14 09:53:46,522 - main - INFO - 220523   grid24_2022052308.024
2022-09-14 09:53:46,532 - main - INFO - 220524   grid24_2022052408.024
2022-09-14 10:00:16,390 - main - INFO - 开始处理是实况数据：2022-05-15
2022-09-14 10:00:16,408 - main - INFO - 当前设定计算时间为： 2022-05-14
2022-09-14 10:00:38,062 - main - INFO - 开始处理是预报数据：2022-05-15
2022-09-14 10:00:38,079 - main - INFO - 220515   grid24_2022051508.024
2022-09-14 10:00:38,082 - main - INFO - 220516   grid24_2022051608.024
2022-09-14 10:00:38,089 - main - INFO - 220517   grid24_2022051708.024
2022-09-14 10:00:38,093 - main - INFO - 220518   grid24_2022051808.024
2022-09-14 10:00:38,096 - main - INFO - 220519   grid24_2022051908.024
2022-09-14 10:00:38,099 - main - INFO - 220520   grid24_2022052008.024
2022-09-14 10:00:38,103 - main - INFO - 220521   grid24_2022052108.024
2022-09-14 10:00:38,106 - main - INFO - 220522   grid24_2022052208.024
2022-09-14 10:00:38,110 - main - INFO - 220523   grid24_2022052308.024
2022-09-14 10:00:38,114 - main - INFO - 220524   grid24_2022052408.024
2022-09-14 10:00:49,594 - main - INFO - 开始处理是实况数据：2022-05-15
2022-09-14 10:00:49,612 - main - INFO - 当前设定计算时间为： 2022-05-14
2022-09-14 10:01:12,995 - main - INFO - 开始处理是预报数据：2022-05-15
2022-09-14 10:01:13,021 - main - INFO - 220515   grid24_2022051508.024
2022-09-14 10:01:13,031 - main - INFO - 220516   grid24_2022051608.024
2022-09-14 10:01:13,042 - main - INFO - 220517   grid24_2022051708.024
2022-09-14 10:01:13,052 - main - INFO - 220518   grid24_2022051808.024
2022-09-14 10:01:13,062 - main - INFO - 220519   grid24_2022051908.024
2022-09-14 10:01:13,071 - main - INFO - 220520   grid24_2022052008.024
2022-09-14 10:01:13,082 - main - INFO - 220521   grid24_2022052108.024
2022-09-14 10:01:13,092 - main - INFO - 220522   grid24_2022052208.024
2022-09-14 10:01:13,102 - main - INFO - 220523   grid24_2022052308.024
2022-09-14 10:01:13,112 - main - INFO - 220524   grid24_2022052408.024
2022-09-14 10:02:27,407 - main - INFO - 开始处理是实况数据：2022-05-15
2022-09-14 10:02:27,419 - main - INFO - 当前设定计算时间为： 2022-05-14
2022-09-14 10:02:56,099 - main - INFO - 开始处理是预报数据：2022-05-15
2022-09-14 10:02:56,110 - main - INFO - 220515   grid24_2022051508.024
2022-09-14 10:02:56,115 - main - INFO - 220516   grid24_2022051608.024
2022-09-14 10:02:56,119 - main - INFO - 220517   grid24_2022051708.024
2022-09-14 10:02:56,122 - main - INFO - 220518   grid24_2022051808.024
2022-09-14 10:02:56,125 - main - INFO - 220519   grid24_2022051908.024
2022-09-14 10:02:56,128 - main - INFO - 220520   grid24_2022052008.024
2022-09-14 10:02:56,131 - main - INFO - 220521   grid24_2022052108.024
2022-09-14 10:02:56,134 - main - INFO - 220522   grid24_2022052208.024
2022-09-14 10:02:56,138 - main - INFO - 220523   grid24_2022052308.024
2022-09-14 10:02:56,141 - main - INFO - 220524   grid24_2022052408.024
2022-09-14 10:05:25,380 - main - INFO - 开始处理是实况数据：2022-05-15
2022-09-14 10:05:25,391 - main - INFO - 当前设定计算时间为： 2022-05-14
2022-09-14 10:05:54,032 - main - INFO - 开始处理是预报数据：2022-05-15
2022-09-14 10:05:54,040 - main - INFO - 220515   grid24_2022051508.024
2022-09-14 10:05:54,043 - main - INFO - 220516   grid24_2022051608.024
2022-09-14 10:05:54,046 - main - INFO - 220517   grid24_2022051708.024
2022-09-14 10:05:54,050 - main - INFO - 220518   grid24_2022051808.024
2022-09-14 10:05:54,053 - main - INFO - 220519   grid24_2022051908.024
2022-09-14 10:05:54,056 - main - INFO - 220520   grid24_2022052008.024
2022-09-14 10:05:54,059 - main - INFO - 220521   grid24_2022052108.024
2022-09-14 10:05:54,062 - main - INFO - 220522   grid24_2022052208.024
2022-09-14 10:05:54,065 - main - INFO - 220523   grid24_2022052308.024
2022-09-14 10:05:54,069 - main - INFO - 220524   grid24_2022052408.024
2022-09-14 10:19:22,884 - main - INFO - 开始处理是实况数据：2022-05-10
2022-09-14 10:19:22,917 - main - INFO - 当前设定计算时间为： 2022-05-09
2022-09-14 10:19:55,710 - main - INFO - 开始处理是预报数据：2022-05-10
2022-09-14 10:19:55,744 - main - INFO - 220510   grid24_2022051008.024
2022-09-14 10:19:55,753 - main - INFO - 220511   grid24_2022051108.024
2022-09-14 10:19:55,761 - main - INFO - 220512   grid24_2022051208.024
2022-09-14 10:19:55,769 - main - INFO - 220513   grid24_2022051308.024
2022-09-14 10:19:55,778 - main - INFO - 220514   grid24_2022051408.024
2022-09-14 10:19:55,787 - main - INFO - 220515   grid24_2022051508.024
2022-09-14 10:19:55,799 - main - INFO - 220516   grid24_2022051608.024
2022-09-14 10:19:55,817 - main - INFO - 220517   grid24_2022051708.024
2022-09-14 10:19:55,826 - main - INFO - 220518   grid24_2022051808.024
2022-09-14 10:19:55,834 - main - INFO - 220519   grid24_2022051908.024
2022-09-14 10:19:55,887 - main - ERROR - '>=' not supported between instances of 'NoneType' and 'NoneType'
2022-09-14 10:21:14,703 - main - INFO - 开始处理是实况数据：2022-05-10
2022-09-14 10:21:14,748 - main - INFO - 当前设定计算时间为： 2022-05-09
2022-09-14 10:21:31,215 - main - INFO - 开始处理是实况数据：2022-05-10
2022-09-14 10:21:31,249 - main - INFO - 当前设定计算时间为： 2022-05-09
2022-09-14 10:21:57,223 - main - INFO - 开始处理是预报数据：2022-05-10
2022-09-14 10:21:57,236 - main - INFO - 220510   grid24_2022051008.024
2022-09-14 10:21:57,241 - main - INFO - 220511   grid24_2022051108.024
2022-09-14 10:21:57,246 - main - INFO - 220512   grid24_2022051208.024
2022-09-14 10:21:57,252 - main - INFO - 220513   grid24_2022051308.024
2022-09-14 10:21:57,256 - main - INFO - 220514   grid24_2022051408.024
2022-09-14 10:21:57,260 - main - INFO - 220515   grid24_2022051508.024
2022-09-14 10:21:57,264 - main - INFO - 220516   grid24_2022051608.024
2022-09-14 10:21:57,267 - main - INFO - 220517   grid24_2022051708.024
2022-09-14 10:21:57,270 - main - INFO - 220518   grid24_2022051808.024
2022-09-14 10:21:57,274 - main - INFO - 220519   grid24_2022051908.024
2022-09-14 10:23:00,078 - main - INFO - 开始处理是实况数据：2022-05-10
2022-09-14 10:23:00,088 - main - INFO - 当前设定计算时间为： 2022-05-09
2022-09-14 10:23:13,101 - main - INFO - 开始处理是实况数据：2022-05-10
2022-09-14 10:23:13,138 - main - INFO - 当前设定计算时间为： 2022-05-09
2022-09-14 10:23:38,028 - main - INFO - 开始处理是预报数据：2022-05-10
2022-09-14 10:23:38,083 - main - INFO - 220510   grid24_2022051008.024
2022-09-14 10:23:38,102 - main - INFO - 220511   grid24_2022051108.024
2022-09-14 10:23:38,111 - main - INFO - 220512   grid24_2022051208.024
2022-09-14 10:23:38,120 - main - INFO - 220513   grid24_2022051308.024
2022-09-14 10:23:38,125 - main - INFO - 220514   grid24_2022051408.024
2022-09-14 10:23:38,141 - main - INFO - 220515   grid24_2022051508.024
2022-09-14 10:23:38,146 - main - INFO - 220516   grid24_2022051608.024
2022-09-14 10:23:38,157 - main - INFO - 220517   grid24_2022051708.024
2022-09-14 10:23:38,173 - main - INFO - 220518   grid24_2022051808.024
2022-09-14 10:23:38,193 - main - INFO - 220519   grid24_2022051908.024
2022-09-14 10:25:34,819 - main - INFO - 开始处理是实况数据：2022-05-10
2022-09-14 10:25:34,861 - main - INFO - 当前设定计算时间为： 2022-05-09
2022-09-14 10:26:01,228 - main - INFO - 开始处理是预报数据：2022-05-10
2022-09-14 10:26:01,268 - main - INFO - 220510   grid24_2022051008.024
2022-09-14 10:26:01,276 - main - INFO - 220511   grid24_2022051108.024
2022-09-14 10:26:01,293 - main - INFO - 220512   grid24_2022051208.024
2022-09-14 10:26:01,306 - main - INFO - 220513   grid24_2022051308.024
2022-09-14 10:26:01,315 - main - INFO - 220514   grid24_2022051408.024
2022-09-14 10:26:01,328 - main - INFO - 220515   grid24_2022051508.024
2022-09-14 10:26:01,340 - main - INFO - 220516   grid24_2022051608.024
2022-09-14 10:26:01,356 - main - INFO - 220517   grid24_2022051708.024
2022-09-14 10:26:01,368 - main - INFO - 220518   grid24_2022051808.024
2022-09-14 10:26:01,382 - main - INFO - 220519   grid24_2022051908.024
2022-09-14 10:26:01,432 - main - ERROR - list index out of range
2022-09-14 10:28:05,411 - main - INFO - 开始处理是实况数据：2022-05-10
2022-09-14 10:28:05,429 - main - INFO - 当前设定计算时间为： 2022-05-09
2022-09-14 10:28:27,215 - main - INFO - 开始处理是预报数据：2022-05-10
2022-09-14 10:28:27,226 - main - INFO - 220510   grid24_2022051008.024
2022-09-14 10:28:27,230 - main - INFO - 220511   grid24_2022051108.024
2022-09-14 10:28:27,234 - main - INFO - 220512   grid24_2022051208.024
2022-09-14 10:28:27,239 - main - INFO - 220513   grid24_2022051308.024
2022-09-14 10:28:27,243 - main - INFO - 220514   grid24_2022051408.024
2022-09-14 10:28:27,247 - main - INFO - 220515   grid24_2022051508.024
2022-09-14 10:28:27,251 - main - INFO - 220516   grid24_2022051608.024
2022-09-14 10:28:27,255 - main - INFO - 220517   grid24_2022051708.024
2022-09-14 10:28:27,260 - main - INFO - 220518   grid24_2022051808.024
2022-09-14 10:28:27,265 - main - INFO - 220519   grid24_2022051908.024
2022-09-14 10:28:27,302 - main - ERROR - unsupported operand type(s) for -: 'NoneType' and 'int'
2022-09-14 10:40:42,868 - main - INFO - 开始处理是实况数据：2022-05-10
2022-09-14 10:40:42,934 - main - INFO - 当前设定计算时间为： 2022-05-09
2022-09-14 10:41:08,864 - main - INFO - 开始处理是预报数据：2022-05-10
2022-09-14 10:41:08,914 - main - INFO - 220510   grid24_2022051008.024
2022-09-14 10:41:08,934 - main - INFO - 220511   grid24_2022051108.024
2022-09-14 10:41:08,939 - main - INFO - 220512   grid24_2022051208.024
2022-09-14 10:41:08,954 - main - INFO - 220513   grid24_2022051308.024
2022-09-14 10:41:08,963 - main - INFO - 220514   grid24_2022051408.024
2022-09-14 10:41:08,984 - main - INFO - 220515   grid24_2022051508.024
2022-09-14 10:41:09,004 - main - INFO - 220516   grid24_2022051608.024
2022-09-14 10:41:09,023 - main - INFO - 220517   grid24_2022051708.024
2022-09-14 10:41:09,043 - main - INFO - 220518   grid24_2022051808.024
2022-09-14 10:41:09,050 - main - INFO - 220519   grid24_2022051908.024
2022-09-14 10:41:55,481 - main - INFO - 开始处理是实况数据：2022-05-11
2022-09-14 10:41:55,490 - main - INFO - 当前设定计算时间为： 2022-05-10
2022-09-14 10:42:15,497 - main - INFO - 开始处理是预报数据：2022-05-11
2022-09-14 10:42:15,518 - main - INFO - 220511   grid24_2022051108.024
2022-09-14 10:42:15,522 - main - INFO - 220512   grid24_2022051208.024
2022-09-14 10:42:15,528 - main - INFO - 220513   grid24_2022051308.024
2022-09-14 10:42:15,534 - main - INFO - 220514   grid24_2022051408.024
2022-09-14 10:42:15,539 - main - INFO - 220515   grid24_2022051508.024
2022-09-14 10:42:15,544 - main - INFO - 220516   grid24_2022051608.024
2022-09-14 10:42:15,548 - main - INFO - 220517   grid24_2022051708.024
2022-09-14 10:42:15,555 - main - INFO - 220518   grid24_2022051808.024
2022-09-14 10:42:15,560 - main - INFO - 220519   grid24_2022051908.024
2022-09-14 10:42:15,566 - main - INFO - 220520   grid24_2022052008.024
2022-09-14 10:43:19,677 - main - INFO - 开始处理是实况数据：2022-05-11
2022-09-14 10:43:19,692 - main - INFO - 当前设定计算时间为： 2022-05-10
2022-09-14 10:43:42,965 - main - INFO - 开始处理是预报数据：2022-05-11
2022-09-14 10:43:42,997 - main - INFO - 220511   grid24_2022051108.024
2022-09-14 10:43:43,003 - main - INFO - 220512   grid24_2022051208.024
2022-09-14 10:43:43,010 - main - INFO - 220513   grid24_2022051308.024
2022-09-14 10:43:43,016 - main - INFO - 220514   grid24_2022051408.024
2022-09-14 10:43:43,024 - main - INFO - 220515   grid24_2022051508.024
2022-09-14 10:43:43,031 - main - INFO - 220516   grid24_2022051608.024
2022-09-14 10:43:43,037 - main - INFO - 220517   grid24_2022051708.024
2022-09-14 10:43:43,044 - main - INFO - 220518   grid24_2022051808.024
2022-09-14 10:43:43,050 - main - INFO - 220519   grid24_2022051908.024
2022-09-14 10:43:43,055 - main - INFO - 220520   grid24_2022052008.024
2022-09-14 10:43:53,932 - main - INFO - 开始处理是实况数据：2022-05-11
2022-09-14 10:43:53,947 - main - INFO - 当前设定计算时间为： 2022-05-10
2022-09-14 10:44:16,852 - main - INFO - 开始处理是预报数据：2022-05-11
2022-09-14 10:44:16,894 - main - INFO - 220511   grid24_2022051108.024
2022-09-14 10:44:16,905 - main - INFO - 220512   grid24_2022051208.024
2022-09-14 10:44:16,915 - main - INFO - 220513   grid24_2022051308.024
2022-09-14 10:44:16,924 - main - INFO - 220514   grid24_2022051408.024
2022-09-14 10:44:16,935 - main - INFO - 220515   grid24_2022051508.024
2022-09-14 10:44:16,945 - main - INFO - 220516   grid24_2022051608.024
2022-09-14 10:44:16,961 - main - INFO - 220517   grid24_2022051708.024
2022-09-14 10:44:16,973 - main - INFO - 220518   grid24_2022051808.024
2022-09-14 10:44:16,986 - main - INFO - 220519   grid24_2022051908.024
2022-09-14 10:44:17,003 - main - INFO - 220520   grid24_2022052008.024
2022-09-14 10:52:30,004 - main - INFO - 开始处理是实况数据：2022-05-07
2022-09-14 10:52:30,042 - main - INFO - 当前设定计算时间为： 2022-05-06
2022-09-14 10:52:54,470 - main - INFO - 开始处理是预报数据：2022-05-07
2022-09-14 10:52:54,482 - main - INFO - 220507   grid24_2022050708.024
2022-09-14 10:52:54,485 - main - INFO - 220508   grid24_2022050808.024
2022-09-14 10:52:54,490 - main - INFO - 220509   grid24_2022050908.024
2022-09-14 10:52:54,494 - main - INFO - 220510   grid24_2022051008.024
2022-09-14 10:52:54,497 - main - INFO - 220511   grid24_2022051108.024
2022-09-14 10:52:54,500 - main - INFO - 220512   grid24_2022051208.024
2022-09-14 10:52:54,503 - main - INFO - 220513   grid24_2022051308.024
2022-09-14 10:52:54,508 - main - INFO - 220514   grid24_2022051408.024
2022-09-14 10:52:54,511 - main - INFO - 220515   grid24_2022051508.024
2022-09-14 10:52:54,514 - main - INFO - 220516   grid24_2022051608.024
2022-09-14 10:52:55,325 - main - ERROR - '<=' not supported between instances of 'NoneType' and 'datetime.datetime'
2022-09-14 10:52:55,326 - main - INFO - 开始处理是实况数据：2022-05-08
2022-09-14 10:52:55,340 - main - INFO - 当前设定计算时间为： 2022-05-07
2022-09-14 10:53:19,779 - main - INFO - 开始处理是预报数据：2022-05-08
2022-09-14 10:53:19,790 - main - INFO - 220508   grid24_2022050808.024
2022-09-14 10:53:19,795 - main - INFO - 220509   grid24_2022050908.024
2022-09-14 10:53:19,800 - main - INFO - 220510   grid24_2022051008.024
2022-09-14 10:53:19,804 - main - INFO - 220511   grid24_2022051108.024
2022-09-14 10:53:19,807 - main - INFO - 220512   grid24_2022051208.024
2022-09-14 10:53:19,810 - main - INFO - 220513   grid24_2022051308.024
2022-09-14 10:53:19,813 - main - INFO - 220514   grid24_2022051408.024
2022-09-14 10:53:19,818 - main - INFO - 220515   grid24_2022051508.024
2022-09-14 10:53:19,821 - main - INFO - 220516   grid24_2022051608.024
2022-09-14 10:53:19,824 - main - INFO - 220517   grid24_2022051708.024
2022-09-14 10:53:20,602 - main - ERROR - '<=' not supported between instances of 'NoneType' and 'datetime.datetime'
2022-09-14 10:53:20,603 - main - INFO - 开始处理是实况数据：2022-05-09
2022-09-14 10:53:20,639 - main - INFO - 当前设定计算时间为： 2022-05-08
2022-09-14 10:53:36,069 - main - INFO - 开始处理是预报数据：2022-05-09
2022-09-14 10:53:36,083 - main - INFO - 220509   grid24_2022050908.024
2022-09-14 10:53:36,087 - main - INFO - 220510   grid24_2022051008.024
2022-09-14 10:53:36,091 - main - INFO - 220511   grid24_2022051108.024
2022-09-14 10:53:36,095 - main - INFO - 220512   grid24_2022051208.024
2022-09-14 10:53:36,099 - main - INFO - 220513   grid24_2022051308.024
2022-09-14 10:53:36,103 - main - INFO - 220514   grid24_2022051408.024
2022-09-14 10:53:36,107 - main - INFO - 220515   grid24_2022051508.024
2022-09-14 10:53:36,110 - main - INFO - 220516   grid24_2022051608.024
2022-09-14 10:53:36,113 - main - INFO - 220517   grid24_2022051708.024
2022-09-14 10:53:36,117 - main - INFO - 220518   grid24_2022051808.024
2022-09-14 10:53:36,906 - main - ERROR - '<=' not supported between instances of 'NoneType' and 'datetime.datetime'
2022-09-14 10:53:36,909 - main - INFO - 开始处理是实况数据：2022-05-10
2022-09-14 10:53:36,919 - main - INFO - 当前设定计算时间为： 2022-05-09
2022-09-14 10:53:59,885 - main - INFO - 开始处理是预报数据：2022-05-10
2022-09-14 10:53:59,919 - main - INFO - 220510   grid24_2022051008.024
2022-09-14 10:53:59,928 - main - INFO - 220511   grid24_2022051108.024
2022-09-14 10:53:59,938 - main - INFO - 220512   grid24_2022051208.024
2022-09-14 10:53:59,948 - main - INFO - 220513   grid24_2022051308.024
2022-09-14 10:53:59,959 - main - INFO - 220514   grid24_2022051408.024
2022-09-14 10:53:59,968 - main - INFO - 220515   grid24_2022051508.024
2022-09-14 10:53:59,979 - main - INFO - 220516   grid24_2022051608.024
2022-09-14 10:53:59,988 - main - INFO - 220517   grid24_2022051708.024
2022-09-14 10:53:59,998 - main - INFO - 220518   grid24_2022051808.024
2022-09-14 10:54:00,009 - main - INFO - 220519   grid24_2022051908.024
2022-09-14 10:54:00,897 - main - ERROR - '<=' not supported between instances of 'NoneType' and 'datetime.datetime'
2022-09-14 10:54:00,898 - main - INFO - 开始处理是实况数据：2022-05-11
2022-09-14 10:54:00,939 - main - INFO - 当前设定计算时间为： 2022-05-10
2022-09-14 10:54:25,319 - main - INFO - 开始处理是预报数据：2022-05-11
2022-09-14 10:54:25,326 - main - INFO - 220511   grid24_2022051108.024
2022-09-14 10:54:25,331 - main - INFO - 220512   grid24_2022051208.024
2022-09-14 10:54:25,336 - main - INFO - 220513   grid24_2022051308.024
2022-09-14 10:54:25,341 - main - INFO - 220514   grid24_2022051408.024
2022-09-14 10:54:25,345 - main - INFO - 220515   grid24_2022051508.024
2022-09-14 10:54:25,349 - main - INFO - 220516   grid24_2022051608.024
2022-09-14 10:54:25,353 - main - INFO - 220517   grid24_2022051708.024
2022-09-14 10:54:25,358 - main - INFO - 220518   grid24_2022051808.024
2022-09-14 10:54:25,361 - main - INFO - 220519   grid24_2022051908.024
2022-09-14 10:54:25,364 - main - INFO - 220520   grid24_2022052008.024
2022-09-14 10:54:26,141 - main - ERROR - '<=' not supported between instances of 'NoneType' and 'datetime.datetime'
2022-09-14 10:54:26,142 - main - INFO - 开始处理是实况数据：2022-05-12
2022-09-14 10:54:26,149 - main - INFO - 当前设定计算时间为： 2022-05-11
2022-09-14 10:54:37,027 - main - INFO - 开始处理是实况数据：2022-05-07
2022-09-14 10:54:37,057 - main - INFO - 当前设定计算时间为： 2022-05-06
2022-09-14 10:54:58,397 - main - INFO - 开始处理是预报数据：2022-05-07
2022-09-14 10:54:58,411 - main - INFO - 220507   grid24_2022050708.024
2022-09-14 10:54:58,417 - main - INFO - 220508   grid24_2022050808.024
2022-09-14 10:54:58,422 - main - INFO - 220509   grid24_2022050908.024
2022-09-14 10:54:58,439 - main - INFO - 220510   grid24_2022051008.024
2022-09-14 10:54:58,451 - main - INFO - 220511   grid24_2022051108.024
2022-09-14 10:54:58,461 - main - INFO - 220512   grid24_2022051208.024
2022-09-14 10:54:58,467 - main - INFO - 220513   grid24_2022051308.024
2022-09-14 10:54:58,471 - main - INFO - 220514   grid24_2022051408.024
2022-09-14 10:54:58,474 - main - INFO - 220515   grid24_2022051508.024
2022-09-14 10:54:58,477 - main - INFO - 220516   grid24_2022051608.024
2022-09-14 10:54:59,092 - main - INFO - 开始处理是实况数据：2022-05-08
2022-09-14 10:54:59,106 - main - INFO - 当前设定计算时间为： 2022-05-07
2022-09-14 10:55:24,197 - main - INFO - 开始处理是预报数据：2022-05-08
2022-09-14 10:55:24,234 - main - INFO - 220508   grid24_2022050808.024
2022-09-14 10:55:24,244 - main - INFO - 220509   grid24_2022050908.024
2022-09-14 10:55:24,254 - main - INFO - 220510   grid24_2022051008.024
2022-09-14 10:55:24,264 - main - INFO - 220511   grid24_2022051108.024
2022-09-14 10:55:24,275 - main - INFO - 220512   grid24_2022051208.024
2022-09-14 10:55:24,283 - main - INFO - 220513   grid24_2022051308.024
2022-09-14 10:55:24,295 - main - INFO - 220514   grid24_2022051408.024
2022-09-14 10:55:24,304 - main - INFO - 220515   grid24_2022051508.024
2022-09-14 10:55:24,314 - main - INFO - 220516   grid24_2022051608.024
2022-09-14 10:55:24,324 - main - INFO - 220517   grid24_2022051708.024
2022-09-14 10:55:24,920 - main - INFO - 开始处理是实况数据：2022-05-09
2022-09-14 10:55:24,944 - main - INFO - 当前设定计算时间为： 2022-05-08
2022-09-14 10:55:41,728 - main - INFO - 开始处理是预报数据：2022-05-09
2022-09-14 10:55:41,750 - main - INFO - 220509   grid24_2022050908.024
2022-09-14 10:55:41,756 - main - INFO - 220510   grid24_2022051008.024
2022-09-14 10:55:41,761 - main - INFO - 220511   grid24_2022051108.024
2022-09-14 10:55:41,765 - main - INFO - 220512   grid24_2022051208.024
2022-09-14 10:55:41,774 - main - INFO - 220513   grid24_2022051308.024
2022-09-14 10:55:41,783 - main - INFO - 220514   grid24_2022051408.024
2022-09-14 10:55:41,787 - main - INFO - 220515   grid24_2022051508.024
2022-09-14 10:55:41,794 - main - INFO - 220516   grid24_2022051608.024
2022-09-14 10:55:41,801 - main - INFO - 220517   grid24_2022051708.024
2022-09-14 10:55:41,807 - main - INFO - 220518   grid24_2022051808.024
2022-09-14 10:55:42,437 - main - INFO - 开始处理是实况数据：2022-05-10
2022-09-14 10:55:42,483 - main - INFO - 当前设定计算时间为： 2022-05-09
2022-09-14 10:56:04,576 - main - INFO - 开始处理是预报数据：2022-05-10
2022-09-14 10:56:04,589 - main - INFO - 220510   grid24_2022051008.024
2022-09-14 10:56:04,594 - main - INFO - 220511   grid24_2022051108.024
2022-09-14 10:56:04,597 - main - INFO - 220512   grid24_2022051208.024
2022-09-14 10:56:04,601 - main - INFO - 220513   grid24_2022051308.024
2022-09-14 10:56:04,604 - main - INFO - 220514   grid24_2022051408.024
2022-09-14 10:56:04,608 - main - INFO - 220515   grid24_2022051508.024
2022-09-14 10:56:04,612 - main - INFO - 220516   grid24_2022051608.024
2022-09-14 10:56:04,617 - main - INFO - 220517   grid24_2022051708.024
2022-09-14 10:56:04,621 - main - INFO - 220518   grid24_2022051808.024
2022-09-14 10:56:04,624 - main - INFO - 220519   grid24_2022051908.024
2022-09-14 10:56:05,216 - main - INFO - 开始处理是实况数据：2022-05-11
2022-09-14 10:56:05,223 - main - INFO - 当前设定计算时间为： 2022-05-10
2022-09-14 10:56:22,763 - main - INFO - 开始处理是实况数据：2022-05-07
2022-09-14 10:56:22,774 - main - INFO - 当前设定计算时间为： 2022-05-06
2022-09-14 10:56:45,035 - main - INFO - 开始处理是预报数据：2022-05-07
2022-09-14 10:56:45,060 - main - INFO - 220507   grid24_2022050708.024
2022-09-14 10:56:45,071 - main - INFO - 220508   grid24_2022050808.024
2022-09-14 10:56:45,080 - main - INFO - 220509   grid24_2022050908.024
2022-09-14 10:56:45,091 - main - INFO - 220510   grid24_2022051008.024
2022-09-14 10:56:45,100 - main - INFO - 220511   grid24_2022051108.024
2022-09-14 10:56:45,110 - main - INFO - 220512   grid24_2022051208.024
2022-09-14 10:56:45,115 - main - INFO - 220513   grid24_2022051308.024
2022-09-14 10:56:45,120 - main - INFO - 220514   grid24_2022051408.024
2022-09-14 10:56:45,130 - main - INFO - 220515   grid24_2022051508.024
2022-09-14 10:56:45,140 - main - INFO - 220516   grid24_2022051608.024
2022-09-14 10:56:45,769 - main - ERROR - 'NoneType' object is not iterable
2022-09-14 10:56:45,769 - main - INFO - 开始处理是实况数据：2022-05-08
2022-09-14 10:56:45,801 - main - INFO - 当前设定计算时间为： 2022-05-07
2022-09-14 10:57:10,987 - main - INFO - 开始处理是预报数据：2022-05-08
2022-09-14 10:57:11,001 - main - INFO - 220508   grid24_2022050808.024
2022-09-14 10:57:11,005 - main - INFO - 220509   grid24_2022050908.024
2022-09-14 10:57:11,009 - main - INFO - 220510   grid24_2022051008.024
2022-09-14 10:57:11,013 - main - INFO - 220511   grid24_2022051108.024
2022-09-14 10:57:11,017 - main - INFO - 220512   grid24_2022051208.024
2022-09-14 10:57:11,022 - main - INFO - 220513   grid24_2022051308.024
2022-09-14 10:57:11,025 - main - INFO - 220514   grid24_2022051408.024
2022-09-14 10:57:11,029 - main - INFO - 220515   grid24_2022051508.024
2022-09-14 10:57:11,033 - main - INFO - 220516   grid24_2022051608.024
2022-09-14 10:57:11,037 - main - INFO - 220517   grid24_2022051708.024
2022-09-14 10:57:11,646 - main - ERROR - 'NoneType' object is not iterable
2022-09-14 10:57:11,646 - main - INFO - 开始处理是实况数据：2022-05-09
2022-09-14 10:57:11,680 - main - INFO - 当前设定计算时间为： 2022-05-08
2022-09-14 10:57:34,630 - main - INFO - 开始处理是预报数据：2022-05-09
2022-09-14 10:57:34,641 - main - INFO - 220509   grid24_2022050908.024
2022-09-14 10:57:34,645 - main - INFO - 220510   grid24_2022051008.024
2022-09-14 10:57:34,654 - main - INFO - 220511   grid24_2022051108.024
2022-09-14 10:57:34,659 - main - INFO - 220512   grid24_2022051208.024
2022-09-14 10:57:34,664 - main - INFO - 220513   grid24_2022051308.024
2022-09-14 10:57:34,669 - main - INFO - 220514   grid24_2022051408.024
2022-09-14 10:57:34,675 - main - INFO - 220515   grid24_2022051508.024
2022-09-14 10:57:34,680 - main - INFO - 220516   grid24_2022051608.024
2022-09-14 10:57:34,686 - main - INFO - 220517   grid24_2022051708.024
2022-09-14 10:57:34,697 - main - INFO - 220518   grid24_2022051808.024
2022-09-14 10:57:35,331 - main - ERROR - 'NoneType' object is not iterable
2022-09-14 10:57:35,332 - main - INFO - 开始处理是实况数据：2022-05-10
2022-09-14 10:57:35,340 - main - INFO - 当前设定计算时间为： 2022-05-09
2022-09-14 10:58:22,428 - main - INFO - 开始处理是实况数据：2022-05-09
2022-09-14 10:58:22,479 - main - INFO - 当前设定计算时间为： 2022-05-08
2022-09-14 10:58:41,602 - main - INFO - 开始处理是预报数据：2022-05-09
2022-09-14 10:58:41,645 - main - INFO - 220509   grid24_2022050908.024
2022-09-14 10:58:41,659 - main - INFO - 220510   grid24_2022051008.024
2022-09-14 10:58:41,676 - main - INFO - 220511   grid24_2022051108.024
2022-09-14 10:58:41,679 - main - INFO - 220512   grid24_2022051208.024
2022-09-14 10:58:41,684 - main - INFO - 220513   grid24_2022051308.024
2022-09-14 10:58:41,689 - main - INFO - 220514   grid24_2022051408.024
2022-09-14 10:58:41,696 - main - INFO - 220515   grid24_2022051508.024
2022-09-14 10:58:41,700 - main - INFO - 220516   grid24_2022051608.024
2022-09-14 10:58:41,707 - main - INFO - 220517   grid24_2022051708.024
2022-09-14 10:58:41,712 - main - INFO - 220518   grid24_2022051808.024
2022-09-14 10:58:42,365 - main - ERROR - 'NoneType' object is not iterable
2022-09-14 10:58:42,365 - main - INFO - 开始处理是实况数据：2022-05-10
2022-09-14 10:58:42,404 - main - INFO - 当前设定计算时间为： 2022-05-09
2022-09-14 10:59:06,241 - main - INFO - 开始处理是实况数据：2022-05-09
2022-09-14 10:59:06,273 - main - INFO - 当前设定计算时间为： 2022-05-08
2022-09-14 10:59:30,528 - main - INFO - 开始处理是预报数据：2022-05-09
2022-09-14 10:59:30,576 - main - INFO - 220509   grid24_2022050908.024
2022-09-14 10:59:30,602 - main - INFO - 220510   grid24_2022051008.024
2022-09-14 10:59:30,611 - main - INFO - 220511   grid24_2022051108.024
2022-09-14 10:59:30,646 - main - INFO - 220512   grid24_2022051208.024
2022-09-14 10:59:30,653 - main - INFO - 220513   grid24_2022051308.024
2022-09-14 10:59:30,660 - main - INFO - 220514   grid24_2022051408.024
2022-09-14 10:59:30,666 - main - INFO - 220515   grid24_2022051508.024
2022-09-14 10:59:30,681 - main - INFO - 220516   grid24_2022051608.024
2022-09-14 10:59:30,693 - main - INFO - 220517   grid24_2022051708.024
2022-09-14 10:59:30,713 - main - INFO - 220518   grid24_2022051808.024
2022-09-14 11:10:52,180 - main - INFO - 开始处理是实况数据：2022-05-09
2022-09-14 11:10:52,198 - main - INFO - 当前设定计算时间为： 2022-05-08
2022-09-14 11:11:20,677 - main - INFO - 开始处理是预报数据：2022-05-09
2022-09-14 11:11:20,693 - main - INFO - 220509   grid24_2022050908.024
2022-09-14 11:11:20,699 - main - INFO - 220510   grid24_2022051008.024
2022-09-14 11:11:20,706 - main - INFO - 220511   grid24_2022051108.024
2022-09-14 11:11:20,711 - main - INFO - 220512   grid24_2022051208.024
2022-09-14 11:11:20,718 - main - INFO - 220513   grid24_2022051308.024
2022-09-14 11:11:20,726 - main - INFO - 220514   grid24_2022051408.024
2022-09-14 11:11:20,733 - main - INFO - 220515   grid24_2022051508.024
2022-09-14 11:11:20,739 - main - INFO - 220516   grid24_2022051608.024
2022-09-14 11:11:20,745 - main - INFO - 220517   grid24_2022051708.024
2022-09-14 11:11:20,751 - main - INFO - 220518   grid24_2022051808.024
2022-09-14 11:11:21,401 - main - ERROR - 'NoneType' object is not iterable
2022-09-14 11:11:21,401 - main - INFO - 开始处理是实况数据：2022-05-10
2022-09-14 11:11:21,417 - main - INFO - 当前设定计算时间为： 2022-05-09
2022-09-14 11:11:45,267 - main - INFO - 开始处理是预报数据：2022-05-10
2022-09-14 11:11:45,300 - main - INFO - 220510   grid24_2022051008.024
2022-09-14 11:11:45,308 - main - INFO - 220511   grid24_2022051108.024
2022-09-14 11:11:45,320 - main - INFO - 220512   grid24_2022051208.024
2022-09-14 11:11:45,325 - main - INFO - 220513   grid24_2022051308.024
2022-09-14 11:11:45,339 - main - INFO - 220514   grid24_2022051408.024
2022-09-14 11:11:45,349 - main - INFO - 220515   grid24_2022051508.024
2022-09-14 11:11:45,360 - main - INFO - 220516   grid24_2022051608.024
2022-09-14 11:11:45,370 - main - INFO - 220517   grid24_2022051708.024
2022-09-14 11:11:45,374 - main - INFO - 220518   grid24_2022051808.024
2022-09-14 11:11:45,380 - main - INFO - 220519   grid24_2022051908.024
2022-09-14 11:11:46,316 - main - INFO - 开始处理是实况数据：2022-05-11
2022-09-14 11:11:46,333 - main - INFO - 当前设定计算时间为： 2022-05-10
2022-09-14 11:12:15,546 - main - INFO - 开始处理是预报数据：2022-05-11
2022-09-14 11:12:15,591 - main - INFO - 220511   grid24_2022051108.024
2022-09-14 11:12:15,598 - main - INFO - 220512   grid24_2022051208.024
2022-09-14 11:12:15,605 - main - INFO - 220513   grid24_2022051308.024
2022-09-14 11:12:15,609 - main - INFO - 220514   grid24_2022051408.024
2022-09-14 11:12:15,613 - main - INFO - 220515   grid24_2022051508.024
2022-09-14 11:12:15,616 - main - INFO - 220516   grid24_2022051608.024
2022-09-14 11:12:15,619 - main - INFO - 220517   grid24_2022051708.024
2022-09-14 11:12:15,622 - main - INFO - 220518   grid24_2022051808.024
2022-09-14 11:12:15,626 - main - INFO - 220519   grid24_2022051908.024
2022-09-14 11:12:15,628 - main - INFO - 220520   grid24_2022052008.024
2022-09-14 11:12:16,648 - main - INFO - 开始处理是实况数据：2022-05-12
2022-09-14 11:12:16,657 - main - INFO - 当前设定计算时间为： 2022-05-11
2022-09-14 11:12:42,054 - main - INFO - 开始处理是预报数据：2022-05-12
2022-09-14 11:12:42,087 - main - INFO - 220512   grid24_2022051208.024
2022-09-14 11:12:42,098 - main - INFO - 220513   grid24_2022051308.024
2022-09-14 11:12:42,108 - main - INFO - 220514   grid24_2022051408.024
2022-09-14 11:12:42,114 - main - INFO - 220515   grid24_2022051508.024
2022-09-14 11:12:42,127 - main - INFO - 220516   grid24_2022051608.024
2022-09-14 11:12:42,138 - main - INFO - 220517   grid24_2022051708.024
2022-09-14 11:12:42,148 - main - INFO - 220518   grid24_2022051808.024
2022-09-14 11:12:42,158 - main - INFO - 220519   grid24_2022051908.024
2022-09-14 11:12:42,167 - main - INFO - 220520   grid24_2022052008.024
2022-09-14 11:12:42,178 - main - INFO - 220521   grid24_2022052108.024
2022-09-14 11:13:29,329 - main - INFO - 开始处理是实况数据：2022-05-09
2022-09-14 11:13:29,365 - main - INFO - 当前设定计算时间为： 2022-05-08
2022-09-14 11:13:50,663 - main - INFO - 开始处理是预报数据：2022-05-09
2022-09-14 11:13:50,695 - main - INFO - 220509   grid24_2022050908.024
2022-09-14 11:13:50,706 - main - INFO - 220510   grid24_2022051008.024
2022-09-14 11:13:50,715 - main - INFO - 220511   grid24_2022051108.024
2022-09-14 11:13:50,724 - main - INFO - 220512   grid24_2022051208.024
2022-09-14 11:13:50,734 - main - INFO - 220513   grid24_2022051308.024
2022-09-14 11:13:50,744 - main - INFO - 220514   grid24_2022051408.024
2022-09-14 11:13:50,754 - main - INFO - 220515   grid24_2022051508.024
2022-09-14 11:13:50,765 - main - INFO - 220516   grid24_2022051608.024
2022-09-14 11:13:50,773 - main - INFO - 220517   grid24_2022051708.024
2022-09-14 11:13:50,785 - main - INFO - 220518   grid24_2022051808.024
2022-09-14 11:13:51,410 - main - ERROR - 'NoneType' object is not iterable
2022-09-14 11:13:51,410 - main - INFO - 开始处理是实况数据：2022-05-10
2022-09-14 11:13:51,434 - main - INFO - 当前设定计算时间为： 2022-05-09
2022-09-14 11:14:14,750 - main - INFO - 开始处理是预报数据：2022-05-10
2022-09-14 11:14:14,759 - main - INFO - 220510   grid24_2022051008.024
2022-09-14 11:14:14,762 - main - INFO - 220511   grid24_2022051108.024
2022-09-14 11:14:14,765 - main - INFO - 220512   grid24_2022051208.024
2022-09-14 11:14:14,768 - main - INFO - 220513   grid24_2022051308.024
2022-09-14 11:14:14,772 - main - INFO - 220514   grid24_2022051408.024
2022-09-14 11:14:14,776 - main - INFO - 220515   grid24_2022051508.024
2022-09-14 11:14:14,779 - main - INFO - 220516   grid24_2022051608.024
2022-09-14 11:14:14,783 - main - INFO - 220517   grid24_2022051708.024
2022-09-14 11:14:14,786 - main - INFO - 220518   grid24_2022051808.024
2022-09-14 11:14:14,790 - main - INFO - 220519   grid24_2022051908.024
2022-09-14 11:14:15,612 - main - INFO - 开始处理是实况数据：2022-05-11
2022-09-14 11:14:15,640 - main - INFO - 当前设定计算时间为： 2022-05-10
2022-09-14 11:14:39,060 - main - INFO - 开始处理是预报数据：2022-05-11
2022-09-14 11:14:39,071 - main - INFO - 220511   grid24_2022051108.024
2022-09-14 11:14:39,074 - main - INFO - 220512   grid24_2022051208.024
2022-09-14 11:14:39,077 - main - INFO - 220513   grid24_2022051308.024
2022-09-14 11:14:39,080 - main - INFO - 220514   grid24_2022051408.024
2022-09-14 11:14:39,084 - main - INFO - 220515   grid24_2022051508.024
2022-09-14 11:14:39,087 - main - INFO - 220516   grid24_2022051608.024
2022-09-14 11:14:39,090 - main - INFO - 220517   grid24_2022051708.024
2022-09-14 11:14:39,093 - main - INFO - 220518   grid24_2022051808.024
2022-09-14 11:14:39,097 - main - INFO - 220519   grid24_2022051908.024
2022-09-14 11:14:39,099 - main - INFO - 220520   grid24_2022052008.024
2022-09-14 11:14:39,920 - main - INFO - 开始处理是实况数据：2022-05-12
2022-09-14 11:14:39,928 - main - INFO - 当前设定计算时间为： 2022-05-11
2022-09-14 11:15:04,549 - main - INFO - 开始处理是预报数据：2022-05-12
2022-09-14 11:15:04,573 - main - INFO - 220512   grid24_2022051208.024
2022-09-14 11:15:04,586 - main - INFO - 220513   grid24_2022051308.024
2022-09-14 11:15:04,597 - main - INFO - 220514   grid24_2022051408.024
2022-09-14 11:15:04,606 - main - INFO - 220515   grid24_2022051508.024
2022-09-14 11:15:04,628 - main - INFO - 220516   grid24_2022051608.024
2022-09-14 11:15:04,642 - main - INFO - 220517   grid24_2022051708.024
2022-09-14 11:15:04,651 - main - INFO - 220518   grid24_2022051808.024
2022-09-14 11:15:04,662 - main - INFO - 220519   grid24_2022051908.024
2022-09-14 11:15:04,671 - main - INFO - 220520   grid24_2022052008.024
2022-09-14 11:15:04,681 - main - INFO - 220521   grid24_2022052108.024
2022-09-14 11:16:24,463 - main - INFO - 开始处理是实况数据：2022-05-11
2022-09-14 11:16:24,486 - main - INFO - 当前设定计算时间为： 2022-05-10
2022-09-14 11:16:51,240 - main - INFO - 开始处理是预报数据：2022-05-11
2022-09-14 11:16:51,267 - main - INFO - 220511   grid24_2022051108.024
2022-09-14 11:16:51,280 - main - INFO - 220512   grid24_2022051208.024
2022-09-14 11:16:51,285 - main - INFO - 220513   grid24_2022051308.024
2022-09-14 11:16:51,297 - main - INFO - 220514   grid24_2022051408.024
2022-09-14 11:16:51,303 - main - INFO - 220515   grid24_2022051508.024
2022-09-14 11:16:51,308 - main - INFO - 220516   grid24_2022051608.024
2022-09-14 11:16:51,319 - main - INFO - 220517   grid24_2022051708.024
2022-09-14 11:16:51,325 - main - INFO - 220518   grid24_2022051808.024
2022-09-14 11:16:51,330 - main - INFO - 220519   grid24_2022051908.024
2022-09-14 11:16:51,346 - main - INFO - 220520   grid24_2022052008.024
2022-09-14 11:24:44,661 - main - INFO - 开始处理是实况数据：2022-05-11
2022-09-14 11:24:44,712 - main - INFO - 当前设定计算时间为： 2022-05-10
2022-09-14 11:25:55,350 - main - INFO - 开始处理是预报数据：2022-05-11
2022-09-14 11:25:55,361 - main - INFO - 220511   grid24_2022051108.024
2022-09-14 11:25:55,365 - main - INFO - 220512   grid24_2022051208.024
2022-09-14 11:25:55,368 - main - INFO - 220513   grid24_2022051308.024
2022-09-14 11:25:55,371 - main - INFO - 220514   grid24_2022051408.024
2022-09-14 11:25:55,375 - main - INFO - 220515   grid24_2022051508.024
2022-09-14 11:25:55,378 - main - INFO - 220516   grid24_2022051608.024
2022-09-14 11:25:55,382 - main - INFO - 220517   grid24_2022051708.024
2022-09-14 11:25:55,385 - main - INFO - 220518   grid24_2022051808.024
2022-09-14 11:25:55,389 - main - INFO - 220519   grid24_2022051908.024
2022-09-14 11:25:55,393 - main - INFO - 220520   grid24_2022052008.024
2022-09-14 11:27:09,348 - main - INFO - 开始处理是预报数据：2022-05-11
2022-09-14 11:27:09,358 - main - INFO - 220511   grid24_2022051108.024
2022-09-14 11:27:09,361 - main - INFO - 220512   grid24_2022051208.024
2022-09-14 11:27:09,365 - main - INFO - 220513   grid24_2022051308.024
2022-09-14 11:27:09,369 - main - INFO - 220514   grid24_2022051408.024
2022-09-14 11:27:09,373 - main - INFO - 220515   grid24_2022051508.024
2022-09-14 11:27:09,377 - main - INFO - 220516   grid24_2022051608.024
2022-09-14 11:27:09,381 - main - INFO - 220517   grid24_2022051708.024
2022-09-14 11:27:09,385 - main - INFO - 220518   grid24_2022051808.024
2022-09-14 11:27:09,388 - main - INFO - 220519   grid24_2022051908.024
2022-09-14 11:27:09,391 - main - INFO - 220520   grid24_2022052008.024
2022-09-14 11:27:26,436 - main - INFO - 开始处理是实况数据：2022-05-11
2022-09-14 11:27:26,450 - main - INFO - 当前设定计算时间为： 2022-05-10
2022-09-14 11:27:57,078 - main - INFO - 开始处理是预报数据：2022-05-11
2022-09-14 11:29:20,962 - main - INFO - 220511   grid24_2022051108.024
2022-09-14 11:32:45,459 - main - INFO - 开始处理是实况数据：2022-05-11
2022-09-14 11:32:45,494 - main - INFO - 当前设定计算时间为： 2022-05-10
2022-09-14 11:33:19,819 - main - INFO - 开始处理是预报数据：2022-05-11
2022-09-14 11:38:01,345 - main - INFO - 开始处理是实况数据：2022-06-02
2022-09-14 11:38:01,364 - main - INFO - 当前设定计算时间为： 2022-06-01
2022-09-14 11:38:46,627 - main - INFO - 开始处理是预报数据：2022-06-02
2022-09-14 11:38:46,670 - main - INFO - 220602   grid24_2022060208.024
2022-09-14 11:38:48,072 - main - INFO - 220603   grid24_2022060208.048
2022-09-14 11:38:49,217 - main - INFO - 220604   grid24_2022060208.072
2022-09-14 11:38:51,952 - main - INFO - 220605   grid24_2022060208.096
2022-09-14 11:38:53,064 - main - INFO - 220606   grid24_2022060208.120
2022-09-14 11:38:55,965 - main - INFO - 220607   grid24_2022060208.144
2022-09-14 11:38:56,977 - main - INFO - 220608   grid24_2022060208.168
2022-09-14 11:39:00,052 - main - INFO - 220609   grid24_2022060208.192
2022-09-14 11:39:01,039 - main - INFO - 220610   grid24_2022060208.216
2022-09-14 11:39:04,089 - main - INFO - 220611   grid24_2022060208.240
2022-09-14 11:43:47,771 - main - INFO - 开始处理是实况数据：2022-06-02
2022-09-14 11:43:47,829 - main - INFO - 当前设定计算时间为： 2022-06-01
2022-09-14 11:44:19,392 - main - INFO - 开始处理是预报数据：2022-06-02
2022-09-14 11:44:19,414 - main - INFO - 220602   grid24_2022060208.024
2022-09-14 11:44:20,472 - main - INFO - 220603   grid24_2022060208.048
2022-09-14 11:44:23,382 - main - INFO - 220604   grid24_2022060208.072
2022-09-14 11:44:24,465 - main - INFO - 220605   grid24_2022060208.096
2022-09-14 11:44:27,481 - main - INFO - 220606   grid24_2022060208.120
2022-09-14 11:44:28,529 - main - INFO - 220607   grid24_2022060208.144
2022-09-14 11:44:31,678 - main - INFO - 220608   grid24_2022060208.168
2022-09-14 11:44:32,832 - main - INFO - 220609   grid24_2022060208.192
2022-09-14 11:44:35,678 - main - INFO - 220610   grid24_2022060208.216
2022-09-14 11:44:36,988 - main - INFO - 220611   grid24_2022060208.240
2022-09-14 11:45:59,953 - main - INFO - 开始处理是实况数据：2022-06-02
2022-09-14 11:45:59,990 - main - INFO - 当前设定计算时间为： 2022-06-01
2022-09-14 11:46:36,063 - main - INFO - 开始处理是预报数据：2022-06-02
2022-09-14 11:46:36,098 - main - INFO - 220602   grid24_2022060208.024
2022-09-14 11:46:37,254 - main - INFO - 220603   grid24_2022060208.048
2022-09-14 11:46:38,198 - main - INFO - 220604   grid24_2022060208.072
2022-09-14 11:46:39,115 - main - INFO - 220605   grid24_2022060208.096
2022-09-14 11:46:42,016 - main - INFO - 220606   grid24_2022060208.120
2022-09-14 11:46:43,126 - main - INFO - 220607   grid24_2022060208.144
2022-09-14 11:46:46,202 - main - INFO - 220608   grid24_2022060208.168
2022-09-14 11:46:47,193 - main - INFO - 220609   grid24_2022060208.192
2022-09-14 11:46:50,113 - main - INFO - 220610   grid24_2022060208.216
2022-09-14 11:46:51,201 - main - INFO - 220611   grid24_2022060208.240
2022-09-14 13:58:35,725 - main - INFO - 开始处理是实况数据：2022-06-02
2022-09-14 13:58:35,737 - main - INFO - 当前设定计算时间为： 2022-06-01
2022-09-14 13:59:32,541 - main - INFO - 开始处理是实况数据：2022-06-02
2022-09-14 13:59:32,584 - main - INFO - 当前设定计算时间为： 2022-06-01
2022-09-14 14:00:20,082 - main - INFO - 开始处理是预报数据：2022-06-02
2022-09-14 14:00:20,105 - main - INFO - 220602   grid24_2022060208.024
2022-09-14 14:00:25,770 - main - INFO - 220603   grid24_2022060208.048
2022-09-14 14:00:27,046 - main - INFO - 220604   grid24_2022060208.072
2022-09-14 14:00:29,780 - main - INFO - 220605   grid24_2022060208.096
2022-09-14 14:00:31,096 - main - INFO - 220606   grid24_2022060208.120
2022-09-14 14:00:33,804 - main - INFO - 220607   grid24_2022060208.144
2022-09-14 14:00:35,553 - main - INFO - 220608   grid24_2022060208.168
2022-09-14 14:00:37,856 - main - INFO - 220609   grid24_2022060208.192
2022-09-14 14:00:39,541 - main - INFO - 220610   grid24_2022060208.216
2022-09-14 14:00:43,642 - main - INFO - 220611   grid24_2022060208.240
2022-09-14 14:16:43,630 - main - INFO - 开始处理是实况数据：2022-06-02
2022-09-14 14:16:43,641 - main - INFO - 当前设定计算时间为： 2022-06-01
2022-09-14 14:17:36,528 - main - INFO - 开始处理是预报数据：2022-06-02
2022-09-14 14:17:36,538 - main - INFO - 220602   grid24_2022060208.024
2022-09-14 14:17:37,597 - main - INFO - 220603   grid24_2022060208.048
2022-09-14 14:17:38,901 - main - INFO - 220604   grid24_2022060208.072
2022-09-14 14:17:41,512 - main - INFO - 220605   grid24_2022060208.096
2022-09-14 14:17:42,754 - main - INFO - 220606   grid24_2022060208.120
2022-09-14 14:17:45,984 - main - INFO - 220607   grid24_2022060208.144
2022-09-14 14:17:49,143 - main - INFO - 220608   grid24_2022060208.168
2022-09-14 14:17:50,609 - main - INFO - 220609   grid24_2022060208.192
2022-09-14 14:17:53,873 - main - INFO - 220610   grid24_2022060208.216
2022-09-14 14:17:55,269 - main - INFO - 220611   grid24_2022060208.240
2022-09-14 14:18:12,911 - main - ERROR - '<=' not supported between instances of 'NoneType' and 'datetime.datetime'
2022-09-14 14:18:28,456 - main - INFO - 开始处理是实况数据：2022-06-02
2022-09-14 14:18:28,497 - main - INFO - 当前设定计算时间为： 2022-06-01
2022-09-14 14:19:11,269 - main - INFO - 开始处理是预报数据：2022-06-02
2022-09-14 14:19:11,285 - main - INFO - 220602   grid24_2022060208.024
2022-09-14 14:19:12,315 - main - INFO - 220603   grid24_2022060208.048
2022-09-14 14:19:14,466 - main - INFO - 220604   grid24_2022060208.072
2022-09-14 14:19:15,993 - main - INFO - 220605   grid24_2022060208.096
2022-09-14 14:19:17,164 - main - INFO - 220606   grid24_2022060208.120
2022-09-14 14:19:20,245 - main - INFO - 220607   grid24_2022060208.144
2022-09-14 14:19:21,459 - main - INFO - 220608   grid24_2022060208.168
2022-09-14 14:19:24,103 - main - INFO - 220609   grid24_2022060208.192
2022-09-14 14:19:25,411 - main - INFO - 220610   grid24_2022060208.216
2022-09-14 14:19:27,444 - main - INFO - 220611   grid24_2022060208.240
2022-09-14 14:19:29,298 - main - ERROR - '<=' not supported between instances of 'NoneType' and 'datetime.datetime'
2022-09-14 14:19:29,299 - main - INFO - 开始处理是实况数据：2022-06-03
2022-09-14 14:19:30,649 - main - INFO - 当前设定计算时间为： 2022-06-02
2022-09-14 14:20:23,938 - main - INFO - 开始处理是预报数据：2022-06-03
2022-09-14 14:20:23,972 - main - INFO - 220603   grid24_2022060308.024
2022-09-14 14:20:26,291 - main - INFO - 220604   grid24_2022060308.048
2022-09-14 14:20:30,145 - main - INFO - 220605   grid24_2022060308.072
2022-09-14 14:20:31,398 - main - INFO - 220606   grid24_2022060308.096
2022-09-14 14:20:34,485 - main - INFO - 220607   grid24_2022060308.120
2022-09-14 14:20:35,405 - main - INFO - 220608   grid24_2022060308.144
2022-09-14 14:20:38,173 - main - INFO - 220609   grid24_2022060308.168
2022-09-14 14:20:39,335 - main - INFO - 220610   grid24_2022060308.192
2022-09-14 14:20:42,433 - main - INFO - 220611   grid24_2022060308.216
2022-09-14 14:20:43,698 - main - INFO - 220612   grid24_2022060308.240
2022-09-14 14:20:47,230 - main - ERROR - '<=' not supported between instances of 'NoneType' and 'datetime.datetime'
2022-09-14 14:20:47,231 - main - INFO - 开始处理是实况数据：2022-06-04
2022-09-14 14:20:47,259 - main - INFO - 当前设定计算时间为： 2022-06-03
2022-09-14 14:21:46,165 - main - INFO - 开始处理是预报数据：2022-06-04
2022-09-14 14:21:47,002 - main - INFO - 220604   grid24_2022060408.024
2022-09-14 14:21:48,841 - main - INFO - 220605   grid24_2022060408.048
2022-09-14 14:21:50,088 - main - INFO - 220606   grid24_2022060408.072
2022-09-14 14:21:52,666 - main - INFO - 220607   grid24_2022060408.096
2022-09-14 14:21:53,976 - main - INFO - 220608   grid24_2022060408.120
2022-09-14 14:21:56,471 - main - INFO - 220609   grid24_2022060408.144
2022-09-14 14:21:57,589 - main - INFO - 220610   grid24_2022060408.168
2022-09-14 14:22:00,948 - main - INFO - 220611   grid24_2022060408.192
2022-09-14 14:22:02,726 - main - INFO - 220612   grid24_2022060408.216
2022-09-14 14:22:04,920 - main - INFO - 220613   grid24_2022060408.240
2022-09-14 14:22:06,906 - main - ERROR - '<=' not supported between instances of 'NoneType' and 'datetime.datetime'
2022-09-14 14:22:06,908 - main - INFO - 开始处理是实况数据：2022-06-05
2022-09-14 14:22:07,638 - main - INFO - 当前设定计算时间为： 2022-06-04
2022-09-14 14:22:57,131 - main - INFO - 开始处理是预报数据：2022-06-05
2022-09-14 14:22:57,172 - main - INFO - 220605   grid24_2022060508.024
2022-09-14 14:22:58,530 - main - INFO - 220606   grid24_2022060508.048
2022-09-14 14:22:59,606 - main - INFO - 220607   grid24_2022060508.072
2022-09-14 14:23:02,857 - main - INFO - 220608   grid24_2022060508.096
2022-09-14 14:23:04,308 - main - INFO - 220609   grid24_2022060508.120
2022-09-14 14:23:07,093 - main - INFO - 220610   grid24_2022060508.144
2022-09-14 14:23:08,427 - main - INFO - 220611   grid24_2022060508.168
2022-09-14 14:23:11,159 - main - INFO - 220612   grid24_2022060508.192
2022-09-14 14:23:12,486 - main - INFO - 220613   grid24_2022060508.216
2022-09-14 14:23:15,350 - main - INFO - 220614   grid24_2022060508.240
2022-09-14 14:23:17,460 - main - ERROR - '<=' not supported between instances of 'NoneType' and 'datetime.datetime'
2022-09-14 14:35:25,302 - main - INFO - 开始处理是实况数据：2022-06-02
2022-09-14 14:35:25,349 - main - INFO - 当前设定计算时间为： 2022-06-01
2022-09-14 14:36:24,575 - main - INFO - 开始处理是预报数据：2022-06-02
2022-09-14 14:36:31,126 - main - INFO - 220602   grid24_2022060208.024
2022-09-14 14:36:31,129 - main - INFO - 220603   grid24_2022060208.048
2022-09-14 14:36:31,324 - main - INFO - 220604   grid24_2022060208.072
2022-09-14 14:36:31,391 - main - INFO - 220605   grid24_2022060208.096
2022-09-14 14:36:31,402 - main - INFO - 220606   grid24_2022060208.120
2022-09-14 14:36:31,416 - main - INFO - 220607   grid24_2022060208.144
2022-09-14 14:36:31,434 - main - INFO - 220608   grid24_2022060208.168
2022-09-14 14:36:31,434 - main - INFO - 220609   grid24_2022060208.192
2022-09-14 14:36:31,436 - main - INFO - 220610   grid24_2022060208.216
2022-09-14 14:36:31,447 - main - INFO - 220611   grid24_2022060208.240
2022-09-14 14:36:56,361 - main - INFO - 开始处理是预报数据：2022-06-02
2022-09-14 14:37:12,908 - main - INFO - 220602   grid24_2022060208.024
2022-09-14 14:38:43,453 - main - INFO - 220602   grid24_2022060208.024
2022-09-14 14:38:52,271 - main - INFO - 220603   grid24_2022060208.048
2022-09-14 14:38:58,071 - main - INFO - 220604   grid24_2022060208.072
2022-09-14 14:42:14,986 - main - INFO - 220604   grid24_2022060208.072
2022-09-14 14:44:21,199 - main - INFO - 开始处理是实况数据：2022-06-02
2022-09-14 14:44:21,226 - main - INFO - 当前设定计算时间为： 2022-06-01
2022-09-14 14:45:17,542 - main - INFO - 开始处理是预报数据：2022-06-02
2022-09-14 14:46:18,891 - main - INFO - 开始处理是实况数据：2022-06-02
2022-09-14 14:46:18,941 - main - INFO - 当前设定计算时间为： 2022-06-01
2022-09-14 14:47:08,929 - main - INFO - 开始处理是预报数据：2022-06-02
2022-09-14 14:47:37,206 - main - ERROR - get expected at least 1 argument, got 0
2022-09-14 14:47:49,717 - main - INFO - 开始处理实况数据：2022-06-02
2022-09-14 14:47:49,757 - main - INFO - 当前设定计算时间为： 2022-06-01
2022-09-14 14:48:11,605 - main - INFO - 开始处理预报数据：2022-06-02
2022-09-14 14:50:52,498 - main - INFO - 开始处理预报数据：2022-06-02
2022-09-14 14:53:59,709 - main - INFO - 开始处理实况数据：2022-06-02
2022-09-14 14:53:59,738 - main - INFO - 当前设定计算时间为： 2022-06-01
2022-09-14 14:54:55,455 - main - INFO - 开始处理预报数据：2022-06-02
2022-09-14 15:53:36,991 - main - INFO - 开始处理实况数据：2022-06-02
2022-09-14 15:53:37,051 - main - INFO - 当前设定计算时间为： 2022-06-01
2022-09-14 15:54:27,529 - main - INFO - 开始处理预报数据：2022-06-02
2022-09-14 15:58:38,788 - main - INFO - 开始处理实况数据：2022-06-02
2022-09-14 15:58:38,830 - main - INFO - 当前设定计算时间为： 2022-06-01
2022-09-14 15:59:25,592 - main - INFO - 开始处理预报数据：2022-06-02
2022-09-14 16:00:20,461 - main - INFO - 开始处理预报数据：2022-06-02
2022-09-14 16:02:53,764 - main - INFO - 开始处理预报数据：2022-06-02
2022-09-14 16:04:15,781 - main - INFO - 开始处理实况数据：2022-06-02
2022-09-14 16:04:15,826 - main - INFO - 当前设定计算时间为： 2022-06-01
2022-09-14 16:05:08,033 - main - INFO - 开始处理预报数据：2022-06-02
2022-09-14 16:08:14,238 - main - INFO - 开始处理实况数据：2022-06-02
2022-09-14 16:08:14,257 - main - INFO - 当前设定计算时间为： 2022-06-01
2022-09-14 16:08:31,685 - main - INFO - 开始处理实况数据：2022-06-02
2022-09-14 16:08:31,705 - main - INFO - 当前设定计算时间为： 2022-06-01
2022-09-14 16:09:19,785 - main - INFO - 开始处理预报数据：2022-06-02
2022-09-14 16:14:35,782 - main - INFO - 开始处理实况数据：2022-06-02
2022-09-14 16:14:35,821 - main - INFO - 当前设定计算时间为： 2022-06-01
2022-09-14 16:15:21,458 - main - INFO - 开始处理预报数据：2022-06-02
2022-09-14 16:56:30,758 - main - INFO - 开始处理实况数据：2022-06-02
2022-09-14 16:56:30,778 - main - INFO - 当前设定计算时间为： 2022-06-01
2022-09-14 16:57:15,672 - main - INFO - 开始处理预报数据：2022-06-02
2022-09-14 17:00:23,667 - main - INFO - 开始处理实况数据：2022-06-02
2022-09-14 17:00:23,694 - main - INFO - 当前设定计算时间为： 2022-06-01
2022-09-14 17:01:13,961 - main - INFO - 开始处理预报数据：2022-06-02
2022-09-14 17:05:54,065 - main - INFO - 开始处理实况数据：2022-06-02
2022-09-14 17:05:54,083 - main - INFO - 当前设定计算时间为： 2022-06-01
2022-09-14 17:06:41,416 - main - INFO - 开始处理预报数据：2022-06-02
2022-09-14 17:16:57,347 - main - INFO - 开始处理实况数据：2022-06-02
2022-09-14 17:16:57,378 - main - INFO - 当前设定计算时间为： 2022-06-01
2022-09-14 17:17:43,931 - main - INFO - 开始处理预报数据：2022-06-02
2022-09-14 17:18:15,468 - main - INFO - 开始处理实况数据：2022-06-02
2022-09-14 17:18:15,486 - main - INFO - 当前设定计算时间为： 2022-06-01
2022-09-14 17:19:05,136 - main - INFO - 开始处理预报数据：2022-06-02
2022-09-14 17:46:38,657 - main - INFO - 开始处理实况数据：2022-06-02
2022-09-14 17:46:38,667 - main - INFO - 当前设定计算时间为： 2022-06-01
2022-09-14 17:47:21,811 - main - INFO - 开始处理预报数据：2022-06-02
2022-09-14 17:47:31,775 - main - ERROR - '<=' not supported between instances of 'NoneType' and 'datetime.datetime'
2022-09-14 17:48:42,160 - main - INFO - 开始处理实况数据：2022-06-02
2022-09-14 17:48:42,170 - main - INFO - 当前设定计算时间为： 2022-06-01
2022-09-14 17:49:21,747 - main - INFO - 开始处理预报数据：2022-06-02
2022-09-14 18:02:45,162 - main - INFO - 开始处理实况数据：2022-06-02
2022-09-14 18:02:45,199 - main - INFO - 当前设定计算时间为： 2022-06-01
2022-09-14 18:03:28,535 - main - INFO - 开始处理预报数据：2022-06-02
