2022-09-07 11:25:32,815 - main - INFO - 开始处理是实况数据：2022-06-21
2022-09-07 11:25:32,849 - main - INFO - 当前设定计算时间为： 2022-06-20
2022-09-07 11:26:24,987 - main - INFO - 开始处理是预报数据：2022-06-21
2022-09-07 11:26:25,016 - main - INFO - 220621   grid24_2022062108.024
2022-09-07 11:26:26,165 - main - INFO - 220622   grid24_2022062208.024
2022-09-07 11:26:27,278 - main - INFO - 220623   grid24_2022062308.024
2022-09-07 11:26:30,060 - main - INFO - 220624   grid24_2022062408.024
2022-09-07 11:26:31,241 - main - INFO - 220625   grid24_2022062508.024
2022-09-07 11:26:34,126 - main - INFO - 220626   grid24_2022062608.024
2022-09-07 11:26:35,065 - main - INFO - 220627   grid24_2022062708.024
2022-09-07 11:26:38,040 - main - INFO - 220628   grid24_2022062808.024
2022-09-07 11:26:39,111 - main - INFO - 220629   grid24_2022062908.024
2022-09-07 11:26:42,141 - main - INFO - 220630   grid24_2022063008.024
2022-09-07 11:26:43,317 - main - INFO - 220701   grid24_2022070108.024
2022-09-07 11:26:43,546 - main - INFO - 220702   grid24_2022070208.024
2022-09-07 11:26:43,995 - main - INFO - 220703   grid24_2022070308.024
2022-09-07 11:26:44,335 - main - INFO - 220704   grid24_2022070408.024
2022-09-07 11:26:44,367 - main - INFO - 220705   grid24_2022070508.024
2022-09-07 11:26:44,395 - main - INFO - 220706   grid24_2022070608.024
2022-09-07 11:26:44,636 - main - INFO - 220707   grid24_2022070708.024
2022-09-07 11:26:45,116 - main - INFO - 220708   grid24_2022070808.024
2022-09-07 11:26:45,122 - main - INFO - 220709   grid24_2022070908.024
2022-09-07 11:26:45,135 - main - INFO - 220710   grid24_2022071008.024
2022-09-07 11:26:45,146 - main - INFO - 220711   grid24_2022071108.024
2022-09-07 11:26:45,156 - main - INFO - 220712   grid24_2022071208.024
2022-09-07 11:26:45,166 - main - INFO - 220713   grid24_2022071308.024
2022-09-07 11:26:45,175 - main - INFO - 220714   grid24_2022071408.024
2022-09-07 11:26:45,185 - main - INFO - 220715   grid24_2022071508.024
2022-09-07 11:26:45,195 - main - INFO - 220716   grid24_2022071608.024
2022-09-07 11:26:45,205 - main - INFO - 220717   grid24_2022071708.024
2022-09-07 11:26:45,216 - main - INFO - 220718   grid24_2022071808.024
2022-09-07 11:26:45,223 - main - INFO - 220719   grid24_2022071908.024
2022-09-07 11:26:45,234 - main - INFO - 220720   grid24_2022072008.024
2022-09-07 11:39:01,042 - main - INFO - 开始处理是实况数据：2022-06-21
2022-09-07 11:39:01,109 - main - INFO - 当前设定计算时间为： 2022-06-20
2022-09-07 11:40:07,590 - main - INFO - 开始处理是预报数据：2022-06-21
2022-09-07 11:40:07,633 - main - INFO - 220621   grid24_2022062108.024
2022-09-07 11:40:08,870 - main - INFO - 220622   grid24_2022062208.024
2022-09-07 11:40:11,643 - main - INFO - 220623   grid24_2022062308.024
2022-09-07 11:40:12,864 - main - INFO - 220624   grid24_2022062408.024
2022-09-07 11:40:15,981 - main - INFO - 220625   grid24_2022062508.024
2022-09-07 11:40:17,735 - main - INFO - 220626   grid24_2022062608.024
2022-09-07 11:40:19,735 - main - INFO - 220627   grid24_2022062708.024
2022-09-07 11:40:20,994 - main - INFO - 220628   grid24_2022062808.024
2022-09-07 11:40:24,033 - main - INFO - 220629   grid24_2022062908.024
2022-09-07 11:40:25,530 - main - INFO - 220630   grid24_2022063008.024
2022-09-07 11:40:27,970 - main - INFO - 220701   grid24_2022070108.024
2022-09-07 11:40:27,986 - main - INFO - 220702   grid24_2022070208.024
2022-09-07 11:40:28,002 - main - INFO - 220703   grid24_2022070308.024
2022-09-07 11:40:28,029 - main - INFO - 220704   grid24_2022070408.024
2022-09-07 11:40:28,055 - main - INFO - 220705   grid24_2022070508.024
2022-09-07 11:40:28,081 - main - INFO - 220706   grid24_2022070608.024
2022-09-07 11:40:28,099 - main - INFO - 220707   grid24_2022070708.024
2022-09-07 11:40:28,123 - main - INFO - 220708   grid24_2022070808.024
2022-09-07 11:40:28,128 - main - INFO - 220709   grid24_2022070908.024
2022-09-07 11:40:28,143 - main - INFO - 220710   grid24_2022071008.024
2022-09-07 11:40:28,164 - main - INFO - 220711   grid24_2022071108.024
2022-09-07 11:40:28,171 - main - INFO - 220712   grid24_2022071208.024
2022-09-07 11:40:28,178 - main - INFO - 220713   grid24_2022071308.024
2022-09-07 11:40:28,216 - main - INFO - 220714   grid24_2022071408.024
2022-09-07 11:40:28,221 - main - INFO - 220715   grid24_2022071508.024
2022-09-07 11:40:28,242 - main - INFO - 220716   grid24_2022071608.024
2022-09-07 11:40:28,252 - main - INFO - 220717   grid24_2022071708.024
2022-09-07 11:40:28,264 - main - INFO - 220718   grid24_2022071808.024
2022-09-07 11:40:28,269 - main - INFO - 220719   grid24_2022071908.024
2022-09-07 11:40:28,273 - main - INFO - 220720   grid24_2022072008.024
2022-09-07 11:40:40,555 - main - INFO - 开始处理是实况数据：2022-06-21
2022-09-07 11:40:40,570 - main - INFO - 当前设定计算时间为： 2022-06-20
2022-09-07 11:41:35,204 - main - INFO - 开始处理是预报数据：2022-06-21
2022-09-07 11:41:35,218 - main - INFO - 220621   grid24_2022062108.024
2022-09-07 11:41:36,232 - main - INFO - 220622   grid24_2022062208.024
2022-09-07 11:41:37,406 - main - INFO - 220623   grid24_2022062308.024
2022-09-07 11:41:40,217 - main - INFO - 220624   grid24_2022062408.024
2022-09-07 11:41:41,387 - main - INFO - 220625   grid24_2022062508.024
2022-09-07 11:41:44,160 - main - INFO - 220626   grid24_2022062608.024
2022-09-07 11:41:45,367 - main - INFO - 220627   grid24_2022062708.024
2022-09-07 11:41:47,525 - main - INFO - 220628   grid24_2022062808.024
2022-09-07 11:41:48,758 - main - INFO - 220629   grid24_2022062908.024
2022-09-07 11:41:50,116 - main - INFO - 220630   grid24_2022063008.024
2022-09-07 11:41:52,261 - main - INFO - 220701   grid24_2022070108.024
2022-09-07 11:41:52,266 - main - INFO - 220702   grid24_2022070208.024
2022-09-07 11:41:52,270 - main - INFO - 220703   grid24_2022070308.024
2022-09-07 11:41:52,276 - main - INFO - 220704   grid24_2022070408.024
2022-09-07 11:41:52,280 - main - INFO - 220705   grid24_2022070508.024
2022-09-07 11:41:52,286 - main - INFO - 220706   grid24_2022070608.024
2022-09-07 11:41:52,291 - main - INFO - 220707   grid24_2022070708.024
2022-09-07 11:41:52,297 - main - INFO - 220708   grid24_2022070808.024
2022-09-07 11:41:52,303 - main - INFO - 220709   grid24_2022070908.024
2022-09-07 11:41:52,310 - main - INFO - 220710   grid24_2022071008.024
2022-09-07 11:41:52,316 - main - INFO - 220711   grid24_2022071108.024
2022-09-07 11:41:52,323 - main - INFO - 220712   grid24_2022071208.024
2022-09-07 11:41:52,328 - main - INFO - 220713   grid24_2022071308.024
2022-09-07 11:41:52,334 - main - INFO - 220714   grid24_2022071408.024
2022-09-07 11:41:52,340 - main - INFO - 220715   grid24_2022071508.024
2022-09-07 11:41:52,349 - main - INFO - 220716   grid24_2022071608.024
2022-09-07 11:41:52,354 - main - INFO - 220717   grid24_2022071708.024
2022-09-07 11:41:52,359 - main - INFO - 220718   grid24_2022071808.024
2022-09-07 11:41:52,364 - main - INFO - 220719   grid24_2022071908.024
2022-09-07 11:41:52,368 - main - INFO - 220720   grid24_2022072008.024
2022-09-07 11:42:57,411 - main - INFO - 开始处理是实况数据：2022-06-21
2022-09-07 11:42:57,427 - main - INFO - 当前设定计算时间为： 2022-06-20
2022-09-07 11:43:51,553 - main - INFO - 开始处理是预报数据：2022-06-21
2022-09-07 11:43:51,578 - main - INFO - 220621   grid24_2022062108.024
2022-09-07 11:43:52,833 - main - INFO - 220622   grid24_2022062208.024
2022-09-07 11:43:54,573 - main - INFO - 220623   grid24_2022062308.024
2022-09-07 11:43:56,310 - main - INFO - 220624   grid24_2022062408.024
2022-09-07 11:43:57,452 - main - INFO - 220625   grid24_2022062508.024
2022-09-07 11:44:00,571 - main - INFO - 220626   grid24_2022062608.024
2022-09-07 11:44:01,945 - main - INFO - 220627   grid24_2022062708.024
2022-09-07 11:44:04,527 - main - INFO - 220628   grid24_2022062808.024
2022-09-07 11:44:05,456 - main - INFO - 220629   grid24_2022062908.024
2022-09-07 11:44:08,430 - main - INFO - 220630   grid24_2022063008.024
2022-09-07 11:44:09,504 - main - INFO - 220701   grid24_2022070108.024
2022-09-07 11:44:10,056 - main - INFO - 220702   grid24_2022070208.024
2022-09-07 11:44:10,108 - main - INFO - 220703   grid24_2022070308.024
2022-09-07 11:44:10,165 - main - INFO - 220704   grid24_2022070408.024
2022-09-07 11:44:10,403 - main - INFO - 220705   grid24_2022070508.024
2022-09-07 11:44:10,892 - main - INFO - 220706   grid24_2022070608.024
2022-09-07 11:44:11,151 - main - INFO - 220707   grid24_2022070708.024
2022-09-07 11:44:11,362 - main - INFO - 220708   grid24_2022070808.024
2022-09-07 11:44:11,365 - main - INFO - 220709   grid24_2022070908.024
2022-09-07 11:44:11,369 - main - INFO - 220710   grid24_2022071008.024
2022-09-07 11:44:11,374 - main - INFO - 220711   grid24_2022071108.024
2022-09-07 11:44:11,377 - main - INFO - 220712   grid24_2022071208.024
2022-09-07 11:44:11,380 - main - INFO - 220713   grid24_2022071308.024
2022-09-07 11:44:11,384 - main - INFO - 220714   grid24_2022071408.024
2022-09-07 11:44:11,388 - main - INFO - 220715   grid24_2022071508.024
2022-09-07 11:44:11,391 - main - INFO - 220716   grid24_2022071608.024
2022-09-07 11:44:11,394 - main - INFO - 220717   grid24_2022071708.024
2022-09-07 11:44:11,398 - main - INFO - 220718   grid24_2022071808.024
2022-09-07 11:44:11,401 - main - INFO - 220719   grid24_2022071908.024
2022-09-07 11:44:11,405 - main - INFO - 220720   grid24_2022072008.024
2022-09-07 11:49:28,996 - main - INFO - 开始处理是实况数据：2022-06-21
2022-09-07 11:49:29,023 - main - INFO - 当前设定计算时间为： 2022-06-20
2022-09-07 11:50:16,218 - main - INFO - 开始处理是预报数据：2022-06-21
2022-09-07 11:50:16,225 - main - INFO - 220621   grid24_2022062108.024
2022-09-07 11:50:17,288 - main - INFO - 220622   grid24_2022062208.024
2022-09-07 11:50:20,206 - main - INFO - 220623   grid24_2022062308.024
2022-09-07 11:50:21,351 - main - INFO - 220624   grid24_2022062408.024
2022-09-07 11:50:24,166 - main - INFO - 220625   grid24_2022062508.024
2022-09-07 11:50:25,338 - main - INFO - 220626   grid24_2022062608.024
2022-09-07 11:50:28,057 - main - INFO - 220627   grid24_2022062708.024
2022-09-07 11:50:29,232 - main - INFO - 220628   grid24_2022062808.024
2022-09-07 11:50:31,328 - main - INFO - 220629   grid24_2022062908.024
2022-09-07 11:50:34,129 - main - INFO - 220630   grid24_2022063008.024
2022-09-07 11:50:35,209 - main - INFO - 220701   grid24_2022070108.024
2022-09-07 11:50:35,428 - main - INFO - 220702   grid24_2022070208.024
2022-09-07 11:50:35,874 - main - INFO - 220703   grid24_2022070308.024
2022-09-07 11:50:36,407 - main - INFO - 220704   grid24_2022070408.024
2022-09-07 11:50:36,906 - main - INFO - 220705   grid24_2022070508.024
2022-09-07 11:50:36,927 - main - INFO - 220706   grid24_2022070608.024
2022-09-07 11:50:36,932 - main - INFO - 220707   grid24_2022070708.024
2022-09-07 11:50:36,945 - main - INFO - 220708   grid24_2022070808.024
2022-09-07 11:50:36,956 - main - INFO - 220709   grid24_2022070908.024
2022-09-07 11:50:36,966 - main - INFO - 220710   grid24_2022071008.024
2022-09-07 11:50:36,977 - main - INFO - 220711   grid24_2022071108.024
2022-09-07 11:50:36,986 - main - INFO - 220712   grid24_2022071208.024
2022-09-07 11:50:36,996 - main - INFO - 220713   grid24_2022071308.024
2022-09-07 11:50:37,005 - main - INFO - 220714   grid24_2022071408.024
2022-09-07 11:50:37,016 - main - INFO - 220715   grid24_2022071508.024
2022-09-07 11:50:37,026 - main - INFO - 220716   grid24_2022071608.024
2022-09-07 11:50:37,036 - main - INFO - 220717   grid24_2022071708.024
2022-09-07 11:50:37,058 - main - INFO - 220718   grid24_2022071808.024
2022-09-07 11:50:37,078 - main - INFO - 220719   grid24_2022071908.024
2022-09-07 11:50:37,089 - main - INFO - 220720   grid24_2022072008.024
2022-09-07 13:33:28,457 - main - INFO - 开始处理是实况数据：2022-06-21
2022-09-07 13:33:28,475 - main - INFO - 当前设定计算时间为： 2022-06-20
2022-09-07 13:34:23,367 - main - INFO - 开始处理是预报数据：2022-06-21
2022-09-07 13:34:23,396 - main - INFO - 220621   grid24_2022062108.024
2022-09-07 13:34:24,560 - main - INFO - 220622   grid24_2022062208.024
2022-09-07 13:34:25,727 - main - INFO - 220623   grid24_2022062308.024
2022-09-07 13:34:28,795 - main - INFO - 220624   grid24_2022062408.024
2022-09-07 13:34:30,042 - main - INFO - 220625   grid24_2022062508.024
2022-09-07 13:34:32,142 - main - INFO - 220626   grid24_2022062608.024
2022-09-07 13:34:33,228 - main - INFO - 220627   grid24_2022062708.024
2022-09-07 13:34:34,340 - main - INFO - 220628   grid24_2022062808.024
2022-09-07 13:34:36,008 - main - INFO - 220629   grid24_2022062908.024
2022-09-07 13:34:38,670 - main - INFO - 220630   grid24_2022063008.024
2022-09-07 13:34:39,685 - main - INFO - 220701   grid24_2022070108.024
2022-09-07 13:34:39,695 - main - INFO - 220702   grid24_2022070208.024
2022-09-07 13:34:39,703 - main - INFO - 220703   grid24_2022070308.024
2022-09-07 13:34:39,716 - main - INFO - 220704   grid24_2022070408.024
2022-09-07 13:34:39,731 - main - INFO - 220705   grid24_2022070508.024
2022-09-07 13:34:39,741 - main - INFO - 220706   grid24_2022070608.024
2022-09-07 13:34:39,755 - main - INFO - 220707   grid24_2022070708.024
2022-09-07 13:34:39,803 - main - INFO - 220708   grid24_2022070808.024
2022-09-07 13:34:40,039 - main - INFO - 220709   grid24_2022070908.024
2022-09-07 13:34:40,275 - main - INFO - 220710   grid24_2022071008.024
2022-09-07 13:34:40,505 - main - INFO - 220711   grid24_2022071108.024
2022-09-07 13:34:40,537 - main - INFO - 220712   grid24_2022071208.024
2022-09-07 13:34:41,008 - main - INFO - 220713   grid24_2022071308.024
2022-09-07 13:34:41,275 - main - INFO - 220714   grid24_2022071408.024
2022-09-07 13:34:41,526 - main - INFO - 220715   grid24_2022071508.024
2022-09-07 13:34:41,743 - main - INFO - 220716   grid24_2022071608.024
2022-09-07 13:34:41,748 - main - INFO - 220717   grid24_2022071708.024
2022-09-07 13:34:41,756 - main - INFO - 220718   grid24_2022071808.024
2022-09-07 13:34:41,763 - main - INFO - 220719   grid24_2022071908.024
2022-09-07 13:34:41,768 - main - INFO - 220720   grid24_2022072008.024
2022-09-07 15:18:12,853 - main - INFO - 开始处理是实况数据：2022-06-21
2022-09-07 15:18:12,888 - main - INFO - 当前设定计算时间为： 2022-06-20
2022-09-07 15:18:59,368 - main - INFO - 开始处理是预报数据：2022-06-21
2022-09-07 15:18:59,383 - main - INFO - 220621   grid24_2022062108.024
2022-09-07 15:19:00,486 - main - INFO - 220622   grid24_2022062208.024
2022-09-07 15:19:03,577 - main - INFO - 220623   grid24_2022062308.024
2022-09-07 15:19:04,687 - main - INFO - 220624   grid24_2022062408.024
2022-09-07 15:19:07,474 - main - INFO - 220625   grid24_2022062508.024
2022-09-07 15:19:08,711 - main - INFO - 220626   grid24_2022062608.024
2022-09-07 15:19:11,712 - main - INFO - 220627   grid24_2022062708.024
2022-09-07 15:19:12,894 - main - INFO - 220628   grid24_2022062808.024
2022-09-07 15:19:15,348 - main - INFO - 220629   grid24_2022062908.024
2022-09-07 15:19:16,530 - main - INFO - 220630   grid24_2022063008.024
2022-09-07 15:19:19,653 - main - INFO - 220701   grid24_2022070108.024
2022-09-07 15:19:19,661 - main - INFO - 220702   grid24_2022070208.024
2022-09-07 15:19:19,673 - main - INFO - 220703   grid24_2022070308.024
2022-09-07 15:19:19,680 - main - INFO - 220704   grid24_2022070408.024
2022-09-07 15:19:19,693 - main - INFO - 220705   grid24_2022070508.024
2022-09-07 15:19:19,703 - main - INFO - 220706   grid24_2022070608.024
2022-09-07 15:19:19,723 - main - INFO - 220707   grid24_2022070708.024
2022-09-07 15:19:19,752 - main - INFO - 220708   grid24_2022070808.024
2022-09-07 15:19:19,758 - main - INFO - 220709   grid24_2022070908.024
2022-09-07 15:19:19,762 - main - INFO - 220710   grid24_2022071008.024
2022-09-07 15:19:19,766 - main - INFO - 220711   grid24_2022071108.024
2022-09-07 15:19:19,770 - main - INFO - 220712   grid24_2022071208.024
2022-09-07 15:19:19,773 - main - INFO - 220713   grid24_2022071308.024
2022-09-07 15:19:19,776 - main - INFO - 220714   grid24_2022071408.024
2022-09-07 15:19:19,780 - main - INFO - 220715   grid24_2022071508.024
2022-09-07 15:19:19,784 - main - INFO - 220716   grid24_2022071608.024
2022-09-07 15:19:19,787 - main - INFO - 220717   grid24_2022071708.024
2022-09-07 15:19:19,791 - main - INFO - 220718   grid24_2022071808.024
2022-09-07 15:19:19,794 - main - INFO - 220719   grid24_2022071908.024
2022-09-07 15:19:19,798 - main - INFO - 220720   grid24_2022072008.024
2022-09-07 15:25:28,071 - main - INFO - 开始处理是实况数据：2022-06-21
2022-09-07 15:25:28,106 - main - INFO - 当前设定计算时间为： 2022-06-20
2022-09-07 15:26:21,981 - main - INFO - 开始处理是预报数据：2022-06-21
2022-09-07 15:26:22,005 - main - INFO - 220621   grid24_2022062108.024
2022-09-07 15:26:23,134 - main - INFO - 220622   grid24_2022062208.024
2022-09-07 15:26:24,561 - main - INFO - 220623   grid24_2022062308.024
2022-09-07 15:26:27,746 - main - INFO - 220624   grid24_2022062408.024
2022-09-07 15:26:29,530 - main - INFO - 220625   grid24_2022062508.024
2022-09-07 15:26:31,016 - main - INFO - 220626   grid24_2022062608.024
2022-09-07 15:26:33,211 - main - INFO - 220627   grid24_2022062708.024
2022-09-07 15:26:34,298 - main - INFO - 220628   grid24_2022062808.024
2022-09-07 15:26:37,347 - main - INFO - 220629   grid24_2022062908.024
2022-09-07 15:26:38,449 - main - INFO - 220630   grid24_2022063008.024
2022-09-07 15:26:41,220 - main - INFO - 220701   grid24_2022070108.024
2022-09-07 15:26:41,225 - main - INFO - 220702   grid24_2022070208.024
2022-09-07 15:26:41,234 - main - INFO - 220703   grid24_2022070308.024
2022-09-07 15:26:41,245 - main - INFO - 220704   grid24_2022070408.024
2022-09-07 15:26:41,254 - main - INFO - 220705   grid24_2022070508.024
2022-09-07 15:26:41,265 - main - INFO - 220706   grid24_2022070608.024
2022-09-07 15:26:41,275 - main - INFO - 220707   grid24_2022070708.024
2022-09-07 15:26:41,284 - main - INFO - 220708   grid24_2022070808.024
2022-09-07 15:26:41,294 - main - INFO - 220709   grid24_2022070908.024
2022-09-07 15:26:41,304 - main - INFO - 220710   grid24_2022071008.024
2022-09-07 15:26:41,315 - main - INFO - 220711   grid24_2022071108.024
2022-09-07 15:26:41,321 - main - INFO - 220712   grid24_2022071208.024
2022-09-07 15:26:41,334 - main - INFO - 220713   grid24_2022071308.024
2022-09-07 15:26:41,345 - main - INFO - 220714   grid24_2022071408.024
2022-09-07 15:26:41,354 - main - INFO - 220715   grid24_2022071508.024
2022-09-07 15:26:41,365 - main - INFO - 220716   grid24_2022071608.024
2022-09-07 15:26:41,375 - main - INFO - 220717   grid24_2022071708.024
2022-09-07 15:26:41,384 - main - INFO - 220718   grid24_2022071808.024
2022-09-07 15:26:41,388 - main - INFO - 220719   grid24_2022071908.024
2022-09-07 15:26:41,393 - main - INFO - 220720   grid24_2022072008.024
2022-09-07 15:32:30,542 - main - INFO - 开始处理是实况数据：2022-06-21
2022-09-07 15:32:30,551 - main - INFO - 当前设定计算时间为： 2022-06-20
2022-09-07 15:33:18,594 - main - INFO - 开始处理是预报数据：2022-06-21
2022-09-07 15:33:18,636 - main - INFO - 220621   grid24_2022062108.024
2022-09-07 15:33:20,031 - main - INFO - 220622   grid24_2022062208.024
2022-09-07 15:33:23,007 - main - INFO - 220623   grid24_2022062308.024
2022-09-07 15:33:24,140 - main - INFO - 220624   grid24_2022062408.024
2022-09-07 15:33:26,943 - main - INFO - 220625   grid24_2022062508.024
2022-09-07 15:33:28,010 - main - INFO - 220626   grid24_2022062608.024
2022-09-07 15:33:30,989 - main - INFO - 220627   grid24_2022062708.024
2022-09-07 15:33:32,038 - main - INFO - 220628   grid24_2022062808.024
2022-09-07 15:33:34,987 - main - INFO - 220629   grid24_2022062908.024
2022-09-07 15:33:35,978 - main - INFO - 220630   grid24_2022063008.024
2022-09-07 15:33:38,963 - main - INFO - 220701   grid24_2022070108.024
2022-09-07 15:33:38,977 - main - INFO - 220702   grid24_2022070208.024
2022-09-07 15:33:38,984 - main - INFO - 220703   grid24_2022070308.024
2022-09-07 15:33:38,990 - main - INFO - 220704   grid24_2022070408.024
2022-09-07 15:33:38,996 - main - INFO - 220705   grid24_2022070508.024
2022-09-07 15:33:39,008 - main - INFO - 220706   grid24_2022070608.024
2022-09-07 15:33:39,017 - main - INFO - 220707   grid24_2022070708.024
2022-09-07 15:33:39,028 - main - INFO - 220708   grid24_2022070808.024
2022-09-07 15:33:39,037 - main - INFO - 220709   grid24_2022070908.024
2022-09-07 15:33:39,042 - main - INFO - 220710   grid24_2022071008.024
2022-09-07 15:33:39,047 - main - INFO - 220711   grid24_2022071108.024
2022-09-07 15:33:39,057 - main - INFO - 220712   grid24_2022071208.024
2022-09-07 15:33:39,067 - main - INFO - 220713   grid24_2022071308.024
2022-09-07 15:33:39,077 - main - INFO - 220714   grid24_2022071408.024
2022-09-07 15:33:39,081 - main - INFO - 220715   grid24_2022071508.024
2022-09-07 15:33:39,087 - main - INFO - 220716   grid24_2022071608.024
2022-09-07 15:33:39,093 - main - INFO - 220717   grid24_2022071708.024
2022-09-07 15:33:39,100 - main - INFO - 220718   grid24_2022071808.024
2022-09-07 15:33:39,108 - main - INFO - 220719   grid24_2022071908.024
2022-09-07 15:33:39,117 - main - INFO - 220720   grid24_2022072008.024
2022-09-07 15:50:41,260 - main - INFO - 开始处理是实况数据：2022-06-21
2022-09-07 15:50:41,289 - main - INFO - 当前设定计算时间为： 2022-06-20
2022-09-07 15:51:30,287 - main - INFO - 开始处理是预报数据：2022-06-21
2022-09-07 15:51:30,312 - main - INFO - 220621   grid24_2022062108.024
2022-09-07 15:51:31,392 - main - INFO - 220622   grid24_2022062208.024
2022-09-07 15:51:32,408 - main - INFO - 220623   grid24_2022062308.024
2022-09-07 15:51:33,615 - main - INFO - 220624   grid24_2022062408.024
2022-09-07 15:51:35,695 - main - INFO - 220625   grid24_2022062508.024
2022-09-07 15:51:36,791 - main - INFO - 220626   grid24_2022062608.024
2022-09-07 15:51:39,698 - main - INFO - 220627   grid24_2022062708.024
2022-09-07 15:51:40,849 - main - INFO - 220628   grid24_2022062808.024
2022-09-07 15:51:43,530 - main - INFO - 220629   grid24_2022062908.024
2022-09-07 15:51:44,659 - main - INFO - 220630   grid24_2022063008.024
2022-09-07 15:51:47,862 - main - INFO - 220701   grid24_2022070108.024
2022-09-07 15:51:47,874 - main - INFO - 220702   grid24_2022070208.024
2022-09-07 15:51:47,879 - main - INFO - 220703   grid24_2022070308.024
2022-09-07 15:51:47,884 - main - INFO - 220704   grid24_2022070408.024
2022-09-07 15:51:47,895 - main - INFO - 220705   grid24_2022070508.024
2022-09-07 15:51:47,901 - main - INFO - 220706   grid24_2022070608.024
2022-09-07 15:51:47,907 - main - INFO - 220707   grid24_2022070708.024
2022-09-07 15:51:47,914 - main - INFO - 220708   grid24_2022070808.024
2022-09-07 15:51:47,918 - main - INFO - 220709   grid24_2022070908.024
2022-09-07 15:51:47,926 - main - INFO - 220710   grid24_2022071008.024
2022-09-07 15:51:47,931 - main - INFO - 220711   grid24_2022071108.024
2022-09-07 15:51:47,936 - main - INFO - 220712   grid24_2022071208.024
2022-09-07 15:51:47,940 - main - INFO - 220713   grid24_2022071308.024
2022-09-07 15:51:47,944 - main - INFO - 220714   grid24_2022071408.024
2022-09-07 15:51:47,951 - main - INFO - 220715   grid24_2022071508.024
2022-09-07 15:51:47,961 - main - INFO - 220716   grid24_2022071608.024
2022-09-07 15:51:47,967 - main - INFO - 220717   grid24_2022071708.024
2022-09-07 15:51:47,973 - main - INFO - 220718   grid24_2022071808.024
2022-09-07 15:51:47,992 - main - INFO - 220719   grid24_2022071908.024
2022-09-07 15:51:47,998 - main - INFO - 220720   grid24_2022072008.024
2022-09-07 15:51:57,522 - main - INFO - 开始处理是实况数据：2022-06-21
2022-09-07 15:51:57,543 - main - INFO - 当前设定计算时间为： 2022-06-20
2022-09-07 15:52:54,167 - main - INFO - 开始处理是预报数据：2022-06-21
2022-09-07 15:52:54,178 - main - INFO - 220621   grid24_2022062108.024
2022-09-07 15:52:55,191 - main - INFO - 220622   grid24_2022062208.024
2022-09-07 15:52:56,242 - main - INFO - 220623   grid24_2022062308.024
2022-09-07 15:52:57,237 - main - INFO - 220624   grid24_2022062408.024
2022-09-07 15:53:00,012 - main - INFO - 220625   grid24_2022062508.024
2022-09-07 15:53:01,146 - main - INFO - 220626   grid24_2022062608.024
2022-09-07 15:53:04,102 - main - INFO - 220627   grid24_2022062708.024
2022-09-07 15:53:05,236 - main - INFO - 220628   grid24_2022062808.024
2022-09-07 15:53:08,092 - main - INFO - 220629   grid24_2022062908.024
2022-09-07 15:53:09,217 - main - INFO - 220630   grid24_2022063008.024
2022-09-07 15:53:12,245 - main - INFO - 220701   grid24_2022070108.024
2022-09-07 15:53:12,253 - main - INFO - 220702   grid24_2022070208.024
2022-09-07 15:53:12,261 - main - INFO - 220703   grid24_2022070308.024
2022-09-07 15:53:12,269 - main - INFO - 220704   grid24_2022070408.024
2022-09-07 15:53:12,278 - main - INFO - 220705   grid24_2022070508.024
2022-09-07 15:53:12,286 - main - INFO - 220706   grid24_2022070608.024
2022-09-07 15:53:12,295 - main - INFO - 220707   grid24_2022070708.024
2022-09-07 15:53:12,303 - main - INFO - 220708   grid24_2022070808.024
2022-09-07 15:53:12,311 - main - INFO - 220709   grid24_2022070908.024
2022-09-07 15:53:12,319 - main - INFO - 220710   grid24_2022071008.024
2022-09-07 15:53:12,328 - main - INFO - 220711   grid24_2022071108.024
2022-09-07 15:53:12,336 - main - INFO - 220712   grid24_2022071208.024
2022-09-07 15:53:12,344 - main - INFO - 220713   grid24_2022071308.024
2022-09-07 15:53:12,353 - main - INFO - 220714   grid24_2022071408.024
2022-09-07 15:53:12,361 - main - INFO - 220715   grid24_2022071508.024
2022-09-07 15:53:12,369 - main - INFO - 220716   grid24_2022071608.024
2022-09-07 15:53:12,378 - main - INFO - 220717   grid24_2022071708.024
2022-09-07 15:53:12,386 - main - INFO - 220718   grid24_2022071808.024
2022-09-07 15:53:12,394 - main - INFO - 220719   grid24_2022071908.024
2022-09-07 15:53:12,403 - main - INFO - 220720   grid24_2022072008.024
2022-09-07 15:58:28,786 - main - INFO - 开始处理是实况数据：2022-06-21
2022-09-07 15:58:28,799 - main - INFO - 当前设定计算时间为： 2022-06-20
2022-09-07 15:59:13,609 - main - INFO - 开始处理是预报数据：2022-06-21
2022-09-07 15:59:13,618 - main - INFO - 220621   grid24_2022062108.024
2022-09-07 15:59:14,473 - main - INFO - 220622   grid24_2022062208.024
2022-09-07 15:59:16,690 - main - INFO - 220623   grid24_2022062308.024
2022-09-07 15:59:19,566 - main - INFO - 220624   grid24_2022062408.024
2022-09-07 15:59:20,685 - main - INFO - 220625   grid24_2022062508.024
2022-09-07 15:59:23,652 - main - INFO - 220626   grid24_2022062608.024
2022-09-07 15:59:24,781 - main - INFO - 220627   grid24_2022062708.024
2022-09-07 15:59:27,661 - main - INFO - 220628   grid24_2022062808.024
2022-09-07 15:59:28,789 - main - INFO - 220629   grid24_2022062908.024
2022-09-07 15:59:31,790 - main - INFO - 220630   grid24_2022063008.024
2022-09-07 15:59:32,913 - main - INFO - 220701   grid24_2022070108.024
2022-09-07 15:59:33,131 - main - INFO - 220702   grid24_2022070208.024
2022-09-07 15:59:33,232 - main - INFO - 220703   grid24_2022070308.024
2022-09-07 15:59:33,472 - main - INFO - 220704   grid24_2022070408.024
2022-09-07 15:59:33,701 - main - INFO - 220705   grid24_2022070508.024
2022-09-07 15:59:33,913 - main - INFO - 220706   grid24_2022070608.024
2022-09-07 15:59:34,002 - main - INFO - 220707   grid24_2022070708.024
2022-09-07 15:59:34,012 - main - INFO - 220708   grid24_2022070808.024
2022-09-07 15:59:34,084 - main - INFO - 220709   grid24_2022070908.024
2022-09-07 15:59:34,374 - main - INFO - 220710   grid24_2022071008.024
2022-09-07 15:59:34,576 - main - INFO - 220711   grid24_2022071108.024
2022-09-07 15:59:34,606 - main - INFO - 220712   grid24_2022071208.024
2022-09-07 15:59:34,612 - main - INFO - 220713   grid24_2022071308.024
2022-09-07 15:59:34,622 - main - INFO - 220714   grid24_2022071408.024
2022-09-07 15:59:34,631 - main - INFO - 220715   grid24_2022071508.024
2022-09-07 15:59:34,643 - main - INFO - 220716   grid24_2022071608.024
2022-09-07 15:59:34,652 - main - INFO - 220717   grid24_2022071708.024
2022-09-07 15:59:34,662 - main - INFO - 220718   grid24_2022071808.024
2022-09-07 15:59:34,672 - main - INFO - 220719   grid24_2022071908.024
2022-09-07 15:59:34,682 - main - INFO - 220720   grid24_2022072008.024
2022-09-07 16:08:47,756 - main - INFO - 开始处理是实况数据：2022-06-21
2022-09-07 16:08:47,797 - main - INFO - 当前设定计算时间为： 2022-06-20
2022-09-07 16:09:43,177 - main - INFO - 开始处理是预报数据：2022-06-21
2022-09-07 16:09:43,245 - main - INFO - 220621   grid24_2022062108.024
2022-09-07 16:09:44,457 - main - INFO - 220622   grid24_2022062208.024
2022-09-07 16:09:45,514 - main - INFO - 220623   grid24_2022062308.024
2022-09-07 16:09:48,377 - main - INFO - 220624   grid24_2022062408.024
2022-09-07 16:09:49,499 - main - INFO - 220625   grid24_2022062508.024
2022-09-07 16:09:52,130 - main - INFO - 220626   grid24_2022062608.024
2022-09-07 16:09:53,343 - main - INFO - 220627   grid24_2022062708.024
2022-09-07 16:09:55,120 - main - INFO - 220628   grid24_2022062808.024
2022-09-07 16:09:58,227 - main - INFO - 220629   grid24_2022062908.024
2022-09-07 16:09:59,429 - main - INFO - 220630   grid24_2022063008.024
2022-09-07 16:10:02,231 - main - INFO - 220701   grid24_2022070108.024
2022-09-07 16:10:02,235 - main - INFO - 220702   grid24_2022070208.024
2022-09-07 16:10:02,239 - main - INFO - 220703   grid24_2022070308.024
2022-09-07 16:10:02,243 - main - INFO - 220704   grid24_2022070408.024
2022-09-07 16:10:02,246 - main - INFO - 220705   grid24_2022070508.024
2022-09-07 16:10:02,250 - main - INFO - 220706   grid24_2022070608.024
2022-09-07 16:10:02,253 - main - INFO - 220707   grid24_2022070708.024
2022-09-07 16:10:02,257 - main - INFO - 220708   grid24_2022070808.024
2022-09-07 16:10:02,261 - main - INFO - 220709   grid24_2022070908.024
2022-09-07 16:10:02,264 - main - INFO - 220710   grid24_2022071008.024
2022-09-07 16:10:02,268 - main - INFO - 220711   grid24_2022071108.024
2022-09-07 16:10:02,272 - main - INFO - 220712   grid24_2022071208.024
2022-09-07 16:10:02,276 - main - INFO - 220713   grid24_2022071308.024
2022-09-07 16:10:02,279 - main - INFO - 220714   grid24_2022071408.024
2022-09-07 16:10:02,283 - main - INFO - 220715   grid24_2022071508.024
2022-09-07 16:10:02,287 - main - INFO - 220716   grid24_2022071608.024
2022-09-07 16:10:02,289 - main - INFO - 220717   grid24_2022071708.024
2022-09-07 16:10:02,293 - main - INFO - 220718   grid24_2022071808.024
2022-09-07 16:10:02,297 - main - INFO - 220719   grid24_2022071908.024
2022-09-07 16:10:02,300 - main - INFO - 220720   grid24_2022072008.024
2022-09-07 17:00:36,668 - main - INFO - 开始处理是实况数据：2022-06-21
2022-09-07 17:00:36,688 - main - INFO - 当前设定计算时间为： 2022-06-20
2022-09-07 17:01:23,101 - main - INFO - 开始处理是预报数据：2022-06-21
2022-09-07 17:01:23,117 - main - INFO - 220621   grid24_2022062108.024
2022-09-07 17:01:24,209 - main - INFO - 220622   grid24_2022062208.024
2022-09-07 17:01:26,287 - main - INFO - 220623   grid24_2022062308.024
2022-09-07 17:01:29,389 - main - INFO - 220624   grid24_2022062408.024
2022-09-07 17:01:30,566 - main - INFO - 220625   grid24_2022062508.024
2022-09-07 17:01:33,503 - main - INFO - 220626   grid24_2022062608.024
2022-09-07 17:01:34,590 - main - INFO - 220627   grid24_2022062708.024
2022-09-07 17:01:37,476 - main - INFO - 220628   grid24_2022062808.024
2022-09-07 17:01:38,455 - main - INFO - 220629   grid24_2022062908.024
2022-09-07 17:01:41,418 - main - INFO - 220630   grid24_2022063008.024
2022-09-07 17:01:42,549 - main - INFO - 220701   grid24_2022070108.024
2022-09-07 17:01:43,689 - main - INFO - 220702   grid24_2022070208.024
2022-09-07 17:01:44,182 - main - INFO - 220703   grid24_2022070308.024
2022-09-07 17:01:44,411 - main - INFO - 220704   grid24_2022070408.024
2022-09-07 17:01:44,422 - main - INFO - 220705   grid24_2022070508.024
2022-09-07 17:01:44,431 - main - INFO - 220706   grid24_2022070608.024
2022-09-07 17:01:44,441 - main - INFO - 220707   grid24_2022070708.024
2022-09-07 17:01:44,451 - main - INFO - 220708   grid24_2022070808.024
2022-09-07 17:01:44,471 - main - INFO - 220709   grid24_2022070908.024
2022-09-07 17:01:44,478 - main - INFO - 220710   grid24_2022071008.024
2022-09-07 17:01:44,491 - main - INFO - 220711   grid24_2022071108.024
2022-09-07 17:01:44,502 - main - INFO - 220712   grid24_2022071208.024
2022-09-07 17:01:44,508 - main - INFO - 220713   grid24_2022071308.024
2022-09-07 17:01:44,514 - main - INFO - 220714   grid24_2022071408.024
2022-09-07 17:01:44,522 - main - INFO - 220715   grid24_2022071508.024
2022-09-07 17:01:44,533 - main - INFO - 220716   grid24_2022071608.024
2022-09-07 17:01:44,546 - main - INFO - 220717   grid24_2022071708.024
2022-09-07 17:01:44,564 - main - INFO - 220718   grid24_2022071808.024
2022-09-07 17:01:44,583 - main - INFO - 220719   grid24_2022071908.024
2022-09-07 17:01:44,591 - main - INFO - 220720   grid24_2022072008.024
2022-09-07 17:01:44,742 - main - ERROR - 'dict' object has no attribute 'item'
2022-09-07 17:02:58,407 - main - INFO - 开始处理是实况数据：2022-06-21
2022-09-07 17:02:58,445 - main - INFO - 当前设定计算时间为： 2022-06-20
2022-09-07 17:03:47,385 - main - INFO - 开始处理是预报数据：2022-06-21
2022-09-07 17:03:47,395 - main - INFO - 220621   grid24_2022062108.024
2022-09-07 17:03:48,407 - main - INFO - 220622   grid24_2022062208.024
2022-09-07 17:03:49,550 - main - INFO - 220623   grid24_2022062308.024
2022-09-07 17:03:52,068 - main - INFO - 220624   grid24_2022062408.024
2022-09-07 17:03:53,204 - main - INFO - 220625   grid24_2022062508.024
2022-09-07 17:03:56,027 - main - INFO - 220626   grid24_2022062608.024
2022-09-07 17:03:57,047 - main - INFO - 220627   grid24_2022062708.024
2022-09-07 17:03:59,637 - main - INFO - 220628   grid24_2022062808.024
2022-09-07 17:04:00,742 - main - INFO - 220629   grid24_2022062908.024
2022-09-07 17:04:02,460 - main - INFO - 220630   grid24_2022063008.024
2022-09-07 17:04:03,963 - main - INFO - 220701   grid24_2022070108.024
2022-09-07 17:04:03,976 - main - INFO - 220702   grid24_2022070208.024
2022-09-07 17:04:03,985 - main - INFO - 220703   grid24_2022070308.024
2022-09-07 17:04:03,995 - main - INFO - 220704   grid24_2022070408.024
2022-09-07 17:04:04,005 - main - INFO - 220705   grid24_2022070508.024
2022-09-07 17:04:04,015 - main - INFO - 220706   grid24_2022070608.024
2022-09-07 17:04:04,026 - main - INFO - 220707   grid24_2022070708.024
2022-09-07 17:04:04,035 - main - INFO - 220708   grid24_2022070808.024
2022-09-07 17:04:04,045 - main - INFO - 220709   grid24_2022070908.024
2022-09-07 17:04:04,054 - main - INFO - 220710   grid24_2022071008.024
2022-09-07 17:04:04,065 - main - INFO - 220711   grid24_2022071108.024
2022-09-07 17:04:04,075 - main - INFO - 220712   grid24_2022071208.024
2022-09-07 17:04:04,085 - main - INFO - 220713   grid24_2022071308.024
2022-09-07 17:04:04,092 - main - INFO - 220714   grid24_2022071408.024
2022-09-07 17:04:04,105 - main - INFO - 220715   grid24_2022071508.024
2022-09-07 17:04:04,115 - main - INFO - 220716   grid24_2022071608.024
2022-09-07 17:04:04,125 - main - INFO - 220717   grid24_2022071708.024
2022-09-07 17:04:04,135 - main - INFO - 220718   grid24_2022071808.024
2022-09-07 17:04:04,147 - main - INFO - 220719   grid24_2022071908.024
2022-09-07 17:04:04,156 - main - INFO - 220720   grid24_2022072008.024
2022-09-07 17:27:50,851 - main - INFO - 开始处理是实况数据：2022-06-21
2022-09-07 17:27:50,916 - main - INFO - 当前设定计算时间为： 2022-06-20
2022-09-07 17:28:27,175 - main - INFO - 开始处理是实况数据：2022-06-21
2022-09-07 17:28:27,190 - main - INFO - 当前设定计算时间为： 2022-06-20
2022-09-07 17:29:31,248 - main - INFO - 开始处理是预报数据：2022-06-21
2022-09-07 17:29:31,284 - main - INFO - 220621   grid24_2022062108.024
2022-09-07 17:29:32,569 - main - INFO - 220622   grid24_2022062208.024
2022-09-07 17:29:35,581 - main - INFO - 220623   grid24_2022062308.024
2022-09-07 17:29:36,595 - main - INFO - 220624   grid24_2022062408.024
2022-09-07 17:29:39,529 - main - INFO - 220625   grid24_2022062508.024
2022-09-07 17:29:40,686 - main - INFO - 220626   grid24_2022062608.024
2022-09-07 17:29:43,953 - main - INFO - 220627   grid24_2022062708.024
2022-09-07 17:29:45,125 - main - INFO - 220628   grid24_2022062808.024
2022-09-07 17:29:46,911 - main - INFO - 220629   grid24_2022062908.024
2022-09-07 17:29:49,745 - main - INFO - 220630   grid24_2022063008.024
