2022-10-11 09:00:54,058 - main - INFO - 开始处理实况数据：2022-09-20
2022-10-11 09:00:54,103 - main - INFO - 当前设定计算时间为： 2022-09-19
2022-10-11 09:01:25,538 - main - INFO - 开始处理预报数据：2022-09-20
2022-10-11 09:03:20,432 - main - INFO - 开始处理实况数据：2022-09-20
2022-10-11 09:03:20,464 - main - INFO - 当前设定计算时间为： 2022-09-19
2022-10-11 09:03:58,008 - main - INFO - 开始处理预报数据：2022-09-20
2022-10-11 09:08:42,274 - main - INFO - 开始处理实况数据：2022-09-20
2022-10-11 09:08:42,317 - main - INFO - 当前设定计算时间为： 2022-09-19
2022-10-11 09:09:17,020 - main - INFO - 开始处理预报数据：2022-09-20
2022-10-11 09:09:23,616 - main - ERROR - The number of FixedLocator locations (60), usually from a call to set_ticks, does not match the number of ticklabels (61).
2022-10-11 09:09:37,693 - main - INFO - 开始处理实况数据：2022-09-20
2022-10-11 09:09:37,735 - main - INFO - 当前设定计算时间为： 2022-09-19
2022-10-11 09:10:16,907 - main - INFO - 开始处理预报数据：2022-09-20
2022-10-11 09:12:19,748 - main - INFO - 开始处理实况数据：2022-09-20
2022-10-11 09:12:19,793 - main - INFO - 当前设定计算时间为： 2022-09-19
2022-10-11 09:12:52,578 - main - INFO - 开始处理预报数据：2022-09-20
2022-10-11 09:14:32,831 - main - INFO - 开始处理实况数据：2022-09-20
2022-10-11 09:14:32,887 - main - INFO - 当前设定计算时间为： 2022-09-19
2022-10-11 09:15:12,325 - main - INFO - 开始处理预报数据：2022-09-20
2022-10-11 09:19:51,470 - main - INFO - 开始处理实况数据：2022-09-20
2022-10-11 09:19:51,514 - main - INFO - 当前设定计算时间为： 2022-09-19
2022-10-11 09:20:32,594 - main - INFO - 开始处理预报数据：2022-09-20
2022-10-11 09:20:39,409 - main - ERROR - The number of FixedLocator locations (62), usually from a call to set_ticks, does not match the number of ticklabels (61).
2022-10-11 09:22:10,071 - main - INFO - 开始处理实况数据：2022-09-20
2022-10-11 09:22:10,150 - main - INFO - 当前设定计算时间为： 2022-09-19
2022-10-11 09:22:37,812 - main - INFO - 开始处理预报数据：2022-09-20
2022-10-11 09:23:35,454 - main - INFO - 开始处理实况数据：2022-09-20
2022-10-11 09:23:35,513 - main - INFO - 当前设定计算时间为： 2022-09-19
2022-10-11 09:24:08,339 - main - INFO - 开始处理预报数据：2022-09-20
2022-10-11 09:24:15,304 - main - ERROR - The number of FixedLocator locations (60), usually from a call to set_ticks, does not match the number of ticklabels (62).
2022-10-11 09:24:35,652 - main - INFO - 开始处理实况数据：2022-09-20
2022-10-11 09:24:35,692 - main - INFO - 当前设定计算时间为： 2022-09-19
2022-10-11 09:25:11,726 - main - INFO - 开始处理预报数据：2022-09-20
2022-10-11 09:25:56,234 - main - INFO - 开始处理实况数据：2022-09-20
2022-10-11 09:25:56,329 - main - INFO - 当前设定计算时间为： 2022-09-19
2022-10-11 09:26:20,554 - main - INFO - 开始处理预报数据：2022-09-20
2022-10-11 09:28:37,360 - main - INFO - 开始处理实况数据：2022-09-20
2022-10-11 09:28:37,371 - main - INFO - 当前设定计算时间为： 2022-09-19
2022-10-11 09:29:11,728 - main - INFO - 开始处理预报数据：2022-09-20
2022-10-11 09:32:24,787 - main - INFO - 开始处理实况数据：2022-09-20
2022-10-11 09:32:24,826 - main - INFO - 当前设定计算时间为： 2022-09-19
2022-10-11 09:32:59,257 - main - INFO - 开始处理预报数据：2022-09-20
2022-10-11 09:40:21,345 - main - INFO - 开始处理实况数据：2022-09-20
2022-10-11 09:40:21,383 - main - INFO - 当前设定计算时间为： 2022-09-19
2022-10-11 09:40:45,831 - main - INFO - 开始处理预报数据：2022-09-20
2022-10-11 09:40:52,426 - main - ERROR - unsupported operand type(s) for +: 'int' and 'NoneType'
2022-10-11 09:41:13,964 - main - INFO - 开始处理实况数据：2022-09-20
2022-10-11 09:41:13,997 - main - INFO - 当前设定计算时间为： 2022-09-19
2022-10-11 09:41:51,380 - main - INFO - 开始处理预报数据：2022-09-20
2022-10-11 09:41:58,192 - main - ERROR - unsupported operand type(s) for +: 'int' and 'NoneType'
2022-10-11 09:43:05,542 - main - INFO - 开始处理实况数据：2022-09-20
2022-10-11 09:43:05,571 - main - INFO - 当前设定计算时间为： 2022-09-19
2022-10-11 09:43:46,389 - main - INFO - 开始处理预报数据：2022-09-20
2022-10-11 10:05:44,001 - main - INFO - 开始处理实况数据：2022-09-20
2022-10-11 10:05:44,040 - main - INFO - 当前设定计算时间为： 2022-09-19
2022-10-11 10:06:15,853 - main - INFO - 开始处理预报数据：2022-09-20
2022-10-11 10:06:23,455 - main - ERROR - unsupported operand type(s) for +: 'int' and 'NoneType'
2022-10-11 10:06:40,943 - main - INFO - 开始处理实况数据：2022-09-20
2022-10-11 10:06:40,968 - main - INFO - 当前设定计算时间为： 2022-09-19
2022-10-11 10:07:16,693 - main - INFO - 开始处理预报数据：2022-09-20
2022-10-11 10:07:29,250 - main - ERROR - unsupported operand type(s) for +: 'int' and 'NoneType'
2022-10-11 10:07:42,522 - main - INFO - 开始处理实况数据：2022-09-20
2022-10-11 10:07:42,606 - main - INFO - 当前设定计算时间为： 2022-09-19
2022-10-11 10:08:16,674 - main - INFO - 开始处理预报数据：2022-09-20
2022-10-11 10:10:50,143 - main - ERROR - unsupported operand type(s) for +: 'int' and 'NoneType'
2022-10-11 10:11:10,752 - main - INFO - 开始处理实况数据：2022-09-20
2022-10-11 10:11:10,763 - main - INFO - 当前设定计算时间为： 2022-09-19
2022-10-11 10:11:43,603 - main - INFO - 开始处理预报数据：2022-09-20
2022-10-11 10:15:51,237 - main - INFO - 开始处理实况数据：2022-09-20
2022-10-11 10:15:51,288 - main - INFO - 当前设定计算时间为： 2022-09-19
2022-10-11 10:16:30,330 - main - INFO - 开始处理预报数据：2022-09-20
2022-10-11 10:29:23,793 - main - INFO - 开始处理实况数据：2022-09-20
2022-10-11 10:29:23,812 - main - INFO - 当前设定计算时间为： 2022-09-19
2022-10-11 10:30:10,191 - main - INFO - 开始处理预报数据：2022-09-20
2022-10-11 10:32:37,700 - main - INFO - 开始处理实况数据：2022-09-20
2022-10-11 10:32:37,715 - main - INFO - 当前设定计算时间为： 2022-09-19
2022-10-11 10:33:16,540 - main - INFO - 开始处理预报数据：2022-09-20
2022-10-11 10:40:23,758 - main - INFO - 开始处理实况数据：2022-09-20
2022-10-11 10:40:23,792 - main - INFO - 当前设定计算时间为： 2022-09-19
2022-10-11 10:41:03,981 - main - INFO - 开始处理预报数据：2022-09-20
2022-10-11 10:57:18,425 - main - INFO - 开始处理实况数据：2022-09-20
2022-10-11 10:57:18,450 - main - INFO - 当前设定计算时间为： 2022-09-19
2022-10-11 10:57:53,743 - main - INFO - 开始处理预报数据：2022-09-20
2022-10-11 10:58:29,581 - main - INFO - 开始处理实况数据：2022-09-20
2022-10-11 10:58:29,608 - main - INFO - 当前设定计算时间为： 2022-09-19
2022-10-11 10:59:03,083 - main - INFO - 开始处理预报数据：2022-09-20
2022-10-11 11:00:46,488 - main - INFO - 开始处理实况数据：2022-09-20
2022-10-11 11:00:46,523 - main - INFO - 当前设定计算时间为： 2022-09-19
2022-10-11 11:01:21,551 - main - INFO - 开始处理预报数据：2022-09-20
2022-10-11 11:05:16,327 - main - INFO - 开始处理实况数据：2022-09-20
2022-10-11 11:05:16,394 - main - INFO - 当前设定计算时间为： 2022-09-19
2022-10-11 11:06:05,673 - main - INFO - 开始处理预报数据：2022-09-20
2022-10-11 11:31:44,958 - main - INFO - 开始处理实况数据：2022-09-20
2022-10-11 11:31:45,018 - main - INFO - 当前设定计算时间为： 2022-09-19
2022-10-11 11:32:33,423 - main - INFO - 开始处理预报数据：2022-09-20
2022-10-11 11:56:36,281 - main - INFO - 开始处理实况数据：2022-09-20
2022-10-11 11:56:36,367 - main - INFO - 当前设定计算时间为： 2022-09-19
2022-10-11 11:57:17,965 - main - INFO - 开始处理预报数据：2022-09-20
2022-10-11 12:28:49,421 - main - INFO - 开始处理实况数据：2022-09-20
2022-10-11 12:28:49,457 - main - INFO - 当前设定计算时间为： 2022-09-19
2022-10-11 12:29:25,508 - main - INFO - 开始处理预报数据：2022-09-20
2022-10-11 12:31:58,917 - main - INFO - 开始处理实况数据：2022-09-20
2022-10-11 12:31:58,960 - main - INFO - 当前设定计算时间为： 2022-09-19
2022-10-11 12:32:40,324 - main - INFO - 开始处理预报数据：2022-09-20
2022-10-11 12:34:33,814 - main - INFO - 开始处理实况数据：2022-09-20
2022-10-11 12:34:33,892 - main - INFO - 当前设定计算时间为： 2022-09-19
2022-10-11 12:35:10,005 - main - INFO - 开始处理预报数据：2022-09-20
2022-10-11 12:39:08,437 - main - INFO - 开始处理实况数据：2022-09-20
2022-10-11 12:39:08,481 - main - INFO - 当前设定计算时间为： 2022-09-19
2022-10-11 12:39:42,566 - main - INFO - 开始处理预报数据：2022-09-20
2022-10-11 12:40:32,584 - main - INFO - 开始处理实况数据：2022-09-20
2022-10-11 12:40:32,674 - main - INFO - 当前设定计算时间为： 2022-09-19
2022-10-11 12:41:13,757 - main - INFO - 开始处理预报数据：2022-09-20
2022-10-11 12:41:28,944 - main - INFO - 开始处理实况数据：2022-09-20
2022-10-11 12:41:29,000 - main - INFO - 当前设定计算时间为： 2022-09-19
2022-10-11 12:41:59,270 - main - INFO - 开始处理预报数据：2022-09-20
2022-10-11 12:43:20,262 - main - INFO - 开始处理实况数据：2022-09-20
2022-10-11 12:43:20,270 - main - INFO - 当前设定计算时间为： 2022-09-19
2022-10-11 12:43:56,064 - main - INFO - 开始处理预报数据：2022-09-20
2022-10-11 12:44:03,712 - main - ERROR - __init__() got an unexpected keyword argument 'levels'
2022-10-11 13:33:32,159 - main - INFO - 开始处理实况数据：2022-09-20
2022-10-11 13:33:32,246 - main - INFO - 当前设定计算时间为： 2022-09-19
2022-10-11 13:34:08,370 - main - INFO - 开始处理预报数据：2022-09-20
2022-10-11 13:35:57,454 - main - INFO - 开始处理实况数据：2022-09-20
2022-10-11 13:35:57,525 - main - INFO - 当前设定计算时间为： 2022-09-19
2022-10-11 13:36:33,305 - main - INFO - 开始处理预报数据：2022-09-20
2022-10-11 13:38:26,582 - main - INFO - 开始处理实况数据：2022-09-20
2022-10-11 13:38:26,639 - main - INFO - 当前设定计算时间为： 2022-09-19
2022-10-11 13:38:52,448 - main - INFO - 开始处理预报数据：2022-09-20
2022-10-11 13:44:09,347 - main - INFO - 开始处理实况数据：2022-09-20
2022-10-11 13:44:09,385 - main - INFO - 当前设定计算时间为： 2022-09-19
2022-10-11 13:44:43,999 - main - INFO - 开始处理预报数据：2022-09-20
2022-10-11 13:44:52,124 - main - ERROR - '<=' not supported between instances of 'numpy.ndarray' and 'numpy.ndarray'
2022-10-11 13:45:24,795 - main - INFO - 开始处理实况数据：2022-09-20
2022-10-11 13:45:24,832 - main - INFO - 当前设定计算时间为： 2022-09-19
2022-10-11 13:45:32,827 - main - INFO - 开始处理实况数据：2022-09-20
2022-10-11 13:45:32,851 - main - INFO - 当前设定计算时间为： 2022-09-19
2022-10-11 13:46:06,585 - main - INFO - 开始处理预报数据：2022-09-20
2022-10-11 13:46:15,198 - main - ERROR - name 'label' is not defined
2022-10-11 13:48:47,021 - main - INFO - 开始处理实况数据：2022-09-20
2022-10-11 13:48:47,034 - main - INFO - 当前设定计算时间为： 2022-09-19
2022-10-11 13:49:16,380 - main - INFO - 开始处理预报数据：2022-09-20
2022-10-11 13:50:14,116 - main - INFO - 开始处理实况数据：2022-09-20
2022-10-11 13:50:14,153 - main - INFO - 当前设定计算时间为： 2022-09-19
2022-10-11 13:50:47,866 - main - INFO - 开始处理预报数据：2022-09-20
2022-10-11 13:51:36,459 - main - INFO - 开始处理实况数据：2022-09-20
2022-10-11 13:51:36,497 - main - INFO - 当前设定计算时间为： 2022-09-19
2022-10-11 13:52:10,045 - main - INFO - 开始处理预报数据：2022-09-20
2022-10-11 13:53:06,774 - main - INFO - 开始处理实况数据：2022-09-20
2022-10-11 13:53:06,812 - main - INFO - 当前设定计算时间为： 2022-09-19
2022-10-11 13:53:40,483 - main - INFO - 开始处理预报数据：2022-09-20
2022-10-11 13:55:21,090 - main - INFO - 开始处理实况数据：2022-09-20
2022-10-11 13:55:21,145 - main - INFO - 当前设定计算时间为： 2022-09-19
2022-10-11 13:55:57,531 - main - INFO - 开始处理预报数据：2022-09-20
2022-10-11 13:59:51,713 - main - INFO - 开始处理实况数据：2022-09-20
2022-10-11 13:59:51,747 - main - INFO - 当前设定计算时间为： 2022-09-19
2022-10-11 14:00:31,540 - main - INFO - 开始处理预报数据：2022-09-20
2022-10-11 14:05:29,651 - main - INFO - 开始处理实况数据：2022-09-20
2022-10-11 14:05:29,708 - main - INFO - 当前设定计算时间为： 2022-09-19
2022-10-11 14:06:07,107 - main - INFO - 开始处理预报数据：2022-09-20
2022-10-11 14:06:16,700 - main - ERROR - 'Axes' object has no attribute 'get_array'
2022-10-11 14:07:23,794 - main - INFO - 开始处理实况数据：2022-09-20
2022-10-11 14:07:23,816 - main - INFO - 当前设定计算时间为： 2022-09-19
2022-10-11 14:08:01,567 - main - INFO - 开始处理预报数据：2022-09-20
2022-10-11 14:08:10,790 - main - ERROR - __init__() got an unexpected keyword argument 'labelsize'
2022-10-11 14:10:53,640 - main - INFO - 开始处理实况数据：2022-09-20
2022-10-11 14:10:53,680 - main - INFO - 当前设定计算时间为： 2022-09-19
2022-10-11 14:11:27,238 - main - INFO - 开始处理预报数据：2022-09-20
2022-10-11 14:13:20,078 - main - INFO - 开始处理实况数据：2022-09-20
2022-10-11 14:13:20,100 - main - INFO - 当前设定计算时间为： 2022-09-19
2022-10-11 14:13:57,172 - main - INFO - 开始处理预报数据：2022-09-20
2022-10-11 14:15:51,371 - main - INFO - 开始处理实况数据：2022-09-20
2022-10-11 14:15:51,455 - main - INFO - 当前设定计算时间为： 2022-09-19
2022-10-11 14:16:34,381 - main - INFO - 开始处理预报数据：2022-09-20
2022-10-11 14:16:40,552 - main - ERROR - add_color_bar() missing 1 required positional argument: 'label'
2022-10-11 14:17:25,968 - main - INFO - 开始处理实况数据：2022-09-20
2022-10-11 14:17:26,024 - main - INFO - 当前设定计算时间为： 2022-09-19
2022-10-11 14:17:36,063 - main - INFO - 开始处理实况数据：2022-09-20
2022-10-11 14:17:36,113 - main - INFO - 当前设定计算时间为： 2022-09-19
2022-10-11 14:18:18,278 - main - INFO - 开始处理预报数据：2022-09-20
2022-10-11 14:18:24,760 - main - ERROR - add_color_bar() missing 1 required positional argument: 'label'
2022-10-11 14:18:55,273 - main - INFO - 开始处理实况数据：2022-09-20
2022-10-11 14:18:55,298 - main - INFO - 当前设定计算时间为： 2022-09-19
2022-10-11 14:19:36,212 - main - INFO - 开始处理预报数据：2022-09-20
2022-10-11 14:19:44,145 - main - ERROR - set_label() missing 1 required positional argument: 'label'
2022-10-11 14:20:06,348 - main - INFO - 开始处理实况数据：2022-09-20
2022-10-11 14:20:06,399 - main - INFO - 当前设定计算时间为： 2022-09-19
2022-10-11 14:20:44,208 - main - INFO - 开始处理预报数据：2022-09-20
2022-10-11 14:20:52,003 - main - ERROR - set_label() missing 1 required positional argument: 'label'
2022-10-11 14:22:49,810 - main - INFO - 开始处理实况数据：2022-09-20
2022-10-11 14:22:49,820 - main - INFO - 当前设定计算时间为： 2022-09-19
2022-10-11 14:23:23,854 - main - INFO - 开始处理预报数据：2022-09-20
2022-10-11 14:24:01,771 - main - INFO - 开始处理实况数据：2022-09-20
2022-10-11 14:24:01,808 - main - INFO - 当前设定计算时间为： 2022-09-19
2022-10-11 14:24:38,842 - main - INFO - 开始处理预报数据：2022-09-20
2022-10-11 14:27:05,493 - main - INFO - 开始处理实况数据：2022-09-20
2022-10-11 14:27:05,598 - main - INFO - 当前设定计算时间为： 2022-09-19
2022-10-11 14:27:36,344 - main - INFO - 开始处理预报数据：2022-09-20
2022-10-11 14:28:28,687 - main - INFO - 开始处理实况数据：2022-09-20
2022-10-11 14:28:28,713 - main - INFO - 当前设定计算时间为： 2022-09-19
2022-10-11 14:28:41,755 - main - INFO - 开始处理实况数据：2022-09-20
2022-10-11 14:28:41,764 - main - INFO - 当前设定计算时间为： 2022-09-19
2022-10-11 14:29:20,616 - main - INFO - 开始处理预报数据：2022-09-20
2022-10-11 14:33:34,781 - main - INFO - 开始处理实况数据：2022-09-20
2022-10-11 14:33:34,858 - main - INFO - 当前设定计算时间为： 2022-09-19
2022-10-11 14:34:15,692 - main - INFO - 开始处理预报数据：2022-09-20
2022-10-11 14:35:43,302 - main - INFO - 开始处理实况数据：2022-09-20
2022-10-11 14:35:43,360 - main - INFO - 当前设定计算时间为： 2022-09-19
2022-10-11 14:36:24,028 - main - INFO - 开始处理预报数据：2022-09-20
2022-10-11 14:37:47,158 - main - INFO - 开始处理实况数据：2022-09-20
2022-10-11 14:37:47,178 - main - INFO - 当前设定计算时间为： 2022-09-19
2022-10-11 14:38:23,415 - main - INFO - 开始处理预报数据：2022-09-20
2022-10-11 14:42:59,446 - main - INFO - 开始处理实况数据：2022-09-20
2022-10-11 14:42:59,490 - main - INFO - 当前设定计算时间为： 2022-09-19
2022-10-11 14:43:27,690 - main - INFO - 开始处理预报数据：2022-09-20
2022-10-11 14:44:58,507 - main - INFO - 开始处理实况数据：2022-09-20
2022-10-11 14:44:58,537 - main - INFO - 当前设定计算时间为： 2022-09-19
2022-10-11 14:45:41,474 - main - INFO - 开始处理预报数据：2022-09-20
2022-10-11 16:50:22,062 - main - INFO - 开始处理实况数据：2022-09-20
2022-10-11 16:50:22,084 - main - INFO - 当前设定计算时间为： 2022-09-19
2022-10-11 16:50:53,318 - main - INFO - 开始处理预报数据：2022-09-20
2022-10-11 16:51:00,876 - main - ERROR - name 'input_path' is not defined
2022-10-11 16:53:59,892 - main - INFO - 开始处理实况数据：2022-09-20
2022-10-11 16:53:59,980 - main - INFO - 当前设定计算时间为： 2022-09-19
2022-10-11 16:54:37,483 - main - INFO - 开始处理预报数据：2022-09-20
2022-10-11 16:54:45,673 - main - ERROR - float() argument must be a string or a number, not 'PictureDrawTask'
2022-10-11 16:56:11,077 - main - INFO - 开始处理实况数据：2022-09-20
2022-10-11 16:56:11,127 - main - INFO - 当前设定计算时间为： 2022-09-19
2022-10-11 16:56:49,416 - main - INFO - 开始处理预报数据：2022-09-20
2022-10-11 16:56:57,198 - main - ERROR - float() argument must be a string or a number, not 'PictureDrawTask'
2022-10-11 17:01:18,847 - main - INFO - 开始处理实况数据：2022-09-20
2022-10-11 17:01:18,864 - main - INFO - 当前设定计算时间为： 2022-09-19
2022-10-11 17:02:10,851 - main - INFO - 开始处理预报数据：2022-09-20
2022-10-11 17:02:40,677 - main - INFO - 开始处理实况数据：2022-09-20
2022-10-11 17:02:40,714 - main - INFO - 当前设定计算时间为： 2022-09-19
2022-10-11 17:03:07,256 - main - INFO - 开始处理预报数据：2022-09-20
2022-10-11 17:03:54,474 - main - INFO - 开始处理实况数据：2022-09-20
2022-10-11 17:03:54,521 - main - INFO - 当前设定计算时间为： 2022-09-19
2022-10-11 17:04:34,548 - main - INFO - 开始处理预报数据：2022-09-20
2022-10-11 17:04:50,155 - main - INFO - 开始处理实况数据：2022-09-20
2022-10-11 17:04:50,165 - main - INFO - 当前设定计算时间为： 2022-09-19
2022-10-11 17:05:25,068 - main - INFO - 开始处理预报数据：2022-09-20
2022-10-11 17:05:37,028 - main - ERROR - 'GeoContourSet' object has no attribute 'set_label'
2022-10-11 17:05:51,599 - main - INFO - 开始处理实况数据：2022-09-20
2022-10-11 17:05:51,637 - main - INFO - 当前设定计算时间为： 2022-09-19
2022-10-11 17:06:21,020 - main - INFO - 开始处理预报数据：2022-09-20
2022-10-11 17:06:44,938 - main - INFO - 开始处理实况数据：2022-09-20
2022-10-11 17:06:44,947 - main - INFO - 当前设定计算时间为： 2022-09-19
2022-10-11 17:07:12,127 - main - INFO - 开始处理预报数据：2022-09-20
2022-10-11 17:07:30,518 - main - INFO - 开始处理实况数据：2022-09-20
2022-10-11 17:07:30,555 - main - INFO - 当前设定计算时间为： 2022-09-19
2022-10-11 17:08:12,002 - main - INFO - 开始处理预报数据：2022-09-20
2022-10-11 17:08:42,527 - main - INFO - 开始处理实况数据：2022-09-20
2022-10-11 17:08:42,561 - main - INFO - 当前设定计算时间为： 2022-09-19
2022-10-11 17:09:16,100 - main - INFO - 开始处理预报数据：2022-09-20
2022-10-11 17:09:24,110 - main - ERROR - 'Colorbar' object has no attribute '_axes_locator'
2022-10-11 17:09:44,513 - main - INFO - 开始处理实况数据：2022-09-20
2022-10-11 17:09:44,524 - main - INFO - 当前设定计算时间为： 2022-09-19
2022-10-11 17:10:25,122 - main - INFO - 开始处理预报数据：2022-09-20
2022-10-11 17:10:40,641 - main - ERROR - set_label() got an unexpected keyword argument 'fontdict'
2022-10-11 17:10:56,174 - main - INFO - 开始处理实况数据：2022-09-20
2022-10-11 17:10:56,207 - main - INFO - 当前设定计算时间为： 2022-09-19
2022-10-11 17:11:29,193 - main - INFO - 开始处理预报数据：2022-09-20
2022-10-11 17:13:48,428 - main - INFO - 开始处理实况数据：2022-09-20
2022-10-11 17:13:48,465 - main - INFO - 当前设定计算时间为： 2022-09-19
2022-10-11 17:14:28,660 - main - INFO - 开始处理预报数据：2022-09-20
2022-10-11 17:21:07,436 - main - INFO - 开始处理实况数据：2022-09-20
2022-10-11 17:21:07,472 - main - INFO - 当前设定计算时间为： 2022-09-19
2022-10-11 17:21:43,284 - main - INFO - 开始处理预报数据：2022-09-20
2022-10-11 17:25:41,585 - main - INFO - 开始处理实况数据：2022-09-20
2022-10-11 17:25:41,627 - main - INFO - 当前设定计算时间为： 2022-09-19
2022-10-11 17:26:18,219 - main - INFO - 开始处理预报数据：2022-09-20
2022-10-11 17:28:24,838 - main - INFO - 开始处理实况数据：2022-09-20
2022-10-11 17:28:24,881 - main - INFO - 当前设定计算时间为： 2022-09-19
2022-10-11 17:29:01,558 - main - INFO - 开始处理预报数据：2022-09-20
2022-10-11 17:33:40,731 - main - INFO - 开始处理实况数据：2022-09-20
2022-10-11 17:33:40,741 - main - INFO - 当前设定计算时间为： 2022-09-19
2022-10-11 17:34:19,223 - main - INFO - 开始处理预报数据：2022-09-20
2022-10-11 17:35:27,251 - main - INFO - 开始处理实况数据：2022-09-20
2022-10-11 17:35:27,327 - main - INFO - 当前设定计算时间为： 2022-09-19
2022-10-11 17:36:01,481 - main - INFO - 开始处理预报数据：2022-09-20
2022-10-11 17:38:57,892 - main - INFO - 开始处理实况数据：2022-09-20
2022-10-11 17:38:57,928 - main - INFO - 当前设定计算时间为： 2022-09-19
2022-10-11 17:39:33,947 - main - INFO - 开始处理预报数据：2022-09-20
2022-10-11 17:39:42,227 - main - ERROR - 'NoneType' object has no attribute 'start_lat'
2022-10-11 17:39:54,621 - main - INFO - 开始处理实况数据：2022-09-20
2022-10-11 17:39:54,656 - main - INFO - 当前设定计算时间为： 2022-09-19
2022-10-11 17:40:22,686 - main - INFO - 开始处理预报数据：2022-09-20
2022-10-11 17:40:25,636 - main - INFO - 开始处理实况数据：2022-09-20
2022-10-11 17:40:25,656 - main - INFO - 当前设定计算时间为： 2022-09-19
2022-10-11 17:40:52,553 - main - INFO - 开始处理预报数据：2022-09-20
2022-10-11 17:41:02,662 - main - ERROR - set_label() missing 1 required positional argument: 'label'
2022-10-11 17:41:26,801 - main - INFO - 开始处理实况数据：2022-09-20
2022-10-11 17:41:26,843 - main - INFO - 当前设定计算时间为： 2022-09-19
2022-10-11 17:42:01,278 - main - INFO - 开始处理预报数据：2022-09-20
2022-10-11 17:42:09,707 - main - ERROR - 'Text' object has no property 'frontsize'
2022-10-11 17:43:21,702 - main - INFO - 开始处理实况数据：2022-09-20
2022-10-11 17:43:21,714 - main - INFO - 当前设定计算时间为： 2022-09-19
2022-10-11 17:43:56,572 - main - INFO - 开始处理预报数据：2022-09-20
2022-10-11 18:00:39,063 - main - INFO - 开始处理实况数据：2022-09-20
2022-10-11 18:00:39,095 - main - INFO - 当前设定计算时间为： 2022-09-19
2022-10-11 18:01:23,253 - main - INFO - 开始处理预报数据：2022-09-20
2022-10-11 18:01:35,294 - main - ERROR - 'NoneType' object has no attribute 'start_lat'
2022-10-11 18:02:02,393 - main - INFO - 开始处理实况数据：2022-09-20
2022-10-11 18:02:02,446 - main - INFO - 当前设定计算时间为： 2022-09-19
2022-10-11 18:02:43,621 - main - INFO - 开始处理预报数据：2022-09-20
