2022-07-04 09:00:41,245 - main - INFO - 开始处理是实况数据：2022-04-10
2022-07-04 09:00:41,280 - main - INFO - 当前设定计算时间为： 2022-04-09
2022-07-04 09:01:29,128 - main - INFO - 开始处理是预报数据：2022-04-10
2022-07-04 09:01:29,135 - main - INFO - 220410   grid24_2022041008.024
2022-07-04 09:01:30,463 - main - INFO - 220411   grid24_2022041008.048
2022-07-04 09:01:32,984 - main - INFO - 220412   grid24_2022041008.072
2022-07-04 09:01:34,111 - main - INFO - 220413   grid24_2022041008.096
2022-07-04 09:01:37,025 - main - INFO - 220414   grid24_2022041008.120
2022-07-04 09:01:38,166 - main - INFO - 220415   grid24_2022041008.144
2022-07-04 09:01:41,032 - main - INFO - 220416   grid24_2022041008.168
2022-07-04 09:01:42,157 - main - INFO - 220417   grid24_2022041008.192
2022-07-04 09:01:45,077 - main - INFO - 220418   grid24_2022041008.216
2022-07-04 09:01:46,206 - main - INFO - 220419   grid24_2022041008.240
2022-07-04 09:07:32,652 - main - INFO - 开始处理是实况数据：2022-04-10
2022-07-04 09:07:32,664 - main - INFO - 当前设定计算时间为： 2022-04-09
2022-07-04 09:08:24,686 - main - INFO - 开始处理是预报数据：2022-04-10
2022-07-04 09:08:24,701 - main - INFO - 220410   grid24_2022041008.024
2022-07-04 09:08:25,982 - main - INFO - 220411   grid24_2022041008.048
2022-07-04 09:08:28,742 - main - INFO - 220412   grid24_2022041008.072
2022-07-04 09:08:30,317 - main - INFO - 220413   grid24_2022041008.096
2022-07-04 09:08:32,613 - main - INFO - 220414   grid24_2022041008.120
2022-07-04 09:08:34,730 - main - INFO - 220415   grid24_2022041008.144
2022-07-04 09:08:37,023 - main - INFO - 220416   grid24_2022041008.168
2022-07-04 09:08:39,808 - main - INFO - 220417   grid24_2022041008.192
2022-07-04 09:08:41,383 - main - INFO - 220418   grid24_2022041008.216
2022-07-04 09:08:44,044 - main - INFO - 220419   grid24_2022041008.240
2022-07-04 09:20:49,963 - main - INFO - 开始处理是实况数据：2022-04-10
2022-07-04 09:20:50,002 - main - INFO - 当前设定计算时间为： 2022-04-09
2022-07-04 09:21:29,633 - main - INFO - 开始处理是预报数据：2022-04-10
2022-07-04 09:21:29,644 - main - INFO - 220410   grid24_2022041008.024
2022-07-04 09:21:30,915 - main - INFO - 220411   grid24_2022041008.048
2022-07-04 09:21:32,267 - main - INFO - 220412   grid24_2022041008.072
2022-07-04 09:21:35,429 - main - INFO - 220413   grid24_2022041008.096
2022-07-04 09:21:38,131 - main - INFO - 220414   grid24_2022041008.120
2022-07-04 09:21:39,614 - main - INFO - 220415   grid24_2022041008.144
2022-07-04 09:21:41,316 - main - INFO - 220416   grid24_2022041008.168
2022-07-04 09:21:43,562 - main - INFO - 220417   grid24_2022041008.192
2022-07-04 09:21:45,277 - main - INFO - 220418   grid24_2022041008.216
2022-07-04 09:21:47,483 - main - INFO - 220419   grid24_2022041008.240
2022-07-04 09:23:27,209 - main - INFO - 开始处理是实况数据：2022-04-10
2022-07-04 09:23:27,229 - main - INFO - 当前设定计算时间为： 2022-04-09
2022-07-04 09:24:30,752 - main - INFO - 开始处理是预报数据：2022-04-10
2022-07-04 09:24:30,779 - main - INFO - 220410   grid24_2022041008.024
2022-07-04 09:24:32,104 - main - INFO - 220411   grid24_2022041008.048
2022-07-04 09:24:33,763 - main - INFO - 220412   grid24_2022041008.072
2022-07-04 09:24:36,144 - main - INFO - 220413   grid24_2022041008.096
2022-07-04 09:24:37,760 - main - INFO - 220414   grid24_2022041008.120
2022-07-04 09:24:40,132 - main - INFO - 220415   grid24_2022041008.144
2022-07-04 09:24:41,481 - main - INFO - 220416   grid24_2022041008.168
2022-07-04 09:24:44,145 - main - INFO - 220417   grid24_2022041008.192
2022-07-04 09:24:45,533 - main - INFO - 220418   grid24_2022041008.216
2022-07-04 09:24:48,153 - main - INFO - 220419   grid24_2022041008.240
2022-07-04 09:30:20,497 - main - INFO - 开始处理是实况数据：2022-04-10
2022-07-04 09:30:20,544 - main - INFO - 当前设定计算时间为： 2022-04-09
2022-07-04 09:31:25,334 - main - INFO - 开始处理是预报数据：2022-04-10
2022-07-04 09:31:25,355 - main - INFO - 220410   grid24_2022041008.024
2022-07-04 09:31:26,688 - main - INFO - 220411   grid24_2022041008.048
2022-07-04 09:31:30,049 - main - INFO - 220412   grid24_2022041008.072
2022-07-04 09:31:31,397 - main - INFO - 220413   grid24_2022041008.096
2022-07-04 09:31:33,902 - main - INFO - 220414   grid24_2022041008.120
2022-07-04 09:31:36,188 - main - INFO - 220415   grid24_2022041008.144
2022-07-04 09:31:37,691 - main - INFO - 220416   grid24_2022041008.168
2022-07-04 09:31:39,039 - main - INFO - 220417   grid24_2022041008.192
2022-07-04 09:31:41,705 - main - INFO - 220418   grid24_2022041008.216
2022-07-04 09:31:43,651 - main - INFO - 220419   grid24_2022041008.240
2022-07-04 09:51:24,249 - main - INFO - 开始处理是实况数据：2022-04-10
2022-07-04 09:51:24,257 - main - INFO - 当前设定计算时间为： 2022-04-09
2022-07-04 09:52:04,471 - main - INFO - 开始处理是预报数据：2022-04-10
2022-07-04 09:52:04,484 - main - INFO - 220410   grid24_2022041008.024
2022-07-04 09:52:05,837 - main - INFO - 220411   grid24_2022041008.048
2022-07-04 09:52:07,100 - main - INFO - 220412   grid24_2022041008.072
2022-07-04 09:52:09,825 - main - INFO - 220413   grid24_2022041008.096
2022-07-04 09:52:11,271 - main - INFO - 220414   grid24_2022041008.120
2022-07-04 09:52:13,307 - main - INFO - 220415   grid24_2022041008.144
2022-07-04 09:52:15,825 - main - INFO - 220416   grid24_2022041008.168
2022-07-04 09:52:17,194 - main - INFO - 220417   grid24_2022041008.192
2022-07-04 09:52:19,984 - main - INFO - 220418   grid24_2022041008.216
2022-07-04 09:52:22,168 - main - INFO - 220419   grid24_2022041008.240
2022-07-04 10:15:41,801 - main - INFO - 开始处理是实况数据：2022-04-10
2022-07-04 10:15:41,842 - main - INFO - 当前设定计算时间为： 2022-04-09
2022-07-04 10:15:58,902 - main - INFO - 开始处理是实况数据：2022-04-10
2022-07-04 10:15:58,916 - main - INFO - 当前设定计算时间为： 2022-04-09
2022-07-04 10:16:43,992 - main - INFO - 开始处理是预报数据：2022-04-10
2022-07-04 10:16:44,003 - main - INFO - 220410   grid24_2022041008.024
2022-07-04 10:16:45,328 - main - INFO - 220411   grid24_2022041008.048
2022-07-04 10:16:46,637 - main - INFO - 220412   grid24_2022041008.072
2022-07-04 10:16:49,507 - main - INFO - 220413   grid24_2022041008.096
2022-07-04 10:16:50,844 - main - INFO - 220414   grid24_2022041008.120
2022-07-04 10:16:53,714 - main - INFO - 220415   grid24_2022041008.144
2022-07-04 10:16:55,465 - main - INFO - 220416   grid24_2022041008.168
2022-07-04 10:16:57,596 - main - INFO - 220417   grid24_2022041008.192
2022-07-04 10:16:58,752 - main - INFO - 220418   grid24_2022041008.216
2022-07-04 10:17:01,592 - main - INFO - 220419   grid24_2022041008.240
2022-07-04 10:18:44,821 - main - INFO - 开始处理是实况数据：2022-04-10
2022-07-04 10:18:44,854 - main - INFO - 当前设定计算时间为： 2022-04-09
2022-07-04 10:19:42,775 - main - INFO - 开始处理是预报数据：2022-04-10
2022-07-04 10:19:42,785 - main - INFO - 220410   grid24_2022041008.024
2022-07-04 10:19:44,171 - main - INFO - 220411   grid24_2022041008.048
2022-07-04 10:19:45,549 - main - INFO - 220412   grid24_2022041008.072
2022-07-04 10:19:48,331 - main - INFO - 220413   grid24_2022041008.096
2022-07-04 10:19:49,563 - main - INFO - 220414   grid24_2022041008.120
2022-07-04 10:19:52,334 - main - INFO - 220415   grid24_2022041008.144
2022-07-04 10:19:54,052 - main - INFO - 220416   grid24_2022041008.168
2022-07-04 10:19:56,263 - main - INFO - 220417   grid24_2022041008.192
2022-07-04 10:19:57,560 - main - INFO - 220418   grid24_2022041008.216
2022-07-04 10:20:00,275 - main - INFO - 220419   grid24_2022041008.240
2022-07-04 10:20:58,338 - main - INFO - 开始处理是实况数据：2022-04-10
2022-07-04 10:20:58,349 - main - INFO - 当前设定计算时间为： 2022-04-09
2022-07-04 10:21:54,131 - main - INFO - 开始处理是预报数据：2022-04-10
2022-07-04 10:21:54,140 - main - INFO - 220410   grid24_2022041008.024
2022-07-04 10:21:55,385 - main - INFO - 220411   grid24_2022041008.048
2022-07-04 10:21:58,652 - main - INFO - 220412   grid24_2022041008.072
2022-07-04 10:21:59,955 - main - INFO - 220413   grid24_2022041008.096
2022-07-04 10:22:02,740 - main - INFO - 220414   grid24_2022041008.120
2022-07-04 10:22:04,006 - main - INFO - 220415   grid24_2022041008.144
2022-07-04 10:22:06,662 - main - INFO - 220416   grid24_2022041008.168
2022-07-04 10:22:07,993 - main - INFO - 220417   grid24_2022041008.192
2022-07-04 10:22:10,479 - main - INFO - 220418   grid24_2022041008.216
2022-07-04 10:22:11,719 - main - INFO - 220419   grid24_2022041008.240
2022-07-04 10:23:22,558 - main - INFO - 开始处理是实况数据：2022-04-10
2022-07-04 10:23:22,593 - main - INFO - 当前设定计算时间为： 2022-04-09
2022-07-04 10:24:08,800 - main - INFO - 开始处理是预报数据：2022-04-10
2022-07-04 10:24:08,812 - main - INFO - 220410   grid24_2022041008.024
2022-07-04 10:24:09,964 - main - INFO - 220411   grid24_2022041008.048
2022-07-04 10:24:11,071 - main - INFO - 220412   grid24_2022041008.072
2022-07-04 10:24:12,199 - main - INFO - 220413   grid24_2022041008.096
2022-07-04 10:24:15,228 - main - INFO - 220414   grid24_2022041008.120
2022-07-04 10:24:16,524 - main - INFO - 220415   grid24_2022041008.144
2022-07-04 10:24:19,100 - main - INFO - 220416   grid24_2022041008.168
2022-07-04 10:24:20,299 - main - INFO - 220417   grid24_2022041008.192
2022-07-04 10:24:23,275 - main - INFO - 220418   grid24_2022041008.216
2022-07-04 10:24:24,470 - main - INFO - 220419   grid24_2022041008.240
2022-07-04 10:28:52,720 - main - INFO - 开始处理是实况数据：2022-04-10
2022-07-04 10:28:52,768 - main - INFO - 当前设定计算时间为： 2022-04-09
2022-07-04 10:29:44,421 - main - INFO - 开始处理是预报数据：2022-04-10
2022-07-04 10:29:44,430 - main - INFO - 220410   grid24_2022041008.024
2022-07-04 10:29:45,644 - main - INFO - 220411   grid24_2022041008.048
2022-07-04 10:29:48,634 - main - INFO - 220412   grid24_2022041008.072
2022-07-04 10:29:49,982 - main - INFO - 220413   grid24_2022041008.096
2022-07-04 10:29:52,442 - main - INFO - 220414   grid24_2022041008.120
2022-07-04 10:29:53,660 - main - INFO - 220415   grid24_2022041008.144
2022-07-04 10:29:56,662 - main - INFO - 220416   grid24_2022041008.168
2022-07-04 10:29:59,655 - main - INFO - 220417   grid24_2022041008.192
2022-07-04 10:30:00,910 - main - INFO - 220418   grid24_2022041008.216
2022-07-04 10:30:03,753 - main - INFO - 220419   grid24_2022041008.240
2022-07-04 10:40:10,439 - main - INFO - 开始处理是实况数据：2022-04-10
2022-07-04 10:40:10,501 - main - INFO - 当前设定计算时间为： 2022-04-09
2022-07-04 10:41:12,110 - main - INFO - 开始处理是预报数据：2022-04-10
2022-07-04 10:41:12,137 - main - INFO - 220410   grid24_2022041008.024
2022-07-04 10:41:13,568 - main - INFO - 220411   grid24_2022041008.048
2022-07-04 10:41:16,180 - main - INFO - 220412   grid24_2022041008.072
2022-07-04 10:41:17,640 - main - INFO - 220413   grid24_2022041008.096
2022-07-04 10:41:20,797 - main - INFO - 220414   grid24_2022041008.120
2022-07-04 10:41:22,180 - main - INFO - 220415   grid24_2022041008.144
2022-07-04 10:41:25,287 - main - INFO - 220416   grid24_2022041008.168
2022-07-04 10:41:27,260 - main - INFO - 220417   grid24_2022041008.192
2022-07-04 10:41:29,610 - main - INFO - 220418   grid24_2022041008.216
2022-07-04 10:41:32,154 - main - INFO - 220419   grid24_2022041008.240
2022-07-04 10:49:37,199 - main - INFO - 开始处理是实况数据：2022-04-10
2022-07-04 10:49:37,248 - main - INFO - 当前设定计算时间为： 2022-04-09
2022-07-04 10:50:40,615 - main - INFO - 开始处理是预报数据：2022-04-10
2022-07-04 10:50:40,631 - main - INFO - 220410   grid24_2022041008.024
2022-07-04 10:50:42,254 - main - INFO - 220411   grid24_2022041008.048
2022-07-04 10:50:45,608 - main - INFO - 220412   grid24_2022041008.072
2022-07-04 10:50:47,662 - main - INFO - 220413   grid24_2022041008.096
2022-07-04 10:50:49,241 - main - INFO - 220414   grid24_2022041008.120
2022-07-04 10:50:52,922 - main - INFO - 220415   grid24_2022041008.144
2022-07-04 10:50:54,512 - main - INFO - 220416   grid24_2022041008.168
2022-07-04 10:50:57,202 - main - INFO - 220417   grid24_2022041008.192
2022-07-04 10:50:58,372 - main - INFO - 220418   grid24_2022041008.216
2022-07-04 10:51:01,255 - main - INFO - 220419   grid24_2022041008.240
2022-07-04 10:52:51,940 - main - INFO - 开始处理是实况数据：2022-04-10
2022-07-04 10:52:51,954 - main - INFO - 当前设定计算时间为： 2022-04-09
2022-07-04 10:53:43,134 - main - INFO - 开始处理是预报数据：2022-04-10
2022-07-04 10:53:43,148 - main - INFO - 220410   grid24_2022041008.024
2022-07-04 10:53:44,452 - main - INFO - 220411   grid24_2022041008.048
2022-07-04 10:53:47,720 - main - INFO - 220412   grid24_2022041008.072
2022-07-04 10:53:49,216 - main - INFO - 220413   grid24_2022041008.096
2022-07-04 10:53:52,172 - main - INFO - 220414   grid24_2022041008.120
2022-07-04 10:53:55,259 - main - INFO - 220415   grid24_2022041008.144
2022-07-04 10:53:56,724 - main - INFO - 220416   grid24_2022041008.168
2022-07-04 10:54:00,077 - main - INFO - 220417   grid24_2022041008.192
2022-07-04 10:54:03,531 - main - INFO - 220418   grid24_2022041008.216
2022-07-04 10:54:04,926 - main - INFO - 220419   grid24_2022041008.240
2022-07-04 10:57:28,465 - main - INFO - 开始处理是实况数据：2022-04-10
2022-07-04 10:57:28,502 - main - INFO - 当前设定计算时间为： 2022-04-09
2022-07-04 10:58:32,080 - main - INFO - 开始处理是预报数据：2022-04-10
2022-07-04 10:58:32,112 - main - INFO - 220410   grid24_2022041008.024
2022-07-04 10:58:33,375 - main - INFO - 220411   grid24_2022041008.048
2022-07-04 10:58:36,226 - main - INFO - 220412   grid24_2022041008.072
2022-07-04 10:58:39,027 - main - INFO - 220413   grid24_2022041008.096
2022-07-04 10:58:40,804 - main - INFO - 220414   grid24_2022041008.120
2022-07-04 10:58:44,859 - main - INFO - 220415   grid24_2022041008.144
2022-07-04 10:58:46,444 - main - INFO - 220416   grid24_2022041008.168
2022-07-04 10:58:49,008 - main - INFO - 220417   grid24_2022041008.192
2022-07-04 10:58:50,745 - main - INFO - 220418   grid24_2022041008.216
2022-07-04 10:58:54,977 - main - INFO - 220419   grid24_2022041008.240
2022-07-04 11:07:11,885 - main - INFO - 开始处理是实况数据：2022-04-10
2022-07-04 11:07:11,909 - main - INFO - 当前设定计算时间为： 2022-04-09
2022-07-04 11:08:08,452 - main - INFO - 开始处理是预报数据：2022-04-10
2022-07-04 11:08:08,460 - main - INFO - 220410   grid24_2022041008.024
2022-07-04 11:08:09,584 - main - INFO - 220411   grid24_2022041008.048
2022-07-04 11:08:12,652 - main - INFO - 220412   grid24_2022041008.072
2022-07-04 11:08:13,834 - main - INFO - 220413   grid24_2022041008.096
2022-07-04 11:08:17,065 - main - INFO - 220414   grid24_2022041008.120
2022-07-04 11:08:19,111 - main - INFO - 220415   grid24_2022041008.144
2022-07-04 11:08:20,932 - main - INFO - 220416   grid24_2022041008.168
2022-07-04 11:08:22,378 - main - INFO - 220417   grid24_2022041008.192
2022-07-04 11:08:24,900 - main - INFO - 220418   grid24_2022041008.216
2022-07-04 11:08:26,529 - main - INFO - 220419   grid24_2022041008.240
2022-07-04 11:10:57,290 - main - INFO - 开始处理是实况数据：2022-04-10
2022-07-04 11:10:57,299 - main - INFO - 当前设定计算时间为： 2022-04-09
2022-07-04 11:11:32,448 - main - INFO - 开始处理是预报数据：2022-04-10
2022-07-04 11:11:32,456 - main - INFO - 220410   grid24_2022041008.024
2022-07-04 11:11:33,675 - main - INFO - 220411   grid24_2022041008.048
2022-07-04 11:11:35,660 - main - INFO - 220412   grid24_2022041008.072
2022-07-04 11:11:37,380 - main - INFO - 220413   grid24_2022041008.096
2022-07-04 11:11:38,507 - main - INFO - 220414   grid24_2022041008.120
2022-07-04 11:11:41,502 - main - INFO - 220415   grid24_2022041008.144
2022-07-04 11:11:42,818 - main - INFO - 220416   grid24_2022041008.168
2022-07-04 11:11:45,647 - main - INFO - 220417   grid24_2022041008.192
2022-07-04 11:11:46,948 - main - INFO - 220418   grid24_2022041008.216
2022-07-04 11:11:49,568 - main - INFO - 220419   grid24_2022041008.240
2022-07-04 13:14:42,838 - main - INFO - 开始处理是实况数据：2022-04-10
2022-07-04 13:14:42,846 - main - INFO - 当前设定计算时间为： 2022-04-09
2022-07-04 13:15:21,007 - main - INFO - 开始处理是预报数据：2022-04-10
2022-07-04 13:15:21,028 - main - INFO - 220410   grid24_2022041008.024
2022-07-04 13:15:22,400 - main - INFO - 220411   grid24_2022041008.048
2022-07-04 13:15:24,311 - main - INFO - 220412   grid24_2022041008.072
2022-07-04 13:15:26,145 - main - INFO - 220413   grid24_2022041008.096
2022-07-04 13:15:27,673 - main - INFO - 220414   grid24_2022041008.120
2022-07-04 13:15:30,284 - main - INFO - 220415   grid24_2022041008.144
2022-07-04 13:15:31,533 - main - INFO - 220416   grid24_2022041008.168
2022-07-04 13:15:34,109 - main - INFO - 220417   grid24_2022041008.192
2022-07-04 13:15:35,514 - main - INFO - 220418   grid24_2022041008.216
2022-07-04 13:15:38,336 - main - INFO - 220419   grid24_2022041008.240
2022-07-04 13:15:40,554 - main - ERROR - 'NoneType' object has no attribute 'dtype'
2022-07-04 13:32:11,852 - main - INFO - 开始处理是实况数据：2022-09-10
2022-07-04 13:32:11,888 - main - INFO - 当前设定计算时间为： 2022-09-09
2022-07-04 13:36:12,682 - main - INFO - 开始处理是预报数据：2022-09-10
2022-07-04 13:36:12,693 - main - INFO - 220910   grid24_2022091008.024
2022-07-04 13:36:12,696 - main - INFO - 220911   grid24_2022091008.048
2022-07-04 13:36:12,701 - main - INFO - 220912   grid24_2022091008.072
2022-07-04 13:36:12,706 - main - INFO - 220913   grid24_2022091008.096
2022-07-04 13:36:12,710 - main - INFO - 220914   grid24_2022091008.120
2022-07-04 13:36:12,714 - main - INFO - 220915   grid24_2022091008.144
2022-07-04 13:36:12,719 - main - INFO - 220916   grid24_2022091008.168
2022-07-04 13:36:12,723 - main - INFO - 220917   grid24_2022091008.192
2022-07-04 13:36:12,728 - main - INFO - 220918   grid24_2022091008.216
2022-07-04 13:36:12,732 - main - INFO - 220919   grid24_2022091008.240
2022-07-04 13:36:16,946 - main - ERROR - 'NoneType' object is not iterable
2022-07-04 13:40:24,078 - main - INFO - 开始处理是实况数据：2022-09-10
2022-07-04 13:40:24,096 - main - INFO - 当前设定计算时间为： 2022-09-09
2022-07-04 13:42:31,663 - main - INFO - 开始处理是预报数据：2022-09-10
2022-07-04 13:42:31,670 - main - INFO - 220910   grid24_2022091008.024
2022-07-04 13:42:31,673 - main - INFO - 220911   grid24_2022091008.048
2022-07-04 13:42:31,676 - main - INFO - 220912   grid24_2022091008.072
2022-07-04 13:42:31,679 - main - INFO - 220913   grid24_2022091008.096
2022-07-04 13:42:31,682 - main - INFO - 220914   grid24_2022091008.120
2022-07-04 13:42:31,685 - main - INFO - 220915   grid24_2022091008.144
2022-07-04 13:42:31,689 - main - INFO - 220916   grid24_2022091008.168
2022-07-04 13:42:31,692 - main - INFO - 220917   grid24_2022091008.192
2022-07-04 13:42:31,695 - main - INFO - 220918   grid24_2022091008.216
2022-07-04 13:42:31,700 - main - INFO - 220919   grid24_2022091008.240
2022-07-04 13:42:36,000 - main - ERROR - 'NoneType' object is not iterable
2022-07-04 16:29:13,278 - main - INFO - 开始处理是实况数据：2022-09-10
2022-07-04 16:29:13,288 - main - INFO - 当前设定计算时间为： 2022-09-09
2022-07-04 16:32:02,387 - main - INFO - 开始处理是预报数据：2022-09-10
2022-07-04 16:32:02,398 - main - INFO - 220910   grid24_2022091008.024
2022-07-04 16:32:02,404 - main - INFO - 220911   grid24_2022091008.048
2022-07-04 16:32:02,408 - main - INFO - 220912   grid24_2022091008.072
2022-07-04 16:32:02,421 - main - INFO - 220913   grid24_2022091008.096
2022-07-04 16:32:02,427 - main - INFO - 220914   grid24_2022091008.120
2022-07-04 16:32:02,435 - main - INFO - 220915   grid24_2022091008.144
2022-07-04 16:32:02,441 - main - INFO - 220916   grid24_2022091008.168
2022-07-04 16:32:02,450 - main - INFO - 220917   grid24_2022091008.192
2022-07-04 16:32:02,459 - main - INFO - 220918   grid24_2022091008.216
2022-07-04 16:32:02,465 - main - INFO - 220919   grid24_2022091008.240
2022-07-04 16:32:02,586 - main - ERROR - 'StationInfo' object has no attribute 'sta_obj_list'
2022-07-04 17:02:24,268 - main - INFO - 开始处理是实况数据：2022-09-10
2022-07-04 17:02:24,288 - main - INFO - 当前设定计算时间为： 2022-09-09
2022-07-04 17:05:00,843 - main - INFO - 开始处理是预报数据：2022-09-10
2022-07-04 17:05:00,849 - main - INFO - 220910   grid24_2022091008.024
2022-07-04 17:05:00,852 - main - INFO - 220911   grid24_2022091008.048
2022-07-04 17:05:00,855 - main - INFO - 220912   grid24_2022091008.072
2022-07-04 17:05:00,858 - main - INFO - 220913   grid24_2022091008.096
2022-07-04 17:05:00,861 - main - INFO - 220914   grid24_2022091008.120
2022-07-04 17:05:00,865 - main - INFO - 220915   grid24_2022091008.144
2022-07-04 17:05:00,869 - main - INFO - 220916   grid24_2022091008.168
2022-07-04 17:05:00,873 - main - INFO - 220917   grid24_2022091008.192
2022-07-04 17:05:00,876 - main - INFO - 220918   grid24_2022091008.216
2022-07-04 17:05:00,879 - main - INFO - 220919   grid24_2022091008.240
2022-07-04 17:05:01,012 - main - ERROR - 'StationInfo' object has no attribute 'sta_obj_list'
2022-07-04 17:06:46,552 - main - INFO - 开始处理是实况数据：2022-09-10
2022-07-04 17:06:46,569 - main - INFO - 当前设定计算时间为： 2022-09-09
2022-07-04 17:09:30,513 - main - INFO - 开始处理是预报数据：2022-09-10
2022-07-04 17:09:30,547 - main - INFO - 220910   grid24_2022091008.024
2022-07-04 17:09:30,556 - main - INFO - 220911   grid24_2022091008.048
2022-07-04 17:09:30,567 - main - INFO - 220912   grid24_2022091008.072
2022-07-04 17:09:30,578 - main - INFO - 220913   grid24_2022091008.096
2022-07-04 17:09:30,587 - main - INFO - 220914   grid24_2022091008.120
2022-07-04 17:09:30,597 - main - INFO - 220915   grid24_2022091008.144
2022-07-04 17:09:30,602 - main - INFO - 220916   grid24_2022091008.168
2022-07-04 17:09:30,618 - main - INFO - 220917   grid24_2022091008.192
2022-07-04 17:09:30,626 - main - INFO - 220918   grid24_2022091008.216
2022-07-04 17:09:30,636 - main - INFO - 220919   grid24_2022091008.240
2022-07-04 17:09:30,777 - main - ERROR - 'StationInfo' object has no attribute 'sta_obj_list'
2022-07-04 17:10:17,777 - main - INFO - 开始处理是实况数据：2022-04-10
2022-07-04 17:10:17,814 - main - INFO - 当前设定计算时间为： 2022-04-09
2022-07-04 17:10:52,364 - main - INFO - 开始处理是预报数据：2022-04-10
2022-07-04 17:10:52,394 - main - INFO - 220410   grid24_2022041008.024
2022-07-04 17:10:53,727 - main - INFO - 220411   grid24_2022041008.048
2022-07-04 17:10:54,847 - main - INFO - 220412   grid24_2022041008.072
2022-07-04 17:10:57,324 - main - INFO - 220413   grid24_2022041008.096
2022-07-04 17:10:59,850 - main - INFO - 220414   grid24_2022041008.120
2022-07-04 17:11:00,738 - main - INFO - 220415   grid24_2022041008.144
2022-07-04 17:11:02,062 - main - INFO - 220416   grid24_2022041008.168
2022-07-04 17:11:04,075 - main - INFO - 220417   grid24_2022041008.192
2022-07-04 17:11:05,077 - main - INFO - 220418   grid24_2022041008.216
2022-07-04 17:11:07,707 - main - INFO - 220419   grid24_2022041008.240
2022-07-04 17:11:08,931 - main - ERROR - 'StationInfo' object has no attribute 'sta_obj_list'
2022-07-04 17:11:49,092 - main - INFO - 开始处理是实况数据：2022-04-10
2022-07-04 17:11:49,104 - main - INFO - 当前设定计算时间为： 2022-04-09
2022-07-04 17:12:52,699 - main - INFO - 开始处理是预报数据：2022-04-10
2022-07-04 17:12:52,728 - main - INFO - 220410   grid24_2022041008.024
2022-07-04 17:12:53,867 - main - INFO - 220411   grid24_2022041008.048
2022-07-04 17:12:56,477 - main - INFO - 220412   grid24_2022041008.072
2022-07-04 17:12:57,597 - main - INFO - 220413   grid24_2022041008.096
2022-07-04 17:13:00,765 - main - INFO - 220414   grid24_2022041008.120
2022-07-04 17:13:01,867 - main - INFO - 220415   grid24_2022041008.144
2022-07-04 17:13:04,371 - main - INFO - 220416   grid24_2022041008.168
2022-07-04 17:13:05,486 - main - INFO - 220417   grid24_2022041008.192
2022-07-04 17:13:08,513 - main - INFO - 220418   grid24_2022041008.216
2022-07-04 17:13:09,591 - main - INFO - 220419   grid24_2022041008.240
2022-07-04 17:13:12,559 - main - ERROR - 'StationInfo' object has no attribute '_save_rainy_days_begin_to_file'
2022-07-04 17:13:29,916 - main - INFO - 开始处理是实况数据：2022-04-10
2022-07-04 17:13:29,953 - main - INFO - 当前设定计算时间为： 2022-04-09
2022-07-04 17:14:01,311 - main - INFO - 开始处理是实况数据：2022-04-10
2022-07-04 17:14:01,341 - main - INFO - 当前设定计算时间为： 2022-04-09
2022-07-04 17:14:57,404 - main - INFO - 开始处理是预报数据：2022-04-10
2022-07-04 17:14:57,434 - main - INFO - 220410   grid24_2022041008.024
2022-07-04 17:14:58,625 - main - INFO - 220411   grid24_2022041008.048
2022-07-04 17:14:59,743 - main - INFO - 220412   grid24_2022041008.072
2022-07-04 17:15:01,997 - main - INFO - 220413   grid24_2022041008.096
2022-07-04 17:15:04,966 - main - INFO - 220414   grid24_2022041008.120
2022-07-04 17:15:06,038 - main - INFO - 220415   grid24_2022041008.144
2022-07-04 17:15:08,966 - main - INFO - 220416   grid24_2022041008.168
2022-07-04 17:15:10,087 - main - INFO - 220417   grid24_2022041008.192
2022-07-04 17:15:12,928 - main - INFO - 220418   grid24_2022041008.216
2022-07-04 17:15:14,011 - main - INFO - 220419   grid24_2022041008.240
2022-07-04 17:15:16,969 - main - ERROR - cannot unpack non-iterable NoneType object
2022-07-04 17:15:36,196 - main - INFO - 开始处理是实况数据：2022-04-10
2022-07-04 17:15:36,232 - main - INFO - 当前设定计算时间为： 2022-04-09
2022-07-04 17:16:20,093 - main - INFO - 开始处理是预报数据：2022-04-10
2022-07-04 17:16:20,102 - main - INFO - 220410   grid24_2022041008.024
2022-07-04 17:16:21,043 - main - INFO - 220411   grid24_2022041008.048
2022-07-04 17:16:22,113 - main - INFO - 220412   grid24_2022041008.072
2022-07-04 17:16:24,928 - main - INFO - 220413   grid24_2022041008.096
2022-07-04 17:16:26,008 - main - INFO - 220414   grid24_2022041008.120
2022-07-04 17:16:28,737 - main - INFO - 220415   grid24_2022041008.144
2022-07-04 17:16:30,228 - main - INFO - 220416   grid24_2022041008.168
2022-07-04 17:16:33,545 - main - INFO - 220417   grid24_2022041008.192
2022-07-04 17:16:34,631 - main - INFO - 220418   grid24_2022041008.216
2022-07-04 17:16:37,039 - main - INFO - 220419   grid24_2022041008.240
2022-07-04 17:16:38,007 - main - ERROR - cannot unpack non-iterable NoneType object
2022-07-04 17:16:53,337 - main - INFO - 开始处理是实况数据：2022-04-10
2022-07-04 17:16:53,362 - main - INFO - 当前设定计算时间为： 2022-04-09
2022-07-04 17:17:38,014 - main - INFO - 开始处理是预报数据：2022-04-10
2022-07-04 17:17:38,022 - main - INFO - 220410   grid24_2022041008.024
2022-07-04 17:17:38,985 - main - INFO - 220411   grid24_2022041008.048
2022-07-04 17:17:41,536 - main - INFO - 220412   grid24_2022041008.072
2022-07-04 17:17:42,606 - main - INFO - 220413   grid24_2022041008.096
2022-07-04 17:17:45,458 - main - INFO - 220414   grid24_2022041008.120
2022-07-04 17:17:46,488 - main - INFO - 220415   grid24_2022041008.144
2022-07-04 17:17:49,628 - main - INFO - 220416   grid24_2022041008.168
2022-07-04 17:17:50,692 - main - INFO - 220417   grid24_2022041008.192
2022-07-04 17:17:53,492 - main - INFO - 220418   grid24_2022041008.216
2022-07-04 17:17:54,432 - main - INFO - 220419   grid24_2022041008.240
2022-07-04 17:18:20,069 - main - INFO - 开始处理是实况数据：2022-04-10
2022-07-04 17:18:20,106 - main - INFO - 当前设定计算时间为： 2022-04-09
2022-07-04 17:18:45,146 - main - INFO - 开始处理是预报数据：2022-04-10
2022-07-04 17:18:45,154 - main - INFO - 220410   grid24_2022041008.024
2022-07-04 17:18:46,007 - main - INFO - 220411   grid24_2022041008.048
2022-07-04 17:18:46,856 - main - INFO - 220412   grid24_2022041008.072
2022-07-04 17:18:49,612 - main - INFO - 220413   grid24_2022041008.096
2022-07-04 17:18:50,446 - main - INFO - 220414   grid24_2022041008.120
2022-07-04 17:18:51,292 - main - INFO - 220415   grid24_2022041008.144
2022-07-04 17:18:53,792 - main - INFO - 220416   grid24_2022041008.168
2022-07-04 17:18:54,889 - main - INFO - 220417   grid24_2022041008.192
2022-07-04 17:18:57,870 - main - INFO - 220418   grid24_2022041008.216
2022-07-04 17:18:59,004 - main - INFO - 220419   grid24_2022041008.240
2022-07-04 17:19:59,382 - main - INFO - 开始处理是实况数据：2022-04-10
2022-07-04 17:19:59,423 - main - INFO - 当前设定计算时间为： 2022-04-09
2022-07-04 17:20:30,986 - main - INFO - 开始处理是预报数据：2022-04-10
2022-07-04 17:20:30,994 - main - INFO - 220410   grid24_2022041008.024
2022-07-04 17:20:31,943 - main - INFO - 220411   grid24_2022041008.048
2022-07-04 17:20:32,836 - main - INFO - 220412   grid24_2022041008.072
2022-07-04 17:20:33,715 - main - INFO - 220413   grid24_2022041008.096
2022-07-04 17:20:36,289 - main - INFO - 220414   grid24_2022041008.120
2022-07-04 17:20:37,354 - main - INFO - 220415   grid24_2022041008.144
2022-07-04 17:20:40,231 - main - INFO - 220416   grid24_2022041008.168
2022-07-04 17:20:41,179 - main - INFO - 220417   grid24_2022041008.192
2022-07-04 17:20:44,083 - main - INFO - 220418   grid24_2022041008.216
2022-07-04 17:20:45,095 - main - INFO - 220419   grid24_2022041008.240
2022-07-04 17:25:18,793 - main - INFO - 开始处理是实况数据：2022-04-10
2022-07-04 17:25:18,805 - main - INFO - 当前设定计算时间为： 2022-04-09
2022-07-04 17:26:14,090 - main - INFO - 开始处理是预报数据：2022-04-10
2022-07-04 17:26:14,098 - main - INFO - 220410   grid24_2022041008.024
2022-07-04 17:26:15,026 - main - INFO - 220411   grid24_2022041008.048
2022-07-04 17:26:15,877 - main - INFO - 220412   grid24_2022041008.072
2022-07-04 17:26:16,734 - main - INFO - 220413   grid24_2022041008.096
2022-07-04 17:26:19,321 - main - INFO - 220414   grid24_2022041008.120
2022-07-04 17:26:20,173 - main - INFO - 220415   grid24_2022041008.144
2022-07-04 17:26:21,591 - main - INFO - 220416   grid24_2022041008.168
2022-07-04 17:26:23,603 - main - INFO - 220417   grid24_2022041008.192
2022-07-04 17:26:24,629 - main - INFO - 220418   grid24_2022041008.216
2022-07-04 17:26:27,705 - main - INFO - 220419   grid24_2022041008.240
2022-07-04 17:30:23,146 - main - INFO - 开始处理是实况数据：2022-04-10
2022-07-04 17:30:23,190 - main - INFO - 当前设定计算时间为： 2022-04-09
2022-07-04 17:47:16,950 - main - INFO - 开始处理是预报数据：2022-04-10
2022-07-04 17:47:16,981 - main - INFO - 220410   grid24_2022041008.024
2022-07-04 17:47:19,197 - main - INFO - 220411   grid24_2022041008.048
2022-07-04 17:47:22,377 - main - INFO - 220412   grid24_2022041008.072
2022-07-04 17:47:24,604 - main - INFO - 220413   grid24_2022041008.096
2022-07-04 17:47:26,470 - main - INFO - 220414   grid24_2022041008.120
2022-07-04 17:47:29,426 - main - INFO - 220415   grid24_2022041008.144
2022-07-04 17:47:31,104 - main - INFO - 220416   grid24_2022041008.168
2022-07-04 17:47:35,040 - main - INFO - 220417   grid24_2022041008.192
2022-07-04 17:47:38,810 - main - INFO - 220418   grid24_2022041008.216
2022-07-04 17:47:41,318 - main - INFO - 220419   grid24_2022041008.240
2022-07-04 17:47:44,129 - main - ERROR - cannot unpack non-iterable NoneType object
2022-07-04 17:48:04,420 - main - INFO - 开始处理是实况数据：2022-04-10
2022-07-04 17:48:04,430 - main - INFO - 当前设定计算时间为： 2022-04-09
2022-07-04 17:48:13,582 - main - INFO - 开始处理是实况数据：2022-04-10
2022-07-04 17:48:13,599 - main - INFO - 当前设定计算时间为： 2022-04-09
2022-07-04 17:50:52,443 - main - INFO - 开始处理是预报数据：2022-04-10
2022-07-04 17:50:52,473 - main - INFO - 220410   grid24_2022041008.024
2022-07-04 17:50:53,800 - main - INFO - 220411   grid24_2022041008.048
2022-07-04 17:50:56,670 - main - INFO - 220412   grid24_2022041008.072
2022-07-04 17:50:57,826 - main - INFO - 220413   grid24_2022041008.096
2022-07-04 17:51:00,628 - main - INFO - 220414   grid24_2022041008.120
2022-07-04 17:51:01,489 - main - INFO - 220415   grid24_2022041008.144
2022-07-04 17:51:04,076 - main - INFO - 220416   grid24_2022041008.168
2022-07-04 17:51:05,019 - main - INFO - 220417   grid24_2022041008.192
2022-07-04 17:51:06,091 - main - INFO - 220418   grid24_2022041008.216
2022-07-04 17:51:08,526 - main - INFO - 220419   grid24_2022041008.240
2022-07-04 17:52:07,044 - main - ERROR - cannot unpack non-iterable NoneType object
2022-07-04 17:52:48,076 - main - INFO - 开始处理是实况数据：2022-04-10
2022-07-04 17:52:48,112 - main - INFO - 当前设定计算时间为： 2022-04-09
2022-07-04 17:55:15,560 - main - INFO - 开始处理是预报数据：2022-04-10
2022-07-04 17:55:15,607 - main - INFO - 220410   grid24_2022041008.024
2022-07-04 17:55:17,545 - main - INFO - 220411   grid24_2022041008.048
2022-07-04 17:55:19,608 - main - INFO - 220412   grid24_2022041008.072
2022-07-04 17:55:22,159 - main - INFO - 220413   grid24_2022041008.096
2022-07-04 17:55:26,182 - main - INFO - 220414   grid24_2022041008.120
2022-07-04 17:55:28,662 - main - INFO - 220415   grid24_2022041008.144
2022-07-04 17:55:31,738 - main - INFO - 220416   grid24_2022041008.168
2022-07-04 17:55:33,597 - main - INFO - 220417   grid24_2022041008.192
2022-07-04 17:55:35,469 - main - INFO - 220418   grid24_2022041008.216
2022-07-04 17:55:37,188 - main - INFO - 220419   grid24_2022041008.240
2022-07-04 17:55:40,234 - main - ERROR - cannot unpack non-iterable NoneType object
2022-07-04 17:56:20,201 - main - INFO - 开始处理是实况数据：2022-04-10
2022-07-04 17:56:20,249 - main - INFO - 当前设定计算时间为： 2022-04-09
2022-07-04 17:56:40,997 - main - INFO - 开始处理是实况数据：2022-04-10
2022-07-04 17:56:41,061 - main - INFO - 当前设定计算时间为： 2022-04-09
2022-07-04 17:59:34,837 - main - INFO - 开始处理是预报数据：2022-04-10
2022-07-04 17:59:34,879 - main - INFO - 220410   grid24_2022041008.024
2022-07-04 17:59:36,641 - main - INFO - 220411   grid24_2022041008.048
2022-07-04 17:59:38,401 - main - INFO - 220412   grid24_2022041008.072
2022-07-04 17:59:40,244 - main - INFO - 220413   grid24_2022041008.096
2022-07-04 17:59:42,475 - main - INFO - 220414   grid24_2022041008.120
2022-07-04 17:59:44,915 - main - INFO - 220415   grid24_2022041008.144
2022-07-04 17:59:46,932 - main - INFO - 220416   grid24_2022041008.168
2022-07-04 17:59:48,870 - main - INFO - 220417   grid24_2022041008.192
2022-07-04 17:59:50,496 - main - INFO - 220418   grid24_2022041008.216
2022-07-04 17:59:52,899 - main - INFO - 220419   grid24_2022041008.240
2022-07-04 18:01:36,876 - main - INFO - 开始处理是实况数据：2022-04-10
2022-07-04 18:01:36,893 - main - INFO - 当前设定计算时间为： 2022-04-09
2022-07-04 18:02:35,831 - main - INFO - 开始处理是预报数据：2022-04-10
2022-07-04 18:02:35,838 - main - INFO - 220410   grid24_2022041008.024
2022-07-04 18:02:36,703 - main - INFO - 220411   grid24_2022041008.048
2022-07-04 18:02:37,573 - main - INFO - 220412   grid24_2022041008.072
2022-07-04 18:02:38,470 - main - INFO - 220413   grid24_2022041008.096
2022-07-04 18:02:40,960 - main - INFO - 220414   grid24_2022041008.120
2022-07-04 18:02:41,997 - main - INFO - 220415   grid24_2022041008.144
2022-07-04 18:02:44,996 - main - INFO - 220416   grid24_2022041008.168
2022-07-04 18:02:45,935 - main - INFO - 220417   grid24_2022041008.192
2022-07-04 18:02:47,358 - main - INFO - 220418   grid24_2022041008.216
2022-07-04 18:02:48,886 - main - INFO - 220419   grid24_2022041008.240
2022-07-04 18:04:45,096 - main - INFO - 开始处理是实况数据：2022-04-10
2022-07-04 18:04:45,108 - main - INFO - 当前设定计算时间为： 2022-04-09
2022-07-04 18:06:09,840 - main - INFO - 开始处理是预报数据：2022-04-10
2022-07-04 18:06:09,854 - main - INFO - 220410   grid24_2022041008.024
2022-07-04 18:06:10,836 - main - INFO - 220411   grid24_2022041008.048
2022-07-04 18:06:11,893 - main - INFO - 220412   grid24_2022041008.072
2022-07-04 18:06:12,905 - main - INFO - 220413   grid24_2022041008.096
2022-07-04 18:06:15,821 - main - INFO - 220414   grid24_2022041008.120
2022-07-04 18:06:16,786 - main - INFO - 220415   grid24_2022041008.144
2022-07-04 18:06:19,774 - main - INFO - 220416   grid24_2022041008.168
2022-07-04 18:06:20,798 - main - INFO - 220417   grid24_2022041008.192
2022-07-04 18:06:23,491 - main - INFO - 220418   grid24_2022041008.216
2022-07-04 18:06:24,466 - main - INFO - 220419   grid24_2022041008.240
2022-07-04 18:06:30,431 - main - ERROR - 'PictureDrawTask' object has no attribute 'sta_obj_list'
