2022-07-12 09:24:31,573 - main - INFO - 开始处理是实况数据：2022-06-25
2022-07-12 09:24:31,605 - main - INFO - 当前设定计算时间为： 2022-06-24
2022-07-12 09:25:18,485 - main - INFO - 开始处理是预报数据：2022-06-25
2022-07-12 11:43:52,468 - main - INFO - 开始处理是实况数据：2022-06-01
2022-07-12 11:43:52,540 - main - INFO - 当前设定计算时间为： 2022-05-31
2022-07-12 11:44:32,415 - main - INFO - 开始处理是预报数据：2022-06-01
2022-07-12 11:44:43,833 - main - INFO - 开始处理是实况数据：2022-06-02
2022-07-12 11:44:43,872 - main - INFO - 当前设定计算时间为： 2022-06-01
2022-07-12 11:45:19,352 - main - INFO - 开始处理是预报数据：2022-06-02
2022-07-12 11:45:30,976 - main - INFO - 开始处理是实况数据：2022-06-03
2022-07-12 11:45:31,030 - main - INFO - 当前设定计算时间为： 2022-06-02
2022-07-12 11:46:00,806 - main - INFO - 开始处理是预报数据：2022-06-03
2022-07-12 11:46:11,603 - main - INFO - 开始处理是实况数据：2022-06-04
2022-07-12 11:46:11,611 - main - INFO - 当前设定计算时间为： 2022-06-03
2022-07-12 11:46:40,502 - main - INFO - 开始处理是预报数据：2022-06-04
2022-07-12 11:46:53,046 - main - INFO - 开始处理是实况数据：2022-06-05
2022-07-12 11:46:53,107 - main - INFO - 当前设定计算时间为： 2022-06-04
2022-07-12 11:47:34,546 - main - INFO - 开始处理是预报数据：2022-06-05
2022-07-12 14:32:41,531 - main - INFO - 开始处理是实况数据：2022-06-01
2022-07-12 14:32:41,576 - main - INFO - 当前设定计算时间为： 2022-05-31
2022-07-12 14:42:34,120 - main - INFO - 开始处理是实况数据：2022-06-01
2022-07-12 14:42:34,163 - main - INFO - 当前设定计算时间为： 2022-05-31
2022-07-12 14:43:12,459 - main - INFO - 开始处理是预报数据：2022-06-01
2022-07-12 14:59:10,348 - main - INFO - 开始处理是实况数据：2022-06-01
2022-07-12 14:59:10,420 - main - INFO - 当前设定计算时间为： 2022-05-31
2022-07-12 14:59:52,827 - main - INFO - 开始处理是预报数据：2022-06-01
2022-07-12 15:02:51,439 - main - INFO - 开始处理是实况数据：2022-06-01
2022-07-12 15:02:51,502 - main - INFO - 当前设定计算时间为： 2022-05-31
2022-07-12 15:03:39,323 - main - INFO - 开始处理是预报数据：2022-06-01
2022-07-12 15:05:39,589 - main - INFO - 开始处理是实况数据：2022-06-01
2022-07-12 15:05:39,604 - main - INFO - 当前设定计算时间为： 2022-05-31
2022-07-12 15:06:13,066 - main - INFO - 开始处理是预报数据：2022-06-01
2022-07-12 15:13:06,104 - main - INFO - 开始处理是实况数据：2022-06-01
2022-07-12 15:13:06,114 - main - INFO - 当前设定计算时间为： 2022-05-31
2022-07-12 15:13:43,682 - main - INFO - 开始处理是预报数据：2022-06-01
2022-07-12 15:13:43,723 - main - INFO - 220601   grid24_2022060108.024
2022-07-12 15:13:44,917 - main - INFO - 220602   grid24_2022060208.024
2022-07-12 15:13:46,525 - main - INFO - 220603   grid24_2022060308.024
2022-07-12 15:13:50,424 - main - INFO - 220604   grid24_2022060408.024
2022-07-12 15:13:51,555 - main - INFO - 220605   grid24_2022060508.024
2022-07-12 15:13:54,041 - main - INFO - 220606   grid24_2022060608.024
2022-07-12 15:13:55,001 - main - INFO - 220607   grid24_2022060708.024
2022-07-12 15:13:55,955 - main - INFO - 220608   grid24_2022060808.024
2022-07-12 15:13:58,422 - main - INFO - 220609   grid24_2022060908.024
2022-07-12 15:13:59,382 - main - INFO - 220610   grid24_2022061008.024
2022-07-12 15:13:59,386 - main - INFO - 220611   grid24_2022061108.024
2022-07-12 15:14:00,788 - main - INFO - 220612   grid24_2022061208.024
2022-07-12 15:14:04,575 - main - INFO - 220613   grid24_2022061308.024
2022-07-12 15:14:05,904 - main - INFO - 220614   grid24_2022061408.024
2022-07-12 15:14:08,567 - main - INFO - 220615   grid24_2022061508.024
2022-07-12 15:14:09,824 - main - INFO - 220616   grid24_2022061608.024
2022-07-12 15:14:12,754 - main - INFO - 220617   grid24_2022061708.024
2022-07-12 15:14:14,004 - main - INFO - 220618   grid24_2022061808.024
2022-07-12 15:14:16,705 - main - INFO - 220619   grid24_2022061908.024
2022-07-12 15:14:17,992 - main - INFO - 220620   grid24_2022062008.024
2022-07-12 15:14:20,640 - main - INFO - 220621   grid24_2022062108.024
2022-07-12 15:14:21,840 - main - INFO - 220622   grid24_2022062208.024
2022-07-12 15:14:24,752 - main - INFO - 220623   grid24_2022062308.024
2022-07-12 15:14:26,063 - main - INFO - 220624   grid24_2022062408.024
2022-07-12 15:14:28,897 - main - INFO - 220625   grid24_2022062508.024
2022-07-12 15:14:30,171 - main - INFO - 220626   grid24_2022062608.024
2022-07-12 15:14:32,700 - main - INFO - 220627   grid24_2022062708.024
2022-07-12 15:14:33,917 - main - INFO - 220628   grid24_2022062808.024
2022-07-12 15:14:37,119 - main - INFO - 220629   grid24_2022062908.024
2022-07-12 15:14:38,422 - main - INFO - 220630   grid24_2022063008.024
2022-07-12 15:14:46,676 - main - INFO - 开始处理是实况数据：2022-06-02
2022-07-12 15:14:46,702 - main - INFO - 当前设定计算时间为： 2022-06-01
2022-07-12 15:15:18,717 - main - INFO - 开始处理是实况数据：2022-06-01
2022-07-12 15:15:18,758 - main - INFO - 当前设定计算时间为： 2022-05-31
2022-07-12 15:15:51,884 - main - INFO - 开始处理是预报数据：2022-06-01
2022-07-12 15:15:51,909 - main - INFO - 220601   grid24_2022060108.024
2022-07-12 15:15:53,096 - main - INFO - 220602   grid24_2022060208.024
2022-07-12 15:15:54,216 - main - INFO - 220603   grid24_2022060308.024
2022-07-12 15:15:56,819 - main - INFO - 220604   grid24_2022060408.024
2022-07-12 15:15:57,828 - main - INFO - 220605   grid24_2022060508.024
2022-07-12 15:16:00,901 - main - INFO - 220606   grid24_2022060608.024
2022-07-12 15:16:02,203 - main - INFO - 220607   grid24_2022060708.024
2022-07-12 15:16:04,948 - main - INFO - 220608   grid24_2022060808.024
2022-07-12 15:16:06,132 - main - INFO - 220609   grid24_2022060908.024
2022-07-12 15:16:08,791 - main - INFO - 220610   grid24_2022061008.024
2022-07-12 15:16:08,797 - main - INFO - 220611   grid24_2022061108.024
2022-07-12 15:16:09,793 - main - INFO - 220612   grid24_2022061208.024
2022-07-12 15:16:12,542 - main - INFO - 220613   grid24_2022061308.024
2022-07-12 15:16:13,691 - main - INFO - 220614   grid24_2022061408.024
2022-07-12 15:16:16,325 - main - INFO - 220615   grid24_2022061508.024
2022-07-12 15:16:17,484 - main - INFO - 220616   grid24_2022061608.024
2022-07-12 15:16:18,800 - main - INFO - 220617   grid24_2022061708.024
2022-07-12 15:16:23,278 - main - INFO - 220618   grid24_2022061808.024
2022-07-12 15:16:26,447 - main - INFO - 220619   grid24_2022061908.024
2022-07-12 15:16:27,813 - main - INFO - 220620   grid24_2022062008.024
2022-07-12 15:16:30,516 - main - INFO - 220621   grid24_2022062108.024
2022-07-12 15:16:31,846 - main - INFO - 220622   grid24_2022062208.024
2022-07-12 15:16:34,813 - main - INFO - 220623   grid24_2022062308.024
2022-07-12 15:16:35,838 - main - INFO - 220624   grid24_2022062408.024
2022-07-12 15:16:37,245 - main - INFO - 220625   grid24_2022062508.024
2022-07-12 15:16:40,983 - main - INFO - 220626   grid24_2022062608.024
2022-07-12 15:16:42,161 - main - INFO - 220627   grid24_2022062708.024
2022-07-12 15:16:45,154 - main - INFO - 220628   grid24_2022062808.024
2022-07-12 15:16:46,324 - main - INFO - 220629   grid24_2022062908.024
2022-07-12 15:16:49,023 - main - INFO - 220630   grid24_2022063008.024
2022-07-12 15:19:24,268 - main - INFO - 开始处理是实况数据：2022-06-01
2022-07-12 15:19:24,311 - main - INFO - 当前设定计算时间为： 2022-05-31
2022-07-12 15:19:55,241 - main - INFO - 开始处理是预报数据：2022-06-01
2022-07-12 15:20:15,423 - main - INFO - 开始处理是实况数据：2022-06-02
2022-07-12 15:20:15,439 - main - INFO - 当前设定计算时间为： 2022-06-01
2022-07-12 15:21:03,145 - main - INFO - 开始处理是预报数据：2022-06-02
2022-07-12 15:21:24,317 - main - INFO - 开始处理是实况数据：2022-06-03
2022-07-12 15:21:24,354 - main - INFO - 当前设定计算时间为： 2022-06-02
2022-07-12 15:22:08,385 - main - INFO - 开始处理是预报数据：2022-06-03
2022-07-12 15:22:28,266 - main - INFO - 开始处理是实况数据：2022-06-04
2022-07-12 15:22:28,288 - main - INFO - 当前设定计算时间为： 2022-06-03
2022-07-12 15:22:58,836 - main - INFO - 开始处理是预报数据：2022-06-04
2022-07-12 15:23:19,657 - main - INFO - 开始处理是实况数据：2022-06-05
2022-07-12 15:23:19,666 - main - INFO - 当前设定计算时间为： 2022-06-04
2022-07-12 15:24:00,656 - main - INFO - 开始处理是预报数据：2022-06-05
2022-07-12 15:24:42,246 - main - INFO - 开始处理是实况数据：2022-06-20
2022-07-12 15:24:42,265 - main - INFO - 当前设定计算时间为： 2022-06-19
2022-07-12 15:25:21,284 - main - INFO - 开始处理是预报数据：2022-06-20
2022-07-12 15:25:28,426 - main - ERROR - name 'i' is not defined
2022-07-12 15:25:28,428 - main - INFO - 开始处理是实况数据：2022-06-21
2022-07-12 15:25:29,805 - main - INFO - 当前设定计算时间为： 2022-06-20
2022-07-12 15:26:22,273 - main - INFO - 开始处理是预报数据：2022-06-21
2022-07-12 15:26:24,920 - main - INFO - 开始处理是实况数据：2022-06-20
2022-07-12 15:26:24,983 - main - INFO - 当前设定计算时间为： 2022-06-19
2022-07-12 15:27:09,107 - main - INFO - 开始处理是预报数据：2022-06-20
2022-07-12 15:27:17,801 - main - ERROR - name 'i' is not defined
2022-07-12 15:28:14,311 - main - INFO - 开始处理是实况数据：2022-06-20
2022-07-12 15:28:14,388 - main - INFO - 当前设定计算时间为： 2022-06-19
2022-07-12 15:29:00,098 - main - INFO - 开始处理是预报数据：2022-06-20
2022-07-12 15:31:27,811 - main - INFO - 开始处理是实况数据：2022-06-21
2022-07-12 15:31:27,871 - main - INFO - 当前设定计算时间为： 2022-06-20
2022-07-12 15:32:15,093 - main - INFO - 开始处理是预报数据：2022-06-21
2022-07-12 15:32:27,959 - main - INFO - 开始处理是实况数据：2022-06-22
2022-07-12 15:32:27,989 - main - INFO - 当前设定计算时间为： 2022-06-21
2022-07-12 15:33:01,132 - main - INFO - 开始处理是实况数据：2022-06-21
2022-07-12 15:33:01,167 - main - INFO - 当前设定计算时间为： 2022-06-20
2022-07-12 15:33:38,381 - main - INFO - 开始处理是预报数据：2022-06-21
2022-07-12 15:33:38,435 - main - INFO - 220621   grid24_2022062108.024
2022-07-12 15:33:39,523 - main - INFO - 220622   grid24_2022062208.024
2022-07-12 15:33:40,705 - main - INFO - 220623   grid24_2022062308.024
2022-07-12 15:33:43,185 - main - INFO - 220624   grid24_2022062408.024
2022-07-12 15:33:44,430 - main - INFO - 220625   grid24_2022062508.024
2022-07-12 15:33:47,042 - main - INFO - 220626   grid24_2022062608.024
2022-07-12 15:33:48,105 - main - INFO - 220627   grid24_2022062708.024
2022-07-12 15:33:51,173 - main - INFO - 220628   grid24_2022062808.024
2022-07-12 15:33:52,198 - main - INFO - 220629   grid24_2022062908.024
2022-07-12 15:33:55,125 - main - INFO - 220630   grid24_2022063008.024
2022-07-12 15:33:56,214 - main - INFO - 220701   grid24_2022070108.024
2022-07-12 15:33:56,535 - main - INFO - 220702   grid24_2022070208.024
2022-07-12 15:33:56,846 - main - INFO - 220703   grid24_2022070308.024
2022-07-12 15:33:57,524 - main - INFO - 220704   grid24_2022070408.024
2022-07-12 15:33:58,040 - main - INFO - 220705   grid24_2022070508.024
2022-07-12 15:33:58,046 - main - INFO - 220706   grid24_2022070608.024
2022-07-12 15:33:58,049 - main - INFO - 220707   grid24_2022070708.024
2022-07-12 15:33:58,053 - main - INFO - 220708   grid24_2022070808.024
2022-07-12 15:33:58,058 - main - INFO - 220709   grid24_2022070908.024
2022-07-12 15:33:58,063 - main - INFO - 220710   grid24_2022071008.024
2022-07-12 15:33:58,067 - main - INFO - 220711   grid24_2022071108.024
2022-07-12 15:33:58,071 - main - INFO - 220712   grid24_2022071208.024
2022-07-12 15:33:58,076 - main - INFO - 220713   grid24_2022071308.024
2022-07-12 15:33:58,080 - main - INFO - 220714   grid24_2022071408.024
2022-07-12 15:33:58,084 - main - INFO - 220715   grid24_2022071508.024
2022-07-12 15:33:58,089 - main - INFO - 220716   grid24_2022071608.024
2022-07-12 15:33:58,094 - main - INFO - 220717   grid24_2022071708.024
2022-07-12 15:33:58,098 - main - INFO - 220718   grid24_2022071808.024
2022-07-12 15:33:58,101 - main - INFO - 220719   grid24_2022071908.024
2022-07-12 15:33:58,107 - main - INFO - 220720   grid24_2022072008.024
2022-07-12 15:34:02,189 - main - INFO - 开始处理是实况数据：2022-06-22
2022-07-12 15:34:02,215 - main - INFO - 当前设定计算时间为： 2022-06-21
2022-07-12 15:34:39,027 - main - INFO - 开始处理是预报数据：2022-06-22
2022-07-12 15:34:39,038 - main - INFO - 220622   grid24_2022062208.024
2022-07-12 15:34:39,999 - main - INFO - 220623   grid24_2022062308.024
2022-07-12 15:34:41,311 - main - INFO - 220624   grid24_2022062408.024
2022-07-12 15:34:43,277 - main - INFO - 220625   grid24_2022062508.024
2022-07-12 15:34:44,489 - main - INFO - 220626   grid24_2022062608.024
2022-07-12 15:34:47,478 - main - INFO - 220627   grid24_2022062708.024
2022-07-12 15:34:48,600 - main - INFO - 220628   grid24_2022062808.024
2022-07-12 15:34:51,007 - main - INFO - 220629   grid24_2022062908.024
2022-07-12 15:34:52,069 - main - INFO - 220630   grid24_2022063008.024
2022-07-12 15:34:53,946 - main - INFO - 220701   grid24_2022070108.024
2022-07-12 15:34:54,262 - main - INFO - 220702   grid24_2022070208.024
2022-07-12 15:34:54,277 - main - INFO - 220703   grid24_2022070308.024
2022-07-12 15:34:54,287 - main - INFO - 220704   grid24_2022070408.024
2022-07-12 15:34:54,324 - main - INFO - 220705   grid24_2022070508.024
2022-07-12 15:34:54,540 - main - INFO - 220706   grid24_2022070608.024
2022-07-12 15:34:54,756 - main - INFO - 220707   grid24_2022070708.024
2022-07-12 15:34:55,180 - main - INFO - 220708   grid24_2022070808.024
2022-07-12 15:34:55,612 - main - INFO - 220709   grid24_2022070908.024
2022-07-12 15:34:56,283 - main - INFO - 220710   grid24_2022071008.024
2022-07-12 15:34:56,289 - main - INFO - 220711   grid24_2022071108.024
2022-07-12 15:34:56,295 - main - INFO - 220712   grid24_2022071208.024
2022-07-12 15:34:56,300 - main - INFO - 220713   grid24_2022071308.024
2022-07-12 15:34:56,305 - main - INFO - 220714   grid24_2022071408.024
2022-07-12 15:34:56,322 - main - INFO - 220715   grid24_2022071508.024
2022-07-12 15:34:56,332 - main - INFO - 220716   grid24_2022071608.024
2022-07-12 15:34:56,342 - main - INFO - 220717   grid24_2022071708.024
2022-07-12 15:34:56,353 - main - INFO - 220718   grid24_2022071808.024
2022-07-12 15:34:56,362 - main - INFO - 220719   grid24_2022071908.024
2022-07-12 15:34:56,373 - main - INFO - 220720   grid24_2022072008.024
2022-07-12 15:34:56,383 - main - INFO - 220721   grid24_2022072108.024
2022-07-12 15:35:00,397 - main - INFO - 开始处理是实况数据：2022-06-23
2022-07-12 15:35:00,429 - main - INFO - 当前设定计算时间为： 2022-06-22
2022-07-12 15:35:29,831 - main - INFO - 开始处理是预报数据：2022-06-23
2022-07-12 15:35:29,842 - main - INFO - 220623   grid24_2022062308.024
2022-07-12 15:35:30,864 - main - INFO - 220624   grid24_2022062408.024
2022-07-12 15:35:32,028 - main - INFO - 220625   grid24_2022062508.024
2022-07-12 15:35:33,609 - main - INFO - 220626   grid24_2022062608.024
2022-07-12 15:35:35,616 - main - INFO - 220627   grid24_2022062708.024
2022-07-12 15:35:36,745 - main - INFO - 220628   grid24_2022062808.024
2022-07-12 15:35:39,554 - main - INFO - 220629   grid24_2022062908.024
2022-07-12 15:35:40,652 - main - INFO - 220630   grid24_2022063008.024
2022-07-12 15:35:43,501 - main - INFO - 220701   grid24_2022070108.024
2022-07-12 15:35:43,510 - main - INFO - 220702   grid24_2022070208.024
2022-07-12 15:35:43,521 - main - INFO - 220703   grid24_2022070308.024
2022-07-12 15:35:43,530 - main - INFO - 220704   grid24_2022070408.024
2022-07-12 15:35:43,536 - main - INFO - 220705   grid24_2022070508.024
2022-07-12 15:35:43,550 - main - INFO - 220706   grid24_2022070608.024
2022-07-12 15:35:43,561 - main - INFO - 220707   grid24_2022070708.024
2022-07-12 15:35:43,570 - main - INFO - 220708   grid24_2022070808.024
2022-07-12 15:35:43,581 - main - INFO - 220709   grid24_2022070908.024
2022-07-12 15:35:43,590 - main - INFO - 220710   grid24_2022071008.024
2022-07-12 15:35:43,601 - main - INFO - 220711   grid24_2022071108.024
2022-07-12 15:35:43,610 - main - INFO - 220712   grid24_2022071208.024
2022-07-12 15:35:43,632 - main - INFO - 220713   grid24_2022071308.024
2022-07-12 15:35:43,658 - main - INFO - 220714   grid24_2022071408.024
2022-07-12 15:35:43,675 - main - INFO - 220715   grid24_2022071508.024
2022-07-12 15:35:43,701 - main - INFO - 220716   grid24_2022071608.024
2022-07-12 15:35:43,733 - main - INFO - 220717   grid24_2022071708.024
2022-07-12 15:35:43,751 - main - INFO - 220718   grid24_2022071808.024
2022-07-12 15:35:43,780 - main - INFO - 220719   grid24_2022071908.024
2022-07-12 15:35:43,794 - main - INFO - 220720   grid24_2022072008.024
2022-07-12 15:35:43,799 - main - INFO - 220721   grid24_2022072108.024
2022-07-12 15:35:43,803 - main - INFO - 220722   grid24_2022072208.024
2022-07-12 15:35:47,858 - main - INFO - 开始处理是实况数据：2022-06-24
2022-07-12 15:35:47,890 - main - INFO - 当前设定计算时间为： 2022-06-23
2022-07-12 15:36:33,967 - main - INFO - 开始处理是预报数据：2022-06-24
2022-07-12 15:36:34,008 - main - INFO - 220624   grid24_2022062408.024
2022-07-12 15:36:35,159 - main - INFO - 220625   grid24_2022062508.024
2022-07-12 15:36:36,295 - main - INFO - 220626   grid24_2022062608.024
2022-07-12 15:36:37,606 - main - INFO - 220627   grid24_2022062708.024
2022-07-12 15:36:39,878 - main - INFO - 220628   grid24_2022062808.024
2022-07-12 15:36:40,993 - main - INFO - 220629   grid24_2022062908.024
2022-07-12 15:36:43,992 - main - INFO - 220630   grid24_2022063008.024
2022-07-12 15:36:45,151 - main - INFO - 220701   grid24_2022070108.024
2022-07-12 15:36:45,158 - main - INFO - 220702   grid24_2022070208.024
2022-07-12 15:36:45,810 - main - INFO - 220703   grid24_2022070308.024
2022-07-12 15:36:46,742 - main - INFO - 220704   grid24_2022070408.024
2022-07-12 15:36:46,746 - main - INFO - 220705   grid24_2022070508.024
2022-07-12 15:36:46,749 - main - INFO - 220706   grid24_2022070608.024
2022-07-12 15:36:46,753 - main - INFO - 220707   grid24_2022070708.024
2022-07-12 15:36:46,757 - main - INFO - 220708   grid24_2022070808.024
2022-07-12 15:36:46,760 - main - INFO - 220709   grid24_2022070908.024
2022-07-12 15:36:46,764 - main - INFO - 220710   grid24_2022071008.024
2022-07-12 15:36:46,767 - main - INFO - 220711   grid24_2022071108.024
2022-07-12 15:36:46,771 - main - INFO - 220712   grid24_2022071208.024
2022-07-12 15:36:46,775 - main - INFO - 220713   grid24_2022071308.024
2022-07-12 15:36:46,779 - main - INFO - 220714   grid24_2022071408.024
2022-07-12 15:36:46,783 - main - INFO - 220715   grid24_2022071508.024
2022-07-12 15:36:46,786 - main - INFO - 220716   grid24_2022071608.024
2022-07-12 15:36:46,790 - main - INFO - 220717   grid24_2022071708.024
2022-07-12 15:36:46,793 - main - INFO - 220718   grid24_2022071808.024
2022-07-12 15:36:46,797 - main - INFO - 220719   grid24_2022071908.024
2022-07-12 15:36:46,799 - main - INFO - 220720   grid24_2022072008.024
2022-07-12 15:36:46,802 - main - INFO - 220721   grid24_2022072108.024
2022-07-12 15:36:46,806 - main - INFO - 220722   grid24_2022072208.024
2022-07-12 15:36:46,809 - main - INFO - 220723   grid24_2022072308.024
2022-07-12 15:38:19,639 - main - INFO - 开始处理是实况数据：2022-06-21
2022-07-12 15:38:19,683 - main - INFO - 当前设定计算时间为： 2022-06-20
2022-07-12 15:38:52,607 - main - INFO - 开始处理是预报数据：2022-06-21
2022-07-12 15:38:52,614 - main - INFO - 220621   grid24_2022062108.024
2022-07-12 15:38:53,608 - main - INFO - 220622   grid24_2022062208.024
2022-07-12 15:38:54,577 - main - INFO - 220623   grid24_2022062308.024
2022-07-12 15:38:55,474 - main - INFO - 220624   grid24_2022062408.024
2022-07-12 15:38:58,377 - main - INFO - 220625   grid24_2022062508.024
2022-07-12 15:38:59,591 - main - INFO - 220626   grid24_2022062608.024
2022-07-12 15:39:02,351 - main - INFO - 220627   grid24_2022062708.024
2022-07-12 15:39:03,338 - main - INFO - 220628   grid24_2022062808.024
2022-07-12 15:39:06,418 - main - INFO - 220629   grid24_2022062908.024
2022-07-12 15:39:07,599 - main - INFO - 220630   grid24_2022063008.024
2022-07-12 15:39:10,555 - main - INFO - 220701   grid24_2022070108.024
2022-07-12 15:39:10,567 - main - INFO - 220702   grid24_2022070208.024
2022-07-12 15:39:10,578 - main - INFO - 220703   grid24_2022070308.024
2022-07-12 15:39:10,588 - main - INFO - 220704   grid24_2022070408.024
2022-07-12 15:39:10,607 - main - INFO - 220705   grid24_2022070508.024
2022-07-12 15:39:10,619 - main - INFO - 220706   grid24_2022070608.024
2022-07-12 15:39:10,630 - main - INFO - 220707   grid24_2022070708.024
2022-07-12 15:39:10,640 - main - INFO - 220708   grid24_2022070808.024
2022-07-12 15:39:10,652 - main - INFO - 220709   grid24_2022070908.024
2022-07-12 15:39:10,663 - main - INFO - 220710   grid24_2022071008.024
2022-07-12 15:39:10,675 - main - INFO - 220711   grid24_2022071108.024
2022-07-12 15:39:10,685 - main - INFO - 220712   grid24_2022071208.024
2022-07-12 15:39:10,696 - main - INFO - 220713   grid24_2022071308.024
2022-07-12 15:39:10,706 - main - INFO - 220714   grid24_2022071408.024
2022-07-12 15:39:10,717 - main - INFO - 220715   grid24_2022071508.024
2022-07-12 15:39:10,728 - main - INFO - 220716   grid24_2022071608.024
2022-07-12 15:39:10,739 - main - INFO - 220717   grid24_2022071708.024
2022-07-12 15:39:10,750 - main - INFO - 220718   grid24_2022071808.024
2022-07-12 15:39:10,768 - main - INFO - 220719   grid24_2022071908.024
2022-07-12 15:39:10,781 - main - INFO - 220720   grid24_2022072008.024
2022-07-12 15:39:14,921 - main - INFO - 开始处理是实况数据：2022-06-22
2022-07-12 15:39:14,939 - main - INFO - 当前设定计算时间为： 2022-06-21
2022-07-12 15:40:01,709 - main - INFO - 开始处理是预报数据：2022-06-22
2022-07-12 15:40:01,727 - main - INFO - 220622   grid24_2022062208.024
2022-07-12 15:40:02,776 - main - INFO - 220623   grid24_2022062308.024
2022-07-12 15:40:03,851 - main - INFO - 220624   grid24_2022062408.024
2022-07-12 15:40:06,616 - main - INFO - 220625   grid24_2022062508.024
2022-07-12 15:40:07,509 - main - INFO - 220626   grid24_2022062608.024
2022-07-12 15:40:09,964 - main - INFO - 220627   grid24_2022062708.024
2022-07-12 15:40:11,785 - main - INFO - 220628   grid24_2022062808.024
2022-07-12 15:40:14,518 - main - INFO - 220629   grid24_2022062908.024
2022-07-12 15:40:15,664 - main - INFO - 220630   grid24_2022063008.024
2022-07-12 15:40:17,995 - main - INFO - 220701   grid24_2022070108.024
2022-07-12 15:40:18,001 - main - INFO - 220702   grid24_2022070208.024
2022-07-12 15:40:18,010 - main - INFO - 220703   grid24_2022070308.024
2022-07-12 15:40:18,018 - main - INFO - 220704   grid24_2022070408.024
2022-07-12 15:40:18,028 - main - INFO - 220705   grid24_2022070508.024
2022-07-12 15:40:18,039 - main - INFO - 220706   grid24_2022070608.024
2022-07-12 15:40:18,048 - main - INFO - 220707   grid24_2022070708.024
2022-07-12 15:40:18,059 - main - INFO - 220708   grid24_2022070808.024
2022-07-12 15:40:18,068 - main - INFO - 220709   grid24_2022070908.024
2022-07-12 15:40:18,079 - main - INFO - 220710   grid24_2022071008.024
2022-07-12 15:40:18,089 - main - INFO - 220711   grid24_2022071108.024
2022-07-12 15:40:18,099 - main - INFO - 220712   grid24_2022071208.024
2022-07-12 15:40:18,110 - main - INFO - 220713   grid24_2022071308.024
2022-07-12 15:40:18,120 - main - INFO - 220714   grid24_2022071408.024
2022-07-12 15:40:18,130 - main - INFO - 220715   grid24_2022071508.024
2022-07-12 15:40:18,139 - main - INFO - 220716   grid24_2022071608.024
2022-07-12 15:40:18,149 - main - INFO - 220717   grid24_2022071708.024
2022-07-12 15:40:18,159 - main - INFO - 220718   grid24_2022071808.024
2022-07-12 15:40:18,170 - main - INFO - 220719   grid24_2022071908.024
2022-07-12 15:40:18,179 - main - INFO - 220720   grid24_2022072008.024
2022-07-12 15:40:18,188 - main - INFO - 220721   grid24_2022072108.024
2022-07-12 15:40:22,474 - main - INFO - 开始处理是实况数据：2022-06-23
2022-07-12 15:40:22,498 - main - INFO - 当前设定计算时间为： 2022-06-22
2022-07-12 15:57:38,408 - main - INFO - 开始处理是实况数据：2022-06-21
2022-07-12 15:57:38,476 - main - INFO - 当前设定计算时间为： 2022-06-20
2022-07-12 15:58:34,048 - main - INFO - 开始处理是预报数据：2022-06-21
2022-07-12 15:58:34,060 - main - INFO - 220621   grid24_2022062108.024
2022-07-12 15:58:34,997 - main - INFO - 220622   grid24_2022062208.024
2022-07-12 15:58:35,907 - main - INFO - 220623   grid24_2022062308.024
2022-07-12 15:58:37,905 - main - INFO - 220624   grid24_2022062408.024
2022-07-12 15:58:40,870 - main - INFO - 220625   grid24_2022062508.024
2022-07-12 15:58:41,769 - main - INFO - 220626   grid24_2022062608.024
2022-07-12 15:58:42,708 - main - INFO - 220627   grid24_2022062708.024
2022-07-12 15:58:45,449 - main - INFO - 220628   grid24_2022062808.024
2022-07-12 15:58:46,507 - main - INFO - 220629   grid24_2022062908.024
2022-07-12 15:58:49,213 - main - INFO - 220630   grid24_2022063008.024
2022-07-12 15:58:50,501 - main - INFO - 220701   grid24_2022070108.024
2022-07-12 15:58:51,243 - main - INFO - 220702   grid24_2022070208.024
2022-07-12 15:58:52,022 - main - INFO - 220703   grid24_2022070308.024
2022-07-12 15:58:52,043 - main - INFO - 220704   grid24_2022070408.024
2022-07-12 15:58:52,062 - main - INFO - 220705   grid24_2022070508.024
2022-07-12 15:58:52,073 - main - INFO - 220706   grid24_2022070608.024
2022-07-12 15:58:52,093 - main - INFO - 220707   grid24_2022070708.024
2022-07-12 15:58:52,112 - main - INFO - 220708   grid24_2022070808.024
2022-07-12 15:58:52,123 - main - INFO - 220709   grid24_2022070908.024
2022-07-12 15:58:52,143 - main - INFO - 220710   grid24_2022071008.024
2022-07-12 15:58:52,153 - main - INFO - 220711   grid24_2022071108.024
2022-07-12 15:58:52,157 - main - INFO - 220712   grid24_2022071208.024
2022-07-12 15:58:52,162 - main - INFO - 220713   grid24_2022071308.024
2022-07-12 15:58:52,166 - main - INFO - 220714   grid24_2022071408.024
2022-07-12 15:58:52,176 - main - INFO - 220715   grid24_2022071508.024
2022-07-12 15:58:52,180 - main - INFO - 220716   grid24_2022071608.024
2022-07-12 15:58:52,187 - main - INFO - 220717   grid24_2022071708.024
2022-07-12 15:58:52,193 - main - INFO - 220718   grid24_2022071808.024
2022-07-12 15:58:52,198 - main - INFO - 220719   grid24_2022071908.024
2022-07-12 15:58:52,204 - main - INFO - 220720   grid24_2022072008.024
2022-07-12 15:59:10,936 - main - INFO - 开始处理是实况数据：2022-06-21
2022-07-12 15:59:10,945 - main - INFO - 当前设定计算时间为： 2022-06-20
2022-07-12 15:59:56,206 - main - INFO - 开始处理是预报数据：2022-06-21
2022-07-12 15:59:56,252 - main - INFO - 220621   grid24_2022062108.024
2022-07-12 15:59:57,591 - main - INFO - 220622   grid24_2022062208.024
2022-07-12 15:59:58,834 - main - INFO - 220623   grid24_2022062308.024
2022-07-12 16:00:01,585 - main - INFO - 220624   grid24_2022062408.024
2022-07-12 16:00:03,079 - main - INFO - 220625   grid24_2022062508.024
2022-07-12 16:00:05,784 - main - INFO - 220626   grid24_2022062608.024
2022-07-12 16:00:06,912 - main - INFO - 220627   grid24_2022062708.024
2022-07-12 16:00:09,318 - main - INFO - 220628   grid24_2022062808.024
2022-07-12 16:00:10,257 - main - INFO - 220629   grid24_2022062908.024
2022-07-12 16:00:12,918 - main - INFO - 220630   grid24_2022063008.024
2022-07-12 16:00:13,934 - main - INFO - 220701   grid24_2022070108.024
2022-07-12 16:00:13,949 - main - INFO - 220702   grid24_2022070208.024
2022-07-12 16:00:13,960 - main - INFO - 220703   grid24_2022070308.024
2022-07-12 16:00:13,980 - main - INFO - 220704   grid24_2022070408.024
2022-07-12 16:00:14,001 - main - INFO - 220705   grid24_2022070508.024
2022-07-12 16:00:14,020 - main - INFO - 220706   grid24_2022070608.024
2022-07-12 16:00:14,030 - main - INFO - 220707   grid24_2022070708.024
2022-07-12 16:00:14,050 - main - INFO - 220708   grid24_2022070808.024
2022-07-12 16:00:14,059 - main - INFO - 220709   grid24_2022070908.024
2022-07-12 16:00:14,064 - main - INFO - 220710   grid24_2022071008.024
2022-07-12 16:00:14,070 - main - INFO - 220711   grid24_2022071108.024
2022-07-12 16:00:14,075 - main - INFO - 220712   grid24_2022071208.024
2022-07-12 16:00:14,086 - main - INFO - 220713   grid24_2022071308.024
2022-07-12 16:00:14,091 - main - INFO - 220714   grid24_2022071408.024
2022-07-12 16:00:14,095 - main - INFO - 220715   grid24_2022071508.024
2022-07-12 16:00:14,100 - main - INFO - 220716   grid24_2022071608.024
2022-07-12 16:00:14,106 - main - INFO - 220717   grid24_2022071708.024
2022-07-12 16:00:14,111 - main - INFO - 220718   grid24_2022071808.024
2022-07-12 16:00:14,118 - main - INFO - 220719   grid24_2022071908.024
2022-07-12 16:00:14,123 - main - INFO - 220720   grid24_2022072008.024
2022-07-12 16:15:02,181 - main - INFO - 开始处理是实况数据：2022-06-21
2022-07-12 16:15:02,190 - main - INFO - 当前设定计算时间为： 2022-06-20
2022-07-12 16:15:45,396 - main - INFO - 开始处理是预报数据：2022-06-21
2022-07-12 16:15:45,407 - main - INFO - 220621   grid24_2022062108.024
2022-07-12 16:15:46,324 - main - INFO - 220622   grid24_2022062208.024
2022-07-12 16:15:47,229 - main - INFO - 220623   grid24_2022062308.024
2022-07-12 16:15:48,265 - main - INFO - 220624   grid24_2022062408.024
2022-07-12 16:15:51,325 - main - INFO - 220625   grid24_2022062508.024
2022-07-12 16:15:52,473 - main - INFO - 220626   grid24_2022062608.024
2022-07-12 16:15:55,234 - main - INFO - 220627   grid24_2022062708.024
2022-07-12 16:15:56,142 - main - INFO - 220628   grid24_2022062808.024
2022-07-12 16:15:57,400 - main - INFO - 220629   grid24_2022062908.024
2022-07-12 16:15:58,967 - main - INFO - 220630   grid24_2022063008.024
2022-07-12 16:16:01,366 - main - INFO - 220701   grid24_2022070108.024
2022-07-12 16:16:01,371 - main - INFO - 220702   grid24_2022070208.024
2022-07-12 16:16:01,375 - main - INFO - 220703   grid24_2022070308.024
2022-07-12 16:16:01,380 - main - INFO - 220704   grid24_2022070408.024
2022-07-12 16:16:01,385 - main - INFO - 220705   grid24_2022070508.024
2022-07-12 16:16:01,389 - main - INFO - 220706   grid24_2022070608.024
2022-07-12 16:16:01,393 - main - INFO - 220707   grid24_2022070708.024
2022-07-12 16:16:01,400 - main - INFO - 220708   grid24_2022070808.024
2022-07-12 16:16:01,411 - main - INFO - 220709   grid24_2022070908.024
2022-07-12 16:16:01,421 - main - INFO - 220710   grid24_2022071008.024
2022-07-12 16:16:01,431 - main - INFO - 220711   grid24_2022071108.024
2022-07-12 16:16:01,441 - main - INFO - 220712   grid24_2022071208.024
2022-07-12 16:16:01,450 - main - INFO - 220713   grid24_2022071308.024
2022-07-12 16:16:01,461 - main - INFO - 220714   grid24_2022071408.024
2022-07-12 16:16:01,471 - main - INFO - 220715   grid24_2022071508.024
2022-07-12 16:16:01,480 - main - INFO - 220716   grid24_2022071608.024
2022-07-12 16:16:01,491 - main - INFO - 220717   grid24_2022071708.024
2022-07-12 16:16:01,502 - main - INFO - 220718   grid24_2022071808.024
2022-07-12 16:16:01,510 - main - INFO - 220719   grid24_2022071908.024
2022-07-12 16:16:01,521 - main - INFO - 220720   grid24_2022072008.024
