2022-10-10 09:04:04,294 - main - INFO - 开始处理实况数据：2022-09-27
2022-10-10 09:04:04,325 - main - INFO - 当前设定计算时间为： 2022-09-26
2022-10-10 09:04:54,247 - main - INFO - 开始处理预报数据：2022-09-27
2022-10-10 09:23:00,921 - main - INFO - 开始处理实况数据：2022-09-27
2022-10-10 09:23:00,968 - main - INFO - 当前设定计算时间为： 2022-09-26
2022-10-10 09:23:44,311 - main - INFO - 开始处理预报数据：2022-09-27
2022-10-10 09:27:24,630 - main - INFO - 开始处理实况数据：2022-09-27
2022-10-10 09:27:24,740 - main - INFO - 当前设定计算时间为： 2022-09-26
2022-10-10 09:28:00,800 - main - INFO - 开始处理预报数据：2022-09-27
2022-10-10 09:30:38,536 - main - INFO - 开始处理实况数据：2022-09-27
2022-10-10 09:30:38,567 - main - INFO - 当前设定计算时间为： 2022-09-26
2022-10-10 09:31:21,226 - main - INFO - 开始处理预报数据：2022-09-27
2022-10-10 09:31:26,329 - main - ERROR - Cannot cast array data from dtype('O') to dtype('float64') according to the rule 'safe'
2022-10-10 09:32:02,043 - main - INFO - 开始处理实况数据：2022-09-27
2022-10-10 09:32:02,074 - main - INFO - 当前设定计算时间为： 2022-09-26
2022-10-10 09:32:46,957 - main - INFO - 开始处理预报数据：2022-09-27
2022-10-10 10:17:13,577 - main - ERROR - Cannot cast array data from dtype('O') to dtype('float64') according to the rule 'safe'
2022-10-10 10:17:40,062 - main - INFO - 开始处理实况数据：2022-09-27
2022-10-10 10:17:40,108 - main - INFO - 当前设定计算时间为： 2022-09-26
2022-10-10 10:18:23,131 - main - INFO - 开始处理预报数据：2022-09-27
2022-10-10 10:20:40,141 - main - INFO - 开始处理实况数据：2022-09-27
2022-10-10 10:20:40,203 - main - INFO - 当前设定计算时间为： 2022-09-26
2022-10-10 10:21:25,542 - main - INFO - 开始处理预报数据：2022-09-27
2022-10-10 10:25:27,472 - main - INFO - 开始处理实况数据：2022-09-20
2022-10-10 10:25:27,505 - main - INFO - 当前设定计算时间为： 2022-09-19
2022-10-10 10:25:57,146 - main - INFO - 开始处理预报数据：2022-09-20
2022-10-10 10:29:17,939 - main - INFO - 开始处理实况数据：2022-09-20
2022-10-10 10:29:17,955 - main - INFO - 当前设定计算时间为： 2022-09-19
2022-10-10 10:29:49,678 - main - INFO - 开始处理预报数据：2022-09-20
2022-10-10 10:30:44,187 - main - INFO - 开始处理实况数据：2022-09-20
2022-10-10 10:30:44,238 - main - INFO - 当前设定计算时间为： 2022-09-19
2022-10-10 10:31:18,596 - main - INFO - 开始处理预报数据：2022-09-20
2022-10-10 10:33:00,683 - main - INFO - 开始处理实况数据：2022-09-20
2022-10-10 10:33:00,700 - main - INFO - 当前设定计算时间为： 2022-09-19
2022-10-10 10:33:36,121 - main - INFO - 开始处理预报数据：2022-09-20
2022-10-10 10:36:14,603 - main - INFO - 开始处理实况数据：2022-09-20
2022-10-10 10:36:14,618 - main - INFO - 当前设定计算时间为： 2022-09-19
2022-10-10 10:36:36,366 - main - INFO - 开始处理实况数据：2022-09-20
2022-10-10 10:36:36,382 - main - INFO - 当前设定计算时间为： 2022-09-19
2022-10-10 10:37:08,937 - main - INFO - 开始处理预报数据：2022-09-20
2022-10-10 10:40:52,699 - main - INFO - 开始处理实况数据：2022-09-20
2022-10-10 10:40:52,737 - main - INFO - 当前设定计算时间为： 2022-09-19
2022-10-10 10:41:21,780 - main - INFO - 开始处理预报数据：2022-09-20
2022-10-10 11:01:28,259 - main - INFO - 开始处理实况数据：2022-09-20
2022-10-10 11:01:28,306 - main - INFO - 当前设定计算时间为： 2022-09-19
2022-10-10 11:02:01,414 - main - INFO - 开始处理预报数据：2022-09-20
2022-10-10 11:02:05,352 - main - ERROR - boxplot() got an unexpected keyword argument 'color'
2022-10-10 11:02:45,889 - main - INFO - 开始处理实况数据：2022-09-20
2022-10-10 11:02:45,934 - main - INFO - 当前设定计算时间为： 2022-09-19
2022-10-10 11:03:24,522 - main - INFO - 开始处理预报数据：2022-09-20
2022-10-10 11:03:28,530 - main - ERROR - ufunc 'add' did not contain a loop with signature matching types (dtype('<U5'), dtype('<U5')) -> None
2022-10-10 11:04:02,890 - main - INFO - 开始处理实况数据：2022-09-20
2022-10-10 11:04:02,911 - main - INFO - 当前设定计算时间为： 2022-09-19
2022-10-10 11:04:40,874 - main - INFO - 开始处理预报数据：2022-09-20
2022-10-10 11:44:12,412 - main - INFO - 开始处理实况数据：2022-09-20
2022-10-10 11:44:12,436 - main - INFO - 当前设定计算时间为： 2022-09-19
2022-10-10 11:44:46,693 - main - INFO - 开始处理预报数据：2022-09-20
2022-10-10 11:44:55,842 - main - ERROR - 'AxesSubplot' object has no attribute 'pointplot'
2022-10-10 11:45:12,250 - main - INFO - 开始处理实况数据：2022-09-20
2022-10-10 11:45:12,265 - main - INFO - 当前设定计算时间为： 2022-09-19
2022-10-10 11:45:47,014 - main - INFO - 开始处理预报数据：2022-09-20
2022-10-10 11:52:35,629 - main - INFO - 开始处理实况数据：2022-09-20
2022-10-10 11:52:35,641 - main - INFO - 当前设定计算时间为： 2022-09-19
2022-10-10 11:53:01,603 - main - INFO - 开始处理预报数据：2022-09-20
2022-10-10 11:53:27,473 - main - INFO - 开始处理实况数据：2022-09-20
2022-10-10 11:53:27,511 - main - INFO - 当前设定计算时间为： 2022-09-19
2022-10-10 11:53:57,666 - main - INFO - 开始处理预报数据：2022-09-20
2022-10-10 11:54:53,242 - main - INFO - 开始处理实况数据：2022-09-20
2022-10-10 11:54:53,262 - main - INFO - 当前设定计算时间为： 2022-09-19
2022-10-10 11:55:28,685 - main - INFO - 开始处理预报数据：2022-09-20
2022-10-10 12:35:02,192 - main - INFO - 开始处理实况数据：2022-09-20
2022-10-10 12:35:02,254 - main - INFO - 当前设定计算时间为： 2022-09-19
2022-10-10 12:35:32,382 - main - INFO - 开始处理预报数据：2022-09-20
2022-10-10 12:38:31,234 - main - INFO - 开始处理实况数据：2022-09-20
2022-10-10 12:38:31,287 - main - INFO - 当前设定计算时间为： 2022-09-19
2022-10-10 12:38:58,873 - main - INFO - 开始处理预报数据：2022-09-20
2022-10-10 13:44:29,455 - main - INFO - 开始处理实况数据：2022-09-20
2022-10-10 13:44:29,482 - main - INFO - 当前设定计算时间为： 2022-09-19
2022-10-10 13:45:07,234 - main - INFO - 开始处理预报数据：2022-09-20
2022-10-10 13:47:02,445 - main - INFO - 开始处理实况数据：2022-09-20
2022-10-10 13:47:02,476 - main - INFO - 当前设定计算时间为： 2022-09-19
2022-10-10 13:47:36,716 - main - INFO - 开始处理预报数据：2022-09-20
2022-10-10 13:48:14,240 - main - INFO - 开始处理实况数据：2022-09-20
2022-10-10 13:48:14,287 - main - INFO - 当前设定计算时间为： 2022-09-19
2022-10-10 13:48:53,892 - main - INFO - 开始处理预报数据：2022-09-20
2022-10-10 13:52:11,871 - main - INFO - 开始处理实况数据：2022-09-20
2022-10-10 13:52:11,886 - main - INFO - 当前设定计算时间为： 2022-09-19
2022-10-10 13:52:39,730 - main - INFO - 开始处理实况数据：2022-09-20
2022-10-10 13:52:39,792 - main - INFO - 当前设定计算时间为： 2022-09-19
2022-10-10 13:53:19,741 - main - INFO - 开始处理预报数据：2022-09-20
2022-10-10 14:05:13,981 - main - INFO - 开始处理实况数据：2022-09-20
2022-10-10 14:05:14,044 - main - INFO - 当前设定计算时间为： 2022-09-19
2022-10-10 14:05:48,969 - main - INFO - 开始处理预报数据：2022-09-20
2022-10-10 14:42:42,545 - main - INFO - 开始处理实况数据：2022-09-20
2022-10-10 14:42:42,561 - main - INFO - 当前设定计算时间为： 2022-09-19
2022-10-10 14:43:20,846 - main - INFO - 开始处理预报数据：2022-09-20
2022-10-10 14:47:25,269 - main - INFO - 开始处理实况数据：2022-09-20
2022-10-10 14:47:25,378 - main - INFO - 当前设定计算时间为： 2022-09-19
2022-10-10 14:47:55,942 - main - INFO - 开始处理预报数据：2022-09-20
2022-10-10 14:51:17,537 - main - INFO - 开始处理实况数据：2022-09-20
2022-10-10 14:51:17,553 - main - INFO - 当前设定计算时间为： 2022-09-19
2022-10-10 14:51:45,112 - main - INFO - 开始处理预报数据：2022-09-20
2022-10-10 14:52:45,723 - main - INFO - 开始处理实况数据：2022-09-20
2022-10-10 14:52:45,739 - main - INFO - 当前设定计算时间为： 2022-09-19
2022-10-10 14:53:18,086 - main - INFO - 开始处理预报数据：2022-09-20
2022-10-10 14:58:45,253 - main - INFO - 开始处理实况数据：2022-09-20
2022-10-10 14:58:45,316 - main - INFO - 当前设定计算时间为： 2022-09-19
2022-10-10 14:59:26,338 - main - INFO - 开始处理预报数据：2022-09-20
2022-10-10 14:59:47,956 - main - INFO - 开始处理实况数据：2022-09-20
2022-10-10 14:59:48,002 - main - INFO - 当前设定计算时间为： 2022-09-19
2022-10-10 15:00:25,136 - main - INFO - 开始处理预报数据：2022-09-20
2022-10-10 15:00:46,450 - main - INFO - 开始处理实况数据：2022-09-20
2022-10-10 15:00:46,466 - main - INFO - 当前设定计算时间为： 2022-09-19
2022-10-10 15:01:27,957 - main - INFO - 开始处理预报数据：2022-09-20
2022-10-10 15:01:33,613 - main - ERROR - 'Text' object has no property 'font_size'
2022-10-10 15:01:39,768 - main - INFO - 开始处理实况数据：2022-09-20
2022-10-10 15:01:39,831 - main - INFO - 当前设定计算时间为： 2022-09-19
2022-10-10 15:02:19,885 - main - INFO - 开始处理预报数据：2022-09-20
2022-10-10 15:02:24,963 - main - ERROR - 'Text' object has no property 'font_size'
2022-10-10 15:03:23,462 - main - INFO - 开始处理实况数据：2022-09-20
2022-10-10 15:03:23,524 - main - INFO - 当前设定计算时间为： 2022-09-19
2022-10-10 15:04:01,853 - main - INFO - 开始处理预报数据：2022-09-20
2022-10-10 15:04:33,381 - main - INFO - 开始处理实况数据：2022-09-20
2022-10-10 15:04:33,444 - main - INFO - 当前设定计算时间为： 2022-09-19
2022-10-10 15:05:09,650 - main - INFO - 开始处理预报数据：2022-09-20
2022-10-10 15:05:36,947 - main - INFO - 开始处理实况数据：2022-09-20
2022-10-10 15:05:36,962 - main - INFO - 当前设定计算时间为： 2022-09-19
2022-10-10 15:05:53,031 - main - INFO - 开始处理实况数据：2022-09-20
2022-10-10 15:05:53,062 - main - INFO - 当前设定计算时间为： 2022-09-19
2022-10-10 15:06:33,933 - main - INFO - 开始处理预报数据：2022-09-20
2022-10-10 15:06:57,092 - main - INFO - 开始处理实况数据：2022-09-20
2022-10-10 15:06:57,107 - main - INFO - 当前设定计算时间为： 2022-09-19
2022-10-10 15:07:34,839 - main - INFO - 开始处理预报数据：2022-09-20
2022-10-10 15:07:58,012 - main - INFO - 开始处理实况数据：2022-09-20
2022-10-10 15:07:58,059 - main - INFO - 当前设定计算时间为： 2022-09-19
2022-10-10 15:08:41,257 - main - INFO - 开始处理预报数据：2022-09-20
2022-10-10 15:09:48,623 - main - INFO - 开始处理实况数据：2022-09-20
2022-10-10 15:09:48,654 - main - INFO - 当前设定计算时间为： 2022-09-19
2022-10-10 15:10:24,125 - main - INFO - 开始处理预报数据：2022-09-20
2022-10-10 15:15:05,690 - main - INFO - 开始处理实况数据：2022-09-20
2022-10-10 15:15:05,721 - main - INFO - 当前设定计算时间为： 2022-09-19
2022-10-10 15:15:36,766 - main - INFO - 开始处理实况数据：2022-09-20
2022-10-10 15:15:36,766 - main - INFO - 当前设定计算时间为： 2022-09-19
2022-10-10 15:16:08,876 - main - INFO - 开始处理预报数据：2022-09-20
2022-10-10 15:17:29,438 - main - INFO - 开始处理实况数据：2022-09-20
2022-10-10 15:17:29,484 - main - INFO - 当前设定计算时间为： 2022-09-19
2022-10-10 15:18:00,927 - main - INFO - 开始处理预报数据：2022-09-20
2022-10-10 15:20:32,546 - main - INFO - 开始处理实况数据：2022-09-20
2022-10-10 15:20:32,624 - main - INFO - 当前设定计算时间为： 2022-09-19
2022-10-10 15:21:10,401 - main - INFO - 开始处理预报数据：2022-09-20
2022-10-10 15:21:17,037 - main - ERROR - unsupported operand type(s) for +: 'int' and 'datetime.datetime'
2022-10-10 16:06:24,101 - main - INFO - 开始处理实况数据：2022-09-20
2022-10-10 16:06:24,132 - main - INFO - 当前设定计算时间为： 2022-09-19
2022-10-10 16:07:00,724 - main - INFO - 开始处理预报数据：2022-09-20
2022-10-10 16:35:02,953 - main - INFO - 开始处理实况数据：2022-09-20
2022-10-10 16:35:02,969 - main - INFO - 当前设定计算时间为： 2022-09-19
2022-10-10 16:35:35,222 - main - INFO - 开始处理预报数据：2022-09-20
2022-10-10 16:37:29,068 - main - INFO - 开始处理实况数据：2022-09-20
2022-10-10 16:37:29,099 - main - INFO - 当前设定计算时间为： 2022-09-19
2022-10-10 16:37:58,268 - main - INFO - 开始处理预报数据：2022-09-20
2022-10-10 16:38:12,297 - main - INFO - 开始处理实况数据：2022-09-20
2022-10-10 16:38:12,391 - main - INFO - 当前设定计算时间为： 2022-09-19
2022-10-10 16:38:53,889 - main - INFO - 开始处理预报数据：2022-09-20
2022-10-10 16:40:13,683 - main - INFO - 开始处理实况数据：2022-09-20
2022-10-10 16:40:13,699 - main - INFO - 当前设定计算时间为： 2022-09-19
2022-10-10 16:40:38,302 - main - INFO - 开始处理实况数据：2022-09-20
2022-10-10 16:40:38,380 - main - INFO - 当前设定计算时间为： 2022-09-19
2022-10-10 16:41:15,541 - main - INFO - 开始处理预报数据：2022-09-20
2022-10-10 16:42:05,740 - main - INFO - 开始处理实况数据：2022-09-20
2022-10-10 16:42:05,787 - main - INFO - 当前设定计算时间为： 2022-09-19
2022-10-10 16:42:43,468 - main - INFO - 开始处理预报数据：2022-09-20
