2022-10-13 09:34:09,000 - main - INFO - 开始处理实况数据：2022-09-20
2022-10-13 09:34:09,030 - main - INFO - 当前设定计算时间为： 2022-09-19
2022-10-13 09:34:47,728 - main - INFO - 开始处理预报数据：2022-09-20
2022-10-13 09:34:55,682 - main - INFO - 开始处理实况数据：2022-09-21
2022-10-13 09:34:55,709 - main - INFO - 当前设定计算时间为： 2022-09-20
2022-10-13 09:35:32,569 - main - INFO - 开始处理实况数据：2022-09-20
2022-10-13 09:35:32,608 - main - INFO - 当前设定计算时间为： 2022-09-19
2022-10-13 09:36:19,004 - main - INFO - 开始处理预报数据：2022-09-20
2022-10-13 09:36:29,888 - main - INFO - 开始处理实况数据：2022-09-21
2022-10-13 09:36:29,901 - main - INFO - 当前设定计算时间为： 2022-09-20
2022-10-13 09:37:18,698 - main - INFO - 开始处理预报数据：2022-09-21
2022-10-13 09:37:48,829 - main - INFO - 开始处理实况数据：2022-09-20
2022-10-13 09:37:48,853 - main - INFO - 当前设定计算时间为： 2022-09-19
2022-10-13 09:38:39,846 - main - INFO - 开始处理预报数据：2022-09-20
2022-10-13 09:38:55,106 - main - INFO - 开始处理实况数据：2022-09-21
2022-10-13 09:38:55,125 - main - INFO - 当前设定计算时间为： 2022-09-20
2022-10-13 09:39:42,414 - main - INFO - 开始处理预报数据：2022-09-21
2022-10-13 09:42:13,946 - main - INFO - 开始处理实况数据：2022-09-20
2022-10-13 09:42:13,977 - main - INFO - 当前设定计算时间为： 2022-09-19
2022-10-13 09:43:06,172 - main - INFO - 开始处理预报数据：2022-09-20
2022-10-13 09:45:33,388 - main - INFO - 开始处理实况数据：2022-09-20
2022-10-13 09:45:33,408 - main - INFO - 当前设定计算时间为： 2022-09-19
2022-10-13 09:46:34,706 - main - INFO - 开始处理预报数据：2022-09-20
2022-10-13 09:48:55,521 - main - INFO - 开始处理实况数据：2022-09-20
2022-10-13 09:48:55,578 - main - INFO - 当前设定计算时间为： 2022-09-19
2022-10-13 09:49:44,688 - main - INFO - 开始处理预报数据：2022-09-20
2022-10-13 09:49:57,286 - main - INFO - 开始处理实况数据：2022-09-21
2022-10-13 09:49:57,339 - main - INFO - 当前设定计算时间为： 2022-09-20
2022-10-13 09:50:51,313 - main - INFO - 开始处理预报数据：2022-09-21
2022-10-13 09:51:15,899 - main - INFO - 开始处理实况数据：2022-09-20
2022-10-13 09:51:15,964 - main - INFO - 当前设定计算时间为： 2022-09-19
2022-10-13 09:51:40,362 - main - INFO - 开始处理实况数据：2022-09-20
2022-10-13 09:51:40,372 - main - INFO - 当前设定计算时间为： 2022-09-19
2022-10-13 09:52:41,498 - main - INFO - 开始处理预报数据：2022-09-20
2022-10-13 09:53:34,370 - main - INFO - 开始处理实况数据：2022-09-21
2022-10-13 09:53:34,433 - main - INFO - 当前设定计算时间为： 2022-09-20
2022-10-13 09:53:43,840 - main - INFO - 开始处理实况数据：2022-09-20
2022-10-13 09:53:43,854 - main - INFO - 当前设定计算时间为： 2022-09-19
2022-10-13 09:54:45,071 - main - INFO - 开始处理预报数据：2022-09-20
2022-10-13 09:54:59,157 - main - INFO - 开始处理实况数据：2022-09-21
2022-10-13 09:54:59,759 - main - INFO - 当前设定计算时间为： 2022-09-20
2022-10-13 09:55:40,564 - main - INFO - 开始处理实况数据：2022-09-20
2022-10-13 09:55:40,623 - main - INFO - 当前设定计算时间为： 2022-09-19
2022-10-13 09:56:34,774 - main - INFO - 开始处理预报数据：2022-09-20
2022-10-13 13:59:31,779 - main - INFO - 开始处理实况数据：2022-09-20
2022-10-13 13:59:31,819 - main - INFO - 当前设定计算时间为： 2022-09-19
2022-10-13 14:00:28,366 - main - INFO - 开始处理预报数据：2022-09-20
2022-10-13 14:00:44,168 - main - ERROR - The number of FixedLocator locations (46), usually from a call to set_ticks, does not match the number of ticklabels (45).
2022-10-13 14:00:44,169 - main - INFO - 开始处理实况数据：2022-09-21
2022-10-13 14:00:44,208 - main - INFO - 当前设定计算时间为： 2022-09-20
2022-10-13 14:02:02,763 - main - INFO - 开始处理实况数据：2022-09-20
2022-10-13 14:02:02,786 - main - INFO - 当前设定计算时间为： 2022-09-19
2022-10-13 14:03:00,701 - main - INFO - 开始处理预报数据：2022-09-20
2022-10-13 14:03:15,355 - main - INFO - 开始处理实况数据：2022-09-21
2022-10-13 14:03:15,392 - main - INFO - 当前设定计算时间为： 2022-09-20
2022-10-13 14:04:12,368 - main - INFO - 开始处理预报数据：2022-09-21
2022-10-13 14:04:32,360 - main - INFO - 开始处理实况数据：2022-09-20
2022-10-13 14:04:32,376 - main - INFO - 当前设定计算时间为： 2022-09-19
2022-10-13 14:05:32,632 - main - INFO - 开始处理预报数据：2022-09-20
2022-10-13 14:16:11,806 - main - ERROR - The number of FixedLocator locations (90), usually from a call to set_ticks, does not match the number of ticklabels (45).
2022-10-13 14:16:11,807 - main - INFO - 开始处理实况数据：2022-09-21
2022-10-13 14:16:11,851 - main - INFO - 当前设定计算时间为： 2022-09-20
2022-10-13 14:16:11,909 - main - ERROR - Can't pickle <class '__main__.MergeStationData'>: attribute lookup MergeStationData on __main__ failed
2022-10-13 14:16:28,818 - main - INFO - 开始处理实况数据：2022-09-20
2022-10-13 14:16:28,881 - main - INFO - 当前设定计算时间为： 2022-09-19
2022-10-13 14:17:32,643 - main - INFO - 开始处理预报数据：2022-09-20
2022-10-13 14:20:29,517 - main - INFO - 开始处理实况数据：2022-09-21
2022-10-13 14:20:29,567 - main - INFO - 当前设定计算时间为： 2022-09-20
2022-10-13 14:20:40,883 - main - INFO - 开始处理实况数据：2022-09-20
2022-10-13 14:20:40,929 - main - INFO - 当前设定计算时间为： 2022-09-19
2022-10-13 14:21:42,293 - main - INFO - 开始处理预报数据：2022-09-20
2022-10-13 14:21:56,678 - main - INFO - 开始处理实况数据：2022-09-20
2022-10-13 14:21:56,728 - main - INFO - 当前设定计算时间为： 2022-09-19
2022-10-13 14:22:49,703 - main - INFO - 开始处理实况数据：2022-09-20
2022-10-13 14:22:49,736 - main - INFO - 当前设定计算时间为： 2022-09-19
2022-10-13 14:23:07,627 - main - INFO - 开始处理实况数据：2022-09-20
2022-10-13 14:23:07,660 - main - INFO - 当前设定计算时间为： 2022-09-19
2022-10-13 14:24:02,637 - main - INFO - 开始处理预报数据：2022-09-20
2022-10-13 14:24:18,418 - main - INFO - 开始处理实况数据：2022-09-21
2022-10-13 14:24:18,442 - main - INFO - 当前设定计算时间为： 2022-09-20
2022-10-13 14:25:21,107 - main - INFO - 开始处理预报数据：2022-09-21
2022-10-13 15:02:32,491 - main - INFO - 开始处理实况数据：2022-09-20
2022-10-13 15:02:32,535 - main - INFO - 当前设定计算时间为： 2022-09-19
2022-10-13 15:03:35,947 - main - INFO - 开始处理预报数据：2022-09-20
2022-10-13 15:17:08,184 - main - INFO - 开始处理实况数据：2022-09-20
2022-10-13 15:17:08,225 - main - INFO - 当前设定计算时间为： 2022-09-19
2022-10-13 15:18:10,183 - main - INFO - 开始处理预报数据：2022-09-20
