2022-09-08 09:06:58,965 - main - INFO - 开始处理是实况数据：2022-06-21
2022-09-08 09:06:59,004 - main - INFO - 当前设定计算时间为： 2022-06-20
2022-09-08 09:07:52,315 - main - INFO - 开始处理是预报数据：2022-06-21
2022-09-08 09:07:52,343 - main - INFO - 220621   grid24_2022062108.024
2022-09-08 09:07:53,435 - main - INFO - 220622   grid24_2022062208.024
2022-09-08 09:07:56,266 - main - INFO - 220623   grid24_2022062308.024
2022-09-08 09:07:57,121 - main - INFO - 220624   grid24_2022062408.024
2022-09-08 09:07:58,101 - main - INFO - 220625   grid24_2022062508.024
2022-09-08 09:08:00,364 - main - INFO - 220626   grid24_2022062608.024
2022-09-08 09:08:01,411 - main - INFO - 220627   grid24_2022062708.024
2022-09-08 09:08:04,473 - main - INFO - 220628   grid24_2022062808.024
2022-09-08 09:08:05,596 - main - INFO - 220629   grid24_2022062908.024
2022-09-08 09:08:08,443 - main - INFO - 220630   grid24_2022063008.024
2022-09-08 09:10:26,756 - main - INFO - 开始处理是实况数据：2022-06-21
2022-09-08 09:10:26,796 - main - INFO - 当前设定计算时间为： 2022-06-20
2022-09-08 09:11:11,865 - main - INFO - 开始处理是预报数据：2022-06-21
2022-09-08 09:11:11,874 - main - INFO - 220621   grid24_2022062108.024
2022-09-08 09:11:13,120 - main - INFO - 220622   grid24_2022062208.024
2022-09-08 09:11:14,233 - main - INFO - 220623   grid24_2022062308.024
2022-09-08 09:11:17,504 - main - INFO - 220624   grid24_2022062408.024
2022-09-08 09:11:18,629 - main - INFO - 220625   grid24_2022062508.024
2022-09-08 09:11:21,359 - main - INFO - 220626   grid24_2022062608.024
2022-09-08 09:11:22,636 - main - INFO - 220627   grid24_2022062708.024
2022-09-08 09:11:25,104 - main - INFO - 220628   grid24_2022062808.024
2022-09-08 09:11:26,469 - main - INFO - 220629   grid24_2022062908.024
2022-09-08 09:11:29,455 - main - INFO - 220630   grid24_2022063008.024
2022-09-08 09:14:53,986 - main - INFO - 开始处理是实况数据：2022-06-10
2022-09-08 09:14:54,004 - main - INFO - 当前设定计算时间为： 2022-06-09
2022-09-08 09:15:31,979 - main - INFO - 开始处理是预报数据：2022-06-10
2022-09-08 09:15:31,997 - main - INFO - 220610   grid24_2022061008.024
2022-09-08 09:15:32,004 - main - INFO - 220611   grid24_2022061108.024
2022-09-08 09:15:33,119 - main - INFO - 220612   grid24_2022061208.024
2022-09-08 09:15:34,200 - main - INFO - 220613   grid24_2022061308.024
2022-09-08 09:15:35,336 - main - INFO - 220614   grid24_2022061408.024
2022-09-08 09:15:38,334 - main - INFO - 220615   grid24_2022061508.024
2022-09-08 09:15:39,424 - main - INFO - 220616   grid24_2022061608.024
2022-09-08 09:15:42,276 - main - INFO - 220617   grid24_2022061708.024
2022-09-08 09:15:43,403 - main - INFO - 220618   grid24_2022061808.024
2022-09-08 09:15:45,046 - main - INFO - 220619   grid24_2022061908.024
2022-09-08 10:19:36,409 - main - INFO - 开始处理是实况数据：2022-06-10
2022-09-08 10:19:36,453 - main - INFO - 当前设定计算时间为： 2022-06-09
2022-09-08 10:20:19,374 - main - INFO - 开始处理是预报数据：2022-06-10
2022-09-08 10:20:19,383 - main - INFO - 220610   grid24_2022061008.024
2022-09-08 10:20:19,386 - main - INFO - 220611   grid24_2022061108.024
2022-09-08 10:20:20,235 - main - INFO - 220612   grid24_2022061208.024
2022-09-08 10:20:21,103 - main - INFO - 220613   grid24_2022061308.024
2022-09-08 10:20:21,959 - main - INFO - 220614   grid24_2022061408.024
2022-09-08 10:20:24,722 - main - INFO - 220615   grid24_2022061508.024
2022-09-08 10:20:25,880 - main - INFO - 220616   grid24_2022061608.024
2022-09-08 10:20:29,021 - main - INFO - 220617   grid24_2022061708.024
2022-09-08 10:20:30,030 - main - INFO - 220618   grid24_2022061808.024
2022-09-08 10:20:32,269 - main - INFO - 220619   grid24_2022061908.024
2022-09-08 10:21:50,326 - main - INFO - 开始处理是实况数据：2022-06-10
2022-09-08 10:21:50,368 - main - INFO - 当前设定计算时间为： 2022-06-09
2022-09-08 10:22:34,428 - main - INFO - 开始处理是预报数据：2022-06-10
2022-09-08 10:22:34,457 - main - INFO - 220610   grid24_2022061008.024
2022-09-08 10:22:34,466 - main - INFO - 220611   grid24_2022061108.024
2022-09-08 10:22:35,738 - main - INFO - 220612   grid24_2022061208.024
2022-09-08 10:22:37,242 - main - INFO - 220613   grid24_2022061308.024
2022-09-08 10:22:41,402 - main - INFO - 220614   grid24_2022061408.024
2022-09-08 10:22:42,556 - main - INFO - 220615   grid24_2022061508.024
2022-09-08 10:22:45,271 - main - INFO - 220616   grid24_2022061608.024
2022-09-08 10:22:46,493 - main - INFO - 220617   grid24_2022061708.024
2022-09-08 10:22:48,719 - main - INFO - 220618   grid24_2022061808.024
2022-09-08 10:22:49,825 - main - INFO - 220619   grid24_2022061908.024
2022-09-08 10:23:19,888 - main - INFO - 开始处理是实况数据：2022-06-10
2022-09-08 10:23:19,898 - main - INFO - 当前设定计算时间为： 2022-06-09
2022-09-08 10:23:45,475 - main - INFO - 开始处理是实况数据：2022-06-10
2022-09-08 10:23:45,488 - main - INFO - 当前设定计算时间为： 2022-06-09
2022-09-08 10:24:35,256 - main - INFO - 开始处理是预报数据：2022-06-10
2022-09-08 10:24:35,281 - main - INFO - 220610   grid24_2022061008.024
2022-09-08 10:24:35,292 - main - INFO - 220611   grid24_2022061108.024
2022-09-08 10:24:36,559 - main - INFO - 220612   grid24_2022061208.024
2022-09-08 10:24:39,902 - main - INFO - 220613   grid24_2022061308.024
2022-09-08 10:24:41,547 - main - INFO - 220614   grid24_2022061408.024
2022-09-08 10:24:43,890 - main - INFO - 220615   grid24_2022061508.024
2022-09-08 10:24:45,131 - main - INFO - 220616   grid24_2022061608.024
2022-09-08 10:24:47,782 - main - INFO - 220617   grid24_2022061708.024
2022-09-08 10:24:49,030 - main - INFO - 220618   grid24_2022061808.024
2022-09-08 10:24:51,989 - main - INFO - 220619   grid24_2022061908.024
2022-09-08 10:26:51,530 - main - INFO - 开始处理是实况数据：2022-06-10
2022-09-08 10:26:51,566 - main - INFO - 当前设定计算时间为： 2022-06-09
2022-09-08 10:27:37,610 - main - INFO - 开始处理是预报数据：2022-06-10
2022-09-08 10:27:37,656 - main - INFO - 220610   grid24_2022061008.024
2022-09-08 10:27:37,665 - main - INFO - 220611   grid24_2022061108.024
2022-09-08 10:27:38,941 - main - INFO - 220612   grid24_2022061208.024
2022-09-08 10:27:41,041 - main - INFO - 220613   grid24_2022061308.024
2022-09-08 10:27:42,263 - main - INFO - 220614   grid24_2022061408.024
2022-09-08 10:27:43,442 - main - INFO - 220615   grid24_2022061508.024
2022-09-08 10:27:46,461 - main - INFO - 220616   grid24_2022061608.024
2022-09-08 10:27:47,350 - main - INFO - 220617   grid24_2022061708.024
2022-09-08 10:27:50,648 - main - INFO - 220618   grid24_2022061808.024
2022-09-08 10:27:53,924 - main - INFO - 220619   grid24_2022061908.024
2022-09-08 10:28:44,810 - main - ERROR - 'PictureDrawTask' object has no attribute 'sta_obj_list'
2022-09-08 10:28:55,856 - main - INFO - 开始处理是实况数据：2022-06-10
2022-09-08 10:28:55,932 - main - INFO - 当前设定计算时间为： 2022-06-09
2022-09-08 10:29:41,555 - main - INFO - 开始处理是预报数据：2022-06-10
2022-09-08 10:29:41,565 - main - INFO - 220610   grid24_2022061008.024
2022-09-08 10:29:41,569 - main - INFO - 220611   grid24_2022061108.024
2022-09-08 10:29:42,611 - main - INFO - 220612   grid24_2022061208.024
2022-09-08 10:29:43,801 - main - INFO - 220613   grid24_2022061308.024
2022-09-08 10:29:46,813 - main - INFO - 220614   grid24_2022061408.024
2022-09-08 10:29:47,951 - main - INFO - 220615   grid24_2022061508.024
2022-09-08 10:29:50,955 - main - INFO - 220616   grid24_2022061608.024
2022-09-08 10:29:52,051 - main - INFO - 220617   grid24_2022061708.024
2022-09-08 10:29:54,966 - main - INFO - 220618   grid24_2022061808.024
2022-09-08 10:29:55,866 - main - INFO - 220619   grid24_2022061908.024
2022-09-08 10:32:10,702 - main - INFO - 开始处理是实况数据：2022-06-10
2022-09-08 10:32:10,745 - main - INFO - 当前设定计算时间为： 2022-06-09
2022-09-08 10:33:00,889 - main - INFO - 开始处理是预报数据：2022-06-10
2022-09-08 10:33:00,913 - main - INFO - 220610   grid24_2022061008.024
2022-09-08 10:33:00,922 - main - INFO - 220611   grid24_2022061108.024
2022-09-08 10:33:01,969 - main - INFO - 220612   grid24_2022061208.024
2022-09-08 10:33:02,993 - main - INFO - 220613   grid24_2022061308.024
2022-09-08 10:33:05,540 - main - INFO - 220614   grid24_2022061408.024
2022-09-08 10:33:06,683 - main - INFO - 220615   grid24_2022061508.024
2022-09-08 10:33:09,766 - main - INFO - 220616   grid24_2022061608.024
2022-09-08 10:33:11,295 - main - INFO - 220617   grid24_2022061708.024
2022-09-08 10:33:13,007 - main - INFO - 220618   grid24_2022061808.024
2022-09-08 10:33:15,764 - main - INFO - 220619   grid24_2022061908.024
2022-09-08 10:39:10,621 - main - INFO - 开始处理是实况数据：2022-06-10
2022-09-08 10:39:10,658 - main - INFO - 当前设定计算时间为： 2022-06-09
2022-09-08 10:39:54,097 - main - INFO - 开始处理是预报数据：2022-06-10
2022-09-08 10:39:54,127 - main - INFO - 220610   grid24_2022061008.024
2022-09-08 10:39:54,137 - main - INFO - 220611   grid24_2022061108.024
2022-09-08 10:39:55,272 - main - INFO - 220612   grid24_2022061208.024
2022-09-08 10:39:56,295 - main - INFO - 220613   grid24_2022061308.024
2022-09-08 10:39:59,428 - main - INFO - 220614   grid24_2022061408.024
2022-09-08 10:40:00,536 - main - INFO - 220615   grid24_2022061508.024
2022-09-08 10:40:03,488 - main - INFO - 220616   grid24_2022061608.024
2022-09-08 10:40:04,654 - main - INFO - 220617   grid24_2022061708.024
2022-09-08 10:40:07,446 - main - INFO - 220618   grid24_2022061808.024
2022-09-08 10:40:08,657 - main - INFO - 220619   grid24_2022061908.024
2022-09-08 10:40:37,223 - main - INFO - 开始处理是实况数据：2022-06-10
2022-09-08 10:40:37,234 - main - INFO - 当前设定计算时间为： 2022-06-09
2022-09-08 10:41:23,961 - main - INFO - 开始处理是预报数据：2022-06-10
2022-09-08 10:41:24,016 - main - INFO - 220610   grid24_2022061008.024
2022-09-08 10:41:24,031 - main - INFO - 220611   grid24_2022061108.024
2022-09-08 10:41:25,131 - main - INFO - 220612   grid24_2022061208.024
2022-09-08 10:41:26,338 - main - INFO - 220613   grid24_2022061308.024
2022-09-08 10:41:27,816 - main - INFO - 220614   grid24_2022061408.024
2022-09-08 10:41:29,906 - main - INFO - 220615   grid24_2022061508.024
2022-09-08 10:41:31,305 - main - INFO - 220616   grid24_2022061608.024
2022-09-08 10:41:35,826 - main - INFO - 220617   grid24_2022061708.024
2022-09-08 10:41:37,165 - main - INFO - 220618   grid24_2022061808.024
2022-09-08 10:41:39,617 - main - INFO - 220619   grid24_2022061908.024
2022-09-08 10:42:46,278 - main - INFO - 开始处理是实况数据：2022-06-10
2022-09-08 10:42:46,321 - main - INFO - 当前设定计算时间为： 2022-06-09
2022-09-08 10:43:51,865 - main - INFO - 开始处理是预报数据：2022-06-10
2022-09-08 10:43:51,899 - main - INFO - 220610   grid24_2022061008.024
2022-09-08 10:43:51,905 - main - INFO - 220611   grid24_2022061108.024
2022-09-08 10:43:54,148 - main - INFO - 220612   grid24_2022061208.024
2022-09-08 10:43:55,992 - main - INFO - 220613   grid24_2022061308.024
2022-09-08 10:43:58,910 - main - INFO - 220614   grid24_2022061408.024
2022-09-08 10:44:00,560 - main - INFO - 220615   grid24_2022061508.024
2022-09-08 10:44:03,431 - main - INFO - 220616   grid24_2022061608.024
2022-09-08 10:44:05,245 - main - INFO - 220617   grid24_2022061708.024
2022-09-08 10:44:08,706 - main - INFO - 220618   grid24_2022061808.024
2022-09-08 10:44:10,277 - main - INFO - 220619   grid24_2022061908.024
2022-09-08 10:47:46,087 - main - INFO - 开始处理是实况数据：2022-06-10
2022-09-08 10:47:46,175 - main - INFO - 当前设定计算时间为： 2022-06-09
2022-09-08 10:47:52,567 - main - INFO - 开始处理是实况数据：2022-06-10
2022-09-08 10:47:52,599 - main - INFO - 当前设定计算时间为： 2022-06-09
2022-09-08 10:48:56,127 - main - INFO - 开始处理是预报数据：2022-06-10
2022-09-08 10:48:56,159 - main - INFO - 220610   grid24_2022061008.024
2022-09-08 10:48:56,168 - main - INFO - 220611   grid24_2022061108.024
2022-09-08 10:48:57,632 - main - INFO - 220612   grid24_2022061208.024
2022-09-08 10:48:59,136 - main - INFO - 220613   grid24_2022061308.024
2022-09-08 10:49:01,403 - main - INFO - 220614   grid24_2022061408.024
2022-09-08 10:49:02,569 - main - INFO - 220615   grid24_2022061508.024
2022-09-08 10:49:05,245 - main - INFO - 220616   grid24_2022061608.024
2022-09-08 10:49:06,184 - main - INFO - 220617   grid24_2022061708.024
2022-09-08 10:49:07,611 - main - INFO - 220618   grid24_2022061808.024
2022-09-08 10:49:09,436 - main - INFO - 220619   grid24_2022061908.024
2022-09-08 10:50:16,748 - main - INFO - 开始处理是实况数据：2022-06-10
2022-09-08 10:50:16,758 - main - INFO - 当前设定计算时间为： 2022-06-09
2022-09-08 10:51:01,769 - main - INFO - 开始处理是预报数据：2022-06-10
2022-09-08 10:51:01,778 - main - INFO - 220610   grid24_2022061008.024
2022-09-08 10:51:01,782 - main - INFO - 220611   grid24_2022061108.024
2022-09-08 10:51:03,120 - main - INFO - 220612   grid24_2022061208.024
2022-09-08 10:51:04,390 - main - INFO - 220613   grid24_2022061308.024
2022-09-08 10:51:05,429 - main - INFO - 220614   grid24_2022061408.024
2022-09-08 10:51:08,100 - main - INFO - 220615   grid24_2022061508.024
2022-09-08 10:51:09,812 - main - INFO - 220616   grid24_2022061608.024
2022-09-08 10:51:12,273 - main - INFO - 220617   grid24_2022061708.024
2022-09-08 10:51:14,049 - main - INFO - 220618   grid24_2022061808.024
2022-09-08 10:51:16,005 - main - INFO - 220619   grid24_2022061908.024
2022-09-08 10:55:18,263 - main - INFO - 开始处理是实况数据：2022-05-01
2022-09-08 10:55:18,272 - main - INFO - 当前设定计算时间为： 2022-04-30
2022-09-08 10:55:44,321 - main - INFO - 开始处理是预报数据：2022-05-01
2022-09-08 10:55:44,355 - main - INFO - 220501   grid24_2022050108.024
2022-09-08 10:55:44,364 - main - INFO - 220502   grid24_2022050208.024
2022-09-08 10:55:44,374 - main - INFO - 220503   grid24_2022050308.024
2022-09-08 10:55:44,385 - main - INFO - 220504   grid24_2022050408.024
2022-09-08 10:55:44,394 - main - INFO - 220505   grid24_2022050508.024
2022-09-08 10:55:44,405 - main - INFO - 220506   grid24_2022050608.024
2022-09-08 10:55:44,414 - main - INFO - 220507   grid24_2022050708.024
2022-09-08 10:55:44,425 - main - INFO - 220508   grid24_2022050808.024
2022-09-08 10:55:44,434 - main - INFO - 220509   grid24_2022050908.024
2022-09-08 10:55:44,444 - main - INFO - 220510   grid24_2022051008.024
2022-09-08 10:56:27,054 - main - INFO - 开始处理是实况数据：2022-05-20
2022-09-08 10:56:27,111 - main - INFO - 当前设定计算时间为： 2022-05-19
2022-09-08 10:56:48,010 - main - INFO - 开始处理是实况数据：2022-05-20
2022-09-08 10:56:48,052 - main - INFO - 当前设定计算时间为： 2022-05-19
2022-09-08 10:57:20,455 - main - INFO - 开始处理是预报数据：2022-05-20
2022-09-08 10:57:20,481 - main - INFO - 220520   grid24_2022052008.024
2022-09-08 10:57:20,489 - main - INFO - 220521   grid24_2022052108.024
2022-09-08 10:57:20,501 - main - INFO - 220522   grid24_2022052208.024
2022-09-08 10:57:20,511 - main - INFO - 220523   grid24_2022052308.024
2022-09-08 10:57:20,521 - main - INFO - 220524   grid24_2022052408.024
2022-09-08 10:57:20,531 - main - INFO - 220525   grid24_2022052508.024
2022-09-08 10:57:20,542 - main - INFO - 220526   grid24_2022052608.024
2022-09-08 10:57:20,552 - main - INFO - 220527   grid24_2022052708.024
2022-09-08 10:57:20,561 - main - INFO - 220528   grid24_2022052808.024
2022-09-08 10:57:20,571 - main - INFO - 220529   grid24_2022052908.024
2022-09-08 10:58:51,471 - main - INFO - 开始处理是实况数据：2022-05-20
2022-09-08 10:58:51,490 - main - INFO - 当前设定计算时间为： 2022-05-19
2022-09-08 10:59:24,080 - main - INFO - 开始处理是预报数据：2022-05-20
2022-09-08 10:59:24,107 - main - INFO - 220520   grid24_2022052008.024
2022-09-08 10:59:24,120 - main - INFO - 220521   grid24_2022052108.024
2022-09-08 10:59:24,143 - main - INFO - 220522   grid24_2022052208.024
2022-09-08 10:59:24,152 - main - INFO - 220523   grid24_2022052308.024
2022-09-08 10:59:24,167 - main - INFO - 220524   grid24_2022052408.024
2022-09-08 10:59:24,176 - main - INFO - 220525   grid24_2022052508.024
2022-09-08 10:59:24,185 - main - INFO - 220526   grid24_2022052608.024
2022-09-08 10:59:24,196 - main - INFO - 220527   grid24_2022052708.024
2022-09-08 10:59:24,206 - main - INFO - 220528   grid24_2022052808.024
2022-09-08 10:59:24,217 - main - INFO - 220529   grid24_2022052908.024
2022-09-08 14:19:34,080 - main - INFO - 开始处理是实况数据：2022-05-20
2022-09-08 14:19:34,124 - main - INFO - 当前设定计算时间为： 2022-05-19
2022-09-08 14:19:44,856 - main - INFO - 开始处理是实况数据：2022-05-20
2022-09-08 14:19:44,924 - main - INFO - 当前设定计算时间为： 2022-05-19
2022-09-08 14:20:20,973 - main - INFO - 开始处理是预报数据：2022-05-20
2022-09-08 14:20:20,990 - main - INFO - 220520   grid24_2022052008.024
2022-09-08 14:20:20,996 - main - INFO - 220521   grid24_2022052108.024
2022-09-08 14:20:21,003 - main - INFO - 220522   grid24_2022052208.024
2022-09-08 14:20:21,009 - main - INFO - 220523   grid24_2022052308.024
2022-09-08 14:20:21,015 - main - INFO - 220524   grid24_2022052408.024
2022-09-08 14:20:21,022 - main - INFO - 220525   grid24_2022052508.024
2022-09-08 14:20:21,028 - main - INFO - 220526   grid24_2022052608.024
2022-09-08 14:20:21,034 - main - INFO - 220527   grid24_2022052708.024
2022-09-08 14:20:21,038 - main - INFO - 220528   grid24_2022052808.024
2022-09-08 14:20:21,042 - main - INFO - 220529   grid24_2022052908.024
2022-09-08 14:40:35,624 - main - INFO - 开始处理是实况数据：2022-05-20
2022-09-08 14:40:35,672 - main - INFO - 当前设定计算时间为： 2022-05-19
2022-09-08 14:41:17,489 - main - INFO - 开始处理是预报数据：2022-05-20
2022-09-08 14:41:17,518 - main - INFO - 220520   grid24_2022052008.024
2022-09-08 14:41:17,539 - main - INFO - 220521   grid24_2022052108.024
2022-09-08 14:41:17,559 - main - INFO - 220522   grid24_2022052208.024
2022-09-08 14:41:17,578 - main - INFO - 220523   grid24_2022052308.024
2022-09-08 14:41:17,598 - main - INFO - 220524   grid24_2022052408.024
2022-09-08 14:41:17,603 - main - INFO - 220525   grid24_2022052508.024
2022-09-08 14:41:17,620 - main - INFO - 220526   grid24_2022052608.024
2022-09-08 14:41:17,632 - main - INFO - 220527   grid24_2022052708.024
2022-09-08 14:41:17,642 - main - INFO - 220528   grid24_2022052808.024
2022-09-08 14:41:17,659 - main - INFO - 220529   grid24_2022052908.024
2022-09-08 15:29:45,334 - main - INFO - 开始处理是实况数据：2022-05-20
2022-09-08 15:29:45,346 - main - INFO - 当前设定计算时间为： 2022-05-19
2022-09-08 15:30:14,753 - main - INFO - 开始处理是预报数据：2022-05-20
2022-09-08 15:30:14,783 - main - INFO - 220520   grid24_2022052008.024
2022-09-08 15:30:14,799 - main - INFO - 220521   grid24_2022052108.024
2022-09-08 15:30:14,809 - main - INFO - 220522   grid24_2022052208.024
2022-09-08 15:30:14,818 - main - INFO - 220523   grid24_2022052308.024
2022-09-08 15:30:14,829 - main - INFO - 220524   grid24_2022052408.024
2022-09-08 15:30:14,847 - main - INFO - 220525   grid24_2022052508.024
2022-09-08 15:30:14,859 - main - INFO - 220526   grid24_2022052608.024
2022-09-08 15:30:14,869 - main - INFO - 220527   grid24_2022052708.024
2022-09-08 15:30:14,889 - main - INFO - 220528   grid24_2022052808.024
2022-09-08 15:30:14,900 - main - INFO - 220529   grid24_2022052908.024
2022-09-08 15:31:39,248 - main - INFO - 开始处理是实况数据：2022-05-20
2022-09-08 15:31:39,260 - main - INFO - 当前设定计算时间为： 2022-05-19
2022-09-08 15:32:12,145 - main - INFO - 开始处理是预报数据：2022-05-20
2022-09-08 15:32:12,183 - main - INFO - 220520   grid24_2022052008.024
2022-09-08 15:32:12,192 - main - INFO - 220521   grid24_2022052108.024
2022-09-08 15:32:12,203 - main - INFO - 220522   grid24_2022052208.024
2022-09-08 15:32:12,214 - main - INFO - 220523   grid24_2022052308.024
2022-09-08 15:32:12,223 - main - INFO - 220524   grid24_2022052408.024
2022-09-08 15:32:12,234 - main - INFO - 220525   grid24_2022052508.024
2022-09-08 15:32:12,244 - main - INFO - 220526   grid24_2022052608.024
2022-09-08 15:32:12,253 - main - INFO - 220527   grid24_2022052708.024
2022-09-08 15:32:12,263 - main - INFO - 220528   grid24_2022052808.024
2022-09-08 15:32:12,273 - main - INFO - 220529   grid24_2022052908.024
2022-09-08 15:36:28,087 - main - INFO - 开始处理是实况数据：2022-05-20
2022-09-08 15:36:28,105 - main - INFO - 当前设定计算时间为： 2022-05-19
2022-09-08 15:37:10,931 - main - INFO - 开始处理是预报数据：2022-05-20
2022-09-08 15:37:10,940 - main - INFO - 220520   grid24_2022052008.024
2022-09-08 15:37:10,944 - main - INFO - 220521   grid24_2022052108.024
2022-09-08 15:37:10,948 - main - INFO - 220522   grid24_2022052208.024
2022-09-08 15:37:10,952 - main - INFO - 220523   grid24_2022052308.024
2022-09-08 15:37:10,956 - main - INFO - 220524   grid24_2022052408.024
2022-09-08 15:37:10,960 - main - INFO - 220525   grid24_2022052508.024
2022-09-08 15:37:10,963 - main - INFO - 220526   grid24_2022052608.024
2022-09-08 15:37:10,967 - main - INFO - 220527   grid24_2022052708.024
2022-09-08 15:37:10,972 - main - INFO - 220528   grid24_2022052808.024
2022-09-08 15:37:10,975 - main - INFO - 220529   grid24_2022052908.024
2022-09-08 15:42:03,180 - main - INFO - 开始处理是实况数据：2022-05-20
2022-09-08 15:42:03,193 - main - INFO - 当前设定计算时间为： 2022-05-19
2022-09-08 15:42:37,872 - main - INFO - 开始处理是预报数据：2022-05-20
2022-09-08 15:42:37,880 - main - INFO - 220520   grid24_2022052008.024
2022-09-08 15:42:37,883 - main - INFO - 220521   grid24_2022052108.024
2022-09-08 15:42:37,887 - main - INFO - 220522   grid24_2022052208.024
2022-09-08 15:42:37,891 - main - INFO - 220523   grid24_2022052308.024
2022-09-08 15:42:37,894 - main - INFO - 220524   grid24_2022052408.024
2022-09-08 15:42:37,898 - main - INFO - 220525   grid24_2022052508.024
2022-09-08 15:42:37,901 - main - INFO - 220526   grid24_2022052608.024
2022-09-08 15:42:37,904 - main - INFO - 220527   grid24_2022052708.024
2022-09-08 15:42:37,908 - main - INFO - 220528   grid24_2022052808.024
2022-09-08 15:42:37,912 - main - INFO - 220529   grid24_2022052908.024
2022-09-08 15:42:38,131 - main - ERROR - list index out of range
2022-09-08 15:43:11,289 - main - INFO - 开始处理是实况数据：2022-05-20
2022-09-08 15:43:11,323 - main - INFO - 当前设定计算时间为： 2022-05-19
2022-09-08 15:43:45,575 - main - INFO - 开始处理是预报数据：2022-05-20
2022-09-08 15:43:45,602 - main - INFO - 220520   grid24_2022052008.024
2022-09-08 15:43:45,612 - main - INFO - 220521   grid24_2022052108.024
2022-09-08 15:43:45,621 - main - INFO - 220522   grid24_2022052208.024
2022-09-08 15:43:45,631 - main - INFO - 220523   grid24_2022052308.024
2022-09-08 15:43:45,642 - main - INFO - 220524   grid24_2022052408.024
2022-09-08 15:43:45,652 - main - INFO - 220525   grid24_2022052508.024
2022-09-08 15:43:45,661 - main - INFO - 220526   grid24_2022052608.024
2022-09-08 15:43:45,672 - main - INFO - 220527   grid24_2022052708.024
2022-09-08 15:43:45,682 - main - INFO - 220528   grid24_2022052808.024
2022-09-08 15:43:45,692 - main - INFO - 220529   grid24_2022052908.024
2022-09-08 15:46:22,671 - main - INFO - 开始处理是实况数据：2022-05-20
2022-09-08 15:46:22,681 - main - INFO - 当前设定计算时间为： 2022-05-19
2022-09-08 15:46:49,384 - main - INFO - 开始处理是预报数据：2022-05-20
2022-09-08 15:46:49,394 - main - INFO - 220520   grid24_2022052008.024
2022-09-08 15:46:49,397 - main - INFO - 220521   grid24_2022052108.024
2022-09-08 15:46:49,400 - main - INFO - 220522   grid24_2022052208.024
2022-09-08 15:46:49,405 - main - INFO - 220523   grid24_2022052308.024
2022-09-08 15:46:49,412 - main - INFO - 220524   grid24_2022052408.024
2022-09-08 15:46:49,423 - main - INFO - 220525   grid24_2022052508.024
2022-09-08 15:46:49,432 - main - INFO - 220526   grid24_2022052608.024
2022-09-08 15:46:49,440 - main - INFO - 220527   grid24_2022052708.024
2022-09-08 15:46:49,450 - main - INFO - 220528   grid24_2022052808.024
2022-09-08 15:46:49,456 - main - INFO - 220529   grid24_2022052908.024
2022-09-08 15:47:30,585 - main - INFO - 开始处理是实况数据：2022-05-20
2022-09-08 15:47:30,621 - main - INFO - 当前设定计算时间为： 2022-05-19
2022-09-08 15:47:52,854 - main - INFO - 开始处理是预报数据：2022-05-20
2022-09-08 15:47:52,874 - main - INFO - 220520   grid24_2022052008.024
2022-09-08 15:47:52,879 - main - INFO - 220521   grid24_2022052108.024
2022-09-08 15:47:52,883 - main - INFO - 220522   grid24_2022052208.024
2022-09-08 15:47:52,888 - main - INFO - 220523   grid24_2022052308.024
2022-09-08 15:47:52,894 - main - INFO - 220524   grid24_2022052408.024
2022-09-08 15:47:52,898 - main - INFO - 220525   grid24_2022052508.024
2022-09-08 15:47:52,902 - main - INFO - 220526   grid24_2022052608.024
2022-09-08 15:47:52,913 - main - INFO - 220527   grid24_2022052708.024
2022-09-08 15:47:52,920 - main - INFO - 220528   grid24_2022052808.024
2022-09-08 15:47:52,926 - main - INFO - 220529   grid24_2022052908.024
2022-09-08 15:48:23,261 - main - INFO - 开始处理是实况数据：2022-05-20
2022-09-08 15:48:23,274 - main - INFO - 当前设定计算时间为： 2022-05-19
2022-09-08 15:49:02,536 - main - INFO - 开始处理是预报数据：2022-05-20
2022-09-08 15:49:02,566 - main - INFO - 220520   grid24_2022052008.024
2022-09-08 15:49:02,577 - main - INFO - 220521   grid24_2022052108.024
2022-09-08 15:49:02,587 - main - INFO - 220522   grid24_2022052208.024
2022-09-08 15:49:02,597 - main - INFO - 220523   grid24_2022052308.024
2022-09-08 15:49:02,608 - main - INFO - 220524   grid24_2022052408.024
2022-09-08 15:49:02,618 - main - INFO - 220525   grid24_2022052508.024
2022-09-08 15:49:02,627 - main - INFO - 220526   grid24_2022052608.024
2022-09-08 15:49:02,637 - main - INFO - 220527   grid24_2022052708.024
2022-09-08 15:49:02,648 - main - INFO - 220528   grid24_2022052808.024
2022-09-08 15:49:02,658 - main - INFO - 220529   grid24_2022052908.024
2022-09-08 15:49:44,181 - main - INFO - 开始处理是实况数据：2022-05-20
2022-09-08 15:49:44,226 - main - INFO - 当前设定计算时间为： 2022-05-19
2022-09-08 15:50:12,321 - main - INFO - 开始处理是预报数据：2022-05-20
2022-09-08 15:50:12,354 - main - INFO - 220520   grid24_2022052008.024
2022-09-08 15:50:12,368 - main - INFO - 220521   grid24_2022052108.024
2022-09-08 15:50:12,373 - main - INFO - 220522   grid24_2022052208.024
2022-09-08 15:50:12,384 - main - INFO - 220523   grid24_2022052308.024
2022-09-08 15:50:12,393 - main - INFO - 220524   grid24_2022052408.024
2022-09-08 15:50:12,404 - main - INFO - 220525   grid24_2022052508.024
2022-09-08 15:50:12,413 - main - INFO - 220526   grid24_2022052608.024
2022-09-08 15:50:12,424 - main - INFO - 220527   grid24_2022052708.024
2022-09-08 15:50:12,446 - main - INFO - 220528   grid24_2022052808.024
2022-09-08 15:50:12,468 - main - INFO - 220529   grid24_2022052908.024
2022-09-08 15:50:44,065 - main - INFO - 开始处理是实况数据：2022-05-20
2022-09-08 15:50:44,103 - main - INFO - 当前设定计算时间为： 2022-05-19
2022-09-08 15:51:14,721 - main - INFO - 开始处理是预报数据：2022-05-20
2022-09-08 15:51:14,762 - main - INFO - 220520   grid24_2022052008.024
2022-09-08 15:51:14,770 - main - INFO - 220521   grid24_2022052108.024
2022-09-08 15:51:14,781 - main - INFO - 220522   grid24_2022052208.024
2022-09-08 15:51:14,792 - main - INFO - 220523   grid24_2022052308.024
2022-09-08 15:51:14,801 - main - INFO - 220524   grid24_2022052408.024
2022-09-08 15:51:14,811 - main - INFO - 220525   grid24_2022052508.024
2022-09-08 15:51:14,822 - main - INFO - 220526   grid24_2022052608.024
2022-09-08 15:51:14,830 - main - INFO - 220527   grid24_2022052708.024
2022-09-08 15:51:14,841 - main - INFO - 220528   grid24_2022052808.024
2022-09-08 15:51:14,851 - main - INFO - 220529   grid24_2022052908.024
2022-09-08 15:52:33,814 - main - INFO - 开始处理是实况数据：2022-05-20
2022-09-08 15:52:33,868 - main - INFO - 当前设定计算时间为： 2022-05-19
2022-09-08 15:53:09,495 - main - INFO - 开始处理是预报数据：2022-05-20
2022-09-08 15:53:09,529 - main - INFO - 220520   grid24_2022052008.024
2022-09-08 15:53:09,546 - main - INFO - 220521   grid24_2022052108.024
2022-09-08 15:53:09,566 - main - INFO - 220522   grid24_2022052208.024
2022-09-08 15:53:09,583 - main - INFO - 220523   grid24_2022052308.024
2022-09-08 15:53:09,596 - main - INFO - 220524   grid24_2022052408.024
2022-09-08 15:53:09,605 - main - INFO - 220525   grid24_2022052508.024
2022-09-08 15:53:09,628 - main - INFO - 220526   grid24_2022052608.024
2022-09-08 15:53:09,639 - main - INFO - 220527   grid24_2022052708.024
2022-09-08 15:53:09,657 - main - INFO - 220528   grid24_2022052808.024
2022-09-08 15:53:09,666 - main - INFO - 220529   grid24_2022052908.024
2022-09-08 15:53:57,669 - main - INFO - 开始处理是实况数据：2022-05-20
2022-09-08 15:53:57,704 - main - INFO - 当前设定计算时间为： 2022-05-19
2022-09-08 15:54:26,468 - main - INFO - 开始处理是预报数据：2022-05-20
2022-09-08 15:54:26,503 - main - INFO - 220520   grid24_2022052008.024
2022-09-08 15:54:26,517 - main - INFO - 220521   grid24_2022052108.024
2022-09-08 15:54:26,525 - main - INFO - 220522   grid24_2022052208.024
2022-09-08 15:54:26,529 - main - INFO - 220523   grid24_2022052308.024
2022-09-08 15:54:26,533 - main - INFO - 220524   grid24_2022052408.024
2022-09-08 15:54:26,536 - main - INFO - 220525   grid24_2022052508.024
2022-09-08 15:54:26,540 - main - INFO - 220526   grid24_2022052608.024
2022-09-08 15:54:26,544 - main - INFO - 220527   grid24_2022052708.024
2022-09-08 15:54:26,546 - main - INFO - 220528   grid24_2022052808.024
2022-09-08 15:54:26,550 - main - INFO - 220529   grid24_2022052908.024
2022-09-08 16:53:05,271 - main - INFO - 开始处理是实况数据：2022-05-20
2022-09-08 16:53:05,285 - main - INFO - 当前设定计算时间为： 2022-05-19
2022-09-08 16:53:34,934 - main - INFO - 开始处理是预报数据：2022-05-20
2022-09-08 16:53:34,984 - main - INFO - 220520   grid24_2022052008.024
2022-09-08 16:53:35,009 - main - INFO - 220521   grid24_2022052108.024
2022-09-08 16:53:35,034 - main - INFO - 220522   grid24_2022052208.024
2022-09-08 16:53:35,046 - main - INFO - 220523   grid24_2022052308.024
2022-09-08 16:53:35,066 - main - INFO - 220524   grid24_2022052408.024
2022-09-08 16:53:35,086 - main - INFO - 220525   grid24_2022052508.024
2022-09-08 16:53:35,106 - main - INFO - 220526   grid24_2022052608.024
2022-09-08 16:53:35,126 - main - INFO - 220527   grid24_2022052708.024
2022-09-08 16:53:35,146 - main - INFO - 220528   grid24_2022052808.024
2022-09-08 16:53:35,167 - main - INFO - 220529   grid24_2022052908.024
2022-09-08 16:53:44,001 - main - INFO - 开始处理是实况数据：2022-05-20
2022-09-08 16:53:44,042 - main - INFO - 当前设定计算时间为： 2022-05-19
2022-09-08 16:54:23,813 - main - INFO - 开始处理是预报数据：2022-05-20
2022-09-08 16:54:23,830 - main - INFO - 220520   grid24_2022052008.024
2022-09-08 16:54:23,843 - main - INFO - 220521   grid24_2022052108.024
2022-09-08 16:54:23,860 - main - INFO - 220522   grid24_2022052208.024
2022-09-08 16:54:23,874 - main - INFO - 220523   grid24_2022052308.024
2022-09-08 16:54:23,894 - main - INFO - 220524   grid24_2022052408.024
2022-09-08 16:54:23,914 - main - INFO - 220525   grid24_2022052508.024
2022-09-08 16:54:23,933 - main - INFO - 220526   grid24_2022052608.024
2022-09-08 16:54:23,955 - main - INFO - 220527   grid24_2022052708.024
2022-09-08 16:54:23,974 - main - INFO - 220528   grid24_2022052808.024
2022-09-08 16:54:23,989 - main - INFO - 220529   grid24_2022052908.024
2022-09-08 16:54:36,006 - main - INFO - 开始处理是实况数据：2022-05-20
2022-09-08 16:54:36,085 - main - INFO - 当前设定计算时间为： 2022-05-19
2022-09-08 16:55:20,263 - main - INFO - 开始处理是预报数据：2022-05-20
2022-09-08 16:55:20,286 - main - INFO - 220520   grid24_2022052008.024
2022-09-08 16:55:20,299 - main - INFO - 220521   grid24_2022052108.024
2022-09-08 16:55:20,311 - main - INFO - 220522   grid24_2022052208.024
2022-09-08 16:55:20,326 - main - INFO - 220523   grid24_2022052308.024
2022-09-08 16:55:20,334 - main - INFO - 220524   grid24_2022052408.024
2022-09-08 16:55:20,340 - main - INFO - 220525   grid24_2022052508.024
2022-09-08 16:55:20,348 - main - INFO - 220526   grid24_2022052608.024
2022-09-08 16:55:20,356 - main - INFO - 220527   grid24_2022052708.024
2022-09-08 16:55:20,371 - main - INFO - 220528   grid24_2022052808.024
2022-09-08 16:55:20,387 - main - INFO - 220529   grid24_2022052908.024
