2022-07-05 08:48:28,934 - main - INFO - 开始处理是实况数据：2022-04-10
2022-07-05 08:48:28,949 - main - INFO - 当前设定计算时间为： 2022-04-09
2022-07-05 08:49:27,704 - main - INFO - 开始处理是预报数据：2022-04-10
2022-07-05 08:49:27,712 - main - INFO - 220410   grid24_2022041008.024
2022-07-05 08:49:28,717 - main - INFO - 220411   grid24_2022041008.048
2022-07-05 08:49:29,899 - main - INFO - 220412   grid24_2022041008.072
2022-07-05 08:49:32,620 - main - INFO - 220413   grid24_2022041008.096
2022-07-05 08:49:33,802 - main - INFO - 220414   grid24_2022041008.120
2022-07-05 08:49:36,792 - main - INFO - 220415   grid24_2022041008.144
2022-07-05 08:49:37,881 - main - INFO - 220416   grid24_2022041008.168
2022-07-05 08:49:40,504 - main - INFO - 220417   grid24_2022041008.192
2022-07-05 08:49:41,464 - main - INFO - 220418   grid24_2022041008.216
2022-07-05 08:49:42,349 - main - INFO - 220419   grid24_2022041008.240
2022-07-05 08:59:19,655 - main - INFO - 开始处理是实况数据：2022-04-10
2022-07-05 08:59:19,775 - main - INFO - 当前设定计算时间为： 2022-04-09
2022-07-05 09:00:36,039 - main - INFO - 开始处理是预报数据：2022-04-10
2022-07-05 09:00:36,047 - main - INFO - 220410   grid24_2022041008.024
2022-07-05 09:00:37,026 - main - INFO - 220411   grid24_2022041008.048
2022-07-05 09:00:37,987 - main - INFO - 220412   grid24_2022041008.072
2022-07-05 09:00:38,934 - main - INFO - 220413   grid24_2022041008.096
2022-07-05 09:00:41,494 - main - INFO - 220414   grid24_2022041008.120
2022-07-05 09:00:42,554 - main - INFO - 220415   grid24_2022041008.144
2022-07-05 09:00:45,357 - main - INFO - 220416   grid24_2022041008.168
2022-07-05 09:00:46,277 - main - INFO - 220417   grid24_2022041008.192
2022-07-05 09:00:47,558 - main - INFO - 220418   grid24_2022041008.216
2022-07-05 09:00:49,420 - main - INFO - 220419   grid24_2022041008.240
2022-07-05 09:00:54,966 - main - ERROR - 'PictureDrawTask' object has no attribute 'sta_obj_list'
2022-07-05 09:02:02,175 - main - INFO - 开始处理是实况数据：2022-04-10
2022-07-05 09:02:02,205 - main - INFO - 当前设定计算时间为： 2022-04-09
2022-07-05 09:02:11,997 - main - INFO - 开始处理是实况数据：2022-04-10
2022-07-05 09:02:12,018 - main - INFO - 当前设定计算时间为： 2022-04-09
2022-07-05 09:03:45,482 - main - INFO - 开始处理是预报数据：2022-04-10
2022-07-05 09:03:45,501 - main - INFO - 220410   grid24_2022041008.024
2022-07-05 09:03:46,727 - main - INFO - 220411   grid24_2022041008.048
2022-07-05 09:03:47,970 - main - INFO - 220412   grid24_2022041008.072
2022-07-05 09:03:50,195 - main - INFO - 220413   grid24_2022041008.096
2022-07-05 09:03:51,242 - main - INFO - 220414   grid24_2022041008.120
2022-07-05 09:03:54,254 - main - INFO - 220415   grid24_2022041008.144
2022-07-05 09:03:55,311 - main - INFO - 220416   grid24_2022041008.168
2022-07-05 09:03:58,223 - main - INFO - 220417   grid24_2022041008.192
2022-07-05 09:03:59,365 - main - INFO - 220418   grid24_2022041008.216
2022-07-05 09:04:01,780 - main - INFO - 220419   grid24_2022041008.240
2022-07-05 09:04:10,004 - main - ERROR - 'NoneType' object is not iterable
2022-07-05 09:08:39,621 - main - INFO - 开始处理是实况数据：2022-04-10
2022-07-05 09:08:39,649 - main - INFO - 当前设定计算时间为： 2022-04-09
2022-07-05 09:09:01,499 - main - INFO - 开始处理是实况数据：2022-04-10
2022-07-05 09:09:01,510 - main - INFO - 当前设定计算时间为： 2022-04-09
2022-07-05 09:10:43,878 - main - INFO - 开始处理是预报数据：2022-04-10
2022-07-05 09:10:43,894 - main - INFO - 220410   grid24_2022041008.024
2022-07-05 09:10:45,073 - main - INFO - 220411   grid24_2022041008.048
2022-07-05 09:10:46,251 - main - INFO - 220412   grid24_2022041008.072
2022-07-05 09:10:47,367 - main - INFO - 220413   grid24_2022041008.096
2022-07-05 09:10:49,831 - main - INFO - 220414   grid24_2022041008.120
2022-07-05 09:10:50,960 - main - INFO - 220415   grid24_2022041008.144
2022-07-05 09:10:53,870 - main - INFO - 220416   grid24_2022041008.168
2022-07-05 09:10:54,893 - main - INFO - 220417   grid24_2022041008.192
2022-07-05 09:10:57,922 - main - INFO - 220418   grid24_2022041008.216
2022-07-05 09:10:58,967 - main - INFO - 220419   grid24_2022041008.240
2022-07-05 09:13:00,085 - main - INFO - 开始处理是实况数据：2022-04-10
2022-07-05 09:13:00,130 - main - INFO - 当前设定计算时间为： 2022-04-09
2022-07-05 09:14:33,482 - main - INFO - 开始处理是预报数据：2022-04-10
2022-07-05 09:14:33,515 - main - INFO - 220410   grid24_2022041008.024
2022-07-05 09:14:34,666 - main - INFO - 220411   grid24_2022041008.048
2022-07-05 09:14:35,700 - main - INFO - 220412   grid24_2022041008.072
2022-07-05 09:14:38,783 - main - INFO - 220413   grid24_2022041008.096
2022-07-05 09:14:40,900 - main - INFO - 220414   grid24_2022041008.120
2022-07-05 09:14:42,033 - main - INFO - 220415   grid24_2022041008.144
2022-07-05 09:14:44,733 - main - INFO - 220416   grid24_2022041008.168
2022-07-05 09:14:45,957 - main - INFO - 220417   grid24_2022041008.192
2022-07-05 09:14:48,689 - main - INFO - 220418   grid24_2022041008.216
2022-07-05 09:14:49,858 - main - INFO - 220419   grid24_2022041008.240
2022-07-05 09:15:00,166 - main - ERROR - 'NoneType' object is not iterable
2022-07-05 09:15:13,190 - main - INFO - 开始处理是实况数据：2022-04-10
2022-07-05 09:15:13,236 - main - INFO - 当前设定计算时间为： 2022-04-09
2022-07-05 09:16:58,764 - main - INFO - 开始处理是预报数据：2022-04-10
2022-07-05 09:16:58,772 - main - INFO - 220410   grid24_2022041008.024
2022-07-05 09:17:00,190 - main - INFO - 220411   grid24_2022041008.048
2022-07-05 09:17:02,888 - main - INFO - 220412   grid24_2022041008.072
2022-07-05 09:17:03,951 - main - INFO - 220413   grid24_2022041008.096
2022-07-05 09:17:05,590 - main - INFO - 220414   grid24_2022041008.120
2022-07-05 09:17:07,517 - main - INFO - 220415   grid24_2022041008.144
2022-07-05 09:17:08,653 - main - INFO - 220416   grid24_2022041008.168
2022-07-05 09:17:11,473 - main - INFO - 220417   grid24_2022041008.192
2022-07-05 09:17:12,580 - main - INFO - 220418   grid24_2022041008.216
2022-07-05 09:17:15,388 - main - INFO - 220419   grid24_2022041008.240
2022-07-05 09:32:22,308 - main - INFO - 开始处理是实况数据：2022-04-10
2022-07-05 09:32:22,342 - main - INFO - 当前设定计算时间为： 2022-04-09
2022-07-05 09:34:07,528 - main - INFO - 开始处理是预报数据：2022-04-10
2022-07-05 09:34:07,559 - main - INFO - 220410   grid24_2022041008.024
2022-07-05 09:34:08,703 - main - INFO - 220411   grid24_2022041008.048
2022-07-05 09:34:10,974 - main - INFO - 220412   grid24_2022041008.072
2022-07-05 09:34:13,543 - main - INFO - 220413   grid24_2022041008.096
2022-07-05 09:34:14,684 - main - INFO - 220414   grid24_2022041008.120
2022-07-05 09:34:15,750 - main - INFO - 220415   grid24_2022041008.144
2022-07-05 09:34:19,839 - main - INFO - 220416   grid24_2022041008.168
2022-07-05 09:34:20,846 - main - INFO - 220417   grid24_2022041008.192
2022-07-05 09:34:24,087 - main - INFO - 220418   grid24_2022041008.216
2022-07-05 09:34:25,224 - main - INFO - 220419   grid24_2022041008.240
2022-07-05 09:36:56,428 - main - INFO - 开始处理是实况数据：2022-04-10
2022-07-05 09:36:56,477 - main - INFO - 当前设定计算时间为： 2022-04-09
2022-07-05 09:38:08,534 - main - INFO - 开始处理是预报数据：2022-04-10
2022-07-05 09:38:08,561 - main - INFO - 220410   grid24_2022041008.024
2022-07-05 09:38:09,683 - main - INFO - 220411   grid24_2022041008.048
2022-07-05 09:38:10,834 - main - INFO - 220412   grid24_2022041008.072
2022-07-05 09:38:11,907 - main - INFO - 220413   grid24_2022041008.096
2022-07-05 09:38:14,909 - main - INFO - 220414   grid24_2022041008.120
2022-07-05 09:38:16,083 - main - INFO - 220415   grid24_2022041008.144
2022-07-05 09:38:18,840 - main - INFO - 220416   grid24_2022041008.168
2022-07-05 09:38:19,907 - main - INFO - 220417   grid24_2022041008.192
2022-07-05 09:38:22,868 - main - INFO - 220418   grid24_2022041008.216
2022-07-05 09:38:24,080 - main - INFO - 220419   grid24_2022041008.240
2022-07-05 09:38:36,139 - main - ERROR - 'NoneType' object is not iterable
2022-07-05 09:38:59,273 - main - INFO - 开始处理是实况数据：2022-04-10
2022-07-05 09:38:59,291 - main - INFO - 当前设定计算时间为： 2022-04-09
2022-07-05 09:40:07,808 - main - INFO - 开始处理是预报数据：2022-04-10
2022-07-05 09:40:07,818 - main - INFO - 220410   grid24_2022041008.024
2022-07-05 09:40:08,916 - main - INFO - 220411   grid24_2022041008.048
2022-07-05 09:40:10,013 - main - INFO - 220412   grid24_2022041008.072
2022-07-05 09:40:11,807 - main - INFO - 220413   grid24_2022041008.096
2022-07-05 09:40:14,655 - main - INFO - 220414   grid24_2022041008.120
2022-07-05 09:40:15,750 - main - INFO - 220415   grid24_2022041008.144
2022-07-05 09:40:17,511 - main - INFO - 220416   grid24_2022041008.168
2022-07-05 09:40:19,386 - main - INFO - 220417   grid24_2022041008.192
2022-07-05 09:40:20,511 - main - INFO - 220418   grid24_2022041008.216
2022-07-05 09:40:23,440 - main - INFO - 220419   grid24_2022041008.240
2022-07-05 10:04:57,784 - main - INFO - 开始处理是实况数据：2022-04-10
2022-07-05 10:04:57,847 - main - INFO - 当前设定计算时间为： 2022-04-09
2022-07-05 10:06:06,415 - main - INFO - 开始处理是预报数据：2022-04-10
2022-07-05 10:06:06,441 - main - INFO - 220410   grid24_2022041008.024
2022-07-05 10:06:07,506 - main - INFO - 220411   grid24_2022041008.048
2022-07-05 10:06:08,637 - main - INFO - 220412   grid24_2022041008.072
2022-07-05 10:06:11,790 - main - INFO - 220413   grid24_2022041008.096
2022-07-05 10:06:12,813 - main - INFO - 220414   grid24_2022041008.120
2022-07-05 10:06:15,639 - main - INFO - 220415   grid24_2022041008.144
2022-07-05 10:06:16,598 - main - INFO - 220416   grid24_2022041008.168
2022-07-05 10:06:18,219 - main - INFO - 220417   grid24_2022041008.192
2022-07-05 10:06:20,865 - main - INFO - 220418   grid24_2022041008.216
2022-07-05 10:06:23,946 - main - INFO - 220419   grid24_2022041008.240
2022-07-05 17:36:52,424 - main - INFO - 开始处理是实况数据：2022-04-10
2022-07-05 17:36:52,437 - main - INFO - 当前设定计算时间为： 2022-04-09
2022-07-05 17:37:09,024 - main - INFO - 开始处理是实况数据：2022-06-01
2022-07-05 17:37:09,060 - main - INFO - 当前设定计算时间为： 2022-05-31
2022-07-05 17:41:22,396 - main - INFO - 开始处理是实况数据：2022-06-01
2022-07-05 17:41:22,449 - main - INFO - 当前设定计算时间为： 2022-05-31
2022-07-05 17:41:42,866 - main - INFO - 开始处理是实况数据：2022-06-01
2022-07-05 17:41:42,879 - main - INFO - 当前设定计算时间为： 2022-05-31
2022-07-05 17:43:54,214 - main - INFO - 开始处理是预报数据：2022-06-01
2022-07-05 17:43:54,221 - main - INFO - 220601   grid24_2022060108.024
2022-07-05 17:43:55,186 - main - INFO - 220602   grid24_2022060108.048
2022-07-05 17:43:56,096 - main - INFO - 220603   grid24_2022060108.072
2022-07-05 17:43:57,015 - main - INFO - 220604   grid24_2022060108.096
2022-07-05 17:43:59,082 - main - INFO - 220605   grid24_2022060108.120
2022-07-05 17:44:00,046 - main - INFO - 220606   grid24_2022060108.144
2022-07-05 17:44:02,878 - main - INFO - 220607   grid24_2022060108.168
2022-07-05 17:44:03,988 - main - INFO - 220608   grid24_2022060108.192
2022-07-05 17:44:05,808 - main - INFO - 220609   grid24_2022060108.216
2022-07-05 17:44:07,151 - main - INFO - 220610   grid24_2022060108.240
2022-07-05 17:44:10,289 - main - ERROR - 'NoneType' object has no attribute 'dtype'
2022-07-05 17:45:23,165 - main - INFO - 开始处理是实况数据：2022-06-01
2022-07-05 17:45:23,176 - main - INFO - 当前设定计算时间为： 2022-05-31
2022-07-05 17:48:05,920 - main - INFO - 开始处理是预报数据：2022-06-01
2022-07-05 17:48:05,934 - main - INFO - 220601   grid24_2022060108.024
2022-07-05 17:48:07,105 - main - INFO - 220602   grid24_2022060108.048
2022-07-05 17:48:10,189 - main - INFO - 220603   grid24_2022060108.072
2022-07-05 17:48:11,243 - main - INFO - 220604   grid24_2022060108.096
2022-07-05 17:48:14,283 - main - INFO - 220605   grid24_2022060108.120
2022-07-05 17:48:15,398 - main - INFO - 220606   grid24_2022060108.144
2022-07-05 17:48:18,141 - main - INFO - 220607   grid24_2022060108.168
2022-07-05 17:48:19,266 - main - INFO - 220608   grid24_2022060108.192
2022-07-05 17:48:22,426 - main - INFO - 220609   grid24_2022060108.216
2022-07-05 17:48:23,504 - main - INFO - 220610   grid24_2022060108.240
2022-07-05 17:48:39,571 - main - INFO - 开始处理是实况数据：2022-06-01
2022-07-05 17:48:39,584 - main - INFO - 当前设定计算时间为： 2022-05-31
2022-07-05 17:49:36,965 - main - INFO - 开始处理是预报数据：2022-06-01
2022-07-05 17:49:36,973 - main - INFO - 220601   grid24_2022060108.024
2022-07-05 17:49:37,879 - main - INFO - 220602   grid24_2022060108.048
2022-07-05 17:49:38,790 - main - INFO - 220603   grid24_2022060108.072
2022-07-05 17:49:39,776 - main - INFO - 220604   grid24_2022060108.096
2022-07-05 17:49:42,395 - main - INFO - 220605   grid24_2022060108.120
2022-07-05 17:49:43,259 - main - INFO - 220606   grid24_2022060108.144
2022-07-05 17:49:44,148 - main - INFO - 220607   grid24_2022060108.168
2022-07-05 17:49:46,285 - main - INFO - 220608   grid24_2022060108.192
2022-07-05 17:49:48,451 - main - INFO - 220609   grid24_2022060108.216
2022-07-05 17:49:49,453 - main - INFO - 220610   grid24_2022060108.240
