2022-10-17 11:50:42,063 - main - INFO - 开始处理实况数据：2022-09-20
2022-10-17 11:50:42,099 - main - INFO - 当前设定计算时间为： 2022-09-19
2022-10-17 11:51:30,947 - main - INFO - 开始处理预报数据：2022-09-20
2022-10-17 13:30:57,820 - main - INFO - 开始处理实况数据：2022-09-20
2022-10-17 13:30:57,837 - main - INFO - 当前设定计算时间为： 2022-09-19
2022-10-17 13:31:55,052 - main - INFO - 开始处理预报数据：2022-09-20
2022-10-17 13:56:04,545 - main - INFO - 开始处理实况数据：2022-09-20
2022-10-17 13:56:04,559 - main - INFO - 当前设定计算时间为： 2022-09-19
2022-10-17 13:56:44,701 - main - INFO - 开始处理实况数据：2022-09-20
2022-10-17 13:56:44,756 - main - INFO - 当前设定计算时间为： 2022-09-19
2022-10-17 13:57:39,672 - main - INFO - 开始处理预报数据：2022-09-20
2022-10-17 13:57:53,256 - main - ERROR - unsupported operand type(s) for +: 'datetime.datetime' and 'str'
2022-10-17 13:57:53,260 - main - INFO - 开始处理实况数据：2022-09-21
2022-10-17 13:57:53,266 - main - INFO - 当前设定计算时间为： 2022-09-20
2022-10-17 13:59:04,253 - main - INFO - 开始处理预报数据：2022-09-21
2022-10-17 13:59:17,680 - main - ERROR - unsupported operand type(s) for +: 'datetime.datetime' and 'str'
2022-10-17 14:01:32,199 - main - INFO - 开始处理实况数据：2022-09-20
2022-10-17 14:01:32,226 - main - INFO - 当前设定计算时间为： 2022-09-19
2022-10-17 14:02:44,672 - main - INFO - 开始处理预报数据：2022-09-20
2022-10-17 14:25:04,845 - main - INFO - 开始处理实况数据：2022-09-20
2022-10-17 14:25:04,857 - main - INFO - 当前设定计算时间为： 2022-09-19
2022-10-17 14:26:03,310 - main - INFO - 开始处理预报数据：2022-09-20
2022-10-17 14:29:52,775 - main - INFO - 开始处理实况数据：2022-09-20
2022-10-17 14:29:52,846 - main - INFO - 当前设定计算时间为： 2022-09-19
2022-10-17 14:31:17,225 - main - INFO - 开始处理预报数据：2022-09-20
2022-10-17 14:52:49,628 - main - INFO - 开始处理实况数据：2022-09-20
2022-10-17 14:52:49,661 - main - INFO - 当前设定计算时间为： 2022-09-19
2022-10-17 14:53:45,557 - main - INFO - 开始处理预报数据：2022-09-20
2022-10-17 16:04:01,976 - main - INFO - 开始处理实况数据：2022-09-20
2022-10-17 16:04:01,985 - main - INFO - 当前设定计算时间为： 2022-09-19
2022-10-17 16:05:28,382 - main - INFO - 开始处理预报数据：2022-09-20
2022-10-17 16:07:17,999 - main - ERROR - '>=' not supported between instances of 'str' and 'float'
2022-10-17 16:07:17,999 - main - INFO - 开始处理实况数据：2022-09-21
2022-10-17 16:07:18,043 - main - INFO - 当前设定计算时间为： 2022-09-20
2022-10-17 16:07:18,114 - main - ERROR - Can't pickle <class '__main__.MergeStationData'>: attribute lookup MergeStationData on __main__ failed
2022-10-17 16:07:28,701 - main - INFO - 开始处理实况数据：2022-09-20
2022-10-17 16:07:28,742 - main - INFO - 当前设定计算时间为： 2022-09-19
2022-10-17 16:08:35,260 - main - INFO - 开始处理预报数据：2022-09-20
2022-10-17 16:15:36,906 - main - INFO - 开始处理实况数据：2022-09-20
2022-10-17 16:15:36,932 - main - INFO - 当前设定计算时间为： 2022-09-19
2022-10-17 16:16:42,567 - main - INFO - 开始处理预报数据：2022-09-20
2022-10-17 16:26:37,229 - main - INFO - 开始处理实况数据：2022-09-20
2022-10-17 16:26:37,238 - main - INFO - 当前设定计算时间为： 2022-09-19
2022-10-17 16:27:56,252 - main - INFO - 开始处理预报数据：2022-09-20
2022-10-17 16:31:17,967 - main - INFO - 开始处理实况数据：2022-09-20
2022-10-17 16:31:17,991 - main - INFO - 当前设定计算时间为： 2022-09-19
2022-10-17 16:32:25,071 - main - INFO - 开始处理预报数据：2022-09-20
