2022-09-29 09:59:17,609 - main - INFO - 开始处理实况数据：2022-06-20
2022-09-29 09:59:17,653 - main - INFO - 当前设定计算时间为： 2022-06-19
2022-09-29 09:59:34,052 - main - INFO - 开始处理实况数据：2022-06-10
2022-09-29 09:59:34,067 - main - INFO - 当前设定计算时间为： 2022-06-09
2022-09-29 09:59:48,637 - main - INFO - 开始处理预报数据：2022-06-10
2022-09-29 09:59:54,015 - main - ERROR - 'NoneType' object is not iterable
2022-09-29 09:59:54,017 - main - INFO - 开始处理实况数据：2022-06-11
2022-09-29 09:59:54,047 - main - INFO - 当前设定计算时间为： 2022-06-10
2022-09-29 10:00:06,240 - main - INFO - 开始处理预报数据：2022-06-11
2022-09-29 10:00:15,234 - main - ERROR - 'NoneType' object is not iterable
2022-09-29 10:00:15,235 - main - INFO - 开始处理实况数据：2022-06-12
2022-09-29 10:00:15,244 - main - INFO - 当前设定计算时间为： 2022-06-11
2022-09-29 10:00:37,628 - main - INFO - 开始处理预报数据：2022-06-12
2022-09-29 10:00:46,938 - main - ERROR - 'NoneType' object is not iterable
2022-09-29 10:00:46,938 - main - INFO - 开始处理实况数据：2022-06-13
2022-09-29 10:00:47,376 - main - INFO - 当前设定计算时间为： 2022-06-12
2022-09-29 10:01:02,851 - main - INFO - 开始处理预报数据：2022-06-13
2022-09-29 10:01:30,957 - main - INFO - 开始处理实况数据：2022-06-20
2022-09-29 10:01:30,998 - main - INFO - 当前设定计算时间为： 2022-06-19
2022-09-29 10:01:56,062 - main - INFO - 开始处理预报数据：2022-06-20
2022-09-29 10:02:05,911 - main - ERROR - 'NoneType' object is not iterable
2022-09-29 10:03:02,373 - main - INFO - 开始处理实况数据：2022-06-20
2022-09-29 10:03:02,392 - main - INFO - 当前设定计算时间为： 2022-06-19
2022-09-29 10:03:07,954 - main - INFO - 开始处理实况数据：2022-06-20
2022-09-29 10:03:07,959 - main - INFO - 当前设定计算时间为： 2022-06-19
2022-09-29 10:03:51,860 - main - INFO - 开始处理预报数据：2022-06-20
2022-09-29 10:05:53,094 - main - INFO - 开始处理实况数据：2022-06-20
2022-09-29 10:05:53,127 - main - INFO - 当前设定计算时间为： 2022-06-19
2022-09-29 10:06:14,989 - main - INFO - 开始处理预报数据：2022-06-20
2022-09-29 10:09:01,807 - main - INFO - 开始处理实况数据：2022-06-20
2022-09-29 10:09:01,817 - main - INFO - 当前设定计算时间为： 2022-06-19
2022-09-29 10:09:33,329 - main - INFO - 开始处理预报数据：2022-06-20
2022-09-29 10:11:51,244 - main - INFO - 开始处理实况数据：2022-06-20
2022-09-29 10:11:51,304 - main - INFO - 当前设定计算时间为： 2022-06-19
2022-09-29 10:12:16,351 - main - INFO - 开始处理预报数据：2022-06-20
2022-09-29 10:17:22,664 - main - INFO - 开始处理实况数据：2022-06-20
2022-09-29 10:17:22,707 - main - INFO - 当前设定计算时间为： 2022-06-19
2022-09-29 10:17:57,821 - main - INFO - 开始处理预报数据：2022-06-20
2022-09-29 10:18:09,135 - main - ERROR - 'NoneType' object is not iterable
2022-09-29 10:18:35,661 - main - INFO - 开始处理实况数据：2022-06-20
2022-09-29 10:18:35,732 - main - INFO - 当前设定计算时间为： 2022-06-19
2022-09-29 10:19:01,261 - main - INFO - 开始处理实况数据：2022-06-20
2022-09-29 10:19:01,276 - main - INFO - 当前设定计算时间为： 2022-06-19
2022-09-29 10:19:40,904 - main - INFO - 开始处理预报数据：2022-06-20
2022-09-29 10:19:50,626 - main - ERROR - 'StationInfo_08' object has no attribute 'IIII'
2022-09-29 10:22:09,413 - main - INFO - 开始处理实况数据：2022-06-20
2022-09-29 10:22:09,471 - main - INFO - 当前设定计算时间为： 2022-06-19
2022-09-29 10:22:41,392 - main - INFO - 开始处理预报数据：2022-06-20
2022-09-29 10:22:50,728 - main - ERROR - 'StationInfo_08' object has no attribute 'IIII'
2022-09-29 10:26:58,860 - main - INFO - 开始处理实况数据：2022-06-20
2022-09-29 10:26:58,870 - main - INFO - 当前设定计算时间为： 2022-06-19
2022-09-29 10:27:27,281 - main - INFO - 开始处理预报数据：2022-06-20
2022-09-29 10:27:35,929 - main - ERROR - 'StationInfo_08' object has no attribute 'IIII'
2022-09-29 10:29:05,927 - main - INFO - 开始处理实况数据：2022-06-20
2022-09-29 10:29:05,965 - main - INFO - 当前设定计算时间为： 2022-06-19
2022-09-29 10:29:30,788 - main - INFO - 开始处理预报数据：2022-06-20
2022-09-29 10:29:38,905 - main - ERROR - 'StationInfo_08' object has no attribute 'IIII'
2022-09-29 10:30:26,427 - main - INFO - 开始处理实况数据：2022-06-20
2022-09-29 10:30:26,462 - main - INFO - 当前设定计算时间为： 2022-06-19
2022-09-29 10:30:56,156 - main - INFO - 开始处理预报数据：2022-06-20
2022-09-29 10:31:04,736 - main - ERROR - 'StationInfo_08' object has no attribute 'IIII'
2022-09-29 10:32:27,061 - main - INFO - 开始处理实况数据：2022-06-20
2022-09-29 10:32:27,073 - main - INFO - 当前设定计算时间为： 2022-06-19
2022-09-29 10:32:58,927 - main - INFO - 开始处理预报数据：2022-06-20
2022-09-29 10:35:00,667 - main - INFO - 开始处理实况数据：2022-06-20
2022-09-29 10:35:00,682 - main - INFO - 当前设定计算时间为： 2022-06-19
2022-09-29 10:35:30,115 - main - INFO - 开始处理预报数据：2022-06-20
2022-09-29 10:41:34,541 - main - INFO - 开始处理实况数据：2022-06-20
2022-09-29 10:41:34,552 - main - INFO - 当前设定计算时间为： 2022-06-19
2022-09-29 10:42:03,431 - main - INFO - 开始处理预报数据：2022-06-20
2022-09-29 10:42:12,745 - main - INFO - 开始处理实况数据：2022-06-20
2022-09-29 10:42:12,767 - main - INFO - 当前设定计算时间为： 2022-06-19
2022-09-29 10:42:44,320 - main - INFO - 开始处理预报数据：2022-06-20
2022-09-29 10:45:26,342 - main - INFO - 开始处理实况数据：2022-06-20
2022-09-29 10:45:26,370 - main - INFO - 当前设定计算时间为： 2022-06-19
2022-09-29 10:45:53,798 - main - INFO - 开始处理预报数据：2022-06-20
2022-09-29 10:46:04,169 - main - INFO - 开始处理实况数据：2022-06-20
2022-09-29 10:46:04,178 - main - INFO - 当前设定计算时间为： 2022-06-19
2022-09-29 10:46:26,273 - main - INFO - 开始处理预报数据：2022-06-20
2022-09-29 10:48:57,078 - main - INFO - 开始处理实况数据：2022-06-20
2022-09-29 10:48:57,088 - main - INFO - 当前设定计算时间为： 2022-06-19
2022-09-29 10:49:25,201 - main - INFO - 开始处理预报数据：2022-06-20
2022-09-29 10:57:55,597 - main - INFO - 开始处理实况数据：2022-06-20
2022-09-29 10:57:55,606 - main - INFO - 当前设定计算时间为： 2022-06-19
2022-09-29 10:58:23,355 - main - INFO - 开始处理预报数据：2022-06-20
2022-09-29 10:58:33,766 - main - INFO - 开始处理实况数据：2022-06-20
2022-09-29 10:58:33,826 - main - INFO - 当前设定计算时间为： 2022-06-19
2022-09-29 10:59:16,270 - main - INFO - 开始处理预报数据：2022-06-20
2022-09-29 11:05:06,282 - main - INFO - 开始处理实况数据：2022-06-20
2022-09-29 11:05:06,310 - main - INFO - 当前设定计算时间为： 2022-06-19
2022-09-29 11:05:36,196 - main - INFO - 开始处理预报数据：2022-06-20
2022-09-29 11:05:49,483 - main - INFO - 开始处理实况数据：2022-06-20
2022-09-29 11:05:49,517 - main - INFO - 当前设定计算时间为： 2022-06-19
2022-09-29 11:06:19,280 - main - INFO - 开始处理预报数据：2022-06-20
2022-09-29 11:09:58,671 - main - INFO - 开始处理实况数据：2022-06-20
2022-09-29 11:09:58,685 - main - INFO - 当前设定计算时间为： 2022-06-19
2022-09-29 11:10:27,996 - main - INFO - 开始处理预报数据：2022-06-20
2022-09-29 11:11:43,483 - main - INFO - 开始处理实况数据：2022-06-20
2022-09-29 11:11:43,524 - main - INFO - 当前设定计算时间为： 2022-06-19
2022-09-29 11:12:18,481 - main - INFO - 开始处理预报数据：2022-06-20
2022-09-29 11:19:40,730 - main - INFO - 开始处理实况数据：2022-06-20
2022-09-29 11:19:40,741 - main - INFO - 当前设定计算时间为： 2022-06-19
2022-09-29 11:20:20,752 - main - INFO - 开始处理预报数据：2022-06-20
2022-09-29 11:21:22,996 - main - INFO - 开始处理实况数据：2022-06-20
2022-09-29 11:21:23,008 - main - INFO - 当前设定计算时间为： 2022-06-19
2022-09-29 11:21:56,685 - main - INFO - 开始处理预报数据：2022-06-20
2022-09-29 11:26:36,190 - main - INFO - 开始处理实况数据：2022-06-20
2022-09-29 11:26:36,206 - main - INFO - 当前设定计算时间为： 2022-06-19
2022-09-29 11:27:10,554 - main - INFO - 开始处理预报数据：2022-06-20
2022-09-29 11:28:46,462 - main - INFO - 开始处理实况数据：2022-06-20
2022-09-29 11:28:46,507 - main - INFO - 当前设定计算时间为： 2022-06-19
2022-09-29 11:29:21,107 - main - INFO - 开始处理预报数据：2022-06-20
2022-09-29 11:30:34,528 - main - INFO - 开始处理实况数据：2022-06-20
2022-09-29 11:30:34,547 - main - INFO - 当前设定计算时间为： 2022-06-19
2022-09-29 11:30:56,189 - main - INFO - 开始处理预报数据：2022-06-20
2022-09-29 11:31:15,913 - main - INFO - 开始处理实况数据：2022-06-20
2022-09-29 11:31:15,951 - main - INFO - 当前设定计算时间为： 2022-06-19
2022-09-29 11:31:43,194 - main - INFO - 开始处理预报数据：2022-06-20
2022-09-29 11:31:53,415 - main - INFO - 开始处理实况数据：2022-06-20
2022-09-29 11:31:53,445 - main - INFO - 当前设定计算时间为： 2022-06-19
2022-09-29 11:32:21,884 - main - INFO - 开始处理预报数据：2022-06-20
2022-09-29 11:43:06,887 - main - INFO - 开始处理实况数据：2022-06-20
2022-09-29 11:43:06,899 - main - INFO - 当前设定计算时间为： 2022-06-19
2022-09-29 11:43:34,373 - main - INFO - 开始处理预报数据：2022-06-20
2022-09-29 11:43:42,691 - main - ERROR - 'c' argument has 373 elements, which is inconsistent with 'x' and 'y' with size 1.
2022-09-29 11:44:14,854 - main - INFO - 开始处理实况数据：2022-06-20
2022-09-29 11:44:14,895 - main - INFO - 当前设定计算时间为： 2022-06-19
2022-09-29 11:44:50,475 - main - INFO - 开始处理预报数据：2022-06-20
2022-09-29 11:46:54,128 - main - INFO - 开始处理实况数据：2022-06-20
2022-09-29 11:46:54,142 - main - INFO - 当前设定计算时间为： 2022-06-19
2022-09-29 11:47:30,520 - main - INFO - 开始处理预报数据：2022-06-20
2022-09-29 11:50:44,340 - main - INFO - 开始处理实况数据：2022-06-20
2022-09-29 11:50:44,382 - main - INFO - 当前设定计算时间为： 2022-06-19
2022-09-29 11:51:08,638 - main - INFO - 开始处理预报数据：2022-06-20
2022-09-29 11:51:18,123 - main - ERROR - 'c' argument has 373 elements, which is inconsistent with 'x' and 'y' with size 1.
2022-09-29 11:54:03,208 - main - INFO - 开始处理实况数据：2022-06-20
2022-09-29 11:54:03,219 - main - INFO - 当前设定计算时间为： 2022-06-19
2022-09-29 11:54:34,999 - main - INFO - 开始处理预报数据：2022-06-20
2022-09-29 11:54:43,107 - main - INFO - 开始处理实况数据：2022-06-20
2022-09-29 11:54:43,994 - main - INFO - 当前设定计算时间为： 2022-06-19
2022-09-29 11:55:07,643 - main - INFO - 开始处理预报数据：2022-06-20
2022-09-29 14:38:07,908 - main - INFO - 开始处理实况数据：2022-06-20
2022-09-29 14:38:07,943 - main - INFO - 当前设定计算时间为： 2022-06-19
2022-09-29 14:38:35,685 - main - INFO - 开始处理预报数据：2022-06-20
2022-09-29 14:38:44,483 - main - INFO - 开始处理实况数据：2022-06-20
2022-09-29 14:38:44,522 - main - INFO - 当前设定计算时间为： 2022-06-19
2022-09-29 14:39:13,776 - main - INFO - 开始处理预报数据：2022-06-20
2022-09-29 14:41:01,518 - main - INFO - 开始处理实况数据：2022-06-20
2022-09-29 14:41:01,526 - main - INFO - 当前设定计算时间为： 2022-06-19
2022-09-29 14:41:37,844 - main - INFO - 开始处理预报数据：2022-06-20
2022-09-29 14:41:46,887 - main - INFO - 开始处理实况数据：2022-06-20
2022-09-29 14:41:46,945 - main - INFO - 当前设定计算时间为： 2022-06-19
2022-09-29 14:42:19,981 - main - INFO - 开始处理预报数据：2022-06-20
2022-09-29 14:45:01,854 - main - INFO - 开始处理实况数据：2022-06-20
2022-09-29 14:45:01,908 - main - INFO - 当前设定计算时间为： 2022-06-19
2022-09-29 14:45:35,452 - main - INFO - 开始处理预报数据：2022-06-20
2022-09-29 14:45:44,003 - main - INFO - 开始处理实况数据：2022-06-20
2022-09-29 14:45:44,013 - main - INFO - 当前设定计算时间为： 2022-06-19
2022-09-29 14:46:10,191 - main - INFO - 开始处理预报数据：2022-06-20
2022-09-29 14:47:47,716 - main - INFO - 开始处理实况数据：2022-06-20
2022-09-29 14:47:47,792 - main - INFO - 当前设定计算时间为： 2022-06-19
2022-09-29 14:48:25,528 - main - INFO - 开始处理预报数据：2022-06-20
2022-09-29 14:48:32,207 - main - ERROR - strptime() argument 1 must be str, not datetime.datetime
2022-09-29 14:48:40,803 - main - INFO - 开始处理实况数据：2022-06-20
2022-09-29 14:48:40,837 - main - INFO - 当前设定计算时间为： 2022-06-19
2022-09-29 14:49:05,654 - main - INFO - 开始处理预报数据：2022-06-20
2022-09-29 14:49:12,593 - main - ERROR - strptime() argument 1 must be str, not datetime.datetime
2022-09-29 14:49:54,064 - main - INFO - 开始处理实况数据：2022-06-20
2022-09-29 14:49:54,118 - main - INFO - 当前设定计算时间为： 2022-06-19
2022-09-29 14:50:22,432 - main - INFO - 开始处理实况数据：2022-06-20
2022-09-29 14:50:22,463 - main - INFO - 当前设定计算时间为： 2022-06-19
2022-09-29 14:50:50,473 - main - INFO - 开始处理预报数据：2022-06-20
2022-09-29 14:50:58,469 - main - ERROR - strptime() argument 1 must be str, not datetime.datetime
2022-09-29 14:51:52,975 - main - INFO - 开始处理实况数据：2022-06-20
2022-09-29 14:51:53,024 - main - INFO - 当前设定计算时间为： 2022-06-19
2022-09-29 14:52:24,927 - main - INFO - 开始处理预报数据：2022-06-20
2022-09-29 14:52:45,352 - main - ERROR - strptime() argument 1 must be str, not datetime.datetime
2022-09-29 14:53:10,534 - main - INFO - 开始处理实况数据：2022-06-20
2022-09-29 14:53:10,590 - main - INFO - 当前设定计算时间为： 2022-06-19
2022-09-29 14:53:53,358 - main - INFO - 开始处理预报数据：2022-06-20
2022-09-29 14:55:24,282 - main - INFO - 开始处理实况数据：2022-06-20
2022-09-29 14:55:24,347 - main - INFO - 当前设定计算时间为： 2022-06-19
2022-09-29 14:55:55,806 - main - INFO - 开始处理预报数据：2022-06-20
2022-09-29 14:56:05,765 - main - INFO - 开始处理实况数据：2022-06-20
2022-09-29 14:56:05,934 - main - INFO - 当前设定计算时间为： 2022-06-19
2022-09-29 14:56:43,001 - main - INFO - 开始处理预报数据：2022-06-20
2022-09-29 15:00:28,242 - main - INFO - 开始处理实况数据：2022-06-20
2022-09-29 15:00:28,286 - main - INFO - 当前设定计算时间为： 2022-06-19
2022-09-29 15:01:06,446 - main - INFO - 开始处理预报数据：2022-06-20
2022-09-29 15:53:38,013 - main - INFO - 开始处理实况数据：2022-06-20
2022-09-29 15:53:38,022 - main - INFO - 当前设定计算时间为： 2022-06-19
2022-09-29 15:53:45,971 - main - INFO - 开始处理实况数据：2022-09-29
2022-09-29 15:53:45,991 - main - INFO - 当前设定计算时间为： 2022-09-28
2022-09-29 15:54:08,064 - main - INFO - 开始处理预报数据：2022-09-29
2022-09-29 15:55:36,538 - main - INFO - 开始处理实况数据：2022-09-29
2022-09-29 15:55:36,600 - main - INFO - 当前设定计算时间为： 2022-09-28
2022-09-29 15:56:07,545 - main - INFO - 开始处理预报数据：2022-09-29
2022-09-29 15:57:07,561 - main - INFO - 开始处理实况数据：2022-09-29
2022-09-29 15:57:07,637 - main - INFO - 当前设定计算时间为： 2022-09-28
2022-09-29 15:57:29,571 - main - INFO - 开始处理预报数据：2022-09-29
2022-09-29 16:50:06,767 - main - INFO - 开始处理实况数据：2022-09-29
2022-09-29 16:50:06,797 - main - INFO - 当前设定计算时间为： 2022-09-28
2022-09-29 16:50:43,795 - main - INFO - 开始处理预报数据：2022-09-29
2022-09-29 16:56:43,684 - main - INFO - 开始处理实况数据：2022-09-29
2022-09-29 16:56:43,705 - main - INFO - 当前设定计算时间为： 2022-09-28
2022-09-29 16:57:13,702 - main - INFO - 开始处理预报数据：2022-09-29
2022-09-29 16:57:18,270 - main - ERROR - 'StationInfo_08' object has no attribute 'III'
2022-09-29 16:57:42,853 - main - INFO - 开始处理实况数据：2022-09-29
2022-09-29 16:57:42,887 - main - INFO - 当前设定计算时间为： 2022-09-28
2022-09-29 16:58:14,372 - main - INFO - 开始处理预报数据：2022-09-29
2022-09-29 16:58:56,772 - main - INFO - 开始处理实况数据：2022-09-29
2022-09-29 16:58:56,809 - main - INFO - 当前设定计算时间为： 2022-09-28
2022-09-29 16:59:29,788 - main - INFO - 开始处理预报数据：2022-09-29
2022-09-29 17:01:07,339 - main - INFO - 开始处理实况数据：2022-09-29
2022-09-29 17:01:07,378 - main - INFO - 当前设定计算时间为： 2022-09-28
2022-09-29 17:01:39,460 - main - INFO - 开始处理预报数据：2022-09-29
2022-09-29 17:03:22,643 - main - INFO - 开始处理实况数据：2022-09-29
2022-09-29 17:03:22,682 - main - INFO - 当前设定计算时间为： 2022-09-28
2022-09-29 17:03:47,659 - main - INFO - 开始处理预报数据：2022-09-29
2022-09-29 17:11:14,257 - main - INFO - 开始处理实况数据：2022-09-29
2022-09-29 17:11:14,271 - main - INFO - 当前设定计算时间为： 2022-09-28
2022-09-29 17:11:37,370 - main - INFO - 开始处理预报数据：2022-09-29
2022-09-29 17:17:11,063 - main - INFO - 开始处理实况数据：2022-09-29
2022-09-29 17:17:11,074 - main - INFO - 当前设定计算时间为： 2022-09-28
2022-09-29 17:17:38,899 - main - INFO - 开始处理预报数据：2022-09-29
2022-09-29 17:30:09,219 - main - INFO - 开始处理实况数据：2022-09-29
2022-09-29 17:30:09,227 - main - INFO - 当前设定计算时间为： 2022-09-28
2022-09-29 17:30:41,488 - main - INFO - 开始处理实况数据：2022-09-29
2022-09-29 17:30:41,496 - main - INFO - 当前设定计算时间为： 2022-09-28
2022-09-29 17:31:10,885 - main - INFO - 开始处理预报数据：2022-09-29
2022-09-29 17:59:23,784 - main - INFO - 开始处理实况数据：2022-09-29
2022-09-29 17:59:23,799 - main - INFO - 当前设定计算时间为： 2022-09-28
2022-09-29 17:59:53,846 - main - INFO - 开始处理预报数据：2022-09-29
2022-09-29 18:01:27,244 - main - INFO - 开始处理实况数据：2022-09-29
2022-09-29 18:01:27,285 - main - INFO - 当前设定计算时间为： 2022-09-28
2022-09-29 18:01:59,735 - main - INFO - 开始处理预报数据：2022-09-29
2022-09-29 18:13:24,545 - main - INFO - 开始处理实况数据：2022-09-29
2022-09-29 18:13:24,591 - main - INFO - 当前设定计算时间为： 2022-09-28
2022-09-29 18:13:52,971 - main - INFO - 开始处理预报数据：2022-09-29
2022-09-29 18:14:00,305 - main - ERROR - list index out of range
