2022-09-26 09:30:42,503 - main - INFO - 开始处理实况数据：2022-07-22
2022-09-26 09:30:42,564 - main - INFO - 当前设定计算时间为： 2022-07-21
2022-09-26 09:32:02,752 - main - INFO - 开始处理预报数据：2022-07-22
2022-09-26 09:32:10,170 - main - ERROR - 'StationInfo_08' object has no attribute 'IIII'
2022-09-26 09:32:10,170 - main - INFO - 开始处理实况数据：2022-07-23
2022-09-26 09:32:10,179 - main - INFO - 当前设定计算时间为： 2022-07-22
2022-09-26 09:33:44,727 - main - INFO - 开始处理预报数据：2022-07-23
2022-09-26 09:33:49,890 - main - ERROR - 'StationInfo_08' object has no attribute 'IIII'
2022-09-26 09:33:49,890 - main - INFO - 开始处理实况数据：2022-07-24
2022-09-26 09:33:49,939 - main - INFO - 当前设定计算时间为： 2022-07-23
2022-09-26 09:35:07,340 - main - INFO - 开始处理预报数据：2022-07-24
2022-09-26 09:35:20,759 - main - INFO - 开始处理实况数据：2022-07-24
2022-09-26 09:35:20,826 - main - INFO - 当前设定计算时间为： 2022-07-23
2022-09-26 09:36:30,721 - main - INFO - 开始处理预报数据：2022-07-24
2022-09-26 09:36:36,277 - main - ERROR - 'StationInfo_08' object has no attribute 'IIII'
2022-09-26 09:36:36,277 - main - INFO - 开始处理实况数据：2022-07-25
2022-09-26 09:36:36,306 - main - INFO - 当前设定计算时间为： 2022-07-24
2022-09-26 09:37:59,461 - main - INFO - 开始处理预报数据：2022-07-25
2022-09-26 09:38:06,248 - main - ERROR - 'StationInfo_08' object has no attribute 'IIII'
2022-09-26 09:38:06,248 - main - INFO - 开始处理实况数据：2022-07-26
2022-09-26 09:38:06,284 - main - INFO - 当前设定计算时间为： 2022-07-25
2022-09-26 09:39:19,097 - main - INFO - 开始处理预报数据：2022-07-26
2022-09-26 09:39:25,463 - main - ERROR - 'StationInfo_08' object has no attribute 'IIII'
2022-09-26 10:44:43,874 - main - INFO - 开始处理实况数据：2022-07-15
2022-09-26 10:44:43,884 - main - INFO - 当前设定计算时间为： 2022-07-14
2022-09-26 10:44:43,913 - main - ERROR - 'NoneType' object is not iterable
2022-09-26 10:44:43,917 - main - INFO - 开始处理实况数据：2022-07-16
2022-09-26 10:44:43,924 - main - INFO - 当前设定计算时间为： 2022-07-15
2022-09-26 10:44:43,948 - main - ERROR - 'NoneType' object is not iterable
2022-09-26 10:44:43,952 - main - INFO - 开始处理实况数据：2022-07-17
2022-09-26 10:44:43,958 - main - INFO - 当前设定计算时间为： 2022-07-16
2022-09-26 10:44:43,996 - main - ERROR - 'NoneType' object is not iterable
2022-09-26 10:44:44,006 - main - INFO - 开始处理实况数据：2022-07-18
2022-09-26 10:44:44,015 - main - INFO - 当前设定计算时间为： 2022-07-17
2022-09-26 10:44:44,051 - main - ERROR - 'NoneType' object is not iterable
2022-09-26 10:44:44,058 - main - INFO - 开始处理实况数据：2022-07-19
2022-09-26 10:44:44,064 - main - INFO - 当前设定计算时间为： 2022-07-18
2022-09-26 10:44:44,102 - main - ERROR - 'NoneType' object is not iterable
2022-09-26 10:44:44,107 - main - INFO - 开始处理实况数据：2022-07-20
2022-09-26 10:44:44,113 - main - INFO - 当前设定计算时间为： 2022-07-19
2022-09-26 10:44:44,153 - main - ERROR - 'NoneType' object is not iterable
2022-09-26 10:44:44,159 - main - INFO - 开始处理实况数据：2022-07-21
2022-09-26 10:44:44,163 - main - INFO - 当前设定计算时间为： 2022-07-20
2022-09-26 10:44:44,206 - main - ERROR - 'NoneType' object is not iterable
2022-09-26 10:45:36,760 - main - INFO - 开始处理实况数据：2022-07-15
2022-09-26 10:45:36,793 - main - INFO - 当前设定计算时间为： 2022-07-14
2022-09-26 10:45:36,827 - main - ERROR - 'NoneType' object is not iterable
2022-09-26 10:45:36,832 - main - INFO - 开始处理实况数据：2022-07-16
2022-09-26 10:45:36,869 - main - INFO - 当前设定计算时间为： 2022-07-15
2022-09-26 10:45:36,892 - main - ERROR - 'NoneType' object is not iterable
2022-09-26 10:45:36,896 - main - INFO - 开始处理实况数据：2022-07-17
2022-09-26 10:45:36,928 - main - INFO - 当前设定计算时间为： 2022-07-16
2022-09-26 10:45:36,954 - main - ERROR - 'NoneType' object is not iterable
2022-09-26 10:45:36,959 - main - INFO - 开始处理实况数据：2022-07-18
2022-09-26 10:45:36,990 - main - INFO - 当前设定计算时间为： 2022-07-17
2022-09-26 10:45:37,020 - main - ERROR - 'NoneType' object is not iterable
2022-09-26 10:45:37,026 - main - INFO - 开始处理实况数据：2022-07-19
2022-09-26 10:45:37,049 - main - INFO - 当前设定计算时间为： 2022-07-18
2022-09-26 10:45:37,075 - main - ERROR - 'NoneType' object is not iterable
2022-09-26 10:45:37,079 - main - INFO - 开始处理实况数据：2022-07-20
2022-09-26 10:45:37,093 - main - INFO - 当前设定计算时间为： 2022-07-19
2022-09-26 10:45:37,117 - main - ERROR - 'NoneType' object is not iterable
2022-09-26 10:45:37,121 - main - INFO - 开始处理实况数据：2022-07-21
2022-09-26 10:45:37,149 - main - INFO - 当前设定计算时间为： 2022-07-20
2022-09-26 10:45:37,175 - main - ERROR - 'NoneType' object is not iterable
2022-09-26 10:46:03,145 - main - INFO - 开始处理实况数据：2022-07-15
2022-09-26 10:46:03,158 - main - INFO - 当前设定计算时间为： 2022-07-14
2022-09-26 10:46:03,222 - main - ERROR - 'NoneType' object is not iterable
2022-09-26 10:46:03,251 - main - INFO - 开始处理实况数据：2022-07-16
2022-09-26 10:46:03,258 - main - INFO - 当前设定计算时间为： 2022-07-15
2022-09-26 10:46:03,308 - main - ERROR - 'NoneType' object is not iterable
2022-09-26 10:46:03,313 - main - INFO - 开始处理实况数据：2022-07-17
2022-09-26 10:46:03,320 - main - INFO - 当前设定计算时间为： 2022-07-16
2022-09-26 10:46:03,386 - main - ERROR - 'NoneType' object is not iterable
2022-09-26 10:46:03,394 - main - INFO - 开始处理实况数据：2022-07-18
2022-09-26 10:46:03,431 - main - INFO - 当前设定计算时间为： 2022-07-17
2022-09-26 10:46:03,475 - main - ERROR - 'NoneType' object is not iterable
2022-09-26 10:46:03,483 - main - INFO - 开始处理实况数据：2022-07-19
2022-09-26 10:46:03,488 - main - INFO - 当前设定计算时间为： 2022-07-18
2022-09-26 10:46:03,534 - main - ERROR - 'NoneType' object is not iterable
2022-09-26 10:46:03,539 - main - INFO - 开始处理实况数据：2022-07-20
2022-09-26 10:46:03,559 - main - INFO - 当前设定计算时间为： 2022-07-19
2022-09-26 10:46:03,608 - main - ERROR - 'NoneType' object is not iterable
2022-09-26 10:46:03,616 - main - INFO - 开始处理实况数据：2022-07-21
2022-09-26 10:46:03,623 - main - INFO - 当前设定计算时间为： 2022-07-20
2022-09-26 10:46:03,683 - main - ERROR - 'NoneType' object is not iterable
2022-09-26 11:04:36,623 - main - INFO - 开始处理实况数据：2022-07-15
2022-09-26 11:04:36,700 - main - INFO - 当前设定计算时间为： 2022-07-14
2022-09-26 11:04:36,794 - main - ERROR - 'NoneType' object is not iterable
2022-09-26 11:04:36,846 - main - INFO - 开始处理实况数据：2022-07-16
2022-09-26 11:04:36,871 - main - INFO - 当前设定计算时间为： 2022-07-15
2022-09-26 11:04:36,971 - main - ERROR - 'NoneType' object is not iterable
2022-09-26 11:04:36,982 - main - INFO - 开始处理实况数据：2022-07-17
2022-09-26 11:04:37,000 - main - INFO - 当前设定计算时间为： 2022-07-16
2022-09-26 11:04:37,101 - main - ERROR - 'NoneType' object is not iterable
2022-09-26 11:04:37,109 - main - INFO - 开始处理实况数据：2022-07-18
2022-09-26 11:04:37,139 - main - INFO - 当前设定计算时间为： 2022-07-17
2022-09-26 11:04:37,218 - main - ERROR - 'NoneType' object is not iterable
2022-09-26 11:04:37,228 - main - INFO - 开始处理实况数据：2022-07-19
2022-09-26 11:04:37,259 - main - INFO - 当前设定计算时间为： 2022-07-18
2022-09-26 11:04:37,324 - main - ERROR - 'NoneType' object is not iterable
2022-09-26 11:04:37,334 - main - INFO - 开始处理实况数据：2022-07-20
2022-09-26 11:04:37,400 - main - INFO - 当前设定计算时间为： 2022-07-19
2022-09-26 11:04:37,453 - main - ERROR - 'NoneType' object is not iterable
2022-09-26 11:04:37,460 - main - INFO - 开始处理实况数据：2022-07-21
2022-09-26 11:04:37,479 - main - INFO - 当前设定计算时间为： 2022-07-20
2022-09-26 11:04:37,539 - main - ERROR - 'NoneType' object is not iterable
2022-09-26 11:34:09,061 - main - INFO - 开始处理实况数据：2022-07-15
2022-09-26 11:34:09,073 - main - INFO - 当前设定计算时间为： 2022-07-14
2022-09-26 11:34:09,170 - main - ERROR - 'NoneType' object is not iterable
2022-09-26 11:34:09,183 - main - INFO - 开始处理实况数据：2022-07-16
2022-09-26 11:34:09,191 - main - INFO - 当前设定计算时间为： 2022-07-15
2022-09-26 11:34:09,241 - main - ERROR - 'NoneType' object is not iterable
2022-09-26 11:34:09,246 - main - INFO - 开始处理实况数据：2022-07-17
2022-09-26 11:34:09,252 - main - INFO - 当前设定计算时间为： 2022-07-16
2022-09-26 11:34:09,298 - main - ERROR - 'NoneType' object is not iterable
2022-09-26 11:34:09,303 - main - INFO - 开始处理实况数据：2022-07-18
2022-09-26 11:34:09,310 - main - INFO - 当前设定计算时间为： 2022-07-17
2022-09-26 11:34:09,359 - main - ERROR - 'NoneType' object is not iterable
2022-09-26 11:34:09,363 - main - INFO - 开始处理实况数据：2022-07-19
2022-09-26 11:34:09,370 - main - INFO - 当前设定计算时间为： 2022-07-18
2022-09-26 11:34:09,415 - main - ERROR - 'NoneType' object is not iterable
2022-09-26 11:34:09,422 - main - INFO - 开始处理实况数据：2022-07-20
2022-09-26 11:34:09,429 - main - INFO - 当前设定计算时间为： 2022-07-19
2022-09-26 11:34:09,472 - main - ERROR - 'NoneType' object is not iterable
2022-09-26 11:34:09,480 - main - INFO - 开始处理实况数据：2022-07-21
2022-09-26 11:34:09,487 - main - INFO - 当前设定计算时间为： 2022-07-20
2022-09-26 11:34:09,534 - main - ERROR - 'NoneType' object is not iterable
2022-09-26 11:47:20,739 - main - INFO - 开始处理实况数据：2022-07-15
2022-09-26 11:47:20,750 - main - INFO - 当前设定计算时间为： 2022-07-14
2022-09-26 11:47:20,801 - main - ERROR - 'NoneType' object is not iterable
2022-09-26 11:47:20,844 - main - INFO - 开始处理实况数据：2022-07-16
2022-09-26 11:47:20,850 - main - INFO - 当前设定计算时间为： 2022-07-15
2022-09-26 11:47:20,893 - main - ERROR - 'NoneType' object is not iterable
2022-09-26 11:47:20,898 - main - INFO - 开始处理实况数据：2022-07-17
2022-09-26 11:47:20,905 - main - INFO - 当前设定计算时间为： 2022-07-16
2022-09-26 11:47:20,974 - main - ERROR - 'NoneType' object is not iterable
2022-09-26 11:47:20,985 - main - INFO - 开始处理实况数据：2022-07-18
2022-09-26 11:47:20,997 - main - INFO - 当前设定计算时间为： 2022-07-17
2022-09-26 11:47:21,059 - main - ERROR - 'NoneType' object is not iterable
2022-09-26 11:47:21,079 - main - INFO - 开始处理实况数据：2022-07-19
2022-09-26 11:47:21,086 - main - INFO - 当前设定计算时间为： 2022-07-18
2022-09-26 11:47:21,137 - main - ERROR - 'NoneType' object is not iterable
2022-09-26 11:47:21,144 - main - INFO - 开始处理实况数据：2022-07-20
2022-09-26 11:47:21,149 - main - INFO - 当前设定计算时间为： 2022-07-19
2022-09-26 11:47:21,197 - main - ERROR - 'NoneType' object is not iterable
2022-09-26 11:47:21,203 - main - INFO - 开始处理实况数据：2022-07-21
2022-09-26 11:47:21,210 - main - INFO - 当前设定计算时间为： 2022-07-20
2022-09-26 11:47:21,270 - main - ERROR - 'NoneType' object is not iterable
2022-09-26 13:34:00,435 - main - INFO - 开始处理实况数据：2022-07-15
2022-09-26 13:34:00,446 - main - INFO - 当前设定计算时间为： 2022-07-14
2022-09-26 13:35:36,306 - main - INFO - 开始处理预报数据：2022-07-15
2022-09-26 13:35:43,829 - main - ERROR - [Errno 2] No such file or directory: './file/ten_days_tp_total/0714_08.txt'
2022-09-26 13:35:43,830 - main - INFO - 开始处理实况数据：2022-07-16
2022-09-26 13:35:43,881 - main - INFO - 当前设定计算时间为： 2022-07-15
2022-09-26 13:36:49,591 - main - INFO - 开始处理实况数据：2022-07-15
2022-09-26 13:36:49,633 - main - INFO - 当前设定计算时间为： 2022-07-14
2022-09-26 13:38:03,047 - main - INFO - 开始处理预报数据：2022-07-15
2022-09-26 13:38:10,164 - main - ERROR - [Errno 2] No such file or directory: './file/ten_days_tp_total/0714_08.txt'
2022-09-26 13:38:10,165 - main - INFO - 开始处理实况数据：2022-07-16
2022-09-26 13:38:10,187 - main - INFO - 当前设定计算时间为： 2022-07-15
2022-09-26 13:39:39,802 - main - INFO - 开始处理实况数据：2022-07-15
2022-09-26 13:39:39,855 - main - INFO - 当前设定计算时间为： 2022-07-14
2022-09-26 13:40:51,964 - main - INFO - 开始处理预报数据：2022-07-15
2022-09-26 13:41:58,277 - main - INFO - 开始处理实况数据：2022-07-15
2022-09-26 13:41:58,319 - main - INFO - 当前设定计算时间为： 2022-07-14
2022-09-26 13:43:20,366 - main - INFO - 开始处理预报数据：2022-07-15
2022-09-26 13:45:12,722 - main - INFO - 开始处理实况数据：2022-07-15
2022-09-26 13:45:12,770 - main - INFO - 当前设定计算时间为： 2022-07-14
2022-09-26 13:45:38,172 - main - INFO - 开始处理实况数据：2022-07-15
2022-09-26 13:45:38,200 - main - INFO - 当前设定计算时间为： 2022-07-14
2022-09-26 13:47:00,428 - main - INFO - 开始处理预报数据：2022-07-15
2022-09-26 13:54:37,394 - main - INFO - 开始处理实况数据：2022-07-15
2022-09-26 13:54:37,422 - main - INFO - 当前设定计算时间为： 2022-07-14
2022-09-26 13:55:59,766 - main - INFO - 开始处理预报数据：2022-07-15
2022-09-26 14:14:38,062 - main - INFO - 开始处理实况数据：2022-07-15
2022-09-26 14:14:38,091 - main - INFO - 当前设定计算时间为： 2022-07-14
2022-09-26 14:15:56,999 - main - INFO - 开始处理预报数据：2022-07-15
2022-09-26 14:16:04,481 - main - ERROR - name 'endloc' is not defined
2022-09-26 14:16:04,489 - main - INFO - 开始处理实况数据：2022-07-16
2022-09-26 14:16:04,502 - main - INFO - 当前设定计算时间为： 2022-07-15
2022-09-26 14:17:29,698 - main - INFO - 开始处理预报数据：2022-07-16
2022-09-26 14:17:38,235 - main - ERROR - name 'endloc' is not defined
2022-09-26 14:17:38,239 - main - INFO - 开始处理实况数据：2022-07-17
2022-09-26 14:17:38,273 - main - INFO - 当前设定计算时间为： 2022-07-16
2022-09-26 14:17:47,037 - main - INFO - 开始处理实况数据：2022-07-15
2022-09-26 14:17:47,053 - main - INFO - 当前设定计算时间为： 2022-07-14
2022-09-26 14:19:07,787 - main - INFO - 开始处理预报数据：2022-07-15
2022-09-26 14:22:56,948 - main - INFO - 开始处理实况数据：2022-07-15
2022-09-26 14:22:56,990 - main - INFO - 当前设定计算时间为： 2022-07-14
2022-09-26 14:24:25,304 - main - INFO - 开始处理预报数据：2022-07-15
2022-09-26 14:24:28,318 - main - ERROR - list index out of range
2022-09-26 14:24:28,326 - main - INFO - 开始处理实况数据：2022-07-16
2022-09-26 14:24:28,376 - main - INFO - 当前设定计算时间为： 2022-07-15
2022-09-26 14:26:01,931 - main - INFO - 开始处理预报数据：2022-07-16
2022-09-26 14:26:05,116 - main - ERROR - list index out of range
2022-09-26 14:26:05,124 - main - INFO - 开始处理实况数据：2022-07-17
2022-09-26 14:26:05,162 - main - INFO - 当前设定计算时间为： 2022-07-16
2022-09-26 14:26:23,188 - main - INFO - 开始处理实况数据：2022-07-15
2022-09-26 14:26:23,242 - main - INFO - 当前设定计算时间为： 2022-07-14
2022-09-26 14:27:08,402 - main - INFO - 开始处理实况数据：2022-07-15
2022-09-26 14:27:08,464 - main - INFO - 当前设定计算时间为： 2022-07-14
2022-09-26 14:28:42,001 - main - INFO - 开始处理预报数据：2022-07-15
2022-09-26 14:29:35,412 - main - INFO - 开始处理实况数据：2022-07-15
2022-09-26 14:29:35,453 - main - INFO - 当前设定计算时间为： 2022-07-14
2022-09-26 14:31:06,372 - main - INFO - 开始处理预报数据：2022-07-15
2022-09-26 14:35:09,406 - main - INFO - 开始处理实况数据：2022-07-15
2022-09-26 14:35:09,449 - main - INFO - 当前设定计算时间为： 2022-07-14
2022-09-26 14:36:31,872 - main - INFO - 开始处理预报数据：2022-07-15
2022-09-26 14:36:34,941 - main - ERROR - 'NoneType' object has no attribute 'strftime'
2022-09-26 14:36:34,949 - main - INFO - 开始处理实况数据：2022-07-16
2022-09-26 14:36:34,979 - main - INFO - 当前设定计算时间为： 2022-07-15
2022-09-26 14:37:51,511 - main - INFO - 开始处理预报数据：2022-07-16
2022-09-26 14:37:54,540 - main - ERROR - 'NoneType' object has no attribute 'strftime'
2022-09-26 14:37:54,544 - main - INFO - 开始处理实况数据：2022-07-17
2022-09-26 14:37:54,555 - main - INFO - 当前设定计算时间为： 2022-07-16
2022-09-26 14:38:23,876 - main - INFO - 开始处理实况数据：2022-07-15
2022-09-26 14:38:23,903 - main - INFO - 当前设定计算时间为： 2022-07-14
2022-09-26 14:39:40,448 - main - INFO - 开始处理预报数据：2022-07-15
2022-09-26 14:40:05,516 - main - ERROR - 'NoneType' object has no attribute 'strftime'
2022-09-26 14:40:32,771 - main - INFO - 开始处理实况数据：2022-07-15
2022-09-26 14:40:32,807 - main - INFO - 当前设定计算时间为： 2022-07-14
2022-09-26 14:42:01,242 - main - INFO - 开始处理预报数据：2022-07-15
2022-09-26 14:42:08,632 - main - ERROR - 'NoneType' object has no attribute 'strftime'
2022-09-26 14:42:08,636 - main - INFO - 开始处理实况数据：2022-07-16
2022-09-26 14:42:08,649 - main - INFO - 当前设定计算时间为： 2022-07-15
2022-09-26 14:43:09,476 - main - INFO - 开始处理实况数据：2022-07-15
2022-09-26 14:43:09,490 - main - INFO - 当前设定计算时间为： 2022-07-14
2022-09-26 14:44:33,000 - main - INFO - 开始处理预报数据：2022-07-15
2022-09-26 14:45:41,961 - main - INFO - 开始处理实况数据：2022-07-15
2022-09-26 14:45:41,974 - main - INFO - 当前设定计算时间为： 2022-07-14
2022-09-26 14:47:13,766 - main - INFO - 开始处理预报数据：2022-07-15
2022-09-26 14:48:18,228 - main - INFO - 开始处理实况数据：2022-07-15
2022-09-26 14:48:18,274 - main - INFO - 当前设定计算时间为： 2022-07-14
2022-09-26 14:49:33,793 - main - INFO - 开始处理预报数据：2022-07-15
2022-09-26 14:49:37,715 - main - ERROR - list index out of range
2022-09-26 14:49:37,733 - main - INFO - 开始处理实况数据：2022-07-16
2022-09-26 14:49:37,761 - main - INFO - 当前设定计算时间为： 2022-07-15
2022-09-26 14:50:25,890 - main - INFO - 开始处理实况数据：2022-06-22
2022-09-26 14:50:25,920 - main - INFO - 当前设定计算时间为： 2022-06-21
2022-09-26 14:51:37,856 - main - INFO - 开始处理预报数据：2022-06-22
2022-09-26 14:51:45,597 - main - ERROR - list index out of range
2022-09-26 14:51:45,600 - main - INFO - 开始处理实况数据：2022-06-23
2022-09-26 14:51:45,637 - main - INFO - 当前设定计算时间为： 2022-06-22
2022-09-26 14:52:26,093 - main - INFO - 开始处理实况数据：2022-07-02
2022-09-26 14:52:26,169 - main - INFO - 当前设定计算时间为： 2022-07-01
2022-09-26 14:53:44,849 - main - INFO - 开始处理预报数据：2022-07-02
2022-09-26 14:53:48,191 - main - ERROR - list index out of range
2022-09-26 14:53:48,206 - main - INFO - 开始处理实况数据：2022-07-03
2022-09-26 14:53:48,253 - main - INFO - 当前设定计算时间为： 2022-07-02
2022-09-26 14:54:08,096 - main - INFO - 开始处理实况数据：2022-07-02
2022-09-26 14:54:08,106 - main - INFO - 当前设定计算时间为： 2022-07-01
2022-09-26 14:55:43,960 - main - INFO - 开始处理预报数据：2022-07-02
2022-09-26 14:57:36,760 - main - INFO - 开始处理实况数据：2022-05-02
2022-09-26 14:57:36,806 - main - INFO - 当前设定计算时间为： 2022-05-01
2022-09-26 14:58:03,761 - main - INFO - 开始处理预报数据：2022-05-02
2022-09-26 14:58:06,949 - main - ERROR - list index out of range
2022-09-26 14:58:06,950 - main - INFO - 开始处理实况数据：2022-05-03
2022-09-26 14:58:06,966 - main - INFO - 当前设定计算时间为： 2022-05-02
2022-09-26 14:58:37,102 - main - INFO - 开始处理预报数据：2022-05-03
2022-09-26 14:58:43,445 - main - INFO - 开始处理实况数据：2022-06-12
2022-09-26 14:58:43,473 - main - INFO - 当前设定计算时间为： 2022-06-11
2022-09-26 14:59:59,422 - main - INFO - 开始处理预报数据：2022-06-12
2022-09-26 15:05:16,954 - main - INFO - 开始处理实况数据：2022-06-12
2022-09-26 15:05:17,000 - main - INFO - 当前设定计算时间为： 2022-06-11
2022-09-26 15:06:26,245 - main - INFO - 开始处理预报数据：2022-06-12
2022-09-26 15:06:35,523 - main - ERROR - '<=' not supported between instances of 'NoneType' and 'datetime.datetime'
2022-09-26 15:06:35,524 - main - INFO - 开始处理实况数据：2022-06-13
2022-09-26 15:06:35,556 - main - INFO - 当前设定计算时间为： 2022-06-12
2022-09-26 15:07:37,814 - main - INFO - 开始处理预报数据：2022-06-13
2022-09-26 15:07:47,824 - main - ERROR - '<=' not supported between instances of 'NoneType' and 'datetime.datetime'
2022-09-26 15:07:47,828 - main - INFO - 开始处理实况数据：2022-06-14
2022-09-26 15:07:47,840 - main - INFO - 当前设定计算时间为： 2022-06-13
2022-09-26 15:08:53,528 - main - INFO - 开始处理预报数据：2022-06-14
2022-09-26 15:09:03,858 - main - ERROR - '<=' not supported between instances of 'NoneType' and 'datetime.datetime'
2022-09-26 15:09:03,862 - main - INFO - 开始处理实况数据：2022-06-15
2022-09-26 15:09:03,893 - main - INFO - 当前设定计算时间为： 2022-06-14
2022-09-26 15:10:04,432 - main - INFO - 开始处理实况数据：2022-06-12
2022-09-26 15:10:04,469 - main - INFO - 当前设定计算时间为： 2022-06-11
2022-09-26 15:11:07,085 - main - INFO - 开始处理预报数据：2022-06-12
2022-09-26 15:11:17,592 - main - ERROR - '<=' not supported between instances of 'NoneType' and 'datetime.datetime'
2022-09-26 15:11:17,594 - main - INFO - 开始处理实况数据：2022-06-13
2022-09-26 15:11:17,690 - main - INFO - 当前设定计算时间为： 2022-06-12
2022-09-26 15:12:21,965 - main - INFO - 开始处理预报数据：2022-06-13
2022-09-26 15:12:33,283 - main - ERROR - '<=' not supported between instances of 'NoneType' and 'datetime.datetime'
2022-09-26 15:12:33,286 - main - INFO - 开始处理实况数据：2022-06-14
2022-09-26 15:12:33,296 - main - INFO - 当前设定计算时间为： 2022-06-13
2022-09-26 15:13:36,946 - main - INFO - 开始处理预报数据：2022-06-14
2022-09-26 15:13:50,229 - main - ERROR - '<=' not supported between instances of 'NoneType' and 'datetime.datetime'
2022-09-26 15:13:50,231 - main - INFO - 开始处理实况数据：2022-06-15
2022-09-26 15:13:50,267 - main - INFO - 当前设定计算时间为： 2022-06-14
2022-09-26 15:14:11,059 - main - INFO - 开始处理实况数据：2022-06-12
2022-09-26 15:14:11,081 - main - INFO - 当前设定计算时间为： 2022-06-11
2022-09-26 15:15:06,121 - main - INFO - 开始处理实况数据：2022-06-12
2022-09-26 15:15:06,140 - main - INFO - 当前设定计算时间为： 2022-06-11
2022-09-26 15:16:09,271 - main - INFO - 开始处理预报数据：2022-06-12
2022-09-26 15:16:20,122 - main - ERROR - '<=' not supported between instances of 'NoneType' and 'datetime.datetime'
2022-09-26 15:16:20,123 - main - INFO - 开始处理实况数据：2022-06-13
2022-09-26 15:16:21,200 - main - INFO - 当前设定计算时间为： 2022-06-12
2022-09-26 15:17:22,172 - main - INFO - 开始处理预报数据：2022-06-13
2022-09-26 15:17:33,530 - main - ERROR - '<=' not supported between instances of 'NoneType' and 'datetime.datetime'
2022-09-26 15:17:33,533 - main - INFO - 开始处理实况数据：2022-06-14
2022-09-26 15:17:33,584 - main - INFO - 当前设定计算时间为： 2022-06-13
2022-09-26 15:18:36,770 - main - INFO - 开始处理预报数据：2022-06-14
2022-09-26 15:18:47,270 - main - ERROR - '<=' not supported between instances of 'NoneType' and 'datetime.datetime'
2022-09-26 15:18:47,272 - main - INFO - 开始处理实况数据：2022-06-15
2022-09-26 15:18:47,836 - main - INFO - 当前设定计算时间为： 2022-06-14
2022-09-26 15:21:48,861 - main - INFO - 开始处理实况数据：2022-06-12
2022-09-26 15:21:48,898 - main - INFO - 当前设定计算时间为： 2022-06-11
2022-09-26 15:22:40,055 - main - INFO - 开始处理预报数据：2022-06-12
2022-09-26 15:22:48,528 - main - ERROR - '<=' not supported between instances of 'NoneType' and 'datetime.datetime'
2022-09-26 15:22:48,531 - main - INFO - 开始处理实况数据：2022-06-13
2022-09-26 15:22:48,733 - main - INFO - 当前设定计算时间为： 2022-06-12
2022-09-26 15:25:38,261 - main - INFO - 开始处理实况数据：2022-06-12
2022-09-26 15:25:38,280 - main - INFO - 当前设定计算时间为： 2022-06-11
2022-09-26 15:26:41,834 - main - INFO - 开始处理预报数据：2022-06-12
2022-09-26 15:28:50,966 - main - ERROR - '<=' not supported between instances of 'NoneType' and 'datetime.datetime'
2022-09-26 15:28:50,967 - main - INFO - 开始处理实况数据：2022-06-13
2022-09-26 15:28:51,010 - main - INFO - 当前设定计算时间为： 2022-06-12
2022-09-26 15:28:51,061 - main - ERROR - Can't pickle <class '__main__.MergeStationData'>: attribute lookup MergeStationData on __main__ failed
2022-09-26 15:28:51,062 - main - INFO - 开始处理实况数据：2022-06-14
2022-09-26 15:28:51,073 - main - INFO - 当前设定计算时间为： 2022-06-13
2022-09-26 15:28:51,323 - main - ERROR - Can't pickle <class '__main__.MergeStationData'>: attribute lookup MergeStationData on __main__ failed
2022-09-26 15:28:51,324 - main - INFO - 开始处理实况数据：2022-06-15
2022-09-26 15:28:51,350 - main - INFO - 当前设定计算时间为： 2022-06-14
2022-09-26 15:28:51,526 - main - ERROR - Can't pickle <class '__main__.MergeStationData'>: attribute lookup MergeStationData on __main__ failed
2022-09-26 15:28:51,527 - main - INFO - 开始处理实况数据：2022-06-16
2022-09-26 15:28:51,550 - main - INFO - 当前设定计算时间为： 2022-06-15
2022-09-26 15:28:51,812 - main - ERROR - Can't pickle <class '__main__.MergeStationData'>: attribute lookup MergeStationData on __main__ failed
2022-09-26 15:28:59,832 - main - INFO - 开始处理实况数据：2022-06-12
2022-09-26 15:28:59,879 - main - INFO - 当前设定计算时间为： 2022-06-11
2022-09-26 15:30:06,356 - main - INFO - 开始处理预报数据：2022-06-12
2022-09-26 15:35:03,936 - main - INFO - 开始处理实况数据：2022-06-12
2022-09-26 15:35:03,951 - main - INFO - 当前设定计算时间为： 2022-06-11
2022-09-26 15:36:00,303 - main - INFO - 开始处理预报数据：2022-06-12
2022-09-26 15:39:22,803 - main - INFO - 开始处理实况数据：2022-06-12
2022-09-26 15:39:22,844 - main - INFO - 当前设定计算时间为： 2022-06-11
2022-09-26 15:40:21,299 - main - INFO - 开始处理预报数据：2022-06-12
2022-09-26 15:43:03,318 - main - INFO - 开始处理实况数据：2022-06-12
2022-09-26 15:43:03,328 - main - INFO - 当前设定计算时间为： 2022-06-11
2022-09-26 15:44:25,622 - main - INFO - 开始处理预报数据：2022-06-12
2022-09-26 15:46:22,355 - main - INFO - 开始处理实况数据：2022-06-08
2022-09-26 15:46:22,424 - main - INFO - 当前设定计算时间为： 2022-06-07
2022-09-26 15:47:14,578 - main - INFO - 开始处理预报数据：2022-06-08
2022-09-26 15:47:25,479 - main - ERROR - operands could not be broadcast together with shapes (301,) (373,) (301,) 
2022-09-26 15:47:25,480 - main - INFO - 开始处理实况数据：2022-06-09
2022-09-26 15:47:26,469 - main - INFO - 当前设定计算时间为： 2022-06-08
2022-09-26 15:48:08,306 - main - INFO - 开始处理预报数据：2022-06-09
2022-09-26 15:48:16,793 - main - ERROR - operands could not be broadcast together with shapes (301,) (373,) (301,) 
2022-09-26 15:48:16,795 - main - INFO - 开始处理实况数据：2022-06-10
2022-09-26 15:48:16,829 - main - INFO - 当前设定计算时间为： 2022-06-09
2022-09-26 15:48:42,966 - main - INFO - 开始处理实况数据：2022-06-08
2022-09-26 15:48:42,980 - main - INFO - 当前设定计算时间为： 2022-06-07
2022-09-26 15:49:19,328 - main - INFO - 开始处理预报数据：2022-06-08
2022-09-26 15:49:28,727 - main - ERROR - [Errno 2] No such file or directory: './file/his_area_daily_mean_08_1991-2020.txt'
2022-09-26 15:49:28,727 - main - ERROR - division by zero
2022-09-26 15:49:28,727 - main - ERROR - [Errno 2] No such file or directory: './file/his_area_daily_mean_08_1991-2020.txt'
2022-09-26 15:49:28,769 - main - INFO - 开始处理实况数据：2022-06-09
2022-09-26 15:49:28,807 - main - INFO - 当前设定计算时间为： 2022-06-08
2022-09-26 15:50:18,598 - main - INFO - 开始处理预报数据：2022-06-09
2022-09-26 15:50:28,348 - main - ERROR - [Errno 2] No such file or directory: './file/his_area_daily_mean_08_1991-2020.txt'
2022-09-26 15:50:28,348 - main - ERROR - division by zero
2022-09-26 15:50:28,348 - main - ERROR - [Errno 2] No such file or directory: './file/his_area_daily_mean_08_1991-2020.txt'
2022-09-26 15:50:28,385 - main - INFO - 开始处理实况数据：2022-06-10
2022-09-26 15:50:28,414 - main - INFO - 当前设定计算时间为： 2022-06-09
2022-09-26 15:51:21,311 - main - INFO - 开始处理预报数据：2022-06-10
2022-09-26 15:51:26,924 - main - ERROR - '<=' not supported between instances of 'NoneType' and 'datetime.datetime'
2022-09-26 15:51:26,926 - main - INFO - 开始处理实况数据：2022-06-11
2022-09-26 15:51:27,316 - main - INFO - 当前设定计算时间为： 2022-06-10
2022-09-26 15:52:28,242 - main - INFO - 开始处理预报数据：2022-06-11
2022-09-26 15:52:40,029 - main - ERROR - '<=' not supported between instances of 'NoneType' and 'datetime.datetime'
2022-09-26 15:52:40,030 - main - INFO - 开始处理实况数据：2022-06-12
2022-09-26 15:52:40,090 - main - INFO - 当前设定计算时间为： 2022-06-11
2022-09-26 15:54:19,792 - main - INFO - 开始处理实况数据：2022-06-08
2022-09-26 15:54:19,814 - main - INFO - 当前设定计算时间为： 2022-06-07
2022-09-26 15:55:03,946 - main - INFO - 开始处理预报数据：2022-06-08
2022-09-26 15:55:12,872 - main - INFO - 开始处理实况数据：2022-06-09
2022-09-26 15:55:12,914 - main - INFO - 当前设定计算时间为： 2022-06-08
2022-09-26 15:56:03,057 - main - INFO - 开始处理预报数据：2022-06-09
2022-09-26 15:56:14,209 - main - INFO - 开始处理实况数据：2022-06-10
2022-09-26 15:56:14,248 - main - INFO - 当前设定计算时间为： 2022-06-09
2022-09-26 15:57:11,168 - main - INFO - 开始处理预报数据：2022-06-10
2022-09-26 15:57:18,072 - main - ERROR - '<=' not supported between instances of 'NoneType' and 'datetime.datetime'
2022-09-26 15:57:18,074 - main - INFO - 开始处理实况数据：2022-06-11
2022-09-26 15:57:18,674 - main - INFO - 当前设定计算时间为： 2022-06-10
2022-09-26 15:58:04,288 - main - INFO - 开始处理实况数据：2022-06-08
2022-09-26 15:58:04,314 - main - INFO - 当前设定计算时间为： 2022-06-07
2022-09-26 15:59:07,910 - main - INFO - 开始处理预报数据：2022-06-08
2022-09-26 16:06:42,069 - main - INFO - 开始处理实况数据：2022-06-08
2022-09-26 16:06:42,103 - main - INFO - 当前设定计算时间为： 2022-06-07
2022-09-26 16:07:40,420 - main - INFO - 开始处理预报数据：2022-06-08
2022-09-26 16:07:49,493 - main - ERROR - 'StationInfo_08' object has no attribute 'IIII'
2022-09-26 16:07:49,493 - main - INFO - 开始处理实况数据：2022-06-09
2022-09-26 16:07:49,502 - main - INFO - 当前设定计算时间为： 2022-06-08
2022-09-26 16:08:40,070 - main - INFO - 开始处理预报数据：2022-06-09
2022-09-26 16:08:49,592 - main - INFO - 开始处理实况数据：2022-06-10
2022-09-26 16:08:49,625 - main - INFO - 当前设定计算时间为： 2022-06-09
2022-09-26 16:09:43,553 - main - INFO - 开始处理预报数据：2022-06-10
2022-09-26 16:09:48,902 - main - ERROR - '<=' not supported between instances of 'NoneType' and 'datetime.datetime'
2022-09-26 16:09:48,904 - main - INFO - 开始处理实况数据：2022-06-11
2022-09-26 16:09:49,471 - main - INFO - 当前设定计算时间为： 2022-06-10
2022-09-26 16:10:47,378 - main - INFO - 开始处理预报数据：2022-06-11
2022-09-26 16:10:56,249 - main - ERROR - '<=' not supported between instances of 'NoneType' and 'datetime.datetime'
2022-09-26 16:10:56,251 - main - INFO - 开始处理实况数据：2022-06-12
2022-09-26 16:10:56,289 - main - INFO - 当前设定计算时间为： 2022-06-11
2022-09-26 16:11:51,465 - main - INFO - 开始处理预报数据：2022-06-12
2022-09-26 16:12:01,511 - main - ERROR - '<=' not supported between instances of 'NoneType' and 'datetime.datetime'
2022-09-26 16:12:01,514 - main - INFO - 开始处理实况数据：2022-06-13
2022-09-26 16:12:01,821 - main - INFO - 当前设定计算时间为： 2022-06-12
2022-09-26 16:12:21,007 - main - INFO - 开始处理实况数据：2022-06-08
2022-09-26 16:12:21,038 - main - INFO - 当前设定计算时间为： 2022-06-07
2022-09-26 16:13:15,148 - main - INFO - 开始处理预报数据：2022-06-08
2022-09-26 16:13:26,527 - main - ERROR - 'StationInfo_08' object has no attribute 'IIII'
2022-09-26 16:13:26,527 - main - INFO - 开始处理实况数据：2022-06-09
2022-09-26 16:13:26,563 - main - INFO - 当前设定计算时间为： 2022-06-08
2022-09-26 16:14:16,248 - main - INFO - 开始处理预报数据：2022-06-09
2022-09-26 16:14:26,705 - main - INFO - 开始处理实况数据：2022-06-10
2022-09-26 16:14:26,730 - main - INFO - 当前设定计算时间为： 2022-06-09
2022-09-26 16:14:55,115 - main - INFO - 开始处理实况数据：2022-06-08
2022-09-26 16:14:55,153 - main - INFO - 当前设定计算时间为： 2022-06-07
2022-09-26 16:15:50,234 - main - INFO - 开始处理预报数据：2022-06-08
2022-09-26 16:15:58,922 - main - INFO - 开始处理实况数据：2022-06-09
2022-09-26 16:15:58,941 - main - INFO - 当前设定计算时间为： 2022-06-08
2022-09-26 16:16:58,219 - main - INFO - 开始处理实况数据：2022-06-08
2022-09-26 16:16:58,280 - main - INFO - 当前设定计算时间为： 2022-06-07
2022-09-26 16:17:51,774 - main - INFO - 开始处理预报数据：2022-06-08
2022-09-26 16:20:30,417 - main - INFO - 开始处理实况数据：2022-06-18
2022-09-26 16:20:30,475 - main - INFO - 当前设定计算时间为： 2022-06-17
2022-09-26 16:21:46,722 - main - INFO - 开始处理预报数据：2022-06-18
2022-09-26 16:22:44,636 - main - INFO - 开始处理实况数据：2022-06-18
2022-09-26 16:22:44,652 - main - INFO - 当前设定计算时间为： 2022-06-17
2022-09-26 16:24:08,822 - main - INFO - 开始处理预报数据：2022-06-18
2022-09-26 16:26:29,572 - main - INFO - 开始处理实况数据：2022-06-18
2022-09-26 16:26:29,624 - main - INFO - 当前设定计算时间为： 2022-06-17
2022-09-26 16:27:43,913 - main - INFO - 开始处理预报数据：2022-06-18
2022-09-26 16:28:51,227 - main - INFO - 开始处理实况数据：2022-06-27
2022-09-26 16:28:51,237 - main - INFO - 当前设定计算时间为： 2022-06-26
2022-09-26 16:30:01,787 - main - INFO - 开始处理预报数据：2022-06-27
2022-09-26 16:30:12,911 - main - ERROR - '<=' not supported between instances of 'NoneType' and 'datetime.datetime'
2022-09-26 16:30:28,218 - main - INFO - 开始处理实况数据：2022-06-27
2022-09-26 16:30:28,239 - main - INFO - 当前设定计算时间为： 2022-06-26
2022-09-26 16:31:06,121 - main - INFO - 开始处理实况数据：2022-06-07
2022-09-26 16:31:06,130 - main - INFO - 当前设定计算时间为： 2022-06-06
2022-09-26 16:32:02,516 - main - INFO - 开始处理预报数据：2022-06-07
2022-09-26 16:32:14,119 - main - INFO - 开始处理实况数据：2022-06-08
2022-09-26 16:32:14,156 - main - INFO - 当前设定计算时间为： 2022-06-07
2022-09-26 16:33:07,710 - main - INFO - 开始处理预报数据：2022-06-08
2022-09-26 16:33:19,304 - main - INFO - 开始处理实况数据：2022-06-09
2022-09-26 16:33:19,388 - main - INFO - 当前设定计算时间为： 2022-06-08
2022-09-26 16:34:10,083 - main - INFO - 开始处理预报数据：2022-06-09
2022-09-26 16:34:21,473 - main - INFO - 开始处理实况数据：2022-06-10
2022-09-26 16:34:21,507 - main - INFO - 当前设定计算时间为： 2022-06-09
2022-09-26 16:35:16,619 - main - INFO - 开始处理预报数据：2022-06-10
2022-09-26 16:35:22,125 - main - ERROR - '<=' not supported between instances of 'NoneType' and 'datetime.datetime'
2022-09-26 16:35:22,127 - main - INFO - 开始处理实况数据：2022-06-11
2022-09-26 16:35:23,191 - main - INFO - 当前设定计算时间为： 2022-06-10
2022-09-26 16:35:51,438 - main - INFO - 开始处理实况数据：2022-06-07
2022-09-26 16:35:51,478 - main - INFO - 当前设定计算时间为： 2022-06-06
2022-09-26 16:36:51,305 - main - INFO - 开始处理预报数据：2022-06-07
2022-09-26 16:41:05,361 - main - INFO - 开始处理实况数据：2022-06-07
2022-09-26 16:41:05,389 - main - INFO - 当前设定计算时间为： 2022-06-06
2022-09-26 16:41:48,834 - main - INFO - 开始处理预报数据：2022-06-07
2022-09-26 16:41:58,202 - main - INFO - 开始处理实况数据：2022-06-08
2022-09-26 16:41:58,251 - main - INFO - 当前设定计算时间为： 2022-06-07
2022-09-26 16:42:39,102 - main - INFO - 开始处理实况数据：2022-06-07
2022-09-26 16:42:39,112 - main - INFO - 当前设定计算时间为： 2022-06-06
2022-09-26 16:43:41,735 - main - INFO - 开始处理预报数据：2022-06-07
2022-09-26 16:50:49,861 - main - ERROR - 'c' argument has 373 elements, which is inconsistent with 'x' and 'y' with size 1.
2022-09-26 16:51:49,225 - main - INFO - 开始处理实况数据：2022-06-08
2022-09-26 16:51:49,238 - main - INFO - 当前设定计算时间为： 2022-06-07
2022-09-26 16:51:49,289 - main - ERROR - Can't pickle <class '__main__.MergeStationData'>: attribute lookup MergeStationData on __main__ failed
2022-09-26 16:51:50,269 - main - INFO - 开始处理实况数据：2022-06-09
2022-09-26 16:51:50,283 - main - INFO - 当前设定计算时间为： 2022-06-08
2022-09-26 16:51:50,428 - main - ERROR - Can't pickle <class '__main__.MergeStationData'>: attribute lookup MergeStationData on __main__ failed
2022-09-26 16:51:53,303 - main - INFO - 开始处理实况数据：2022-06-10
2022-09-26 16:51:53,328 - main - INFO - 当前设定计算时间为： 2022-06-09
2022-09-26 16:51:53,546 - main - ERROR - Can't pickle <class '__main__.MergeStationData'>: attribute lookup MergeStationData on __main__ failed
2022-09-26 16:52:05,264 - main - INFO - 开始处理实况数据：2022-06-07
2022-09-26 16:52:05,284 - main - INFO - 当前设定计算时间为： 2022-06-06
2022-09-26 16:53:05,424 - main - INFO - 开始处理预报数据：2022-06-07
2022-09-26 16:56:15,249 - main - INFO - 开始处理实况数据：2022-06-07
2022-09-26 16:56:15,262 - main - INFO - 当前设定计算时间为： 2022-06-06
2022-09-26 16:57:07,332 - main - INFO - 开始处理预报数据：2022-06-07
2022-09-26 16:57:23,401 - main - INFO - 开始处理实况数据：2022-06-08
2022-09-26 16:57:23,444 - main - INFO - 当前设定计算时间为： 2022-06-07
2022-09-26 16:58:17,360 - main - INFO - 开始处理预报数据：2022-06-08
2022-09-26 16:58:28,642 - main - INFO - 开始处理实况数据：2022-06-09
2022-09-26 16:58:28,680 - main - INFO - 当前设定计算时间为： 2022-06-08
2022-09-26 16:59:22,698 - main - INFO - 开始处理预报数据：2022-06-09
2022-09-26 16:59:33,419 - main - INFO - 开始处理实况数据：2022-06-10
2022-09-26 16:59:33,433 - main - INFO - 当前设定计算时间为： 2022-06-09
2022-09-26 17:00:30,958 - main - INFO - 开始处理预报数据：2022-06-10
2022-09-26 17:00:36,744 - main - ERROR - '<=' not supported between instances of 'NoneType' and 'datetime.datetime'
2022-09-26 17:00:36,746 - main - INFO - 开始处理实况数据：2022-06-11
2022-09-26 17:00:37,410 - main - INFO - 当前设定计算时间为： 2022-06-10
2022-09-26 17:01:31,019 - main - INFO - 开始处理预报数据：2022-06-11
2022-09-26 17:01:39,586 - main - ERROR - '<=' not supported between instances of 'NoneType' and 'datetime.datetime'
2022-09-26 17:01:39,588 - main - INFO - 开始处理实况数据：2022-06-12
2022-09-26 17:01:39,638 - main - INFO - 当前设定计算时间为： 2022-06-11
2022-09-26 17:02:39,979 - main - INFO - 开始处理预报数据：2022-06-12
2022-09-26 17:02:48,822 - main - ERROR - '<=' not supported between instances of 'NoneType' and 'datetime.datetime'
2022-09-26 17:02:48,824 - main - INFO - 开始处理实况数据：2022-06-13
2022-09-26 17:02:49,877 - main - INFO - 当前设定计算时间为： 2022-06-12
2022-09-26 17:03:48,777 - main - INFO - 开始处理预报数据：2022-06-13
2022-09-26 17:04:00,691 - main - ERROR - '<=' not supported between instances of 'NoneType' and 'datetime.datetime'
2022-09-26 17:04:00,693 - main - INFO - 开始处理实况数据：2022-06-14
2022-09-26 17:04:00,726 - main - INFO - 当前设定计算时间为： 2022-06-13
2022-09-26 17:04:53,322 - main - INFO - 开始处理预报数据：2022-06-14
2022-09-26 17:05:03,308 - main - ERROR - '<=' not supported between instances of 'NoneType' and 'datetime.datetime'
2022-09-26 17:05:03,310 - main - INFO - 开始处理实况数据：2022-06-15
2022-09-26 17:05:03,322 - main - INFO - 当前设定计算时间为： 2022-06-14
2022-09-26 17:06:00,413 - main - INFO - 开始处理预报数据：2022-06-15
2022-09-26 17:06:11,014 - main - ERROR - '<=' not supported between instances of 'NoneType' and 'datetime.datetime'
2022-09-26 17:06:11,016 - main - INFO - 开始处理实况数据：2022-06-16
2022-09-26 17:06:11,028 - main - INFO - 当前设定计算时间为： 2022-06-15
2022-09-26 17:07:12,348 - main - INFO - 开始处理预报数据：2022-06-16
2022-09-26 17:07:23,393 - main - ERROR - '<=' not supported between instances of 'NoneType' and 'datetime.datetime'
2022-09-26 17:07:23,396 - main - INFO - 开始处理实况数据：2022-06-17
2022-09-26 17:07:23,438 - main - INFO - 当前设定计算时间为： 2022-06-16
2022-09-26 17:08:40,931 - main - INFO - 开始处理预报数据：2022-06-17
2022-09-26 17:08:49,120 - main - ERROR - '<=' not supported between instances of 'NoneType' and 'datetime.datetime'
2022-09-26 17:08:49,123 - main - INFO - 开始处理实况数据：2022-06-18
2022-09-26 17:08:49,168 - main - INFO - 当前设定计算时间为： 2022-06-17
2022-09-26 17:09:51,897 - main - INFO - 开始处理预报数据：2022-06-18
2022-09-26 17:10:02,753 - main - ERROR - '<=' not supported between instances of 'NoneType' and 'datetime.datetime'
2022-09-26 17:10:02,756 - main - INFO - 开始处理实况数据：2022-06-19
2022-09-26 17:10:03,381 - main - INFO - 当前设定计算时间为： 2022-06-18
2022-09-26 17:11:07,708 - main - INFO - 开始处理预报数据：2022-06-19
2022-09-26 17:13:46,206 - main - INFO - 开始处理实况数据：2022-06-07
2022-09-26 17:13:46,252 - main - INFO - 当前设定计算时间为： 2022-06-06
2022-09-26 17:14:57,489 - main - INFO - 开始处理预报数据：2022-06-07
2022-09-26 17:25:23,365 - main - INFO - 开始处理实况数据：2022-06-08
2022-09-26 17:25:23,405 - main - INFO - 当前设定计算时间为： 2022-06-07
2022-09-26 17:25:23,451 - main - ERROR - Can't pickle <class '__main__.MergeStationData'>: attribute lookup MergeStationData on __main__ failed
2022-09-26 17:25:27,253 - main - INFO - 开始处理实况数据：2022-06-09
2022-09-26 17:25:27,275 - main - INFO - 当前设定计算时间为： 2022-06-08
2022-09-26 17:33:53,361 - main - INFO - 开始处理实况数据：2022-06-07
2022-09-26 17:33:53,393 - main - INFO - 当前设定计算时间为： 2022-06-06
2022-09-26 17:34:55,651 - main - INFO - 开始处理预报数据：2022-06-07
2022-09-26 17:35:08,574 - main - INFO - 开始处理实况数据：2022-06-07
2022-09-26 17:35:08,594 - main - INFO - 当前设定计算时间为： 2022-06-06
2022-09-26 17:36:15,504 - main - INFO - 开始处理预报数据：2022-06-07
2022-09-26 17:38:23,552 - main - ERROR - shape mismatch: objects cannot be broadcast to a single shape.  Mismatch is between arg 0 with shape (40,) and arg 1 with shape (30,).
2022-09-26 17:38:44,135 - main - INFO - 开始处理实况数据：2022-06-07
2022-09-26 17:38:44,145 - main - INFO - 当前设定计算时间为： 2022-06-06
2022-09-26 17:39:35,835 - main - INFO - 开始处理预报数据：2022-06-07
2022-09-26 17:39:44,913 - main - ERROR - shape mismatch: objects cannot be broadcast to a single shape.  Mismatch is between arg 0 with shape (40,) and arg 1 with shape (30,).
2022-09-26 17:39:44,914 - main - INFO - 开始处理实况数据：2022-06-08
2022-09-26 17:39:44,964 - main - INFO - 当前设定计算时间为： 2022-06-07
2022-09-26 17:39:56,025 - main - INFO - 开始处理实况数据：2022-06-07
2022-09-26 17:39:56,067 - main - INFO - 当前设定计算时间为： 2022-06-06
2022-09-26 17:40:57,145 - main - INFO - 开始处理预报数据：2022-06-07
2022-09-26 17:43:47,340 - main - INFO - 开始处理实况数据：2022-06-07
2022-09-26 17:43:47,356 - main - INFO - 当前设定计算时间为： 2022-06-06
2022-09-26 17:44:38,386 - main - INFO - 开始处理预报数据：2022-06-07
2022-09-26 17:44:47,852 - main - ERROR - x and y must be the same size
2022-09-26 17:44:47,853 - main - INFO - 开始处理实况数据：2022-06-08
2022-09-26 17:44:47,973 - main - INFO - 当前设定计算时间为： 2022-06-07
2022-09-26 17:45:15,148 - main - INFO - 开始处理实况数据：2022-06-07
2022-09-26 17:45:15,168 - main - INFO - 当前设定计算时间为： 2022-06-06
2022-09-26 17:46:09,371 - main - INFO - 开始处理预报数据：2022-06-07
2022-09-26 17:48:16,486 - main - INFO - 开始处理实况数据：2022-06-07
2022-09-26 17:48:16,525 - main - INFO - 当前设定计算时间为： 2022-06-06
2022-09-26 17:49:08,861 - main - INFO - 开始处理预报数据：2022-06-07
2022-09-26 17:49:19,399 - main - ERROR - x and y must be the same size
2022-09-26 17:49:19,400 - main - INFO - 开始处理实况数据：2022-06-08
2022-09-26 17:49:19,427 - main - INFO - 当前设定计算时间为： 2022-06-07
2022-09-26 17:49:28,733 - main - INFO - 开始处理实况数据：2022-06-07
2022-09-26 17:49:28,752 - main - INFO - 当前设定计算时间为： 2022-06-06
2022-09-26 17:50:14,228 - main - INFO - 开始处理预报数据：2022-06-07
2022-09-26 17:54:17,975 - main - INFO - 开始处理实况数据：2022-06-07
2022-09-26 17:54:18,058 - main - INFO - 当前设定计算时间为： 2022-06-06
2022-09-26 17:55:22,349 - main - INFO - 开始处理预报数据：2022-06-07
2022-09-26 17:55:32,236 - main - INFO - 开始处理实况数据：2022-06-08
2022-09-26 17:55:32,246 - main - INFO - 当前设定计算时间为： 2022-06-07
2022-09-26 17:56:28,290 - main - INFO - 开始处理预报数据：2022-06-08
2022-09-26 17:56:38,536 - main - INFO - 开始处理实况数据：2022-06-09
2022-09-26 17:56:38,804 - main - INFO - 当前设定计算时间为： 2022-06-08
2022-09-26 17:57:43,465 - main - INFO - 开始处理预报数据：2022-06-09
2022-09-26 17:57:50,897 - main - INFO - 开始处理实况数据：2022-06-07
2022-09-26 17:57:51,149 - main - INFO - 当前设定计算时间为： 2022-06-06
2022-09-26 17:58:55,683 - main - INFO - 开始处理预报数据：2022-06-07
2022-09-26 18:01:02,671 - main - INFO - 开始处理实况数据：2022-06-07
2022-09-26 18:01:02,723 - main - INFO - 当前设定计算时间为： 2022-06-06
2022-09-26 18:01:57,957 - main - INFO - 开始处理预报数据：2022-06-07
2022-09-26 18:02:07,850 - main - INFO - 开始处理实况数据：2022-06-08
2022-09-26 18:02:08,204 - main - INFO - 当前设定计算时间为： 2022-06-07
2022-09-26 18:02:56,516 - main - INFO - 开始处理预报数据：2022-06-08
2022-09-26 18:03:09,373 - main - INFO - 开始处理实况数据：2022-06-09
2022-09-26 18:03:09,385 - main - INFO - 当前设定计算时间为： 2022-06-08
2022-09-26 18:03:55,605 - main - INFO - 开始处理预报数据：2022-06-09
2022-09-26 18:04:05,906 - main - INFO - 开始处理实况数据：2022-06-10
2022-09-26 18:04:05,946 - main - INFO - 当前设定计算时间为： 2022-06-09
2022-09-26 18:05:05,435 - main - INFO - 开始处理预报数据：2022-06-10
2022-09-26 18:05:11,232 - main - ERROR - '<=' not supported between instances of 'NoneType' and 'datetime.datetime'
2022-09-26 18:05:11,235 - main - INFO - 开始处理实况数据：2022-06-11
2022-09-26 18:05:11,246 - main - INFO - 当前设定计算时间为： 2022-06-10
2022-09-26 18:06:11,260 - main - INFO - 开始处理预报数据：2022-06-11
2022-09-26 18:06:20,662 - main - ERROR - '<=' not supported between instances of 'NoneType' and 'datetime.datetime'
2022-09-26 18:06:20,664 - main - INFO - 开始处理实况数据：2022-06-12
2022-09-26 18:06:21,321 - main - INFO - 当前设定计算时间为： 2022-06-11
2022-09-26 18:07:12,203 - main - INFO - 开始处理预报数据：2022-06-12
2022-09-26 18:07:22,971 - main - ERROR - '<=' not supported between instances of 'NoneType' and 'datetime.datetime'
2022-09-26 18:07:22,973 - main - INFO - 开始处理实况数据：2022-06-13
2022-09-26 18:07:23,228 - main - INFO - 当前设定计算时间为： 2022-06-12
2022-09-26 18:08:07,544 - main - INFO - 开始处理预报数据：2022-06-13
2022-09-26 18:08:16,336 - main - ERROR - '<=' not supported between instances of 'NoneType' and 'datetime.datetime'
2022-09-26 18:08:16,338 - main - INFO - 开始处理实况数据：2022-06-14
2022-09-26 18:08:16,377 - main - INFO - 当前设定计算时间为： 2022-06-13
2022-09-26 18:09:06,704 - main - INFO - 开始处理预报数据：2022-06-14
2022-09-26 18:09:14,274 - main - ERROR - '<=' not supported between instances of 'NoneType' and 'datetime.datetime'
2022-09-26 18:09:14,276 - main - INFO - 开始处理实况数据：2022-06-15
2022-09-26 18:09:14,299 - main - INFO - 当前设定计算时间为： 2022-06-14
