2022-10-14 09:15:19,292 - main - INFO - 开始处理实况数据：2022-09-20
2022-10-14 09:15:19,325 - main - INFO - 当前设定计算时间为： 2022-09-19
2022-10-14 09:16:08,291 - main - INFO - 开始处理预报数据：2022-09-20
2022-10-14 09:17:35,489 - main - INFO - 开始处理实况数据：2022-09-20
2022-10-14 09:17:35,524 - main - INFO - 当前设定计算时间为： 2022-09-19
2022-10-14 09:18:30,879 - main - INFO - 开始处理预报数据：2022-09-20
2022-10-14 11:05:43,844 - main - INFO - 开始处理实况数据：2022-09-21
2022-10-14 11:05:43,886 - main - INFO - 当前设定计算时间为： 2022-09-20
2022-10-14 11:05:43,944 - main - ERROR - Can't pickle <class '__main__.MergeStationData'>: attribute lookup MergeStationData on __main__ failed
2022-10-14 11:05:48,688 - main - INFO - 开始处理实况数据：2022-09-20
2022-10-14 11:05:48,706 - main - INFO - 当前设定计算时间为： 2022-09-19
2022-10-14 11:06:28,961 - main - INFO - 开始处理预报数据：2022-09-20
2022-10-14 11:13:40,238 - main - INFO - 开始处理实况数据：2022-09-20
2022-10-14 11:13:40,281 - main - INFO - 当前设定计算时间为： 2022-09-19
2022-10-14 11:14:24,797 - main - INFO - 开始处理预报数据：2022-09-20
2022-10-14 11:14:35,109 - main - INFO - 开始处理实况数据：2022-09-21
2022-10-14 11:14:35,148 - main - INFO - 当前设定计算时间为： 2022-09-20
2022-10-14 11:15:33,865 - main - INFO - 开始处理预报数据：2022-09-21
2022-10-14 11:15:39,421 - main - INFO - 开始处理实况数据：2022-09-20
2022-10-14 11:15:41,286 - main - INFO - 当前设定计算时间为： 2022-09-19
2022-10-14 11:16:28,077 - main - INFO - 开始处理预报数据：2022-09-20
2022-10-14 11:16:38,189 - main - INFO - 开始处理实况数据：2022-09-21
2022-10-14 11:16:38,223 - main - INFO - 当前设定计算时间为： 2022-09-20
2022-10-14 11:17:26,422 - main - INFO - 开始处理预报数据：2022-09-21
2022-10-14 11:21:50,945 - main - INFO - 开始处理实况数据：2022-09-20
2022-10-14 11:21:50,956 - main - INFO - 当前设定计算时间为： 2022-09-19
2022-10-14 11:22:36,065 - main - INFO - 开始处理预报数据：2022-09-20
2022-10-14 11:22:45,279 - main - INFO - 开始处理实况数据：2022-09-21
2022-10-14 11:22:45,291 - main - INFO - 当前设定计算时间为： 2022-09-20
2022-10-14 11:23:39,956 - main - INFO - 开始处理预报数据：2022-09-21
2022-10-14 11:24:39,848 - main - INFO - 开始处理实况数据：2022-09-20
2022-10-14 11:24:39,885 - main - INFO - 当前设定计算时间为： 2022-09-19
2022-10-14 11:25:30,562 - main - INFO - 开始处理预报数据：2022-09-20
2022-10-14 11:25:40,319 - main - INFO - 开始处理实况数据：2022-09-21
2022-10-14 11:25:40,346 - main - INFO - 当前设定计算时间为： 2022-09-20
2022-10-14 11:26:30,871 - main - INFO - 开始处理预报数据：2022-09-21
2022-10-14 11:35:31,447 - main - INFO - 开始处理实况数据：2022-09-20
2022-10-14 11:35:31,486 - main - INFO - 当前设定计算时间为： 2022-09-19
2022-10-14 11:36:15,231 - main - INFO - 开始处理预报数据：2022-09-20
2022-10-14 11:36:24,574 - main - INFO - 开始处理实况数据：2022-09-21
2022-10-14 11:36:24,605 - main - INFO - 当前设定计算时间为： 2022-09-20
2022-10-14 11:37:14,460 - main - INFO - 开始处理预报数据：2022-09-21
2022-10-14 11:37:28,507 - main - INFO - 开始处理实况数据：2022-09-20
2022-10-14 11:37:28,542 - main - INFO - 当前设定计算时间为： 2022-09-19
2022-10-14 11:38:19,406 - main - INFO - 开始处理预报数据：2022-09-20
2022-10-14 11:42:04,722 - main - INFO - 开始处理实况数据：2022-09-20
2022-10-14 11:42:04,732 - main - INFO - 当前设定计算时间为： 2022-09-19
2022-10-14 11:42:53,387 - main - INFO - 开始处理预报数据：2022-09-20
2022-10-14 14:30:26,948 - main - INFO - 开始处理实况数据：2022-09-20
2022-10-14 14:30:26,984 - main - INFO - 当前设定计算时间为： 2022-09-19
2022-10-14 14:31:13,378 - main - INFO - 开始处理预报数据：2022-09-20
2022-10-14 14:31:50,179 - main - INFO - 开始处理实况数据：2022-09-21
2022-10-14 14:31:50,206 - main - INFO - 当前设定计算时间为： 2022-09-20
2022-10-14 14:32:06,363 - main - INFO - 开始处理实况数据：2022-09-20
2022-10-14 14:32:06,372 - main - INFO - 当前设定计算时间为： 2022-09-19
2022-10-14 14:32:59,201 - main - INFO - 开始处理预报数据：2022-09-20
2022-10-14 15:15:29,534 - main - INFO - 开始处理实况数据：2022-09-20
2022-10-14 15:15:29,569 - main - INFO - 当前设定计算时间为： 2022-09-19
2022-10-14 15:16:22,661 - main - INFO - 开始处理预报数据：2022-09-20
2022-10-14 15:16:36,448 - main - INFO - 开始处理实况数据：2022-09-21
2022-10-14 15:16:36,465 - main - INFO - 当前设定计算时间为： 2022-09-20
2022-10-14 15:17:37,740 - main - INFO - 开始处理预报数据：2022-09-21
2022-10-14 15:18:08,079 - main - INFO - 开始处理实况数据：2022-09-20
2022-10-14 15:18:08,121 - main - INFO - 当前设定计算时间为： 2022-09-19
2022-10-14 15:18:59,322 - main - INFO - 开始处理预报数据：2022-09-20
2022-10-14 15:19:14,225 - main - INFO - 开始处理实况数据：2022-09-21
2022-10-14 15:19:14,714 - main - INFO - 当前设定计算时间为： 2022-09-20
2022-10-14 15:20:01,119 - main - INFO - 开始处理预报数据：2022-09-21
2022-10-14 15:22:01,055 - main - INFO - 开始处理实况数据：2022-09-20
2022-10-14 15:22:01,071 - main - INFO - 当前设定计算时间为： 2022-09-19
2022-10-14 15:22:49,379 - main - INFO - 开始处理预报数据：2022-09-20
2022-10-14 15:23:04,830 - main - INFO - 开始处理实况数据：2022-09-21
2022-10-14 15:23:04,867 - main - INFO - 当前设定计算时间为： 2022-09-20
2022-10-14 15:24:00,517 - main - INFO - 开始处理预报数据：2022-09-21
2022-10-14 15:27:26,676 - main - INFO - 开始处理实况数据：2022-09-20
2022-10-14 15:27:26,724 - main - INFO - 当前设定计算时间为： 2022-09-19
2022-10-14 15:28:31,925 - main - INFO - 开始处理预报数据：2022-09-20
2022-10-14 15:43:22,992 - main - INFO - 开始处理实况数据：2022-09-20
2022-10-14 15:43:23,019 - main - INFO - 当前设定计算时间为： 2022-09-19
2022-10-14 15:44:13,618 - main - INFO - 开始处理预报数据：2022-09-20
2022-10-14 15:44:23,813 - main - ERROR - unsupported operand type(s) for +: 'int' and 'NoneType'
2022-10-14 15:44:23,814 - main - INFO - 开始处理实况数据：2022-09-21
2022-10-14 15:44:23,857 - main - INFO - 当前设定计算时间为： 2022-09-20
2022-10-14 15:44:43,406 - main - INFO - 开始处理实况数据：2022-09-20
2022-10-14 15:44:43,446 - main - INFO - 当前设定计算时间为： 2022-09-19
2022-10-14 15:44:54,937 - main - INFO - 开始处理实况数据：2022-09-20
2022-10-14 15:44:54,950 - main - INFO - 当前设定计算时间为： 2022-09-19
2022-10-14 15:45:51,871 - main - INFO - 开始处理预报数据：2022-09-20
2022-10-14 15:46:04,014 - main - INFO - 开始处理实况数据：2022-09-21
2022-10-14 15:46:04,043 - main - INFO - 当前设定计算时间为： 2022-09-20
2022-10-14 15:46:49,106 - main - INFO - 开始处理预报数据：2022-09-21
