2022-10-18 09:10:06,324 - main - INFO - 开始处理实况数据：2022-09-20
2022-10-18 09:10:06,371 - main - INFO - 当前设定计算时间为： 2022-09-19
2022-10-18 09:11:09,151 - main - INFO - 开始处理预报数据：2022-09-20
2022-10-18 09:11:24,825 - main - INFO - 开始处理实况数据：2022-09-21
2022-10-18 09:11:24,867 - main - INFO - 当前设定计算时间为： 2022-09-20
2022-10-18 09:12:23,132 - main - INFO - 开始处理预报数据：2022-09-21
2022-10-18 09:12:36,417 - main - ERROR - 'NoneType' object is not iterable
2022-10-18 09:15:05,609 - main - INFO - 开始处理实况数据：2022-09-20
2022-10-18 09:15:05,632 - main - INFO - 当前设定计算时间为： 2022-09-19
2022-10-18 09:15:56,101 - main - INFO - 开始处理预报数据：2022-09-20
2022-10-18 09:18:40,894 - main - INFO - 开始处理实况数据：2022-09-20
2022-10-18 09:18:40,909 - main - INFO - 当前设定计算时间为： 2022-09-19
2022-10-18 09:19:37,238 - main - INFO - 开始处理预报数据：2022-09-20
2022-10-18 09:40:29,153 - main - INFO - 开始处理实况数据：2022-09-20
2022-10-18 09:40:29,189 - main - INFO - 当前设定计算时间为： 2022-09-19
2022-10-18 09:41:36,271 - main - INFO - 开始处理预报数据：2022-09-20
2022-10-18 10:07:17,262 - main - INFO - 开始处理实况数据：2022-09-21
2022-10-18 10:07:17,315 - main - INFO - 当前设定计算时间为： 2022-09-20
2022-10-18 10:08:27,166 - main - INFO - 开始处理预报数据：2022-09-21
2022-10-18 10:37:12,718 - main - INFO - 开始处理实况数据：2022-09-21
2022-10-18 10:37:12,750 - main - INFO - 当前设定计算时间为： 2022-09-20
2022-10-18 10:38:17,737 - main - INFO - 开始处理预报数据：2022-09-21
2022-10-18 10:58:39,960 - main - INFO - 开始处理实况数据：2022-09-20
2022-10-18 10:58:39,980 - main - INFO - 当前设定计算时间为： 2022-09-19
2022-10-18 10:59:35,141 - main - INFO - 开始处理预报数据：2022-09-20
2022-10-18 11:02:16,187 - main - INFO - 开始处理实况数据：2022-09-20
2022-10-18 11:02:16,225 - main - INFO - 当前设定计算时间为： 2022-09-19
2022-10-18 11:03:28,375 - main - INFO - 开始处理预报数据：2022-09-20
2022-10-18 11:16:37,016 - main - INFO - 开始处理实况数据：2022-09-20
2022-10-18 11:16:37,048 - main - INFO - 当前设定计算时间为： 2022-09-19
2022-10-18 11:17:35,994 - main - INFO - 开始处理预报数据：2022-09-20
2022-10-18 11:17:54,749 - main - ERROR - could not convert string to float: '0.000.000.000.000.000.000.000.000.000.000.000.000.000.000.000.000.000.000.000.000.000.000.000.000.000.000.000.000.000.000.000.000.000.000.000.000.000.000.000.000.000.000.000.000.000.000.000.000.000.000.000.000.000.000.000.000.000.000.000.000.000.000.000.000.000.000.000.000.000.000.000.000.000.000.000.000.000.000.000.000.000.000.000.000.000.000.000.000.000.000.000.000.000.000.000.000.000.000.000.000.000.000.000.000.000.000.000.000.000.000.000.000.000.000.000.000.000.000.000.000.000.000.000.000.000.000.000.000.000.000.000.000.000.000.000.000.000.000.000.000.000.000.000.000.000.000.000.000.000.000.000.000.000.000.000.000.000.000.000.000.000.000.000.000.000.000.000.000.000.000.000.000.000.000.000.000.000.000.000.000.000.000.000.000.000.000.000.000.000.000.000.000.000.000.000.000.000.000.000.000.000.000.000.000.000.000.000.000.000.000.000.000.000.000.000.000.000.000.000.000.000.000.000.000.000.000.000.000.000.000.000.000.000.000.000.000.000.000.000.000.000.000.000.000.000.000.000.000.000.000.000.000.000.000.000.000.000.000.000.000.000.000.000.000.000.000.000.000.000.000.000.000.000.000.000.000.000.000.000.000.000.000.000.000.000.000.000.000.000.000.000.000.000.000.000.000.000.000.000.000.000.000.000.000.000.000.000.000.000.000.000.000.000.000.000.000.000.000.000.000.000.000.000.000.000.000.000.000.000.000.000.000.000.000.000.000.000.000.000.000.000.000.000.000.000.000.000.000.000.000.000.000.000.000.000.000.000.000.000.000.000.000.000.000.000.000.000.000.000.000.000.000.000.000.000.000.000.000.000.000.000.000.000.000.000.000.000.000.000.000.000.000.000.000.000.000.000.000.000.000.000.000.000.000.000.000.000.000.000.000.000.000.000.000.000.000.000.000.000.000.000.000.000.000.000.000.000.000.000.000.000.000.000.000.000.000.000.000.000.000.000.000.000.000.000.000.000.000.000.000.000.000.000.000.000.000.000.000.000.000.000.000.000.000.000.000.000.000.000.000.000.000.000.000.000.000.000.000.000.000.000.000.000.000.000.000.000.000.000.000.000.000.000.000.000.000.000.000.000.000.000.000.000.000.000.000.000.000.000.000.000.000.000.000.000.000.000.000.000.000.000.000.000.000.000.000.000.000.000.000.000.000.000.000.000.000.000.000.000.000.000.000.000.000.000.000.000.000.000.000.000.000.000.000.000.000.000.000.000.000.000.000.000.000.000.000.000.000.000.000.000.000.000.000.000.000.000.000.000.000.000.000.000.000.000.000.000.000.000.000.000.000.000.000.000.000.000.000.000.000.000.000.000.000.000.000.000.000.000.000.000.000.000.000.000.000.000.000.000.000.000.000.000.000.000.000.000.000.000.000.000.000.000.000.000.000.000.000.000.000.000.000.000.000.000.000.000.000.000.000.000.000.000.000.000.000.000.000.000.000.000.000.000.000.000.000.000.000.000.000.000.000.000.000.000.000.000.000.000.000.000.000.000.000.000.000.000.000.000.000.000.000.000.000.000.000.000.000.000.000.000.000.000.000.000.000.000.000.000.000.000.000.000.000.000.000.000.000.000.000.000.000.000.000.000.000.000.000.000.000.000.000.000.000.000.000.000.000.000.000.000.000.000.000.000.000.000.000.000.000.000.000.000.000.000.000.000.000.000.000.000.000.000.000.000.000.000.000.000.000.000.000.000.000.000.000.000.000.000.000.000.000.000.000.000.000.000.000.000.000.000.000.000.000.000.000.000.000.000.000.000.000.000.000.000.000.000.000.000.000.000.000.000.000.000.000.000.000.000.000.000.000.000.000.000.000.000.000.000.000.000.000.000.000.000.000.000.000.000.000.000.000.000.000.000.000.000.000.000.000.000.000.000.000.000.000.000.000.000.000.000.000.000.000.000.000.000.000.000.000.000.000.000.000.000.000.000.000.000.000.000.000.000.000.000.000.000.000.000.000.000.000.000.000.000.000.000.000.000.000.000.000.000.000.000.000.000.000.000.000.000.000.000.000.000.000.000.000.000.000.000.000.000.000.000.000.000.000.000.000.000.000.000.000.000.000.000.000.000.000.000.000.000.000.000.000.000.000.000.000.000.000.000.000.000.000.000.000.000.000.000.000.000.000.000.000.000.000.000.000.000.000.000.000.000.000.000.000.000.000.000.000.000.000.000.000.000.000.000.000.000.000.000.000.000.000.000.000.000.00'
2022-10-18 11:18:33,481 - main - INFO - 开始处理实况数据：2022-09-20
2022-10-18 11:18:33,529 - main - INFO - 当前设定计算时间为： 2022-09-19
2022-10-18 11:19:32,848 - main - INFO - 开始处理预报数据：2022-09-20
2022-10-18 11:27:24,309 - main - INFO - 开始处理实况数据：2022-09-20
2022-10-18 11:27:24,345 - main - INFO - 当前设定计算时间为： 2022-09-19
2022-10-18 11:28:10,707 - main - INFO - 开始处理预报数据：2022-09-20
