2022-10-08 11:25:07,367 - main_Test - INFO - 开始处理实况数据：2022-10-08
2022-10-08 11:25:07,425 - main_Test - INFO - 当前设定计算时间为： 2022-10-07
2022-10-08 11:26:53,644 - main_Test - INFO - 开始处理实况数据：2022-10-08
2022-10-08 11:26:53,676 - main_Test - INFO - 当前设定计算时间为： 2022-10-07
2022-10-08 11:37:34,223 - main_Test - INFO - 开始处理实况数据：2022-10-08
2022-10-08 11:37:34,256 - main_Test - INFO - 当前设定计算时间为： 2022-10-07
2022-10-08 11:37:41,268 - main_Test - ERROR - _read_obs_data_mp() missing 1 required positional argument: 'station_result'
2022-10-08 11:38:55,892 - main_Test - INFO - 开始处理实况数据：2022-10-08
2022-10-08 11:38:55,910 - main_Test - INFO - 当前设定计算时间为： 2022-10-07
2022-10-08 11:39:12,991 - main_Test - INFO - 开始处理实况数据：2022-10-08
2022-10-08 11:39:13,016 - main_Test - INFO - 当前设定计算时间为： 2022-10-07
2022-10-08 11:42:15,073 - main_Test - INFO - 开始处理实况数据：2022-06-21
2022-10-08 11:42:15,109 - main_Test - INFO - 当前设定计算时间为： 2022-06-20
2022-10-08 11:46:12,841 - main_Test - INFO - 开始处理实况数据：2022-09-29
2022-10-08 11:46:12,852 - main_Test - INFO - 当前设定计算时间为： 2022-09-28
2022-10-08 14:07:37,870 - main - INFO - 开始处理实况数据：2022-09-29
2022-10-08 14:07:37,909 - main - INFO - 当前设定计算时间为： 2022-09-28
2022-10-08 14:14:50,544 - main - INFO - 开始处理实况数据：2022-09-29
2022-10-08 14:14:50,544 - main - INFO - 当前设定计算时间为： 2022-09-28
2022-10-08 17:07:08,304 - main - INFO - 开始处理实况数据：2022-09-29
2022-10-08 17:07:08,330 - main - INFO - 当前设定计算时间为： 2022-09-28
2022-10-08 17:11:45,244 - main_Test - INFO - 开始处理实况数据：2022-09-29
2022-10-08 17:11:45,281 - main_Test - INFO - 当前设定计算时间为： 2022-09-28
