2022-07-07 10:39:58,540 - main - INFO - 开始处理是实况数据：2022-06-01
2022-07-07 10:39:58,579 - main - INFO - 当前设定计算时间为： 2022-05-31
2022-07-07 11:11:37,381 - main - INFO - 开始处理是预报数据：2022-06-01
2022-07-07 11:11:37,396 - main - INFO - 220601   grid24_2022060108.024
2022-07-07 11:11:38,540 - main - INFO - 220602   grid24_2022060108.048
2022-07-07 11:11:39,909 - main - INFO - 220603   grid24_2022060108.072
2022-07-07 11:11:42,095 - main - INFO - 220604   grid24_2022060108.096
2022-07-07 11:11:44,814 - main - INFO - 220605   grid24_2022060108.120
2022-07-07 11:11:46,209 - main - INFO - 220606   grid24_2022060108.144
2022-07-07 11:11:48,902 - main - INFO - 220607   grid24_2022060108.168
2022-07-07 11:11:50,229 - main - INFO - 220608   grid24_2022060108.192
2022-07-07 11:11:52,821 - main - INFO - 220609   grid24_2022060108.216
2022-07-07 11:11:54,056 - main - INFO - 220610   grid24_2022060108.240
2022-07-07 16:37:56,431 - main - INFO - 开始处理是实况数据：2022-06-01
2022-07-07 16:37:56,469 - main - INFO - 当前设定计算时间为： 2022-05-31
2022-07-07 16:38:25,577 - main - INFO - 开始处理是预报数据：2022-06-01
2022-07-07 16:38:25,607 - main - INFO - 220601   grid24_2022060108.024
2022-07-07 16:38:26,709 - main - INFO - 220602   grid24_2022060108.048
2022-07-07 16:38:29,780 - main - INFO - 220603   grid24_2022060108.072
2022-07-07 16:38:30,859 - main - INFO - 220604   grid24_2022060108.096
2022-07-07 16:38:33,715 - main - INFO - 220605   grid24_2022060108.120
2022-07-07 16:38:34,621 - main - INFO - 220606   grid24_2022060108.144
2022-07-07 16:38:35,753 - main - INFO - 220607   grid24_2022060108.168
2022-07-07 16:38:37,921 - main - INFO - 220608   grid24_2022060108.192
2022-07-07 16:38:39,140 - main - INFO - 220609   grid24_2022060108.216
2022-07-07 16:38:41,881 - main - INFO - 220610   grid24_2022060108.240
2022-07-07 16:38:47,714 - main - ERROR - division by zero
2022-07-07 16:46:37,994 - main - INFO - 开始处理是实况数据：2022-06-01
2022-07-07 16:46:38,028 - main - INFO - 当前设定计算时间为： 2022-05-31
