2022-06-30 10:09:00,761 - main - INFO - 开始处理是实况数据：2022-04-10
2022-06-30 10:09:00,776 - main - INFO - 当前设定计算时间为： 2022-04-09
2022-06-30 10:09:51,859 - main - INFO - 开始处理是预报数据：2022-04-10
2022-06-30 10:09:51,870 - main - INFO - 220410   grid24_2022041008.024
2022-06-30 10:09:53,598 - main - INFO - 220411   grid24_2022041008.048
2022-06-30 10:09:55,727 - main - INFO - 220412   grid24_2022041008.072
2022-06-30 10:09:56,895 - main - INFO - 220413   grid24_2022041008.096
2022-06-30 10:09:59,698 - main - INFO - 220414   grid24_2022041008.120
2022-06-30 10:10:00,942 - main - INFO - 220415   grid24_2022041008.144
2022-06-30 10:10:04,268 - main - INFO - 220416   grid24_2022041008.168
2022-06-30 10:10:06,011 - main - INFO - 220417   grid24_2022041008.192
2022-06-30 10:10:08,268 - main - INFO - 220418   grid24_2022041008.216
2022-06-30 10:10:10,220 - main - INFO - 220419   grid24_2022041008.240
2022-06-30 10:22:32,023 - main - INFO - 开始处理是实况数据：2022-04-10
2022-06-30 10:22:32,064 - main - INFO - 当前设定计算时间为： 2022-04-09
2022-06-30 10:23:16,867 - main - INFO - 开始处理是预报数据：2022-04-10
2022-06-30 10:23:16,888 - main - INFO - 220410   grid24_2022041008.024
2022-06-30 10:23:18,695 - main - INFO - 220411   grid24_2022041008.048
2022-06-30 10:23:20,270 - main - INFO - 220412   grid24_2022041008.072
2022-06-30 10:23:23,492 - main - INFO - 220413   grid24_2022041008.096
2022-06-30 10:23:26,415 - main - INFO - 220414   grid24_2022041008.120
2022-06-30 10:23:27,979 - main - INFO - 220415   grid24_2022041008.144
2022-06-30 10:23:31,558 - main - INFO - 220416   grid24_2022041008.168
2022-06-30 10:23:34,761 - main - INFO - 220417   grid24_2022041008.192
2022-06-30 10:23:36,244 - main - INFO - 220418   grid24_2022041008.216
2022-06-30 10:23:39,412 - main - INFO - 220419   grid24_2022041008.240
2022-06-30 10:25:26,779 - main - INFO - 开始处理是实况数据：2022-04-10
2022-06-30 10:25:26,836 - main - INFO - 当前设定计算时间为： 2022-04-09
2022-06-30 10:26:31,905 - main - INFO - 开始处理是预报数据：2022-04-10
2022-06-30 10:26:31,919 - main - INFO - 220410   grid24_2022041008.024
2022-06-30 10:26:33,312 - main - INFO - 220411   grid24_2022041008.048
2022-06-30 10:26:36,464 - main - INFO - 220412   grid24_2022041008.072
2022-06-30 10:26:39,924 - main - INFO - 220413   grid24_2022041008.096
2022-06-30 10:26:41,805 - main - INFO - 220414   grid24_2022041008.120
2022-06-30 10:26:43,843 - main - INFO - 220415   grid24_2022041008.144
2022-06-30 10:26:45,009 - main - INFO - 220416   grid24_2022041008.168
2022-06-30 10:26:47,937 - main - INFO - 220417   grid24_2022041008.192
2022-06-30 10:26:49,140 - main - INFO - 220418   grid24_2022041008.216
2022-06-30 10:26:52,548 - main - INFO - 220419   grid24_2022041008.240
2022-06-30 10:28:37,608 - main - INFO - 开始处理是实况数据：2022-04-10
2022-06-30 10:28:37,673 - main - INFO - 当前设定计算时间为： 2022-04-09
2022-06-30 10:29:07,572 - main - INFO - 开始处理是预报数据：2022-04-10
2022-06-30 10:29:07,595 - main - INFO - 220410   grid24_2022041008.024
2022-06-30 10:29:09,206 - main - INFO - 220411   grid24_2022041008.048
2022-06-30 10:29:12,630 - main - INFO - 220412   grid24_2022041008.072
2022-06-30 10:29:15,513 - main - INFO - 220413   grid24_2022041008.096
2022-06-30 10:29:17,307 - main - INFO - 220414   grid24_2022041008.120
2022-06-30 10:29:19,998 - main - INFO - 220415   grid24_2022041008.144
2022-06-30 10:29:22,855 - main - INFO - 220416   grid24_2022041008.168
2022-06-30 10:29:26,329 - main - INFO - 220417   grid24_2022041008.192
2022-06-30 10:29:29,224 - main - INFO - 220418   grid24_2022041008.216
2022-06-30 10:29:32,649 - main - INFO - 220419   grid24_2022041008.240
2022-06-30 10:29:58,723 - main - INFO - 开始处理是实况数据：2022-04-10
2022-06-30 10:29:58,773 - main - INFO - 当前设定计算时间为： 2022-04-09
2022-06-30 10:30:58,526 - main - INFO - 开始处理是预报数据：2022-04-10
2022-06-30 10:30:58,532 - main - INFO - 220410   grid24_2022041008.024
2022-06-30 10:30:59,901 - main - INFO - 220411   grid24_2022041008.048
2022-06-30 10:31:03,398 - main - INFO - 220412   grid24_2022041008.072
2022-06-30 10:31:06,583 - main - INFO - 220413   grid24_2022041008.096
2022-06-30 10:31:08,304 - main - INFO - 220414   grid24_2022041008.120
2022-06-30 10:31:11,305 - main - INFO - 220415   grid24_2022041008.144
2022-06-30 10:31:14,515 - main - INFO - 220416   grid24_2022041008.168
2022-06-30 10:31:16,204 - main - INFO - 220417   grid24_2022041008.192
2022-06-30 10:31:19,347 - main - INFO - 220418   grid24_2022041008.216
2022-06-30 10:31:22,423 - main - INFO - 220419   grid24_2022041008.240
2022-06-30 10:44:30,778 - main - INFO - 开始处理是实况数据：2022-04-10
2022-06-30 10:44:30,807 - main - INFO - 当前设定计算时间为： 2022-04-09
2022-06-30 10:45:32,148 - main - INFO - 开始处理是预报数据：2022-04-10
2022-06-30 10:45:32,172 - main - INFO - 220410   grid24_2022041008.024
2022-06-30 10:45:33,517 - main - INFO - 220411   grid24_2022041008.048
2022-06-30 10:45:35,119 - main - INFO - 220412   grid24_2022041008.072
2022-06-30 10:45:39,102 - main - INFO - 220413   grid24_2022041008.096
2022-06-30 10:45:40,508 - main - INFO - 220414   grid24_2022041008.120
2022-06-30 10:45:43,047 - main - INFO - 220415   grid24_2022041008.144
2022-06-30 10:45:44,427 - main - INFO - 220416   grid24_2022041008.168
2022-06-30 10:45:47,201 - main - INFO - 220417   grid24_2022041008.192
2022-06-30 10:45:48,932 - main - INFO - 220418   grid24_2022041008.216
2022-06-30 10:45:51,160 - main - INFO - 220419   grid24_2022041008.240
2022-06-30 13:37:51,650 - main - INFO - 开始处理是实况数据：2022-04-10
2022-06-30 13:37:51,726 - main - INFO - 当前设定计算时间为： 2022-04-09
2022-06-30 13:38:45,750 - main - INFO - 开始处理是实况数据：2022-04-10
2022-06-30 13:38:45,777 - main - INFO - 当前设定计算时间为： 2022-04-09
2022-06-30 13:39:45,838 - main - INFO - 开始处理是预报数据：2022-04-10
2022-06-30 13:39:45,844 - main - INFO - 220410   grid24_2022041008.024
2022-06-30 13:39:47,200 - main - INFO - 220411   grid24_2022041008.048
2022-06-30 13:39:50,227 - main - INFO - 220412   grid24_2022041008.072
2022-06-30 13:39:51,544 - main - INFO - 220413   grid24_2022041008.096
2022-06-30 13:39:54,300 - main - INFO - 220414   grid24_2022041008.120
2022-06-30 13:39:55,772 - main - INFO - 220415   grid24_2022041008.144
2022-06-30 13:39:58,136 - main - INFO - 220416   grid24_2022041008.168
2022-06-30 13:39:59,434 - main - INFO - 220417   grid24_2022041008.192
2022-06-30 13:40:02,407 - main - INFO - 220418   grid24_2022041008.216
2022-06-30 13:40:04,162 - main - INFO - 220419   grid24_2022041008.240
2022-06-30 13:44:29,911 - main - INFO - 开始处理是实况数据：2022-04-10
2022-06-30 13:44:29,944 - main - INFO - 当前设定计算时间为： 2022-04-09
2022-06-30 13:44:55,268 - main - INFO - 开始处理是实况数据：2022-04-10
2022-06-30 13:44:55,304 - main - INFO - 当前设定计算时间为： 2022-04-09
2022-06-30 13:45:54,823 - main - INFO - 开始处理是预报数据：2022-04-10
2022-06-30 13:45:54,851 - main - INFO - 220410   grid24_2022041008.024
2022-06-30 13:45:56,244 - main - INFO - 220411   grid24_2022041008.048
2022-06-30 13:45:58,020 - main - INFO - 220412   grid24_2022041008.072
2022-06-30 13:45:59,803 - main - INFO - 220413   grid24_2022041008.096
2022-06-30 13:46:01,413 - main - INFO - 220414   grid24_2022041008.120
2022-06-30 13:46:03,793 - main - INFO - 220415   grid24_2022041008.144
2022-06-30 13:46:05,461 - main - INFO - 220416   grid24_2022041008.168
2022-06-30 13:46:07,845 - main - INFO - 220417   grid24_2022041008.192
2022-06-30 13:46:09,198 - main - INFO - 220418   grid24_2022041008.216
2022-06-30 13:46:11,857 - main - INFO - 220419   grid24_2022041008.240
2022-06-30 13:50:34,738 - main - INFO - 开始处理是实况数据：2022-04-10
2022-06-30 13:50:34,778 - main - INFO - 当前设定计算时间为： 2022-04-09
2022-06-30 13:51:33,330 - main - INFO - 开始处理是预报数据：2022-04-10
2022-06-30 13:51:33,360 - main - INFO - 220410   grid24_2022041008.024
2022-06-30 13:51:35,029 - main - INFO - 220411   grid24_2022041008.048
2022-06-30 13:51:37,322 - main - INFO - 220412   grid24_2022041008.072
2022-06-30 13:51:38,839 - main - INFO - 220413   grid24_2022041008.096
2022-06-30 13:51:41,322 - main - INFO - 220414   grid24_2022041008.120
2022-06-30 13:51:43,320 - main - INFO - 220415   grid24_2022041008.144
2022-06-30 13:51:45,895 - main - INFO - 220416   grid24_2022041008.168
2022-06-30 13:51:49,237 - main - INFO - 220417   grid24_2022041008.192
2022-06-30 13:51:50,607 - main - INFO - 220418   grid24_2022041008.216
2022-06-30 13:51:53,527 - main - INFO - 220419   grid24_2022041008.240
2022-06-30 13:51:55,988 - main - ERROR - 'NoneType' object has no attribute 'dtype'
2022-06-30 13:52:34,883 - main - INFO - 开始处理是实况数据：2022-04-10
2022-06-30 13:52:34,924 - main - INFO - 当前设定计算时间为： 2022-04-09
2022-06-30 13:53:28,846 - main - INFO - 开始处理是预报数据：2022-04-10
2022-06-30 13:53:28,857 - main - INFO - 220410   grid24_2022041008.024
2022-06-30 13:53:30,156 - main - INFO - 220411   grid24_2022041008.048
2022-06-30 13:53:32,188 - main - INFO - 220412   grid24_2022041008.072
2022-06-30 13:53:35,723 - main - INFO - 220413   grid24_2022041008.096
2022-06-30 13:53:37,103 - main - INFO - 220414   grid24_2022041008.120
2022-06-30 13:53:39,730 - main - INFO - 220415   grid24_2022041008.144
2022-06-30 13:53:41,038 - main - INFO - 220416   grid24_2022041008.168
2022-06-30 13:53:43,767 - main - INFO - 220417   grid24_2022041008.192
2022-06-30 13:53:45,155 - main - INFO - 220418   grid24_2022041008.216
2022-06-30 13:53:47,775 - main - INFO - 220419   grid24_2022041008.240
2022-06-30 14:01:09,432 - main - INFO - 开始处理是实况数据：2022-04-10
2022-06-30 14:01:09,464 - main - INFO - 当前设定计算时间为： 2022-04-09
2022-06-30 14:02:21,167 - main - INFO - 开始处理是预报数据：2022-04-10
2022-06-30 14:02:21,175 - main - INFO - 220410   grid24_2022041008.024
2022-06-30 14:02:22,497 - main - INFO - 220411   grid24_2022041008.048
2022-06-30 14:02:25,424 - main - INFO - 220412   grid24_2022041008.072
2022-06-30 14:02:26,800 - main - INFO - 220413   grid24_2022041008.096
2022-06-30 14:02:28,093 - main - INFO - 220414   grid24_2022041008.120
2022-06-30 14:02:29,244 - main - INFO - 220415   grid24_2022041008.144
2022-06-30 14:02:31,841 - main - INFO - 220416   grid24_2022041008.168
2022-06-30 14:02:33,235 - main - INFO - 220417   grid24_2022041008.192
2022-06-30 14:02:36,185 - main - INFO - 220418   grid24_2022041008.216
2022-06-30 14:02:37,715 - main - INFO - 220419   grid24_2022041008.240
2022-06-30 14:02:40,693 - main - ERROR - 'StationInfo' object has no attribute 'begin_rainy_day'
2022-06-30 14:03:56,406 - main - INFO - 开始处理是实况数据：2022-04-10
2022-06-30 14:03:56,444 - main - INFO - 当前设定计算时间为： 2022-04-09
2022-06-30 14:05:06,496 - main - INFO - 开始处理是预报数据：2022-04-10
2022-06-30 14:05:06,531 - main - INFO - 220410   grid24_2022041008.024
2022-06-30 14:05:08,096 - main - INFO - 220411   grid24_2022041008.048
2022-06-30 14:05:10,506 - main - INFO - 220412   grid24_2022041008.072
2022-06-30 14:05:11,699 - main - INFO - 220413   grid24_2022041008.096
2022-06-30 14:05:14,666 - main - INFO - 220414   grid24_2022041008.120
2022-06-30 14:05:16,420 - main - INFO - 220415   grid24_2022041008.144
2022-06-30 14:05:18,555 - main - INFO - 220416   grid24_2022041008.168
2022-06-30 14:05:19,898 - main - INFO - 220417   grid24_2022041008.192
2022-06-30 14:05:22,595 - main - INFO - 220418   grid24_2022041008.216
2022-06-30 14:05:24,174 - main - INFO - 220419   grid24_2022041008.240
2022-06-30 14:07:09,481 - main - INFO - 开始处理是实况数据：2022-04-10
2022-06-30 14:07:09,524 - main - INFO - 当前设定计算时间为： 2022-04-09
2022-06-30 14:08:09,246 - main - INFO - 开始处理是预报数据：2022-04-10
2022-06-30 14:08:09,275 - main - INFO - 220410   grid24_2022041008.024
2022-06-30 14:08:10,812 - main - INFO - 220411   grid24_2022041008.048
2022-06-30 14:08:12,161 - main - INFO - 220412   grid24_2022041008.072
2022-06-30 14:08:15,175 - main - INFO - 220413   grid24_2022041008.096
2022-06-30 14:08:16,686 - main - INFO - 220414   grid24_2022041008.120
2022-06-30 14:08:18,937 - main - INFO - 220415   grid24_2022041008.144
2022-06-30 14:08:20,317 - main - INFO - 220416   grid24_2022041008.168
2022-06-30 14:08:23,259 - main - INFO - 220417   grid24_2022041008.192
2022-06-30 14:08:24,418 - main - INFO - 220418   grid24_2022041008.216
2022-06-30 14:08:27,479 - main - INFO - 220419   grid24_2022041008.240
2022-06-30 14:10:19,389 - main - INFO - 开始处理是实况数据：2022-04-10
2022-06-30 14:10:19,408 - main - INFO - 当前设定计算时间为： 2022-04-09
2022-06-30 14:11:06,435 - main - INFO - 开始处理是预报数据：2022-04-10
2022-06-30 14:11:06,443 - main - INFO - 220410   grid24_2022041008.024
2022-06-30 14:11:07,664 - main - INFO - 220411   grid24_2022041008.048
2022-06-30 14:11:08,996 - main - INFO - 220412   grid24_2022041008.072
2022-06-30 14:11:12,079 - main - INFO - 220413   grid24_2022041008.096
2022-06-30 14:11:13,853 - main - INFO - 220414   grid24_2022041008.120
2022-06-30 14:11:15,904 - main - INFO - 220415   grid24_2022041008.144
2022-06-30 14:11:17,213 - main - INFO - 220416   grid24_2022041008.168
2022-06-30 14:11:19,954 - main - INFO - 220417   grid24_2022041008.192
2022-06-30 14:11:21,587 - main - INFO - 220418   grid24_2022041008.216
2022-06-30 14:11:24,133 - main - INFO - 220419   grid24_2022041008.240
2022-06-30 14:11:43,800 - main - INFO - 开始处理是实况数据：2022-04-10
2022-06-30 14:11:43,835 - main - INFO - 当前设定计算时间为： 2022-04-09
2022-06-30 14:12:49,312 - main - INFO - 开始处理是预报数据：2022-04-10
2022-06-30 14:12:49,342 - main - INFO - 220410   grid24_2022041008.024
2022-06-30 14:12:50,804 - main - INFO - 220411   grid24_2022041008.048
2022-06-30 14:12:52,786 - main - INFO - 220412   grid24_2022041008.072
2022-06-30 14:12:55,936 - main - INFO - 220413   grid24_2022041008.096
2022-06-30 14:12:57,233 - main - INFO - 220414   grid24_2022041008.120
2022-06-30 14:13:00,233 - main - INFO - 220415   grid24_2022041008.144
2022-06-30 14:13:01,380 - main - INFO - 220416   grid24_2022041008.168
2022-06-30 14:13:04,438 - main - INFO - 220417   grid24_2022041008.192
2022-06-30 14:13:05,965 - main - INFO - 220418   grid24_2022041008.216
2022-06-30 14:13:08,509 - main - INFO - 220419   grid24_2022041008.240
2022-06-30 14:14:32,378 - main - INFO - 开始处理是实况数据：2022-04-10
2022-06-30 14:14:32,389 - main - INFO - 当前设定计算时间为： 2022-04-09
2022-06-30 14:15:21,744 - main - INFO - 开始处理是预报数据：2022-04-10
2022-06-30 14:15:21,764 - main - INFO - 220410   grid24_2022041008.024
2022-06-30 14:15:23,056 - main - INFO - 220411   grid24_2022041008.048
2022-06-30 14:15:24,805 - main - INFO - 220412   grid24_2022041008.072
2022-06-30 14:15:26,951 - main - INFO - 220413   grid24_2022041008.096
2022-06-30 14:15:28,266 - main - INFO - 220414   grid24_2022041008.120
2022-06-30 14:15:30,940 - main - INFO - 220415   grid24_2022041008.144
2022-06-30 14:15:32,876 - main - INFO - 220416   grid24_2022041008.168
2022-06-30 14:15:34,925 - main - INFO - 220417   grid24_2022041008.192
2022-06-30 14:15:36,235 - main - INFO - 220418   grid24_2022041008.216
2022-06-30 14:15:38,785 - main - INFO - 220419   grid24_2022041008.240
2022-06-30 14:28:03,438 - main - INFO - 开始处理是实况数据：2022-04-10
2022-06-30 14:28:03,494 - main - INFO - 当前设定计算时间为： 2022-04-09
2022-06-30 14:29:11,301 - main - INFO - 开始处理是预报数据：2022-04-10
2022-06-30 14:29:11,318 - main - INFO - 220410   grid24_2022041008.024
2022-06-30 14:29:12,629 - main - INFO - 220411   grid24_2022041008.048
2022-06-30 14:29:14,872 - main - INFO - 220412   grid24_2022041008.072
2022-06-30 14:29:16,221 - main - INFO - 220413   grid24_2022041008.096
2022-06-30 14:29:17,701 - main - INFO - 220414   grid24_2022041008.120
2022-06-30 14:29:20,233 - main - INFO - 220415   grid24_2022041008.144
2022-06-30 14:29:21,583 - main - INFO - 220416   grid24_2022041008.168
2022-06-30 14:29:24,178 - main - INFO - 220417   grid24_2022041008.192
2022-06-30 14:29:26,175 - main - INFO - 220418   grid24_2022041008.216
2022-06-30 14:29:28,307 - main - INFO - 220419   grid24_2022041008.240
2022-06-30 14:30:29,616 - main - INFO - 开始处理是实况数据：2022-04-10
2022-06-30 14:30:30,047 - main - INFO - 当前设定计算时间为： 2022-04-09
2022-06-30 14:31:28,668 - main - INFO - 开始处理是预报数据：2022-04-10
2022-06-30 14:31:28,677 - main - INFO - 220410   grid24_2022041008.024
2022-06-30 14:31:31,269 - main - INFO - 220411   grid24_2022041008.048
2022-06-30 14:31:34,703 - main - INFO - 220412   grid24_2022041008.072
2022-06-30 14:31:36,288 - main - INFO - 220413   grid24_2022041008.096
2022-06-30 14:31:38,736 - main - INFO - 220414   grid24_2022041008.120
2022-06-30 14:31:40,231 - main - INFO - 220415   grid24_2022041008.144
2022-06-30 14:31:42,676 - main - INFO - 220416   grid24_2022041008.168
2022-06-30 14:31:45,630 - main - INFO - 220417   grid24_2022041008.192
2022-06-30 14:31:46,769 - main - INFO - 220418   grid24_2022041008.216
2022-06-30 14:31:47,999 - main - INFO - 220419   grid24_2022041008.240
2022-06-30 14:35:49,281 - main - INFO - 开始处理是实况数据：2022-04-10
2022-06-30 14:35:49,322 - main - INFO - 当前设定计算时间为： 2022-04-09
2022-06-30 14:36:33,882 - main - INFO - 开始处理是预报数据：2022-04-10
2022-06-30 14:36:33,907 - main - INFO - 220410   grid24_2022041008.024
2022-06-30 14:36:35,447 - main - INFO - 220411   grid24_2022041008.048
2022-06-30 14:36:37,934 - main - INFO - 220412   grid24_2022041008.072
2022-06-30 14:36:40,440 - main - INFO - 220413   grid24_2022041008.096
2022-06-30 14:36:41,964 - main - INFO - 220414   grid24_2022041008.120
2022-06-30 14:36:43,580 - main - INFO - 220415   grid24_2022041008.144
2022-06-30 14:36:45,840 - main - INFO - 220416   grid24_2022041008.168
2022-06-30 14:36:47,645 - main - INFO - 220417   grid24_2022041008.192
2022-06-30 14:36:49,861 - main - INFO - 220418   grid24_2022041008.216
2022-06-30 14:36:51,263 - main - INFO - 220419   grid24_2022041008.240
2022-06-30 14:50:33,273 - main - INFO - 开始处理是实况数据：2022-04-10
2022-06-30 14:50:33,317 - main - INFO - 当前设定计算时间为： 2022-04-09
2022-06-30 14:51:21,072 - main - INFO - 开始处理是预报数据：2022-04-10
2022-06-30 14:51:21,078 - main - INFO - 220410   grid24_2022041008.024
2022-06-30 14:51:22,230 - main - INFO - 220411   grid24_2022041008.048
2022-06-30 14:51:23,382 - main - INFO - 220412   grid24_2022041008.072
2022-06-30 14:51:24,577 - main - INFO - 220413   grid24_2022041008.096
2022-06-30 14:51:27,475 - main - INFO - 220414   grid24_2022041008.120
2022-06-30 14:51:28,768 - main - INFO - 220415   grid24_2022041008.144
2022-06-30 14:51:31,358 - main - INFO - 220416   grid24_2022041008.168
2022-06-30 14:51:32,610 - main - INFO - 220417   grid24_2022041008.192
2022-06-30 14:51:35,129 - main - INFO - 220418   grid24_2022041008.216
2022-06-30 14:51:36,485 - main - INFO - 220419   grid24_2022041008.240
2022-06-30 14:52:04,533 - main - INFO - 开始处理是实况数据：2022-04-10
2022-06-30 14:52:04,547 - main - INFO - 当前设定计算时间为： 2022-04-09
2022-06-30 14:53:01,264 - main - INFO - 开始处理是预报数据：2022-04-10
2022-06-30 14:53:01,279 - main - INFO - 220410   grid24_2022041008.024
2022-06-30 14:53:02,589 - main - INFO - 220411   grid24_2022041008.048
2022-06-30 14:53:03,919 - main - INFO - 220412   grid24_2022041008.072
2022-06-30 14:53:06,586 - main - INFO - 220413   grid24_2022041008.096
2022-06-30 14:53:09,806 - main - INFO - 220414   grid24_2022041008.120
2022-06-30 14:53:11,167 - main - INFO - 220415   grid24_2022041008.144
2022-06-30 14:53:13,717 - main - INFO - 220416   grid24_2022041008.168
2022-06-30 14:53:14,851 - main - INFO - 220417   grid24_2022041008.192
2022-06-30 14:53:16,727 - main - INFO - 220418   grid24_2022041008.216
2022-06-30 14:53:19,798 - main - INFO - 220419   grid24_2022041008.240
2022-06-30 15:06:38,541 - main - INFO - 开始处理是实况数据：2022-04-10
2022-06-30 15:06:38,559 - main - INFO - 当前设定计算时间为： 2022-04-09
2022-06-30 15:07:25,543 - main - INFO - 开始处理是预报数据：2022-04-10
2022-06-30 15:07:25,571 - main - INFO - 220410   grid24_2022041008.024
2022-06-30 15:07:26,920 - main - INFO - 220411   grid24_2022041008.048
2022-06-30 15:07:28,222 - main - INFO - 220412   grid24_2022041008.072
2022-06-30 15:07:31,090 - main - INFO - 220413   grid24_2022041008.096
2022-06-30 15:07:32,393 - main - INFO - 220414   grid24_2022041008.120
2022-06-30 15:07:35,146 - main - INFO - 220415   grid24_2022041008.144
2022-06-30 15:07:37,103 - main - INFO - 220416   grid24_2022041008.168
2022-06-30 15:07:39,050 - main - INFO - 220417   grid24_2022041008.192
2022-06-30 15:07:40,385 - main - INFO - 220418   grid24_2022041008.216
2022-06-30 15:07:43,073 - main - INFO - 220419   grid24_2022041008.240
2022-06-30 15:08:35,822 - main - INFO - 开始处理是实况数据：2022-04-10
2022-06-30 15:08:35,859 - main - INFO - 当前设定计算时间为： 2022-04-09
2022-06-30 15:09:22,831 - main - INFO - 开始处理是预报数据：2022-04-10
2022-06-30 15:09:22,841 - main - INFO - 220410   grid24_2022041008.024
2022-06-30 15:09:24,044 - main - INFO - 220411   grid24_2022041008.048
2022-06-30 15:09:26,462 - main - INFO - 220412   grid24_2022041008.072
2022-06-30 15:09:29,556 - main - INFO - 220413   grid24_2022041008.096
2022-06-30 15:09:30,748 - main - INFO - 220414   grid24_2022041008.120
2022-06-30 15:09:33,586 - main - INFO - 220415   grid24_2022041008.144
2022-06-30 15:09:34,883 - main - INFO - 220416   grid24_2022041008.168
2022-06-30 15:09:37,272 - main - INFO - 220417   grid24_2022041008.192
2022-06-30 15:09:38,923 - main - INFO - 220418   grid24_2022041008.216
2022-06-30 15:09:41,575 - main - INFO - 220419   grid24_2022041008.240
2022-06-30 15:10:19,980 - main - INFO - 开始处理是实况数据：2022-04-10
2022-06-30 15:10:19,989 - main - INFO - 当前设定计算时间为： 2022-04-09
2022-06-30 15:11:16,514 - main - INFO - 开始处理是预报数据：2022-04-10
2022-06-30 15:11:16,542 - main - INFO - 220410   grid24_2022041008.024
2022-06-30 15:11:17,834 - main - INFO - 220411   grid24_2022041008.048
2022-06-30 15:11:19,118 - main - INFO - 220412   grid24_2022041008.072
2022-06-30 15:11:21,902 - main - INFO - 220413   grid24_2022041008.096
2022-06-30 15:11:23,041 - main - INFO - 220414   grid24_2022041008.120
2022-06-30 15:11:26,021 - main - INFO - 220415   grid24_2022041008.144
2022-06-30 15:11:27,345 - main - INFO - 220416   grid24_2022041008.168
2022-06-30 15:11:30,320 - main - INFO - 220417   grid24_2022041008.192
2022-06-30 15:11:33,780 - main - INFO - 220418   grid24_2022041008.216
2022-06-30 15:11:35,090 - main - INFO - 220419   grid24_2022041008.240
2022-06-30 15:16:27,180 - main - INFO - 开始处理是实况数据：2022-04-10
2022-06-30 15:16:27,220 - main - INFO - 当前设定计算时间为： 2022-04-09
2022-06-30 15:17:15,200 - main - INFO - 开始处理是预报数据：2022-04-10
2022-06-30 15:17:15,221 - main - INFO - 220410   grid24_2022041008.024
2022-06-30 15:17:16,550 - main - INFO - 220411   grid24_2022041008.048
2022-06-30 15:17:17,820 - main - INFO - 220412   grid24_2022041008.072
2022-06-30 15:17:20,077 - main - INFO - 220413   grid24_2022041008.096
2022-06-30 15:17:21,548 - main - INFO - 220414   grid24_2022041008.120
2022-06-30 15:17:23,270 - main - INFO - 220415   grid24_2022041008.144
2022-06-30 15:17:25,785 - main - INFO - 220416   grid24_2022041008.168
2022-06-30 15:17:27,776 - main - INFO - 220417   grid24_2022041008.192
2022-06-30 15:17:31,517 - main - INFO - 220418   grid24_2022041008.216
2022-06-30 15:17:32,975 - main - INFO - 220419   grid24_2022041008.240
2022-06-30 15:22:56,061 - main - INFO - 开始处理是实况数据：2022-04-10
2022-06-30 15:22:56,103 - main - INFO - 当前设定计算时间为： 2022-04-09
2022-06-30 15:23:55,213 - main - INFO - 开始处理是预报数据：2022-04-10
2022-06-30 15:23:55,261 - main - INFO - 220410   grid24_2022041008.024
2022-06-30 15:23:57,429 - main - INFO - 220411   grid24_2022041008.048
2022-06-30 15:23:58,938 - main - INFO - 220412   grid24_2022041008.072
2022-06-30 15:24:00,367 - main - INFO - 220413   grid24_2022041008.096
2022-06-30 15:24:03,033 - main - INFO - 220414   grid24_2022041008.120
2022-06-30 15:24:04,632 - main - INFO - 220415   grid24_2022041008.144
2022-06-30 15:24:07,069 - main - INFO - 220416   grid24_2022041008.168
2022-06-30 15:24:08,487 - main - INFO - 220417   grid24_2022041008.192
2022-06-30 15:24:11,137 - main - INFO - 220418   grid24_2022041008.216
2022-06-30 15:24:12,629 - main - INFO - 220419   grid24_2022041008.240
2022-06-30 15:36:40,803 - main - INFO - 开始处理是实况数据：2022-04-10
2022-06-30 15:36:40,839 - main - INFO - 当前设定计算时间为： 2022-04-09
2022-06-30 15:37:21,497 - main - INFO - 开始处理是预报数据：2022-04-10
2022-06-30 15:37:21,505 - main - INFO - 220410   grid24_2022041008.024
2022-06-30 15:37:22,684 - main - INFO - 220411   grid24_2022041008.048
2022-06-30 15:37:24,311 - main - INFO - 220412   grid24_2022041008.072
2022-06-30 15:37:26,408 - main - INFO - 220413   grid24_2022041008.096
2022-06-30 15:37:27,733 - main - INFO - 220414   grid24_2022041008.120
2022-06-30 15:37:30,302 - main - INFO - 220415   grid24_2022041008.144
2022-06-30 15:37:31,438 - main - INFO - 220416   grid24_2022041008.168
2022-06-30 15:37:34,463 - main - INFO - 220417   grid24_2022041008.192
2022-06-30 15:37:35,755 - main - INFO - 220418   grid24_2022041008.216
2022-06-30 15:37:38,620 - main - INFO - 220419   grid24_2022041008.240
2022-06-30 15:39:56,592 - main - INFO - 开始处理是实况数据：2022-04-10
2022-06-30 15:39:56,630 - main - INFO - 当前设定计算时间为： 2022-04-09
2022-06-30 15:40:51,177 - main - INFO - 开始处理是预报数据：2022-04-10
2022-06-30 15:40:51,207 - main - INFO - 220410   grid24_2022041008.024
2022-06-30 15:40:52,839 - main - INFO - 220411   grid24_2022041008.048
2022-06-30 15:40:55,311 - main - INFO - 220412   grid24_2022041008.072
2022-06-30 15:40:56,630 - main - INFO - 220413   grid24_2022041008.096
2022-06-30 15:40:58,898 - main - INFO - 220414   grid24_2022041008.120
2022-06-30 15:41:00,989 - main - INFO - 220415   grid24_2022041008.144
2022-06-30 15:41:02,402 - main - INFO - 220416   grid24_2022041008.168
2022-06-30 15:41:05,301 - main - INFO - 220417   grid24_2022041008.192
2022-06-30 15:41:06,612 - main - INFO - 220418   grid24_2022041008.216
2022-06-30 15:41:09,141 - main - INFO - 220419   grid24_2022041008.240
2022-06-30 16:54:21,012 - main - INFO - 开始处理是实况数据：2022-04-10
2022-06-30 16:54:21,052 - main - INFO - 当前设定计算时间为： 2022-04-09
2022-06-30 16:55:18,994 - main - INFO - 开始处理是预报数据：2022-04-10
2022-06-30 16:55:19,000 - main - INFO - 220410   grid24_2022041008.024
2022-06-30 16:55:20,465 - main - INFO - 220411   grid24_2022041008.048
2022-06-30 16:55:21,808 - main - INFO - 220412   grid24_2022041008.072
2022-06-30 16:55:24,089 - main - INFO - 220413   grid24_2022041008.096
2022-06-30 16:55:25,486 - main - INFO - 220414   grid24_2022041008.120
2022-06-30 16:55:27,637 - main - INFO - 220415   grid24_2022041008.144
2022-06-30 16:55:28,974 - main - INFO - 220416   grid24_2022041008.168
2022-06-30 16:55:31,321 - main - INFO - 220417   grid24_2022041008.192
2022-06-30 16:55:32,745 - main - INFO - 220418   grid24_2022041008.216
2022-06-30 16:55:34,389 - main - INFO - 220419   grid24_2022041008.240
