2022-07-01 09:40:29,981 - main - INFO - 开始处理是实况数据：2022-04-10
2022-07-01 09:40:30,007 - main - INFO - 当前设定计算时间为： 2022-04-09
2022-07-01 09:41:21,477 - main - INFO - 开始处理是预报数据：2022-04-10
2022-07-01 09:41:21,482 - main - INFO - 220410   grid24_2022041008.024
2022-07-01 09:41:22,707 - main - INFO - 220411   grid24_2022041008.048
2022-07-01 09:41:24,326 - main - INFO - 220412   grid24_2022041008.072
2022-07-01 09:41:26,282 - main - INFO - 220413   grid24_2022041008.096
2022-07-01 09:41:27,449 - main - INFO - 220414   grid24_2022041008.120
2022-07-01 09:41:30,375 - main - INFO - 220415   grid24_2022041008.144
2022-07-01 09:41:31,592 - main - INFO - 220416   grid24_2022041008.168
2022-07-01 09:41:34,514 - main - INFO - 220417   grid24_2022041008.192
2022-07-01 09:41:35,777 - main - INFO - 220418   grid24_2022041008.216
2022-07-01 09:41:38,868 - main - INFO - 220419   grid24_2022041008.240
2022-07-01 09:45:02,722 - main - INFO - 开始处理是实况数据：2022-04-10
2022-07-01 09:45:02,733 - main - INFO - 当前设定计算时间为： 2022-04-09
2022-07-01 09:45:38,399 - main - INFO - 开始处理是预报数据：2022-04-10
2022-07-01 09:45:38,406 - main - INFO - 220410   grid24_2022041008.024
2022-07-01 09:45:39,615 - main - INFO - 220411   grid24_2022041008.048
2022-07-01 09:45:41,261 - main - INFO - 220412   grid24_2022041008.072
2022-07-01 09:45:43,813 - main - INFO - 220413   grid24_2022041008.096
2022-07-01 09:45:45,963 - main - INFO - 220414   grid24_2022041008.120
2022-07-01 09:45:47,464 - main - INFO - 220415   grid24_2022041008.144
2022-07-01 09:45:48,766 - main - INFO - 220416   grid24_2022041008.168
2022-07-01 09:45:51,571 - main - INFO - 220417   grid24_2022041008.192
2022-07-01 09:45:53,653 - main - INFO - 220418   grid24_2022041008.216
2022-07-01 09:45:55,393 - main - INFO - 220419   grid24_2022041008.240
2022-07-01 09:47:13,987 - main - INFO - 开始处理是实况数据：2022-04-10
2022-07-01 09:47:14,048 - main - INFO - 当前设定计算时间为： 2022-04-09
2022-07-01 09:47:58,077 - main - INFO - 开始处理是预报数据：2022-04-10
2022-07-01 09:47:58,087 - main - INFO - 220410   grid24_2022041008.024
2022-07-01 09:47:59,531 - main - INFO - 220411   grid24_2022041008.048
2022-07-01 09:48:00,759 - main - INFO - 220412   grid24_2022041008.072
2022-07-01 09:48:03,902 - main - INFO - 220413   grid24_2022041008.096
2022-07-01 09:48:05,258 - main - INFO - 220414   grid24_2022041008.120
2022-07-01 09:48:08,211 - main - INFO - 220415   grid24_2022041008.144
2022-07-01 09:48:11,236 - main - INFO - 220416   grid24_2022041008.168
2022-07-01 09:48:12,547 - main - INFO - 220417   grid24_2022041008.192
2022-07-01 09:48:14,540 - main - INFO - 220418   grid24_2022041008.216
2022-07-01 09:48:16,115 - main - INFO - 220419   grid24_2022041008.240
2022-07-01 09:53:49,825 - main - INFO - 开始处理是实况数据：2022-04-10
2022-07-01 09:53:49,874 - main - INFO - 当前设定计算时间为： 2022-04-09
2022-07-01 09:54:34,693 - main - INFO - 开始处理是预报数据：2022-04-10
2022-07-01 09:54:34,699 - main - INFO - 220410   grid24_2022041008.024
2022-07-01 09:54:35,898 - main - INFO - 220411   grid24_2022041008.048
2022-07-01 09:54:37,694 - main - INFO - 220412   grid24_2022041008.072
2022-07-01 09:54:39,409 - main - INFO - 220413   grid24_2022041008.096
2022-07-01 09:54:40,962 - main - INFO - 220414   grid24_2022041008.120
2022-07-01 09:54:43,722 - main - INFO - 220415   grid24_2022041008.144
2022-07-01 09:54:46,552 - main - INFO - 220416   grid24_2022041008.168
2022-07-01 09:54:47,896 - main - INFO - 220417   grid24_2022041008.192
2022-07-01 09:54:49,734 - main - INFO - 220418   grid24_2022041008.216
2022-07-01 09:54:51,459 - main - INFO - 220419   grid24_2022041008.240
2022-07-01 09:54:53,407 - main - ERROR - can only concatenate str (not "datetime.datetime") to str
2022-07-01 09:55:51,347 - main - INFO - 开始处理是实况数据：2022-04-10
2022-07-01 09:55:51,360 - main - INFO - 当前设定计算时间为： 2022-04-09
2022-07-01 09:56:37,717 - main - INFO - 开始处理是预报数据：2022-04-10
2022-07-01 09:56:37,744 - main - INFO - 220410   grid24_2022041008.024
2022-07-01 09:56:39,010 - main - INFO - 220411   grid24_2022041008.048
2022-07-01 09:56:42,350 - main - INFO - 220412   grid24_2022041008.072
2022-07-01 09:56:44,054 - main - INFO - 220413   grid24_2022041008.096
2022-07-01 09:56:47,969 - main - INFO - 220414   grid24_2022041008.120
2022-07-01 09:56:50,221 - main - INFO - 220415   grid24_2022041008.144
2022-07-01 09:56:51,981 - main - INFO - 220416   grid24_2022041008.168
2022-07-01 09:56:53,296 - main - INFO - 220417   grid24_2022041008.192
2022-07-01 09:56:56,062 - main - INFO - 220418   grid24_2022041008.216
2022-07-01 09:56:57,231 - main - INFO - 220419   grid24_2022041008.240
2022-07-01 09:57:00,721 - main - ERROR - can only concatenate str (not "datetime.datetime") to str
2022-07-01 09:57:30,294 - main - INFO - 开始处理是实况数据：2022-04-10
2022-07-01 09:57:30,303 - main - INFO - 当前设定计算时间为： 2022-04-09
2022-07-01 09:58:13,373 - main - INFO - 开始处理是预报数据：2022-04-10
2022-07-01 09:58:13,399 - main - INFO - 220410   grid24_2022041008.024
2022-07-01 09:58:14,916 - main - INFO - 220411   grid24_2022041008.048
2022-07-01 09:58:18,479 - main - INFO - 220412   grid24_2022041008.072
2022-07-01 09:58:20,340 - main - INFO - 220413   grid24_2022041008.096
2022-07-01 09:58:21,806 - main - INFO - 220414   grid24_2022041008.120
2022-07-01 09:58:24,385 - main - INFO - 220415   grid24_2022041008.144
2022-07-01 09:58:25,731 - main - INFO - 220416   grid24_2022041008.168
2022-07-01 09:58:28,517 - main - INFO - 220417   grid24_2022041008.192
2022-07-01 09:58:31,448 - main - INFO - 220418   grid24_2022041008.216
2022-07-01 09:58:32,798 - main - INFO - 220419   grid24_2022041008.240
2022-07-01 10:02:44,865 - main - INFO - 开始处理是实况数据：2022-04-10
2022-07-01 10:02:44,909 - main - INFO - 当前设定计算时间为： 2022-04-09
2022-07-01 10:03:44,849 - main - INFO - 开始处理是预报数据：2022-04-10
2022-07-01 10:03:44,867 - main - INFO - 220410   grid24_2022041008.024
2022-07-01 10:03:46,359 - main - INFO - 220411   grid24_2022041008.048
2022-07-01 10:03:49,600 - main - INFO - 220412   grid24_2022041008.072
2022-07-01 10:03:51,425 - main - INFO - 220413   grid24_2022041008.096
2022-07-01 10:03:53,678 - main - INFO - 220414   grid24_2022041008.120
2022-07-01 10:03:55,255 - main - INFO - 220415   grid24_2022041008.144
2022-07-01 10:03:57,418 - main - INFO - 220416   grid24_2022041008.168
2022-07-01 10:03:58,594 - main - INFO - 220417   grid24_2022041008.192
2022-07-01 10:04:01,532 - main - INFO - 220418   grid24_2022041008.216
2022-07-01 10:04:02,886 - main - INFO - 220419   grid24_2022041008.240
2022-07-01 10:33:36,232 - main - INFO - 开始处理是实况数据：2022-04-10
2022-07-01 10:33:36,275 - main - INFO - 当前设定计算时间为： 2022-04-09
2022-07-01 10:34:42,797 - main - INFO - 开始处理是预报数据：2022-04-10
2022-07-01 10:34:42,836 - main - INFO - 220410   grid24_2022041008.024
2022-07-01 10:34:44,230 - main - INFO - 220411   grid24_2022041008.048
2022-07-01 10:34:45,504 - main - INFO - 220412   grid24_2022041008.072
2022-07-01 10:34:48,575 - main - INFO - 220413   grid24_2022041008.096
2022-07-01 10:34:49,828 - main - INFO - 220414   grid24_2022041008.120
2022-07-01 10:34:52,645 - main - INFO - 220415   grid24_2022041008.144
2022-07-01 10:34:54,022 - main - INFO - 220416   grid24_2022041008.168
2022-07-01 10:34:56,556 - main - INFO - 220417   grid24_2022041008.192
2022-07-01 10:34:57,749 - main - INFO - 220418   grid24_2022041008.216
2022-07-01 10:35:00,613 - main - INFO - 220419   grid24_2022041008.240
2022-07-01 10:35:02,818 - main - ERROR - can only concatenate str (not "datetime.datetime") to str
2022-07-01 10:35:15,728 - main - INFO - 开始处理是实况数据：2022-04-10
2022-07-01 10:35:15,794 - main - INFO - 当前设定计算时间为： 2022-04-09
2022-07-01 10:36:19,022 - main - INFO - 开始处理是预报数据：2022-04-10
2022-07-01 10:36:19,037 - main - INFO - 220410   grid24_2022041008.024
2022-07-01 10:36:20,714 - main - INFO - 220411   grid24_2022041008.048
2022-07-01 10:36:22,908 - main - INFO - 220412   grid24_2022041008.072
2022-07-01 10:36:24,284 - main - INFO - 220413   grid24_2022041008.096
2022-07-01 10:36:27,071 - main - INFO - 220414   grid24_2022041008.120
2022-07-01 10:36:28,443 - main - INFO - 220415   grid24_2022041008.144
2022-07-01 10:36:31,073 - main - INFO - 220416   grid24_2022041008.168
2022-07-01 10:36:32,445 - main - INFO - 220417   grid24_2022041008.192
2022-07-01 10:36:35,061 - main - INFO - 220418   grid24_2022041008.216
2022-07-01 10:36:36,292 - main - INFO - 220419   grid24_2022041008.240
2022-07-01 10:36:39,701 - main - ERROR - can only concatenate str (not "datetime.datetime") to str
2022-07-01 10:38:11,482 - main - INFO - 开始处理是实况数据：2022-04-10
2022-07-01 10:38:11,530 - main - INFO - 当前设定计算时间为： 2022-04-09
2022-07-01 10:38:26,175 - main - INFO - 开始处理是实况数据：2022-04-10
2022-07-01 10:38:26,190 - main - INFO - 当前设定计算时间为： 2022-04-09
2022-07-01 10:39:34,515 - main - INFO - 开始处理是预报数据：2022-04-10
2022-07-01 10:39:34,547 - main - INFO - 220410   grid24_2022041008.024
2022-07-01 10:39:35,983 - main - INFO - 220411   grid24_2022041008.048
2022-07-01 10:39:37,237 - main - INFO - 220412   grid24_2022041008.072
2022-07-01 10:39:39,601 - main - INFO - 220413   grid24_2022041008.096
2022-07-01 10:39:40,801 - main - INFO - 220414   grid24_2022041008.120
2022-07-01 10:39:43,881 - main - INFO - 220415   grid24_2022041008.144
2022-07-01 10:39:45,781 - main - INFO - 220416   grid24_2022041008.168
2022-07-01 10:39:47,810 - main - INFO - 220417   grid24_2022041008.192
2022-07-01 10:39:49,760 - main - INFO - 220418   grid24_2022041008.216
2022-07-01 10:39:51,600 - main - INFO - 220419   grid24_2022041008.240
2022-07-01 10:39:53,830 - main - ERROR - can only concatenate str (not "datetime.datetime") to str
2022-07-01 10:42:01,384 - main - INFO - 开始处理是实况数据：2022-04-10
2022-07-01 10:42:01,418 - main - INFO - 当前设定计算时间为： 2022-04-09
2022-07-01 10:43:07,833 - main - INFO - 开始处理是预报数据：2022-04-10
2022-07-01 10:43:07,880 - main - INFO - 220410   grid24_2022041008.024
2022-07-01 10:43:09,437 - main - INFO - 220411   grid24_2022041008.048
2022-07-01 10:43:10,792 - main - INFO - 220412   grid24_2022041008.072
2022-07-01 10:43:13,372 - main - INFO - 220413   grid24_2022041008.096
2022-07-01 10:43:14,702 - main - INFO - 220414   grid24_2022041008.120
2022-07-01 10:43:16,223 - main - INFO - 220415   grid24_2022041008.144
2022-07-01 10:43:18,653 - main - INFO - 220416   grid24_2022041008.168
2022-07-01 10:43:19,931 - main - INFO - 220417   grid24_2022041008.192
2022-07-01 10:43:22,720 - main - INFO - 220418   grid24_2022041008.216
2022-07-01 10:43:25,365 - main - INFO - 220419   grid24_2022041008.240
2022-07-01 10:43:27,509 - main - ERROR - can only concatenate str (not "datetime.datetime") to str
2022-07-01 10:43:40,709 - main - INFO - 开始处理是实况数据：2022-04-10
2022-07-01 10:43:40,721 - main - INFO - 当前设定计算时间为： 2022-04-09
2022-07-01 10:43:54,528 - main - INFO - 开始处理是实况数据：2022-04-10
2022-07-01 10:43:54,566 - main - INFO - 当前设定计算时间为： 2022-04-09
2022-07-01 10:44:48,040 - main - INFO - 开始处理是预报数据：2022-04-10
2022-07-01 10:44:48,050 - main - INFO - 220410   grid24_2022041008.024
2022-07-01 10:44:49,258 - main - INFO - 220411   grid24_2022041008.048
2022-07-01 10:44:50,681 - main - INFO - 220412   grid24_2022041008.072
2022-07-01 10:44:52,944 - main - INFO - 220413   grid24_2022041008.096
2022-07-01 10:44:54,296 - main - INFO - 220414   grid24_2022041008.120
2022-07-01 10:44:56,938 - main - INFO - 220415   grid24_2022041008.144
2022-07-01 10:44:58,254 - main - INFO - 220416   grid24_2022041008.168
2022-07-01 10:45:00,903 - main - INFO - 220417   grid24_2022041008.192
2022-07-01 10:45:02,216 - main - INFO - 220418   grid24_2022041008.216
2022-07-01 10:45:04,986 - main - INFO - 220419   grid24_2022041008.240
2022-07-01 10:45:50,512 - main - ERROR - can only concatenate str (not "datetime.datetime") to str
2022-07-01 10:47:39,015 - main - INFO - 开始处理是实况数据：2022-04-10
2022-07-01 10:47:39,081 - main - INFO - 当前设定计算时间为： 2022-04-09
2022-07-01 10:48:32,991 - main - INFO - 开始处理是预报数据：2022-04-10
2022-07-01 10:48:33,003 - main - INFO - 220410   grid24_2022041008.024
2022-07-01 10:48:34,373 - main - INFO - 220411   grid24_2022041008.048
2022-07-01 10:48:37,313 - main - INFO - 220412   grid24_2022041008.072
2022-07-01 10:48:39,760 - main - INFO - 220413   grid24_2022041008.096
2022-07-01 10:48:41,072 - main - INFO - 220414   grid24_2022041008.120
2022-07-01 10:48:43,875 - main - INFO - 220415   grid24_2022041008.144
2022-07-01 10:48:45,184 - main - INFO - 220416   grid24_2022041008.168
2022-07-01 10:48:47,843 - main - INFO - 220417   grid24_2022041008.192
2022-07-01 10:48:49,032 - main - INFO - 220418   grid24_2022041008.216
2022-07-01 10:48:51,911 - main - INFO - 220419   grid24_2022041008.240
2022-07-01 10:48:54,235 - main - ERROR - can only concatenate str (not "datetime.datetime") to str
2022-07-01 10:50:19,355 - main - INFO - 开始处理是实况数据：2022-04-10
2022-07-01 10:50:19,369 - main - INFO - 当前设定计算时间为： 2022-04-09
2022-07-01 10:51:20,968 - main - INFO - 开始处理是预报数据：2022-04-10
2022-07-01 10:51:20,994 - main - INFO - 220410   grid24_2022041008.024
2022-07-01 10:51:23,327 - main - INFO - 220411   grid24_2022041008.048
2022-07-01 10:51:26,713 - main - INFO - 220412   grid24_2022041008.072
2022-07-01 10:51:28,101 - main - INFO - 220413   grid24_2022041008.096
2022-07-01 10:51:30,569 - main - INFO - 220414   grid24_2022041008.120
2022-07-01 10:51:32,021 - main - INFO - 220415   grid24_2022041008.144
2022-07-01 10:51:34,595 - main - INFO - 220416   grid24_2022041008.168
2022-07-01 10:51:36,209 - main - INFO - 220417   grid24_2022041008.192
2022-07-01 10:51:38,618 - main - INFO - 220418   grid24_2022041008.216
2022-07-01 10:51:40,333 - main - INFO - 220419   grid24_2022041008.240
2022-07-01 10:57:23,409 - main - INFO - 开始处理是实况数据：2022-04-10
2022-07-01 10:57:23,446 - main - INFO - 当前设定计算时间为： 2022-04-09
2022-07-01 10:58:28,948 - main - INFO - 开始处理是预报数据：2022-04-10
2022-07-01 10:58:28,974 - main - INFO - 220410   grid24_2022041008.024
2022-07-01 10:58:30,317 - main - INFO - 220411   grid24_2022041008.048
2022-07-01 10:58:32,114 - main - INFO - 220412   grid24_2022041008.072
2022-07-01 10:58:34,252 - main - INFO - 220413   grid24_2022041008.096
2022-07-01 10:58:35,511 - main - INFO - 220414   grid24_2022041008.120
2022-07-01 10:58:41,655 - main - INFO - 220415   grid24_2022041008.144
2022-07-01 10:58:42,922 - main - INFO - 220416   grid24_2022041008.168
2022-07-01 10:58:45,840 - main - INFO - 220417   grid24_2022041008.192
2022-07-01 10:58:47,118 - main - INFO - 220418   grid24_2022041008.216
2022-07-01 10:58:50,274 - main - INFO - 220419   grid24_2022041008.240
2022-07-01 10:59:14,460 - main - INFO - 开始处理是实况数据：2022-04-10
2022-07-01 10:59:14,469 - main - INFO - 当前设定计算时间为： 2022-04-09
2022-07-01 11:00:14,873 - main - INFO - 开始处理是预报数据：2022-04-10
2022-07-01 11:00:14,890 - main - INFO - 220410   grid24_2022041008.024
2022-07-01 11:00:16,413 - main - INFO - 220411   grid24_2022041008.048
2022-07-01 11:00:17,620 - main - INFO - 220412   grid24_2022041008.072
2022-07-01 11:00:20,714 - main - INFO - 220413   grid24_2022041008.096
2022-07-01 11:00:22,054 - main - INFO - 220414   grid24_2022041008.120
2022-07-01 11:00:24,740 - main - INFO - 220415   grid24_2022041008.144
2022-07-01 11:00:26,350 - main - INFO - 220416   grid24_2022041008.168
2022-07-01 11:00:28,747 - main - INFO - 220417   grid24_2022041008.192
2022-07-01 11:00:30,816 - main - INFO - 220418   grid24_2022041008.216
2022-07-01 11:00:32,750 - main - INFO - 220419   grid24_2022041008.240
2022-07-01 11:02:35,825 - main - INFO - 开始处理是实况数据：2022-04-10
2022-07-01 11:02:35,850 - main - INFO - 当前设定计算时间为： 2022-04-09
2022-07-01 11:03:28,338 - main - INFO - 开始处理是预报数据：2022-04-10
2022-07-01 11:03:28,348 - main - INFO - 220410   grid24_2022041008.024
2022-07-01 11:03:29,740 - main - INFO - 220411   grid24_2022041008.048
2022-07-01 11:03:32,447 - main - INFO - 220412   grid24_2022041008.072
2022-07-01 11:03:34,205 - main - INFO - 220413   grid24_2022041008.096
2022-07-01 11:03:37,974 - main - INFO - 220414   grid24_2022041008.120
2022-07-01 11:03:46,418 - main - INFO - 220415   grid24_2022041008.144
2022-07-01 11:03:50,058 - main - INFO - 220416   grid24_2022041008.168
2022-07-01 11:03:53,249 - main - INFO - 220417   grid24_2022041008.192
2022-07-01 11:03:54,526 - main - INFO - 220418   grid24_2022041008.216
2022-07-01 11:03:57,504 - main - INFO - 220419   grid24_2022041008.240
2022-07-01 11:06:15,911 - main - INFO - 开始处理是实况数据：2022-04-10
2022-07-01 11:06:15,970 - main - INFO - 当前设定计算时间为： 2022-04-09
2022-07-01 11:07:23,877 - main - INFO - 开始处理是预报数据：2022-04-10
2022-07-01 11:07:23,889 - main - INFO - 220410   grid24_2022041008.024
2022-07-01 11:07:25,143 - main - INFO - 220411   grid24_2022041008.048
2022-07-01 11:07:26,454 - main - INFO - 220412   grid24_2022041008.072
2022-07-01 11:07:29,005 - main - INFO - 220413   grid24_2022041008.096
2022-07-01 11:07:30,438 - main - INFO - 220414   grid24_2022041008.120
2022-07-01 11:07:31,818 - main - INFO - 220415   grid24_2022041008.144
2022-07-01 11:07:34,482 - main - INFO - 220416   grid24_2022041008.168
2022-07-01 11:07:36,277 - main - INFO - 220417   grid24_2022041008.192
2022-07-01 11:07:38,282 - main - INFO - 220418   grid24_2022041008.216
2022-07-01 11:07:39,592 - main - INFO - 220419   grid24_2022041008.240
2022-07-01 11:52:57,991 - main - INFO - 开始处理是实况数据：2022-04-10
2022-07-01 11:52:58,024 - main - INFO - 当前设定计算时间为： 2022-04-09
2022-07-01 11:53:45,504 - main - INFO - 开始处理是预报数据：2022-04-10
2022-07-01 11:53:45,532 - main - INFO - 220410   grid24_2022041008.024
2022-07-01 11:53:46,964 - main - INFO - 220411   grid24_2022041008.048
2022-07-01 11:53:48,673 - main - INFO - 220412   grid24_2022041008.072
2022-07-01 11:53:51,934 - main - INFO - 220413   grid24_2022041008.096
2022-07-01 11:53:55,149 - main - INFO - 220414   grid24_2022041008.120
2022-07-01 11:53:56,599 - main - INFO - 220415   grid24_2022041008.144
2022-07-01 11:53:59,570 - main - INFO - 220416   grid24_2022041008.168
2022-07-01 11:54:01,149 - main - INFO - 220417   grid24_2022041008.192
2022-07-01 11:54:03,856 - main - INFO - 220418   grid24_2022041008.216
2022-07-01 11:54:05,214 - main - INFO - 220419   grid24_2022041008.240
2022-07-01 12:45:30,393 - main - INFO - 开始处理是实况数据：2022-04-10
2022-07-01 12:45:30,403 - main - INFO - 当前设定计算时间为： 2022-04-09
2022-07-01 12:46:02,334 - main - INFO - 开始处理是预报数据：2022-04-10
2022-07-01 12:46:02,341 - main - INFO - 220410   grid24_2022041008.024
2022-07-01 12:46:03,716 - main - INFO - 220411   grid24_2022041008.048
2022-07-01 12:46:05,722 - main - INFO - 220412   grid24_2022041008.072
2022-07-01 12:46:09,213 - main - INFO - 220413   grid24_2022041008.096
2022-07-01 12:46:10,477 - main - INFO - 220414   grid24_2022041008.120
2022-07-01 12:46:13,214 - main - INFO - 220415   grid24_2022041008.144
2022-07-01 12:46:14,363 - main - INFO - 220416   grid24_2022041008.168
2022-07-01 12:46:17,222 - main - INFO - 220417   grid24_2022041008.192
2022-07-01 12:46:18,418 - main - INFO - 220418   grid24_2022041008.216
2022-07-01 12:46:21,221 - main - INFO - 220419   grid24_2022041008.240
2022-07-01 12:47:31,237 - main - INFO - 开始处理是实况数据：2022-04-10
2022-07-01 12:47:31,254 - main - INFO - 当前设定计算时间为： 2022-04-09
2022-07-01 12:48:23,567 - main - INFO - 开始处理是预报数据：2022-04-10
2022-07-01 12:48:23,575 - main - INFO - 220410   grid24_2022041008.024
2022-07-01 12:48:24,778 - main - INFO - 220411   grid24_2022041008.048
2022-07-01 12:48:27,950 - main - INFO - 220412   grid24_2022041008.072
2022-07-01 12:48:29,211 - main - INFO - 220413   grid24_2022041008.096
2022-07-01 12:48:31,828 - main - INFO - 220414   grid24_2022041008.120
2022-07-01 12:48:33,149 - main - INFO - 220415   grid24_2022041008.144
2022-07-01 12:48:35,904 - main - INFO - 220416   grid24_2022041008.168
2022-07-01 12:48:37,141 - main - INFO - 220417   grid24_2022041008.192
2022-07-01 12:48:40,122 - main - INFO - 220418   grid24_2022041008.216
2022-07-01 12:48:41,513 - main - INFO - 220419   grid24_2022041008.240
2022-07-01 13:44:35,703 - main - INFO - 开始处理是实况数据：2022-04-10
2022-07-01 13:44:35,739 - main - INFO - 当前设定计算时间为： 2022-04-09
2022-07-01 13:45:30,874 - main - INFO - 开始处理是预报数据：2022-04-10
2022-07-01 13:45:30,881 - main - INFO - 220410   grid24_2022041008.024
2022-07-01 13:45:32,468 - main - INFO - 220411   grid24_2022041008.048
2022-07-01 13:45:35,401 - main - INFO - 220412   grid24_2022041008.072
2022-07-01 13:45:36,723 - main - INFO - 220413   grid24_2022041008.096
2022-07-01 13:45:39,544 - main - INFO - 220414   grid24_2022041008.120
2022-07-01 13:45:41,327 - main - INFO - 220415   grid24_2022041008.144
2022-07-01 13:45:43,562 - main - INFO - 220416   grid24_2022041008.168
2022-07-01 13:45:44,839 - main - INFO - 220417   grid24_2022041008.192
2022-07-01 13:45:47,512 - main - INFO - 220418   grid24_2022041008.216
2022-07-01 13:45:48,912 - main - INFO - 220419   grid24_2022041008.240
2022-07-01 13:45:51,997 - main - ERROR - an integer is required (got type datetime.datetime)
2022-07-01 13:46:54,508 - main - INFO - 开始处理是实况数据：2022-04-10
2022-07-01 13:46:54,545 - main - INFO - 当前设定计算时间为： 2022-04-09
2022-07-01 13:47:53,674 - main - INFO - 开始处理是预报数据：2022-04-10
2022-07-01 13:47:53,702 - main - INFO - 220410   grid24_2022041008.024
2022-07-01 13:47:55,010 - main - INFO - 220411   grid24_2022041008.048
2022-07-01 13:47:58,206 - main - INFO - 220412   grid24_2022041008.072
2022-07-01 13:47:59,798 - main - INFO - 220413   grid24_2022041008.096
2022-07-01 13:48:02,106 - main - INFO - 220414   grid24_2022041008.120
2022-07-01 13:48:03,406 - main - INFO - 220415   grid24_2022041008.144
2022-07-01 13:48:06,065 - main - INFO - 220416   grid24_2022041008.168
2022-07-01 13:48:07,392 - main - INFO - 220417   grid24_2022041008.192
2022-07-01 13:48:10,245 - main - INFO - 220418   grid24_2022041008.216
2022-07-01 13:48:11,819 - main - INFO - 220419   grid24_2022041008.240
2022-07-01 14:36:59,966 - main - INFO - 开始处理是实况数据：2022-04-10
2022-07-01 14:37:00,002 - main - INFO - 当前设定计算时间为： 2022-04-09
2022-07-01 14:37:44,755 - main - INFO - 开始处理是预报数据：2022-04-10
2022-07-01 14:37:44,763 - main - INFO - 220410   grid24_2022041008.024
2022-07-01 14:37:45,931 - main - INFO - 220411   grid24_2022041008.048
2022-07-01 14:37:48,812 - main - INFO - 220412   grid24_2022041008.072
2022-07-01 14:37:50,010 - main - INFO - 220413   grid24_2022041008.096
2022-07-01 14:37:52,582 - main - INFO - 220414   grid24_2022041008.120
2022-07-01 14:37:53,725 - main - INFO - 220415   grid24_2022041008.144
2022-07-01 14:37:56,804 - main - INFO - 220416   grid24_2022041008.168
2022-07-01 14:37:58,095 - main - INFO - 220417   grid24_2022041008.192
2022-07-01 14:38:00,697 - main - INFO - 220418   grid24_2022041008.216
2022-07-01 14:38:01,932 - main - INFO - 220419   grid24_2022041008.240
2022-07-01 14:38:08,896 - main - ERROR - '<' not supported between instances of 'datetime.datetime' and 'str'
2022-07-01 14:38:48,735 - main - INFO - 开始处理是实况数据：2022-04-10
2022-07-01 14:38:48,770 - main - INFO - 当前设定计算时间为： 2022-04-09
2022-07-01 14:39:41,121 - main - INFO - 开始处理是预报数据：2022-04-10
2022-07-01 14:39:41,148 - main - INFO - 220410   grid24_2022041008.024
2022-07-01 14:39:42,422 - main - INFO - 220411   grid24_2022041008.048
2022-07-01 14:39:43,546 - main - INFO - 220412   grid24_2022041008.072
2022-07-01 14:39:45,121 - main - INFO - 220413   grid24_2022041008.096
2022-07-01 14:39:47,157 - main - INFO - 220414   grid24_2022041008.120
2022-07-01 14:39:48,589 - main - INFO - 220415   grid24_2022041008.144
2022-07-01 14:39:51,328 - main - INFO - 220416   grid24_2022041008.168
2022-07-01 14:39:53,091 - main - INFO - 220417   grid24_2022041008.192
2022-07-01 14:39:55,144 - main - INFO - 220418   grid24_2022041008.216
2022-07-01 14:39:56,488 - main - INFO - 220419   grid24_2022041008.240
2022-07-01 14:40:03,420 - main - ERROR - '<' not supported between instances of 'datetime.datetime' and 'str'
2022-07-01 14:40:30,982 - main - INFO - 开始处理是实况数据：2022-04-10
2022-07-01 14:40:30,998 - main - INFO - 当前设定计算时间为： 2022-04-09
2022-07-01 14:41:25,856 - main - INFO - 开始处理是预报数据：2022-04-10
2022-07-01 14:41:25,883 - main - INFO - 220410   grid24_2022041008.024
2022-07-01 14:41:27,461 - main - INFO - 220411   grid24_2022041008.048
2022-07-01 14:41:28,636 - main - INFO - 220412   grid24_2022041008.072
2022-07-01 14:41:31,770 - main - INFO - 220413   grid24_2022041008.096
2022-07-01 14:41:33,246 - main - INFO - 220414   grid24_2022041008.120
2022-07-01 14:41:35,636 - main - INFO - 220415   grid24_2022041008.144
2022-07-01 14:41:36,792 - main - INFO - 220416   grid24_2022041008.168
2022-07-01 14:41:39,740 - main - INFO - 220417   grid24_2022041008.192
2022-07-01 14:41:40,884 - main - INFO - 220418   grid24_2022041008.216
2022-07-01 14:41:43,403 - main - INFO - 220419   grid24_2022041008.240
2022-07-01 14:42:09,604 - main - ERROR - '<' not supported between instances of 'datetime.datetime' and 'str'
2022-07-01 14:42:28,360 - main - INFO - 开始处理是实况数据：2022-04-10
2022-07-01 14:42:28,387 - main - INFO - 当前设定计算时间为： 2022-04-09
2022-07-01 14:43:20,336 - main - INFO - 开始处理是预报数据：2022-04-10
2022-07-01 14:43:20,343 - main - INFO - 220410   grid24_2022041008.024
2022-07-01 14:43:21,526 - main - INFO - 220411   grid24_2022041008.048
2022-07-01 14:43:22,892 - main - INFO - 220412   grid24_2022041008.072
2022-07-01 14:43:24,679 - main - INFO - 220413   grid24_2022041008.096
2022-07-01 14:43:28,293 - main - INFO - 220414   grid24_2022041008.120
2022-07-01 14:43:29,451 - main - INFO - 220415   grid24_2022041008.144
2022-07-01 14:43:32,216 - main - INFO - 220416   grid24_2022041008.168
2022-07-01 14:43:33,435 - main - INFO - 220417   grid24_2022041008.192
2022-07-01 14:43:36,288 - main - INFO - 220418   grid24_2022041008.216
2022-07-01 14:43:37,971 - main - INFO - 220419   grid24_2022041008.240
2022-07-01 15:05:31,135 - main - INFO - 开始处理是实况数据：2022-04-10
2022-07-01 15:05:31,181 - main - INFO - 当前设定计算时间为： 2022-04-09
2022-07-01 15:06:34,526 - main - INFO - 开始处理是预报数据：2022-04-10
2022-07-01 15:06:34,553 - main - INFO - 220410   grid24_2022041008.024
2022-07-01 15:06:35,882 - main - INFO - 220411   grid24_2022041008.048
2022-07-01 15:06:37,359 - main - INFO - 220412   grid24_2022041008.072
2022-07-01 15:06:40,277 - main - INFO - 220413   grid24_2022041008.096
2022-07-01 15:06:41,667 - main - INFO - 220414   grid24_2022041008.120
2022-07-01 15:06:44,647 - main - INFO - 220415   grid24_2022041008.144
2022-07-01 15:06:45,965 - main - INFO - 220416   grid24_2022041008.168
2022-07-01 15:06:48,410 - main - INFO - 220417   grid24_2022041008.192
2022-07-01 15:06:49,630 - main - INFO - 220418   grid24_2022041008.216
2022-07-01 15:06:52,638 - main - INFO - 220419   grid24_2022041008.240
2022-07-01 15:06:58,208 - main - ERROR - local variable 'region_begin_rainy_day' referenced before assignment
2022-07-01 15:07:48,686 - main - INFO - 开始处理是实况数据：2022-04-10
2022-07-01 15:07:48,694 - main - INFO - 当前设定计算时间为： 2022-04-09
2022-07-01 15:08:40,001 - main - INFO - 开始处理是预报数据：2022-04-10
2022-07-01 15:08:40,021 - main - INFO - 220410   grid24_2022041008.024
2022-07-01 15:08:41,357 - main - INFO - 220411   grid24_2022041008.048
2022-07-01 15:08:42,749 - main - INFO - 220412   grid24_2022041008.072
2022-07-01 15:08:45,219 - main - INFO - 220413   grid24_2022041008.096
2022-07-01 15:08:46,513 - main - INFO - 220414   grid24_2022041008.120
2022-07-01 15:08:49,359 - main - INFO - 220415   grid24_2022041008.144
2022-07-01 15:08:50,620 - main - INFO - 220416   grid24_2022041008.168
2022-07-01 15:08:53,451 - main - INFO - 220417   grid24_2022041008.192
2022-07-01 15:08:55,250 - main - INFO - 220418   grid24_2022041008.216
2022-07-01 15:08:59,076 - main - INFO - 220419   grid24_2022041008.240
2022-07-01 15:09:11,230 - main - INFO - 开始处理是实况数据：2022-04-10
2022-07-01 15:09:11,246 - main - INFO - 当前设定计算时间为： 2022-04-09
2022-07-01 15:09:52,452 - main - INFO - 开始处理是预报数据：2022-04-10
2022-07-01 15:09:52,460 - main - INFO - 220410   grid24_2022041008.024
2022-07-01 15:09:53,645 - main - INFO - 220411   grid24_2022041008.048
2022-07-01 15:09:55,110 - main - INFO - 220412   grid24_2022041008.072
2022-07-01 15:09:57,451 - main - INFO - 220413   grid24_2022041008.096
2022-07-01 15:09:58,614 - main - INFO - 220414   grid24_2022041008.120
2022-07-01 15:10:01,521 - main - INFO - 220415   grid24_2022041008.144
2022-07-01 15:10:02,774 - main - INFO - 220416   grid24_2022041008.168
2022-07-01 15:10:05,178 - main - INFO - 220417   grid24_2022041008.192
2022-07-01 15:10:06,467 - main - INFO - 220418   grid24_2022041008.216
2022-07-01 15:10:09,560 - main - INFO - 220419   grid24_2022041008.240
2022-07-01 15:10:14,955 - main - ERROR - unsupported operand type(s) for -: 'NoneType' and 'NoneType'
2022-07-01 15:10:28,120 - main - INFO - 开始处理是实况数据：2022-04-10
2022-07-01 15:10:28,163 - main - INFO - 当前设定计算时间为： 2022-04-09
2022-07-01 15:11:19,139 - main - INFO - 开始处理是预报数据：2022-04-10
2022-07-01 15:11:19,147 - main - INFO - 220410   grid24_2022041008.024
2022-07-01 15:11:20,543 - main - INFO - 220411   grid24_2022041008.048
2022-07-01 15:11:22,467 - main - INFO - 220412   grid24_2022041008.072
2022-07-01 15:11:23,959 - main - INFO - 220413   grid24_2022041008.096
2022-07-01 15:11:25,332 - main - INFO - 220414   grid24_2022041008.120
2022-07-01 15:11:27,967 - main - INFO - 220415   grid24_2022041008.144
2022-07-01 15:11:29,091 - main - INFO - 220416   grid24_2022041008.168
2022-07-01 15:11:31,913 - main - INFO - 220417   grid24_2022041008.192
2022-07-01 15:11:33,044 - main - INFO - 220418   grid24_2022041008.216
2022-07-01 15:11:35,878 - main - INFO - 220419   grid24_2022041008.240
2022-07-01 15:16:22,492 - main - INFO - 开始处理是实况数据：2022-04-10
2022-07-01 15:16:22,507 - main - INFO - 当前设定计算时间为： 2022-04-09
2022-07-01 15:17:03,241 - main - INFO - 开始处理是预报数据：2022-04-10
2022-07-01 15:17:03,269 - main - INFO - 220410   grid24_2022041008.024
2022-07-01 15:17:04,599 - main - INFO - 220411   grid24_2022041008.048
2022-07-01 15:17:07,786 - main - INFO - 220412   grid24_2022041008.072
2022-07-01 15:17:09,147 - main - INFO - 220413   grid24_2022041008.096
2022-07-01 15:17:11,759 - main - INFO - 220414   grid24_2022041008.120
2022-07-01 15:17:13,063 - main - INFO - 220415   grid24_2022041008.144
2022-07-01 15:17:15,819 - main - INFO - 220416   grid24_2022041008.168
2022-07-01 15:17:17,236 - main - INFO - 220417   grid24_2022041008.192
2022-07-01 15:17:19,737 - main - INFO - 220418   grid24_2022041008.216
2022-07-01 15:17:21,064 - main - INFO - 220419   grid24_2022041008.240
2022-07-01 15:18:56,474 - main - INFO - 开始处理是实况数据：2022-04-10
2022-07-01 15:18:56,511 - main - INFO - 当前设定计算时间为： 2022-04-09
2022-07-01 15:19:35,229 - main - INFO - 开始处理是预报数据：2022-04-10
2022-07-01 15:19:35,235 - main - INFO - 220410   grid24_2022041008.024
2022-07-01 15:19:36,360 - main - INFO - 220411   grid24_2022041008.048
2022-07-01 15:19:37,494 - main - INFO - 220412   grid24_2022041008.072
2022-07-01 15:19:40,840 - main - INFO - 220413   grid24_2022041008.096
2022-07-01 15:19:42,725 - main - INFO - 220414   grid24_2022041008.120
2022-07-01 15:19:44,347 - main - INFO - 220415   grid24_2022041008.144
2022-07-01 15:19:45,668 - main - INFO - 220416   grid24_2022041008.168
2022-07-01 15:19:48,431 - main - INFO - 220417   grid24_2022041008.192
2022-07-01 15:19:49,556 - main - INFO - 220418   grid24_2022041008.216
2022-07-01 15:19:52,070 - main - INFO - 220419   grid24_2022041008.240
2022-07-01 15:19:57,424 - main - ERROR - tuple index out of range
2022-07-01 15:20:29,466 - main - INFO - 开始处理是实况数据：2022-04-10
2022-07-01 15:20:29,501 - main - INFO - 当前设定计算时间为： 2022-04-09
2022-07-01 15:21:24,020 - main - INFO - 开始处理是预报数据：2022-04-10
2022-07-01 15:21:24,047 - main - INFO - 220410   grid24_2022041008.024
2022-07-01 15:21:25,328 - main - INFO - 220411   grid24_2022041008.048
2022-07-01 15:21:26,808 - main - INFO - 220412   grid24_2022041008.072
2022-07-01 15:21:28,865 - main - INFO - 220413   grid24_2022041008.096
2022-07-01 15:21:29,988 - main - INFO - 220414   grid24_2022041008.120
2022-07-01 15:21:32,939 - main - INFO - 220415   grid24_2022041008.144
2022-07-01 15:21:34,088 - main - INFO - 220416   grid24_2022041008.168
2022-07-01 15:21:37,119 - main - INFO - 220417   grid24_2022041008.192
2022-07-01 15:21:40,313 - main - INFO - 220418   grid24_2022041008.216
2022-07-01 15:21:41,615 - main - INFO - 220419   grid24_2022041008.240
2022-07-01 15:28:55,816 - main - INFO - 开始处理是实况数据：2022-04-10
2022-07-01 15:28:55,835 - main - INFO - 当前设定计算时间为： 2022-04-09
2022-07-01 15:29:45,709 - main - INFO - 开始处理是预报数据：2022-04-10
2022-07-01 15:29:45,743 - main - INFO - 220410   grid24_2022041008.024
2022-07-01 15:29:47,318 - main - INFO - 220411   grid24_2022041008.048
2022-07-01 15:29:49,207 - main - INFO - 220412   grid24_2022041008.072
2022-07-01 15:29:51,431 - main - INFO - 220413   grid24_2022041008.096
2022-07-01 15:29:52,768 - main - INFO - 220414   grid24_2022041008.120
2022-07-01 15:29:55,477 - main - INFO - 220415   grid24_2022041008.144
2022-07-01 15:29:57,069 - main - INFO - 220416   grid24_2022041008.168
2022-07-01 15:29:59,473 - main - INFO - 220417   grid24_2022041008.192
2022-07-01 15:30:00,764 - main - INFO - 220418   grid24_2022041008.216
2022-07-01 15:30:03,526 - main - INFO - 220419   grid24_2022041008.240
2022-07-01 15:31:00,647 - main - ERROR - unsupported operand type(s) for -: 'str' and 'str'
2022-07-01 15:32:22,849 - main - INFO - 开始处理是实况数据：2022-04-10
2022-07-01 15:32:22,867 - main - INFO - 当前设定计算时间为： 2022-04-09
2022-07-01 15:33:31,274 - main - INFO - 开始处理是预报数据：2022-04-10
2022-07-01 15:33:31,284 - main - INFO - 220410   grid24_2022041008.024
2022-07-01 15:33:32,638 - main - INFO - 220411   grid24_2022041008.048
2022-07-01 15:33:33,807 - main - INFO - 220412   grid24_2022041008.072
2022-07-01 15:33:36,450 - main - INFO - 220413   grid24_2022041008.096
2022-07-01 15:33:37,631 - main - INFO - 220414   grid24_2022041008.120
2022-07-01 15:33:40,586 - main - INFO - 220415   grid24_2022041008.144
2022-07-01 15:33:41,884 - main - INFO - 220416   grid24_2022041008.168
2022-07-01 15:33:44,431 - main - INFO - 220417   grid24_2022041008.192
2022-07-01 15:33:45,818 - main - INFO - 220418   grid24_2022041008.216
2022-07-01 15:33:48,631 - main - INFO - 220419   grid24_2022041008.240
2022-07-01 15:45:03,959 - main - INFO - 开始处理是实况数据：2022-04-10
2022-07-01 15:45:04,124 - main - INFO - 当前设定计算时间为： 2022-04-09
2022-07-01 15:45:57,780 - main - INFO - 开始处理是预报数据：2022-04-10
2022-07-01 15:45:57,790 - main - INFO - 220410   grid24_2022041008.024
2022-07-01 15:45:59,020 - main - INFO - 220411   grid24_2022041008.048
2022-07-01 15:46:02,201 - main - INFO - 220412   grid24_2022041008.072
2022-07-01 15:46:05,844 - main - INFO - 220413   grid24_2022041008.096
2022-07-01 15:46:07,168 - main - INFO - 220414   grid24_2022041008.120
2022-07-01 15:46:10,095 - main - INFO - 220415   grid24_2022041008.144
2022-07-01 15:46:11,333 - main - INFO - 220416   grid24_2022041008.168
2022-07-01 15:46:14,072 - main - INFO - 220417   grid24_2022041008.192
2022-07-01 15:46:15,358 - main - INFO - 220418   grid24_2022041008.216
2022-07-01 15:46:17,961 - main - INFO - 220419   grid24_2022041008.240
2022-07-01 15:49:53,573 - main - INFO - 开始处理是实况数据：2022-04-10
2022-07-01 15:49:53,608 - main - INFO - 当前设定计算时间为： 2022-04-09
2022-07-01 15:50:47,073 - main - INFO - 开始处理是实况数据：2022-04-10
2022-07-01 15:50:47,107 - main - INFO - 当前设定计算时间为： 2022-04-09
2022-07-01 15:51:37,443 - main - INFO - 开始处理是预报数据：2022-04-10
2022-07-01 15:51:37,455 - main - INFO - 220410   grid24_2022041008.024
2022-07-01 15:51:38,769 - main - INFO - 220411   grid24_2022041008.048
2022-07-01 15:51:41,840 - main - INFO - 220412   grid24_2022041008.072
2022-07-01 15:51:43,442 - main - INFO - 220413   grid24_2022041008.096
2022-07-01 15:51:45,798 - main - INFO - 220414   grid24_2022041008.120
2022-07-01 15:51:47,006 - main - INFO - 220415   grid24_2022041008.144
2022-07-01 15:51:49,709 - main - INFO - 220416   grid24_2022041008.168
2022-07-01 15:51:50,850 - main - INFO - 220417   grid24_2022041008.192
2022-07-01 15:51:53,330 - main - INFO - 220418   grid24_2022041008.216
2022-07-01 15:51:54,476 - main - INFO - 220419   grid24_2022041008.240
2022-07-01 15:52:00,282 - main - ERROR - 'NoneType' object is not iterable
2022-07-01 15:54:35,657 - main - INFO - 开始处理是实况数据：2022-04-10
2022-07-01 15:54:35,674 - main - INFO - 当前设定计算时间为： 2022-04-09
2022-07-01 15:55:37,197 - main - INFO - 开始处理是预报数据：2022-04-10
2022-07-01 15:55:37,210 - main - INFO - 220410   grid24_2022041008.024
2022-07-01 15:55:38,562 - main - INFO - 220411   grid24_2022041008.048
2022-07-01 15:55:39,902 - main - INFO - 220412   grid24_2022041008.072
2022-07-01 15:55:42,898 - main - INFO - 220413   grid24_2022041008.096
2022-07-01 15:55:45,923 - main - INFO - 220414   grid24_2022041008.120
2022-07-01 15:55:47,051 - main - INFO - 220415   grid24_2022041008.144
2022-07-01 15:55:48,188 - main - INFO - 220416   grid24_2022041008.168
2022-07-01 15:55:50,667 - main - INFO - 220417   grid24_2022041008.192
2022-07-01 15:55:51,807 - main - INFO - 220418   grid24_2022041008.216
2022-07-01 15:55:55,010 - main - INFO - 220419   grid24_2022041008.240
2022-07-01 15:56:00,387 - main - ERROR - 'NoneType' object is not iterable
2022-07-01 15:56:31,854 - main - INFO - 开始处理是实况数据：2022-04-10
2022-07-01 15:56:32,454 - main - INFO - 当前设定计算时间为： 2022-04-09
2022-07-01 15:57:28,805 - main - INFO - 开始处理是预报数据：2022-04-10
2022-07-01 15:57:28,842 - main - INFO - 220410   grid24_2022041008.024
2022-07-01 15:57:30,318 - main - INFO - 220411   grid24_2022041008.048
2022-07-01 15:57:31,670 - main - INFO - 220412   grid24_2022041008.072
2022-07-01 15:57:33,321 - main - INFO - 220413   grid24_2022041008.096
2022-07-01 15:57:35,219 - main - INFO - 220414   grid24_2022041008.120
2022-07-01 15:57:36,480 - main - INFO - 220415   grid24_2022041008.144
2022-07-01 15:57:39,502 - main - INFO - 220416   grid24_2022041008.168
2022-07-01 15:57:41,042 - main - INFO - 220417   grid24_2022041008.192
2022-07-01 15:57:43,478 - main - INFO - 220418   grid24_2022041008.216
2022-07-01 15:57:45,255 - main - INFO - 220419   grid24_2022041008.240
2022-07-01 15:59:05,694 - main - INFO - 开始处理是实况数据：2022-04-10
2022-07-01 15:59:05,745 - main - INFO - 当前设定计算时间为： 2022-04-09
2022-07-01 16:00:12,393 - main - INFO - 开始处理是预报数据：2022-04-10
2022-07-01 16:00:12,407 - main - INFO - 220410   grid24_2022041008.024
2022-07-01 16:00:13,685 - main - INFO - 220411   grid24_2022041008.048
2022-07-01 16:00:15,759 - main - INFO - 220412   grid24_2022041008.072
2022-07-01 16:00:18,190 - main - INFO - 220413   grid24_2022041008.096
2022-07-01 16:00:19,486 - main - INFO - 220414   grid24_2022041008.120
2022-07-01 16:00:22,177 - main - INFO - 220415   grid24_2022041008.144
2022-07-01 16:00:23,368 - main - INFO - 220416   grid24_2022041008.168
2022-07-01 16:00:26,282 - main - INFO - 220417   grid24_2022041008.192
2022-07-01 16:00:27,733 - main - INFO - 220418   grid24_2022041008.216
2022-07-01 16:00:30,876 - main - INFO - 220419   grid24_2022041008.240
2022-07-01 16:00:37,853 - main - ERROR - 'NoneType' object is not iterable
2022-07-01 16:00:59,915 - main - INFO - 开始处理是实况数据：2022-04-10
2022-07-01 16:00:59,928 - main - INFO - 当前设定计算时间为： 2022-04-09
2022-07-01 16:01:45,186 - main - INFO - 开始处理是预报数据：2022-04-10
2022-07-01 16:01:45,195 - main - INFO - 220410   grid24_2022041008.024
2022-07-01 16:01:46,556 - main - INFO - 220411   grid24_2022041008.048
2022-07-01 16:01:48,148 - main - INFO - 220412   grid24_2022041008.072
2022-07-01 16:01:50,679 - main - INFO - 220413   grid24_2022041008.096
2022-07-01 16:01:52,444 - main - INFO - 220414   grid24_2022041008.120
2022-07-01 16:01:56,237 - main - INFO - 220415   grid24_2022041008.144
2022-07-01 16:01:57,554 - main - INFO - 220416   grid24_2022041008.168
2022-07-01 16:02:00,460 - main - INFO - 220417   grid24_2022041008.192
2022-07-01 16:02:01,780 - main - INFO - 220418   grid24_2022041008.216
2022-07-01 16:02:04,628 - main - INFO - 220419   grid24_2022041008.240
2022-07-01 16:02:09,994 - main - ERROR - 'NoneType' object is not iterable
2022-07-01 16:02:16,253 - main - INFO - 开始处理是实况数据：2022-04-10
2022-07-01 16:02:16,269 - main - INFO - 当前设定计算时间为： 2022-04-09
2022-07-01 16:03:20,131 - main - INFO - 开始处理是预报数据：2022-04-10
2022-07-01 16:03:20,136 - main - INFO - 220410   grid24_2022041008.024
2022-07-01 16:03:21,395 - main - INFO - 220411   grid24_2022041008.048
2022-07-01 16:03:23,110 - main - INFO - 220412   grid24_2022041008.072
2022-07-01 16:03:25,002 - main - INFO - 220413   grid24_2022041008.096
2022-07-01 16:03:26,245 - main - INFO - 220414   grid24_2022041008.120
2022-07-01 16:03:28,832 - main - INFO - 220415   grid24_2022041008.144
2022-07-01 16:03:29,986 - main - INFO - 220416   grid24_2022041008.168
2022-07-01 16:03:34,130 - main - INFO - 220417   grid24_2022041008.192
2022-07-01 16:03:35,376 - main - INFO - 220418   grid24_2022041008.216
2022-07-01 16:03:37,362 - main - INFO - 220419   grid24_2022041008.240
2022-07-01 16:04:47,131 - main - INFO - 开始处理是实况数据：2022-04-10
2022-07-01 16:04:47,163 - main - INFO - 当前设定计算时间为： 2022-04-09
2022-07-01 16:06:03,763 - main - INFO - 开始处理是预报数据：2022-04-10
2022-07-01 16:06:03,791 - main - INFO - 220410   grid24_2022041008.024
2022-07-01 16:06:05,292 - main - INFO - 220411   grid24_2022041008.048
2022-07-01 16:06:06,611 - main - INFO - 220412   grid24_2022041008.072
2022-07-01 16:06:09,711 - main - INFO - 220413   grid24_2022041008.096
2022-07-01 16:06:11,201 - main - INFO - 220414   grid24_2022041008.120
2022-07-01 16:06:13,710 - main - INFO - 220415   grid24_2022041008.144
2022-07-01 16:06:14,969 - main - INFO - 220416   grid24_2022041008.168
2022-07-01 16:06:17,803 - main - INFO - 220417   grid24_2022041008.192
2022-07-01 16:06:19,111 - main - INFO - 220418   grid24_2022041008.216
2022-07-01 16:06:21,730 - main - INFO - 220419   grid24_2022041008.240
2022-07-01 16:08:06,740 - main - INFO - 开始处理是实况数据：2022-04-10
2022-07-01 16:08:06,783 - main - INFO - 当前设定计算时间为： 2022-04-09
2022-07-01 16:09:11,480 - main - INFO - 开始处理是预报数据：2022-04-10
2022-07-01 16:09:11,513 - main - INFO - 220410   grid24_2022041008.024
2022-07-01 16:09:12,950 - main - INFO - 220411   grid24_2022041008.048
2022-07-01 16:09:15,090 - main - INFO - 220412   grid24_2022041008.072
2022-07-01 16:09:16,589 - main - INFO - 220413   grid24_2022041008.096
2022-07-01 16:09:18,392 - main - INFO - 220414   grid24_2022041008.120
2022-07-01 16:09:20,312 - main - INFO - 220415   grid24_2022041008.144
2022-07-01 16:09:21,534 - main - INFO - 220416   grid24_2022041008.168
2022-07-01 16:09:24,328 - main - INFO - 220417   grid24_2022041008.192
2022-07-01 16:09:25,655 - main - INFO - 220418   grid24_2022041008.216
2022-07-01 16:09:28,443 - main - INFO - 220419   grid24_2022041008.240
2022-07-01 16:09:33,578 - main - ERROR - 'NoneType' object is not iterable
2022-07-01 16:10:42,212 - main - INFO - 开始处理是实况数据：2022-04-10
2022-07-01 16:10:42,248 - main - INFO - 当前设定计算时间为： 2022-04-09
2022-07-01 16:11:02,109 - main - INFO - 开始处理是实况数据：2022-04-10
2022-07-01 16:11:02,116 - main - INFO - 当前设定计算时间为： 2022-04-09
2022-07-01 16:11:50,839 - main - INFO - 开始处理是预报数据：2022-04-10
2022-07-01 16:11:50,866 - main - INFO - 220410   grid24_2022041008.024
2022-07-01 16:11:52,274 - main - INFO - 220411   grid24_2022041008.048
2022-07-01 16:11:53,424 - main - INFO - 220412   grid24_2022041008.072
2022-07-01 16:11:56,375 - main - INFO - 220413   grid24_2022041008.096
2022-07-01 16:11:57,517 - main - INFO - 220414   grid24_2022041008.120
2022-07-01 16:11:59,571 - main - INFO - 220415   grid24_2022041008.144
2022-07-01 16:12:01,011 - main - INFO - 220416   grid24_2022041008.168
2022-07-01 16:12:02,341 - main - INFO - 220417   grid24_2022041008.192
2022-07-01 16:12:04,761 - main - INFO - 220418   grid24_2022041008.216
2022-07-01 16:12:06,002 - main - INFO - 220419   grid24_2022041008.240
2022-07-01 16:12:12,936 - main - ERROR - 'NoneType' object is not iterable
2022-07-01 16:14:35,123 - main - INFO - 开始处理是实况数据：2022-04-10
2022-07-01 16:14:35,161 - main - INFO - 当前设定计算时间为： 2022-04-09
2022-07-01 16:15:20,205 - main - INFO - 开始处理是预报数据：2022-04-10
2022-07-01 16:15:20,221 - main - INFO - 220410   grid24_2022041008.024
2022-07-01 16:15:21,491 - main - INFO - 220411   grid24_2022041008.048
2022-07-01 16:15:22,922 - main - INFO - 220412   grid24_2022041008.072
2022-07-01 16:15:26,322 - main - INFO - 220413   grid24_2022041008.096
2022-07-01 16:15:28,670 - main - INFO - 220414   grid24_2022041008.120
2022-07-01 16:15:30,228 - main - INFO - 220415   grid24_2022041008.144
2022-07-01 16:15:31,488 - main - INFO - 220416   grid24_2022041008.168
2022-07-01 16:15:34,277 - main - INFO - 220417   grid24_2022041008.192
2022-07-01 16:15:35,822 - main - INFO - 220418   grid24_2022041008.216
2022-07-01 16:15:38,250 - main - INFO - 220419   grid24_2022041008.240
2022-07-01 16:17:57,334 - main - INFO - 开始处理是实况数据：2022-04-10
2022-07-01 16:17:57,342 - main - INFO - 当前设定计算时间为： 2022-04-09
2022-07-01 16:18:56,048 - main - INFO - 开始处理是预报数据：2022-04-10
2022-07-01 16:18:56,055 - main - INFO - 220410   grid24_2022041008.024
2022-07-01 16:18:57,274 - main - INFO - 220411   grid24_2022041008.048
2022-07-01 16:18:58,481 - main - INFO - 220412   grid24_2022041008.072
2022-07-01 16:19:01,160 - main - INFO - 220413   grid24_2022041008.096
2022-07-01 16:19:02,352 - main - INFO - 220414   grid24_2022041008.120
2022-07-01 16:19:05,131 - main - INFO - 220415   grid24_2022041008.144
2022-07-01 16:19:06,422 - main - INFO - 220416   grid24_2022041008.168
2022-07-01 16:19:08,959 - main - INFO - 220417   grid24_2022041008.192
2022-07-01 16:19:10,288 - main - INFO - 220418   grid24_2022041008.216
2022-07-01 16:19:13,453 - main - INFO - 220419   grid24_2022041008.240
2022-07-01 16:19:19,356 - main - ERROR - 'NoneType' object is not iterable
2022-07-01 16:19:23,560 - main - INFO - 开始处理是实况数据：2022-04-10
2022-07-01 16:19:23,598 - main - INFO - 当前设定计算时间为： 2022-04-09
2022-07-01 16:20:30,965 - main - INFO - 开始处理是预报数据：2022-04-10
2022-07-01 16:20:30,995 - main - INFO - 220410   grid24_2022041008.024
2022-07-01 16:20:32,320 - main - INFO - 220411   grid24_2022041008.048
2022-07-01 16:20:35,555 - main - INFO - 220412   grid24_2022041008.072
2022-07-01 16:20:36,894 - main - INFO - 220413   grid24_2022041008.096
2022-07-01 16:20:39,668 - main - INFO - 220414   grid24_2022041008.120
2022-07-01 16:20:40,951 - main - INFO - 220415   grid24_2022041008.144
2022-07-01 16:20:43,795 - main - INFO - 220416   grid24_2022041008.168
2022-07-01 16:20:47,000 - main - INFO - 220417   grid24_2022041008.192
2022-07-01 16:20:48,273 - main - INFO - 220418   grid24_2022041008.216
2022-07-01 16:20:50,434 - main - INFO - 220419   grid24_2022041008.240
2022-07-01 16:20:57,173 - main - ERROR - unsupported operand type(s) for /: 'dict' and 'int'
2022-07-01 16:21:03,397 - main - INFO - 开始处理是实况数据：2022-04-10
2022-07-01 16:21:03,435 - main - INFO - 当前设定计算时间为： 2022-04-09
2022-07-01 16:21:17,704 - main - INFO - 开始处理是实况数据：2022-04-10
2022-07-01 16:21:17,712 - main - INFO - 当前设定计算时间为： 2022-04-09
2022-07-01 16:21:42,194 - main - INFO - 开始处理是实况数据：2022-04-10
2022-07-01 16:21:42,211 - main - INFO - 当前设定计算时间为： 2022-04-09
2022-07-01 16:22:41,893 - main - INFO - 开始处理是预报数据：2022-04-10
2022-07-01 16:22:41,917 - main - INFO - 220410   grid24_2022041008.024
2022-07-01 16:22:43,387 - main - INFO - 220411   grid24_2022041008.048
2022-07-01 16:22:44,741 - main - INFO - 220412   grid24_2022041008.072
2022-07-01 16:22:46,940 - main - INFO - 220413   grid24_2022041008.096
2022-07-01 16:22:50,162 - main - INFO - 220414   grid24_2022041008.120
2022-07-01 16:22:52,027 - main - INFO - 220415   grid24_2022041008.144
2022-07-01 16:22:54,142 - main - INFO - 220416   grid24_2022041008.168
2022-07-01 16:22:55,574 - main - INFO - 220417   grid24_2022041008.192
2022-07-01 16:22:58,144 - main - INFO - 220418   grid24_2022041008.216
2022-07-01 16:22:59,492 - main - INFO - 220419   grid24_2022041008.240
2022-07-01 16:23:02,742 - main - ERROR - 'str' object has no attribute 'strftime'
2022-07-01 16:23:18,829 - main - INFO - 开始处理是实况数据：2022-04-10
2022-07-01 16:23:18,844 - main - INFO - 当前设定计算时间为： 2022-04-09
2022-07-01 16:24:14,860 - main - INFO - 开始处理是预报数据：2022-04-10
2022-07-01 16:24:14,868 - main - INFO - 220410   grid24_2022041008.024
2022-07-01 16:24:16,014 - main - INFO - 220411   grid24_2022041008.048
2022-07-01 16:24:17,141 - main - INFO - 220412   grid24_2022041008.072
2022-07-01 16:24:19,875 - main - INFO - 220413   grid24_2022041008.096
2022-07-01 16:24:21,275 - main - INFO - 220414   grid24_2022041008.120
2022-07-01 16:24:24,165 - main - INFO - 220415   grid24_2022041008.144
2022-07-01 16:24:25,480 - main - INFO - 220416   grid24_2022041008.168
2022-07-01 16:24:28,364 - main - INFO - 220417   grid24_2022041008.192
2022-07-01 16:24:29,670 - main - INFO - 220418   grid24_2022041008.216
2022-07-01 16:24:32,414 - main - INFO - 220419   grid24_2022041008.240
2022-07-01 16:24:50,489 - main - INFO - 开始处理是实况数据：2022-04-10
2022-07-01 16:24:50,507 - main - INFO - 当前设定计算时间为： 2022-04-09
2022-07-01 16:25:44,885 - main - INFO - 开始处理是预报数据：2022-04-10
2022-07-01 16:25:44,908 - main - INFO - 220410   grid24_2022041008.024
2022-07-01 16:25:46,479 - main - INFO - 220411   grid24_2022041008.048
2022-07-01 16:25:47,772 - main - INFO - 220412   grid24_2022041008.072
2022-07-01 16:25:51,054 - main - INFO - 220413   grid24_2022041008.096
2022-07-01 16:25:52,388 - main - INFO - 220414   grid24_2022041008.120
2022-07-01 16:25:54,918 - main - INFO - 220415   grid24_2022041008.144
2022-07-01 16:25:56,059 - main - INFO - 220416   grid24_2022041008.168
2022-07-01 16:25:58,901 - main - INFO - 220417   grid24_2022041008.192
2022-07-01 16:26:00,039 - main - INFO - 220418   grid24_2022041008.216
2022-07-01 16:26:03,235 - main - INFO - 220419   grid24_2022041008.240
2022-07-01 16:26:05,425 - main - ERROR - 'str' object has no attribute 'strftime'
2022-07-01 16:27:03,852 - main - INFO - 开始处理是实况数据：2022-04-10
2022-07-01 16:27:03,890 - main - INFO - 当前设定计算时间为： 2022-04-09
2022-07-01 16:28:25,085 - main - INFO - 开始处理是预报数据：2022-04-10
2022-07-01 16:28:25,116 - main - INFO - 220410   grid24_2022041008.024
2022-07-01 16:28:26,760 - main - INFO - 220411   grid24_2022041008.048
2022-07-01 16:28:28,060 - main - INFO - 220412   grid24_2022041008.072
2022-07-01 16:28:30,022 - main - INFO - 220413   grid24_2022041008.096
2022-07-01 16:28:33,788 - main - INFO - 220414   grid24_2022041008.120
2022-07-01 16:28:35,392 - main - INFO - 220415   grid24_2022041008.144
2022-07-01 16:28:37,821 - main - INFO - 220416   grid24_2022041008.168
2022-07-01 16:28:39,862 - main - INFO - 220417   grid24_2022041008.192
2022-07-01 16:28:48,959 - main - INFO - 220418   grid24_2022041008.216
2022-07-01 16:28:51,769 - main - INFO - 220419   grid24_2022041008.240
2022-07-01 16:28:56,656 - main - ERROR - 'NoneType' object is not iterable
2022-07-01 16:29:31,325 - main - INFO - 开始处理是实况数据：2022-04-10
2022-07-01 16:29:31,353 - main - INFO - 当前设定计算时间为： 2022-04-09
2022-07-01 16:30:32,981 - main - INFO - 开始处理是预报数据：2022-04-10
2022-07-01 16:30:32,991 - main - INFO - 220410   grid24_2022041008.024
2022-07-01 16:30:34,282 - main - INFO - 220411   grid24_2022041008.048
2022-07-01 16:30:35,852 - main - INFO - 220412   grid24_2022041008.072
2022-07-01 16:30:38,321 - main - INFO - 220413   grid24_2022041008.096
2022-07-01 16:30:40,127 - main - INFO - 220414   grid24_2022041008.120
2022-07-01 16:30:42,322 - main - INFO - 220415   grid24_2022041008.144
2022-07-01 16:30:43,657 - main - INFO - 220416   grid24_2022041008.168
2022-07-01 16:30:46,305 - main - INFO - 220417   grid24_2022041008.192
2022-07-01 16:30:48,072 - main - INFO - 220418   grid24_2022041008.216
2022-07-01 16:30:50,192 - main - INFO - 220419   grid24_2022041008.240
2022-07-01 16:30:52,120 - main - ERROR - 'str' object has no attribute 'strftime'
2022-07-01 16:31:07,065 - main - INFO - 开始处理是实况数据：2022-04-10
2022-07-01 16:31:07,097 - main - INFO - 当前设定计算时间为： 2022-04-09
2022-07-01 16:31:59,758 - main - INFO - 开始处理是实况数据：2022-04-10
2022-07-01 16:31:59,770 - main - INFO - 当前设定计算时间为： 2022-04-09
2022-07-01 16:33:14,559 - main - INFO - 开始处理是预报数据：2022-04-10
2022-07-01 16:33:14,584 - main - INFO - 220410   grid24_2022041008.024
2022-07-01 16:33:16,024 - main - INFO - 220411   grid24_2022041008.048
2022-07-01 16:33:17,352 - main - INFO - 220412   grid24_2022041008.072
2022-07-01 16:33:18,815 - main - INFO - 220413   grid24_2022041008.096
2022-07-01 16:33:21,115 - main - INFO - 220414   grid24_2022041008.120
2022-07-01 16:33:24,681 - main - INFO - 220415   grid24_2022041008.144
2022-07-01 16:33:26,048 - main - INFO - 220416   grid24_2022041008.168
2022-07-01 16:33:28,666 - main - INFO - 220417   grid24_2022041008.192
2022-07-01 16:33:30,042 - main - INFO - 220418   grid24_2022041008.216
2022-07-01 16:33:33,159 - main - INFO - 220419   grid24_2022041008.240
2022-07-01 16:35:28,075 - main - INFO - 开始处理是实况数据：2022-04-10
2022-07-01 16:35:28,087 - main - INFO - 当前设定计算时间为： 2022-04-09
2022-07-01 16:36:33,321 - main - INFO - 开始处理是预报数据：2022-04-10
2022-07-01 16:36:33,344 - main - INFO - 220410   grid24_2022041008.024
2022-07-01 16:36:34,607 - main - INFO - 220411   grid24_2022041008.048
2022-07-01 16:36:36,313 - main - INFO - 220412   grid24_2022041008.072
2022-07-01 16:36:39,776 - main - INFO - 220413   grid24_2022041008.096
2022-07-01 16:36:41,263 - main - INFO - 220414   grid24_2022041008.120
2022-07-01 16:36:43,982 - main - INFO - 220415   grid24_2022041008.144
2022-07-01 16:36:45,282 - main - INFO - 220416   grid24_2022041008.168
2022-07-01 16:36:48,075 - main - INFO - 220417   grid24_2022041008.192
2022-07-01 16:36:50,646 - main - INFO - 220418   grid24_2022041008.216
2022-07-01 16:36:52,149 - main - INFO - 220419   grid24_2022041008.240
2022-07-01 16:36:54,244 - main - ERROR - 'str' object has no attribute 'strftime'
2022-07-01 16:37:07,398 - main - INFO - 开始处理是实况数据：2022-04-10
2022-07-01 16:37:07,436 - main - INFO - 当前设定计算时间为： 2022-04-09
2022-07-01 16:38:02,343 - main - INFO - 开始处理是预报数据：2022-04-10
2022-07-01 16:38:02,375 - main - INFO - 220410   grid24_2022041008.024
2022-07-01 16:38:03,755 - main - INFO - 220411   grid24_2022041008.048
2022-07-01 16:38:05,063 - main - INFO - 220412   grid24_2022041008.072
2022-07-01 16:38:08,383 - main - INFO - 220413   grid24_2022041008.096
2022-07-01 16:38:10,089 - main - INFO - 220414   grid24_2022041008.120
2022-07-01 16:38:12,383 - main - INFO - 220415   grid24_2022041008.144
2022-07-01 16:38:14,431 - main - INFO - 220416   grid24_2022041008.168
2022-07-01 16:38:16,408 - main - INFO - 220417   grid24_2022041008.192
2022-07-01 16:38:17,728 - main - INFO - 220418   grid24_2022041008.216
2022-07-01 16:38:20,392 - main - INFO - 220419   grid24_2022041008.240
2022-07-01 16:38:23,005 - main - ERROR - 'str' object has no attribute 'strftime'
2022-07-01 16:38:35,759 - main - INFO - 开始处理是实况数据：2022-04-10
2022-07-01 16:38:35,780 - main - INFO - 当前设定计算时间为： 2022-04-09
2022-07-01 16:39:37,730 - main - INFO - 开始处理是预报数据：2022-04-10
2022-07-01 16:39:37,741 - main - INFO - 220410   grid24_2022041008.024
2022-07-01 16:39:39,071 - main - INFO - 220411   grid24_2022041008.048
2022-07-01 16:39:42,377 - main - INFO - 220412   grid24_2022041008.072
2022-07-01 16:39:43,898 - main - INFO - 220413   grid24_2022041008.096
2022-07-01 16:39:46,806 - main - INFO - 220414   grid24_2022041008.120
2022-07-01 16:39:48,096 - main - INFO - 220415   grid24_2022041008.144
2022-07-01 16:39:50,893 - main - INFO - 220416   grid24_2022041008.168
2022-07-01 16:39:52,241 - main - INFO - 220417   grid24_2022041008.192
2022-07-01 16:39:54,908 - main - INFO - 220418   grid24_2022041008.216
2022-07-01 16:39:56,071 - main - INFO - 220419   grid24_2022041008.240
2022-07-01 16:39:59,874 - main - ERROR - 'str' object has no attribute 'strftime'
2022-07-01 16:40:14,224 - main - INFO - 开始处理是实况数据：2022-04-10
2022-07-01 16:40:14,450 - main - INFO - 当前设定计算时间为： 2022-04-09
2022-07-01 16:41:19,058 - main - INFO - 开始处理是预报数据：2022-04-10
2022-07-01 16:41:19,085 - main - INFO - 220410   grid24_2022041008.024
2022-07-01 16:41:20,397 - main - INFO - 220411   grid24_2022041008.048
2022-07-01 16:41:21,711 - main - INFO - 220412   grid24_2022041008.072
2022-07-01 16:41:23,090 - main - INFO - 220413   grid24_2022041008.096
2022-07-01 16:41:25,356 - main - INFO - 220414   grid24_2022041008.120
2022-07-01 16:41:26,734 - main - INFO - 220415   grid24_2022041008.144
2022-07-01 16:41:29,348 - main - INFO - 220416   grid24_2022041008.168
2022-07-01 16:41:30,566 - main - INFO - 220417   grid24_2022041008.192
2022-07-01 16:41:33,214 - main - INFO - 220418   grid24_2022041008.216
2022-07-01 16:41:34,553 - main - INFO - 220419   grid24_2022041008.240
2022-07-01 16:41:42,108 - main - ERROR - 'str' object has no attribute 'strftime'
2022-07-01 16:42:18,317 - main - INFO - 开始处理是实况数据：2022-04-10
2022-07-01 16:42:18,353 - main - INFO - 当前设定计算时间为： 2022-04-09
2022-07-01 16:43:13,796 - main - INFO - 开始处理是预报数据：2022-04-10
2022-07-01 16:43:13,821 - main - INFO - 220410   grid24_2022041008.024
2022-07-01 16:43:15,330 - main - INFO - 220411   grid24_2022041008.048
2022-07-01 16:43:16,901 - main - INFO - 220412   grid24_2022041008.072
2022-07-01 16:43:19,887 - main - INFO - 220413   grid24_2022041008.096
2022-07-01 16:43:21,116 - main - INFO - 220414   grid24_2022041008.120
2022-07-01 16:43:24,008 - main - INFO - 220415   grid24_2022041008.144
2022-07-01 16:43:25,400 - main - INFO - 220416   grid24_2022041008.168
2022-07-01 16:43:28,103 - main - INFO - 220417   grid24_2022041008.192
2022-07-01 16:43:29,766 - main - INFO - 220418   grid24_2022041008.216
2022-07-01 16:43:31,940 - main - INFO - 220419   grid24_2022041008.240
2022-07-01 16:43:59,282 - main - INFO - 开始处理是实况数据：2022-04-10
2022-07-01 16:43:59,294 - main - INFO - 当前设定计算时间为： 2022-04-09
2022-07-01 16:44:57,765 - main - INFO - 开始处理是预报数据：2022-04-10
2022-07-01 16:44:57,773 - main - INFO - 220410   grid24_2022041008.024
2022-07-01 16:44:58,981 - main - INFO - 220411   grid24_2022041008.048
2022-07-01 16:45:01,670 - main - INFO - 220412   grid24_2022041008.072
2022-07-01 16:45:02,865 - main - INFO - 220413   grid24_2022041008.096
2022-07-01 16:45:05,988 - main - INFO - 220414   grid24_2022041008.120
2022-07-01 16:45:07,291 - main - INFO - 220415   grid24_2022041008.144
2022-07-01 16:45:10,467 - main - INFO - 220416   grid24_2022041008.168
2022-07-01 16:45:11,978 - main - INFO - 220417   grid24_2022041008.192
2022-07-01 16:45:14,682 - main - INFO - 220418   grid24_2022041008.216
2022-07-01 16:45:16,142 - main - INFO - 220419   grid24_2022041008.240
2022-07-01 16:45:22,776 - main - ERROR - 'NoneType' object is not iterable
2022-07-01 16:45:38,432 - main - INFO - 开始处理是实况数据：2022-04-10
2022-07-01 16:45:38,465 - main - INFO - 当前设定计算时间为： 2022-04-09
2022-07-01 16:46:20,858 - main - INFO - 开始处理是预报数据：2022-04-10
2022-07-01 16:46:20,874 - main - INFO - 220410   grid24_2022041008.024
2022-07-01 16:46:22,296 - main - INFO - 220411   grid24_2022041008.048
2022-07-01 16:46:23,593 - main - INFO - 220412   grid24_2022041008.072
2022-07-01 16:46:26,791 - main - INFO - 220413   grid24_2022041008.096
2022-07-01 16:46:28,101 - main - INFO - 220414   grid24_2022041008.120
2022-07-01 16:46:33,819 - main - INFO - 220415   grid24_2022041008.144
2022-07-01 16:46:37,986 - main - INFO - 220416   grid24_2022041008.168
2022-07-01 16:46:42,396 - main - INFO - 220417   grid24_2022041008.192
2022-07-01 16:46:43,663 - main - INFO - 220418   grid24_2022041008.216
2022-07-01 16:46:46,897 - main - INFO - 220419   grid24_2022041008.240
2022-07-01 16:46:52,338 - main - ERROR - 'NoneType' object is not iterable
2022-07-01 16:47:15,428 - main - INFO - 开始处理是实况数据：2022-04-10
2022-07-01 16:47:15,461 - main - INFO - 当前设定计算时间为： 2022-04-09
2022-07-01 16:48:12,659 - main - INFO - 开始处理是预报数据：2022-04-10
2022-07-01 16:48:12,669 - main - INFO - 220410   grid24_2022041008.024
2022-07-01 16:48:14,881 - main - INFO - 220411   grid24_2022041008.048
2022-07-01 16:48:17,269 - main - INFO - 220412   grid24_2022041008.072
2022-07-01 16:48:18,575 - main - INFO - 220413   grid24_2022041008.096
2022-07-01 16:48:21,173 - main - INFO - 220414   grid24_2022041008.120
2022-07-01 16:48:22,330 - main - INFO - 220415   grid24_2022041008.144
2022-07-01 16:48:25,448 - main - INFO - 220416   grid24_2022041008.168
2022-07-01 16:48:26,866 - main - INFO - 220417   grid24_2022041008.192
2022-07-01 16:48:29,439 - main - INFO - 220418   grid24_2022041008.216
2022-07-01 16:48:31,250 - main - INFO - 220419   grid24_2022041008.240
2022-07-01 16:49:57,531 - main - ERROR - 'NoneType' object is not iterable
2022-07-01 16:51:09,114 - main - INFO - 开始处理是实况数据：2022-04-10
2022-07-01 16:51:09,143 - main - INFO - 当前设定计算时间为： 2022-04-09
2022-07-01 16:51:18,831 - main - INFO - 开始处理是实况数据：2022-04-10
2022-07-01 16:51:18,837 - main - INFO - 当前设定计算时间为： 2022-04-09
2022-07-01 16:51:50,002 - main - INFO - 开始处理是预报数据：2022-04-10
2022-07-01 16:51:50,010 - main - INFO - 220410   grid24_2022041008.024
2022-07-01 16:51:51,134 - main - INFO - 220411   grid24_2022041008.048
2022-07-01 16:51:52,259 - main - INFO - 220412   grid24_2022041008.072
2022-07-01 16:51:53,393 - main - INFO - 220413   grid24_2022041008.096
2022-07-01 16:51:56,020 - main - INFO - 220414   grid24_2022041008.120
2022-07-01 16:51:57,326 - main - INFO - 220415   grid24_2022041008.144
2022-07-01 16:52:00,476 - main - INFO - 220416   grid24_2022041008.168
2022-07-01 16:52:01,736 - main - INFO - 220417   grid24_2022041008.192
2022-07-01 16:52:04,415 - main - INFO - 220418   grid24_2022041008.216
2022-07-01 16:52:05,690 - main - INFO - 220419   grid24_2022041008.240
2022-07-01 16:53:32,020 - main - INFO - 开始处理是实况数据：2022-04-10
2022-07-01 16:53:32,029 - main - INFO - 当前设定计算时间为： 2022-04-09
2022-07-01 16:54:17,367 - main - INFO - 开始处理是预报数据：2022-04-10
2022-07-01 16:54:17,373 - main - INFO - 220410   grid24_2022041008.024
2022-07-01 16:54:19,007 - main - INFO - 220411   grid24_2022041008.048
2022-07-01 16:54:22,901 - main - INFO - 220412   grid24_2022041008.072
2022-07-01 16:54:24,131 - main - INFO - 220413   grid24_2022041008.096
2022-07-01 16:54:27,132 - main - INFO - 220414   grid24_2022041008.120
2022-07-01 16:54:28,886 - main - INFO - 220415   grid24_2022041008.144
2022-07-01 16:54:31,058 - main - INFO - 220416   grid24_2022041008.168
2022-07-01 16:54:32,449 - main - INFO - 220417   grid24_2022041008.192
2022-07-01 16:54:35,301 - main - INFO - 220418   grid24_2022041008.216
2022-07-01 16:54:36,643 - main - INFO - 220419   grid24_2022041008.240
2022-07-01 16:54:43,223 - main - ERROR - 'NoneType' object is not iterable
2022-07-01 16:55:09,964 - main - INFO - 开始处理是实况数据：2022-04-10
2022-07-01 16:55:10,002 - main - INFO - 当前设定计算时间为： 2022-04-09
2022-07-01 16:56:10,350 - main - INFO - 开始处理是预报数据：2022-04-10
2022-07-01 16:56:10,399 - main - INFO - 220410   grid24_2022041008.024
2022-07-01 16:56:11,801 - main - INFO - 220411   grid24_2022041008.048
2022-07-01 16:56:13,801 - main - INFO - 220412   grid24_2022041008.072
2022-07-01 16:56:15,616 - main - INFO - 220413   grid24_2022041008.096
2022-07-01 16:56:17,491 - main - INFO - 220414   grid24_2022041008.120
2022-07-01 16:56:19,565 - main - INFO - 220415   grid24_2022041008.144
2022-07-01 16:56:20,740 - main - INFO - 220416   grid24_2022041008.168
2022-07-01 16:56:23,555 - main - INFO - 220417   grid24_2022041008.192
2022-07-01 16:56:24,794 - main - INFO - 220418   grid24_2022041008.216
2022-07-01 16:56:27,229 - main - INFO - 220419   grid24_2022041008.240
2022-07-01 16:57:09,712 - main - INFO - 开始处理是实况数据：2022-04-10
2022-07-01 16:57:09,754 - main - INFO - 当前设定计算时间为： 2022-04-09
2022-07-01 16:57:45,607 - main - INFO - 开始处理是预报数据：2022-04-10
2022-07-01 16:57:45,614 - main - INFO - 220410   grid24_2022041008.024
2022-07-01 16:57:46,891 - main - INFO - 220411   grid24_2022041008.048
2022-07-01 16:57:49,943 - main - INFO - 220412   grid24_2022041008.072
2022-07-01 16:57:51,178 - main - INFO - 220413   grid24_2022041008.096
2022-07-01 16:57:54,293 - main - INFO - 220414   grid24_2022041008.120
2022-07-01 16:57:56,546 - main - INFO - 220415   grid24_2022041008.144
2022-07-01 16:57:58,288 - main - INFO - 220416   grid24_2022041008.168
2022-07-01 16:57:59,868 - main - INFO - 220417   grid24_2022041008.192
2022-07-01 16:58:02,229 - main - INFO - 220418   grid24_2022041008.216
2022-07-01 16:58:03,784 - main - INFO - 220419   grid24_2022041008.240
2022-07-01 16:58:10,179 - main - ERROR - 'NoneType' object is not iterable
2022-07-01 16:58:28,510 - main - INFO - 开始处理是实况数据：2022-04-10
2022-07-01 16:58:28,545 - main - INFO - 当前设定计算时间为： 2022-04-09
2022-07-01 16:59:30,660 - main - INFO - 开始处理是预报数据：2022-04-10
2022-07-01 16:59:30,683 - main - INFO - 220410   grid24_2022041008.024
2022-07-01 16:59:32,103 - main - INFO - 220411   grid24_2022041008.048
2022-07-01 16:59:33,410 - main - INFO - 220412   grid24_2022041008.072
2022-07-01 16:59:36,716 - main - INFO - 220413   grid24_2022041008.096
2022-07-01 16:59:37,960 - main - INFO - 220414   grid24_2022041008.120
2022-07-01 16:59:40,708 - main - INFO - 220415   grid24_2022041008.144
2022-07-01 16:59:42,418 - main - INFO - 220416   grid24_2022041008.168
2022-07-01 16:59:44,764 - main - INFO - 220417   grid24_2022041008.192
2022-07-01 16:59:46,559 - main - INFO - 220418   grid24_2022041008.216
2022-07-01 16:59:48,861 - main - INFO - 220419   grid24_2022041008.240
2022-07-01 17:03:06,798 - main - INFO - 开始处理是实况数据：2022-04-10
2022-07-01 17:03:06,828 - main - INFO - 当前设定计算时间为： 2022-04-09
2022-07-01 17:03:36,135 - main - INFO - 开始处理是预报数据：2022-04-10
2022-07-01 17:03:36,162 - main - INFO - 220410   grid24_2022041008.024
2022-07-01 17:03:37,863 - main - INFO - 220411   grid24_2022041008.048
2022-07-01 17:03:40,209 - main - INFO - 220412   grid24_2022041008.072
2022-07-01 17:03:41,676 - main - INFO - 220413   grid24_2022041008.096
2022-07-01 17:03:43,118 - main - INFO - 220414   grid24_2022041008.120
2022-07-01 17:03:45,467 - main - INFO - 220415   grid24_2022041008.144
2022-07-01 17:03:46,721 - main - INFO - 220416   grid24_2022041008.168
2022-07-01 17:03:49,672 - main - INFO - 220417   grid24_2022041008.192
2022-07-01 17:03:50,893 - main - INFO - 220418   grid24_2022041008.216
2022-07-01 17:03:53,839 - main - INFO - 220419   grid24_2022041008.240
2022-07-01 17:03:59,433 - main - ERROR - unsupported operand type(s) for /: 'dict' and 'int'
2022-07-01 17:04:36,858 - main - INFO - 开始处理是实况数据：2022-04-10
2022-07-01 17:04:36,898 - main - INFO - 当前设定计算时间为： 2022-04-09
2022-07-01 17:05:26,665 - main - INFO - 开始处理是预报数据：2022-04-10
2022-07-01 17:05:26,671 - main - INFO - 220410   grid24_2022041008.024
2022-07-01 17:05:27,928 - main - INFO - 220411   grid24_2022041008.048
2022-07-01 17:05:29,268 - main - INFO - 220412   grid24_2022041008.072
2022-07-01 17:05:31,946 - main - INFO - 220413   grid24_2022041008.096
2022-07-01 17:05:33,082 - main - INFO - 220414   grid24_2022041008.120
2022-07-01 17:05:35,986 - main - INFO - 220415   grid24_2022041008.144
2022-07-01 17:05:37,116 - main - INFO - 220416   grid24_2022041008.168
2022-07-01 17:05:40,149 - main - INFO - 220417   grid24_2022041008.192
2022-07-01 17:05:41,492 - main - INFO - 220418   grid24_2022041008.216
2022-07-01 17:05:43,752 - main - INFO - 220419   grid24_2022041008.240
2022-07-01 17:06:39,309 - main - INFO - 开始处理是实况数据：2022-04-10
2022-07-01 17:06:39,348 - main - INFO - 当前设定计算时间为： 2022-04-09
2022-07-01 17:07:35,039 - main - INFO - 开始处理是预报数据：2022-04-10
2022-07-01 17:07:35,047 - main - INFO - 220410   grid24_2022041008.024
2022-07-01 17:07:36,183 - main - INFO - 220411   grid24_2022041008.048
2022-07-01 17:07:37,378 - main - INFO - 220412   grid24_2022041008.072
2022-07-01 17:07:40,303 - main - INFO - 220413   grid24_2022041008.096
2022-07-01 17:07:41,664 - main - INFO - 220414   grid24_2022041008.120
2022-07-01 17:07:44,677 - main - INFO - 220415   grid24_2022041008.144
2022-07-01 17:07:45,921 - main - INFO - 220416   grid24_2022041008.168
2022-07-01 17:07:48,858 - main - INFO - 220417   grid24_2022041008.192
2022-07-01 17:07:50,010 - main - INFO - 220418   grid24_2022041008.216
2022-07-01 17:07:52,748 - main - INFO - 220419   grid24_2022041008.240
2022-07-01 17:20:50,264 - main - INFO - 开始处理是实况数据：2022-04-10
2022-07-01 17:20:50,272 - main - INFO - 当前设定计算时间为： 2022-04-09
2022-07-01 17:21:52,158 - main - INFO - 开始处理是预报数据：2022-04-10
2022-07-01 17:21:52,166 - main - INFO - 220410   grid24_2022041008.024
2022-07-01 17:21:53,502 - main - INFO - 220411   grid24_2022041008.048
2022-07-01 17:21:55,426 - main - INFO - 220412   grid24_2022041008.072
2022-07-01 17:21:56,832 - main - INFO - 220413   grid24_2022041008.096
2022-07-01 17:21:57,975 - main - INFO - 220414   grid24_2022041008.120
2022-07-01 17:22:01,014 - main - INFO - 220415   grid24_2022041008.144
2022-07-01 17:22:02,371 - main - INFO - 220416   grid24_2022041008.168
2022-07-01 17:22:05,087 - main - INFO - 220417   grid24_2022041008.192
2022-07-01 17:22:06,416 - main - INFO - 220418   grid24_2022041008.216
2022-07-01 17:22:09,075 - main - INFO - 220419   grid24_2022041008.240
2022-07-01 17:22:14,738 - main - ERROR - unsupported operand type(s) for /: 'dict' and 'int'
2022-07-01 17:22:40,111 - main - INFO - 开始处理是实况数据：2022-04-10
2022-07-01 17:22:40,155 - main - INFO - 当前设定计算时间为： 2022-04-09
2022-07-01 17:23:36,012 - main - INFO - 开始处理是预报数据：2022-04-10
2022-07-01 17:23:36,053 - main - INFO - 220410   grid24_2022041008.024
2022-07-01 17:23:37,524 - main - INFO - 220411   grid24_2022041008.048
2022-07-01 17:23:39,516 - main - INFO - 220412   grid24_2022041008.072
2022-07-01 17:23:41,705 - main - INFO - 220413   grid24_2022041008.096
2022-07-01 17:23:45,179 - main - INFO - 220414   grid24_2022041008.120
2022-07-01 17:23:46,485 - main - INFO - 220415   grid24_2022041008.144
2022-07-01 17:23:49,490 - main - INFO - 220416   grid24_2022041008.168
2022-07-01 17:23:50,813 - main - INFO - 220417   grid24_2022041008.192
2022-07-01 17:23:53,553 - main - INFO - 220418   grid24_2022041008.216
2022-07-01 17:23:54,938 - main - INFO - 220419   grid24_2022041008.240
2022-07-01 17:28:32,490 - main - INFO - 开始处理是实况数据：2022-04-10
2022-07-01 17:28:32,527 - main - INFO - 当前设定计算时间为： 2022-04-09
2022-07-01 17:29:23,431 - main - INFO - 开始处理是预报数据：2022-04-10
2022-07-01 17:29:23,458 - main - INFO - 220410   grid24_2022041008.024
2022-07-01 17:29:24,843 - main - INFO - 220411   grid24_2022041008.048
2022-07-01 17:29:26,109 - main - INFO - 220412   grid24_2022041008.072
2022-07-01 17:29:28,986 - main - INFO - 220413   grid24_2022041008.096
2022-07-01 17:29:30,273 - main - INFO - 220414   grid24_2022041008.120
2022-07-01 17:29:33,092 - main - INFO - 220415   grid24_2022041008.144
2022-07-01 17:29:34,373 - main - INFO - 220416   grid24_2022041008.168
2022-07-01 17:29:37,283 - main - INFO - 220417   grid24_2022041008.192
2022-07-01 17:29:38,514 - main - INFO - 220418   grid24_2022041008.216
2022-07-01 17:29:41,029 - main - INFO - 220419   grid24_2022041008.240
2022-07-01 17:34:53,544 - main - INFO - 开始处理是实况数据：2022-04-10
2022-07-01 17:34:53,559 - main - INFO - 当前设定计算时间为： 2022-04-09
2022-07-01 17:35:56,346 - main - INFO - 开始处理是预报数据：2022-04-10
2022-07-01 17:35:56,359 - main - INFO - 220410   grid24_2022041008.024
2022-07-01 17:35:58,308 - main - INFO - 220411   grid24_2022041008.048
2022-07-01 17:36:00,979 - main - INFO - 220412   grid24_2022041008.072
2022-07-01 17:36:02,502 - main - INFO - 220413   grid24_2022041008.096
2022-07-01 17:36:05,122 - main - INFO - 220414   grid24_2022041008.120
2022-07-01 17:36:07,547 - main - INFO - 220415   grid24_2022041008.144
2022-07-01 17:36:09,061 - main - INFO - 220416   grid24_2022041008.168
2022-07-01 17:36:11,650 - main - INFO - 220417   grid24_2022041008.192
2022-07-01 17:36:14,947 - main - INFO - 220418   grid24_2022041008.216
2022-07-01 17:36:16,256 - main - INFO - 220419   grid24_2022041008.240
