2022-06-29 15:05:48,247 - main - INFO - 开始处理是实况数据：2022-04-24
2022-06-29 15:05:48,258 - main - ERROR - 输入目录： E:/09.ProjectData/05.products/obs/r24-8 不存在，程序退出
2022-06-29 15:08:51,088 - main - INFO - 开始处理是实况数据：2022-04-24
2022-06-29 15:08:51,130 - main - INFO - 当前设定计算时间为： 2022-04-23
2022-06-29 15:12:36,001 - main - INFO - 开始处理是实况数据：2022-04-01
2022-06-29 15:12:36,023 - main - INFO - 当前设定计算时间为： 2022-03-31
2022-06-29 15:19:25,695 - main - INFO - 开始处理是实况数据：2022-04-01
2022-06-29 15:19:25,742 - main - INFO - 当前设定计算时间为： 2022-03-31
2022-06-29 15:19:43,988 - main - INFO - 开始处理是实况数据：2022-04-01
2022-06-29 15:19:44,000 - main - INFO - 当前设定计算时间为： 2022-03-31
2022-06-29 15:21:44,692 - main - INFO - 开始处理是实况数据：2022-04-01
2022-06-29 15:21:44,703 - main - INFO - 当前设定计算时间为： 2022-03-31
2022-06-29 15:23:04,344 - main - INFO - 开始处理是实况数据：2022-04-01
2022-06-29 15:23:04,374 - main - INFO - 当前设定计算时间为： 2022-03-31
2022-06-29 15:24:14,236 - main - INFO - 开始处理是预报数据：2022-04-01
2022-06-29 15:24:14,243 - main - INFO - 220401   grid24_2022040108.024
2022-06-29 15:24:15,665 - main - INFO - 220402   grid24_2022040108.048
2022-06-29 15:24:18,544 - main - INFO - 220403   grid24_2022040108.072
2022-06-29 15:24:19,992 - main - INFO - 220404   grid24_2022040108.096
2022-06-29 15:24:23,031 - main - INFO - 220405   grid24_2022040108.120
2022-06-29 15:24:24,360 - main - INFO - 220406   grid24_2022040108.144
2022-06-29 15:24:27,171 - main - INFO - 220407   grid24_2022040108.168
2022-06-29 15:24:28,909 - main - INFO - 220408   grid24_2022040108.192
2022-06-29 15:24:31,367 - main - INFO - 220409   grid24_2022040108.216
2022-06-29 15:24:33,121 - main - INFO - 220410   grid24_2022040108.240
2022-06-29 15:24:37,914 - main - ERROR - 'NoneType' object has no attribute 'dtype'
2022-06-29 15:25:58,861 - main - INFO - 开始处理是实况数据：2022-04-01
2022-06-29 15:25:58,897 - main - INFO - 当前设定计算时间为： 2022-03-31
2022-06-29 15:28:20,058 - main - INFO - 开始处理是预报数据：2022-04-01
2022-06-29 15:28:20,066 - main - INFO - 220401   grid24_2022040108.024
2022-06-29 15:28:21,402 - main - INFO - 220402   grid24_2022040108.048
2022-06-29 15:28:22,672 - main - INFO - 220403   grid24_2022040108.072
2022-06-29 15:28:25,945 - main - INFO - 220404   grid24_2022040108.096
2022-06-29 15:28:27,320 - main - INFO - 220405   grid24_2022040108.120
2022-06-29 15:28:29,937 - main - INFO - 220406   grid24_2022040108.144
2022-06-29 15:28:31,946 - main - INFO - 220407   grid24_2022040108.168
2022-06-29 15:28:34,039 - main - INFO - 220408   grid24_2022040108.192
2022-06-29 15:28:35,871 - main - INFO - 220409   grid24_2022040108.216
2022-06-29 15:28:38,049 - main - INFO - 220410   grid24_2022040108.240
2022-06-29 15:29:09,892 - main - ERROR - 'NoneType' object has no attribute 'dtype'
2022-06-29 15:30:12,750 - main - INFO - 开始处理是实况数据：2022-04-01
2022-06-29 15:30:12,787 - main - INFO - 当前设定计算时间为： 2022-03-31
2022-06-29 15:31:03,330 - main - INFO - 开始处理是实况数据：2022-04-10
2022-06-29 15:31:03,364 - main - INFO - 当前设定计算时间为： 2022-04-09
2022-06-29 15:37:16,773 - main - INFO - 开始处理是预报数据：2022-04-10
2022-06-29 15:37:16,780 - main - INFO - 220410   grid24_2022041008.024
2022-06-29 15:37:18,504 - main - INFO - 220411   grid24_2022041008.048
2022-06-29 15:37:21,810 - main - INFO - 220412   grid24_2022041008.072
2022-06-29 15:37:23,366 - main - INFO - 220413   grid24_2022041008.096
2022-06-29 15:37:25,780 - main - INFO - 220414   grid24_2022041008.120
2022-06-29 15:37:27,076 - main - INFO - 220415   grid24_2022041008.144
2022-06-29 15:37:29,924 - main - INFO - 220416   grid24_2022041008.168
2022-06-29 15:37:31,522 - main - INFO - 220417   grid24_2022041008.192
2022-06-29 15:37:33,775 - main - INFO - 220418   grid24_2022041008.216
2022-06-29 15:37:35,694 - main - INFO - 220419   grid24_2022041008.240
2022-06-29 15:42:14,327 - main - INFO - 开始处理是实况数据：2022-04-10
2022-06-29 15:42:14,381 - main - INFO - 当前设定计算时间为： 2022-04-09
2022-06-29 15:52:13,491 - main - INFO - 开始处理是实况数据：2022-04-10
2022-06-29 15:52:13,532 - main - INFO - 当前设定计算时间为： 2022-04-09
2022-06-29 15:59:34,655 - main - INFO - 开始处理是实况数据：2022-04-10
2022-06-29 15:59:34,693 - main - INFO - 当前设定计算时间为： 2022-04-09
2022-06-29 16:05:10,411 - main - INFO - 开始处理是实况数据：2022-04-10
2022-06-29 16:05:10,422 - main - INFO - 当前设定计算时间为： 2022-04-09
2022-06-29 16:34:44,364 - main - INFO - 开始处理是实况数据：2022-04-10
2022-06-29 16:34:44,379 - main - INFO - 当前设定计算时间为： 2022-04-09
2022-06-29 16:55:44,767 - main - INFO - 开始处理是实况数据：2022-04-10
2022-06-29 16:55:44,809 - main - INFO - 当前设定计算时间为： 2022-04-09
2022-06-29 16:55:59,728 - main - INFO - 开始处理是实况数据：2022-04-10
2022-06-29 16:55:59,762 - main - INFO - 当前设定计算时间为： 2022-04-09
2022-06-29 17:03:29,358 - main - INFO - 开始处理是预报数据：2022-04-10
2022-06-29 17:03:29,398 - main - INFO - 220410   grid24_2022041008.024
2022-06-29 17:03:31,125 - main - INFO - 220411   grid24_2022041008.048
2022-06-29 17:03:34,318 - main - INFO - 220412   grid24_2022041008.072
2022-06-29 17:03:37,106 - main - INFO - 220413   grid24_2022041008.096
2022-06-29 17:03:39,866 - main - INFO - 220414   grid24_2022041008.120
2022-06-29 17:03:41,468 - main - INFO - 220415   grid24_2022041008.144
2022-06-29 17:03:43,959 - main - INFO - 220416   grid24_2022041008.168
2022-06-29 17:03:45,349 - main - INFO - 220417   grid24_2022041008.192
2022-06-29 17:03:49,763 - main - INFO - 220418   grid24_2022041008.216
2022-06-29 17:03:51,188 - main - INFO - 220419   grid24_2022041008.240
2022-06-29 17:08:27,557 - main - INFO - 开始处理是实况数据：2022-04-10
2022-06-29 17:08:27,573 - main - INFO - 当前设定计算时间为： 2022-04-09
2022-06-29 17:11:38,684 - main - INFO - 开始处理是实况数据：2022-04-10
2022-06-29 17:11:38,726 - main - INFO - 当前设定计算时间为： 2022-04-09
2022-06-29 17:14:10,353 - main - INFO - 开始处理是实况数据：2022-04-10
2022-06-29 17:14:27,964 - main - INFO - 当前设定计算时间为： 2022-04-09
2022-06-29 17:19:35,583 - main - INFO - 开始处理是实况数据：2022-04-10
2022-06-29 17:19:35,601 - main - INFO - 当前设定计算时间为： 2022-04-09
2022-06-29 17:19:58,338 - main - INFO - 开始处理是实况数据：2022-04-10
2022-06-29 17:19:58,378 - main - INFO - 当前设定计算时间为： 2022-04-09
2022-06-29 17:21:46,274 - main - INFO - 开始处理是预报数据：2022-04-10
2022-06-29 17:21:46,282 - main - INFO - 220410   grid24_2022041008.024
2022-06-29 17:21:47,564 - main - INFO - 220411   grid24_2022041008.048
2022-06-29 17:21:48,750 - main - INFO - 220412   grid24_2022041008.072
2022-06-29 17:21:52,049 - main - INFO - 220413   grid24_2022041008.096
2022-06-29 17:21:53,392 - main - INFO - 220414   grid24_2022041008.120
2022-06-29 17:21:55,929 - main - INFO - 220415   grid24_2022041008.144
2022-06-29 17:21:57,108 - main - INFO - 220416   grid24_2022041008.168
2022-06-29 17:21:59,971 - main - INFO - 220417   grid24_2022041008.192
2022-06-29 17:22:01,141 - main - INFO - 220418   grid24_2022041008.216
2022-06-29 17:22:04,076 - main - INFO - 220419   grid24_2022041008.240
2022-06-29 17:24:19,999 - main - INFO - 开始处理是实况数据：2022-04-10
2022-06-29 17:24:20,016 - main - INFO - 当前设定计算时间为： 2022-04-09
2022-06-29 17:25:03,420 - main - INFO - 开始处理是预报数据：2022-04-10
2022-06-29 17:25:03,456 - main - INFO - 220410   grid24_2022041008.024
2022-06-29 17:25:05,121 - main - INFO - 220411   grid24_2022041008.048
2022-06-29 17:25:07,033 - main - INFO - 220412   grid24_2022041008.072
2022-06-29 17:25:09,042 - main - INFO - 220413   grid24_2022041008.096
2022-06-29 17:25:12,126 - main - INFO - 220414   grid24_2022041008.120
2022-06-29 17:25:13,401 - main - INFO - 220415   grid24_2022041008.144
2022-06-29 17:25:16,713 - main - INFO - 220416   grid24_2022041008.168
2022-06-29 17:25:18,076 - main - INFO - 220417   grid24_2022041008.192
2022-06-29 17:25:21,939 - main - INFO - 220418   grid24_2022041008.216
2022-06-29 17:25:24,880 - main - INFO - 220419   grid24_2022041008.240
2022-06-29 17:26:06,064 - main - INFO - 开始处理是实况数据：2022-04-10
2022-06-29 17:26:06,074 - main - INFO - 当前设定计算时间为： 2022-04-09
2022-06-29 17:26:56,496 - main - INFO - 开始处理是预报数据：2022-04-10
2022-06-29 17:26:56,522 - main - INFO - 220410   grid24_2022041008.024
2022-06-29 17:26:57,860 - main - INFO - 220411   grid24_2022041008.048
2022-06-29 17:27:01,115 - main - INFO - 220412   grid24_2022041008.072
2022-06-29 17:27:02,421 - main - INFO - 220413   grid24_2022041008.096
2022-06-29 17:27:05,155 - main - INFO - 220414   grid24_2022041008.120
2022-06-29 17:27:06,509 - main - INFO - 220415   grid24_2022041008.144
2022-06-29 17:27:09,219 - main - INFO - 220416   grid24_2022041008.168
2022-06-29 17:27:10,544 - main - INFO - 220417   grid24_2022041008.192
2022-06-29 17:27:13,028 - main - INFO - 220418   grid24_2022041008.216
2022-06-29 17:27:14,310 - main - INFO - 220419   grid24_2022041008.240
2022-06-29 17:28:51,290 - main - INFO - 开始处理是实况数据：2022-04-10
2022-06-29 17:28:51,347 - main - INFO - 当前设定计算时间为： 2022-04-09
2022-06-29 17:30:09,107 - main - INFO - 开始处理是预报数据：2022-04-10
2022-06-29 17:30:09,142 - main - INFO - 220410   grid24_2022041008.024
2022-06-29 17:30:10,769 - main - INFO - 220411   grid24_2022041008.048
2022-06-29 17:30:11,951 - main - INFO - 220412   grid24_2022041008.072
2022-06-29 17:30:13,245 - main - INFO - 220413   grid24_2022041008.096
2022-06-29 17:30:15,939 - main - INFO - 220414   grid24_2022041008.120
2022-06-29 17:30:17,261 - main - INFO - 220415   grid24_2022041008.144
2022-06-29 17:30:20,010 - main - INFO - 220416   grid24_2022041008.168
2022-06-29 17:30:21,813 - main - INFO - 220417   grid24_2022041008.192
2022-06-29 17:30:23,989 - main - INFO - 220418   grid24_2022041008.216
2022-06-29 17:30:25,351 - main - INFO - 220419   grid24_2022041008.240
2022-06-29 17:57:07,308 - main - INFO - 开始处理是实况数据：2022-04-10
2022-06-29 17:57:07,320 - main - INFO - 当前设定计算时间为： 2022-04-09
2022-06-29 17:57:41,113 - main - INFO - 开始处理是预报数据：2022-04-10
2022-06-29 17:57:41,120 - main - INFO - 220410   grid24_2022041008.024
2022-06-29 17:57:42,442 - main - INFO - 220411   grid24_2022041008.048
2022-06-29 17:57:45,624 - main - INFO - 220412   grid24_2022041008.072
2022-06-29 17:57:46,980 - main - INFO - 220413   grid24_2022041008.096
2022-06-29 17:57:49,681 - main - INFO - 220414   grid24_2022041008.120
2022-06-29 17:57:50,975 - main - INFO - 220415   grid24_2022041008.144
2022-06-29 17:57:53,738 - main - INFO - 220416   grid24_2022041008.168
2022-06-29 17:57:55,011 - main - INFO - 220417   grid24_2022041008.192
2022-06-29 17:57:57,627 - main - INFO - 220418   grid24_2022041008.216
2022-06-29 17:57:58,958 - main - INFO - 220419   grid24_2022041008.240
