2022-07-06 08:57:31,993 - main - INFO - 开始处理是实况数据：2022-06-01
2022-07-06 08:57:32,005 - main - INFO - 当前设定计算时间为： 2022-05-31
2022-07-06 08:58:43,783 - main - INFO - 开始处理是预报数据：2022-06-01
2022-07-06 08:58:43,792 - main - INFO - 220601   grid24_2022060108.024
2022-07-06 08:58:45,083 - main - INFO - 220602   grid24_2022060108.048
2022-07-06 08:58:47,120 - main - INFO - 220603   grid24_2022060108.072
2022-07-06 08:58:48,390 - main - INFO - 220604   grid24_2022060108.096
2022-07-06 08:58:49,592 - main - INFO - 220605   grid24_2022060108.120
2022-07-06 08:58:52,352 - main - INFO - 220606   grid24_2022060108.144
2022-07-06 08:58:53,446 - main - INFO - 220607   grid24_2022060108.168
2022-07-06 08:58:56,364 - main - INFO - 220608   grid24_2022060108.192
2022-07-06 08:58:57,466 - main - INFO - 220609   grid24_2022060108.216
2022-07-06 08:58:59,291 - main - INFO - 220610   grid24_2022060108.240
2022-07-06 08:59:54,403 - main - INFO - 开始处理是实况数据：2022-06-01
2022-07-06 08:59:54,429 - main - INFO - 当前设定计算时间为： 2022-05-31
2022-07-06 09:00:57,943 - main - INFO - 开始处理是预报数据：2022-06-01
2022-07-06 09:00:57,970 - main - INFO - 220601   grid24_2022060108.024
2022-07-06 09:00:59,103 - main - INFO - 220602   grid24_2022060108.048
2022-07-06 09:01:00,046 - main - INFO - 220603   grid24_2022060108.072
2022-07-06 09:01:02,153 - main - INFO - 220604   grid24_2022060108.096
2022-07-06 09:01:03,195 - main - INFO - 220605   grid24_2022060108.120
2022-07-06 09:01:04,161 - main - INFO - 220606   grid24_2022060108.144
2022-07-06 09:01:06,777 - main - INFO - 220607   grid24_2022060108.168
2022-07-06 09:01:08,136 - main - INFO - 220608   grid24_2022060108.192
2022-07-06 09:01:10,307 - main - INFO - 220609   grid24_2022060108.216
2022-07-06 09:01:11,610 - main - INFO - 220610   grid24_2022060108.240
2022-07-06 09:07:26,734 - main - INFO - 开始处理是实况数据：2022-06-01
2022-07-06 09:07:26,779 - main - INFO - 当前设定计算时间为： 2022-05-31
2022-07-06 09:08:37,271 - main - INFO - 开始处理是预报数据：2022-06-01
2022-07-06 09:08:37,279 - main - INFO - 220601   grid24_2022060108.024
2022-07-06 09:08:38,217 - main - INFO - 220602   grid24_2022060108.048
2022-07-06 09:08:39,188 - main - INFO - 220603   grid24_2022060108.072
2022-07-06 09:08:40,170 - main - INFO - 220604   grid24_2022060108.096
2022-07-06 09:08:42,871 - main - INFO - 220605   grid24_2022060108.120
2022-07-06 09:08:44,015 - main - INFO - 220606   grid24_2022060108.144
2022-07-06 09:08:46,812 - main - INFO - 220607   grid24_2022060108.168
2022-07-06 09:08:48,023 - main - INFO - 220608   grid24_2022060108.192
2022-07-06 09:08:51,015 - main - INFO - 220609   grid24_2022060108.216
2022-07-06 09:08:52,201 - main - INFO - 220610   grid24_2022060108.240
2022-07-06 09:14:16,620 - main - INFO - 开始处理是实况数据：2022-06-01
2022-07-06 09:14:16,691 - main - INFO - 当前设定计算时间为： 2022-05-31
2022-07-06 09:15:33,690 - main - INFO - 开始处理是预报数据：2022-06-01
2022-07-06 09:15:33,696 - main - INFO - 220601   grid24_2022060108.024
2022-07-06 09:15:34,693 - main - INFO - 220602   grid24_2022060108.048
2022-07-06 09:15:35,853 - main - INFO - 220603   grid24_2022060108.072
2022-07-06 09:15:38,977 - main - INFO - 220604   grid24_2022060108.096
2022-07-06 09:15:40,851 - main - INFO - 220605   grid24_2022060108.120
2022-07-06 09:15:42,629 - main - INFO - 220606   grid24_2022060108.144
2022-07-06 09:15:43,857 - main - INFO - 220607   grid24_2022060108.168
2022-07-06 09:15:46,731 - main - INFO - 220608   grid24_2022060108.192
2022-07-06 09:15:47,975 - main - INFO - 220609   grid24_2022060108.216
2022-07-06 09:15:49,246 - main - INFO - 220610   grid24_2022060108.240
2022-07-06 09:22:36,578 - main - INFO - 开始处理是实况数据：2022-06-01
2022-07-06 09:22:36,588 - main - INFO - 当前设定计算时间为： 2022-05-31
2022-07-06 09:23:21,205 - main - INFO - 开始处理是实况数据：2022-06-01
2022-07-06 09:23:21,214 - main - INFO - 当前设定计算时间为： 2022-05-31
2022-07-06 09:24:34,070 - main - INFO - 开始处理是预报数据：2022-06-01
2022-07-06 09:24:34,084 - main - INFO - 220601   grid24_2022060108.024
2022-07-06 09:24:35,164 - main - INFO - 220602   grid24_2022060108.048
2022-07-06 09:24:36,186 - main - INFO - 220603   grid24_2022060108.072
2022-07-06 09:24:38,620 - main - INFO - 220604   grid24_2022060108.096
2022-07-06 09:24:39,518 - main - INFO - 220605   grid24_2022060108.120
2022-07-06 09:24:41,247 - main - INFO - 220606   grid24_2022060108.144
2022-07-06 09:24:44,576 - main - INFO - 220607   grid24_2022060108.168
2022-07-06 09:24:45,472 - main - INFO - 220608   grid24_2022060108.192
2022-07-06 09:24:46,394 - main - INFO - 220609   grid24_2022060108.216
2022-07-06 09:24:48,593 - main - INFO - 220610   grid24_2022060108.240
2022-07-06 09:32:56,667 - main - INFO - 开始处理是实况数据：2022-06-01
2022-07-06 09:32:56,675 - main - INFO - 当前设定计算时间为： 2022-05-31
2022-07-06 09:33:52,809 - main - INFO - 开始处理是预报数据：2022-06-01
2022-07-06 09:33:52,857 - main - INFO - 220601   grid24_2022060108.024
2022-07-06 09:33:54,021 - main - INFO - 220602   grid24_2022060108.048
2022-07-06 09:33:56,153 - main - INFO - 220603   grid24_2022060108.072
2022-07-06 09:33:57,056 - main - INFO - 220604   grid24_2022060108.096
2022-07-06 09:33:57,965 - main - INFO - 220605   grid24_2022060108.120
2022-07-06 09:34:00,005 - main - INFO - 220606   grid24_2022060108.144
2022-07-06 09:34:01,791 - main - INFO - 220607   grid24_2022060108.168
2022-07-06 09:34:03,493 - main - INFO - 220608   grid24_2022060108.192
2022-07-06 09:34:05,416 - main - INFO - 220609   grid24_2022060108.216
2022-07-06 09:34:07,791 - main - INFO - 220610   grid24_2022060108.240
2022-07-06 09:46:00,647 - main - INFO - 开始处理是实况数据：2022-06-01
2022-07-06 09:46:00,659 - main - INFO - 当前设定计算时间为： 2022-05-31
2022-07-06 09:46:46,301 - main - INFO - 开始处理是预报数据：2022-06-01
2022-07-06 09:46:46,306 - main - INFO - 220601   grid24_2022060108.024
2022-07-06 09:46:47,244 - main - INFO - 220602   grid24_2022060108.048
2022-07-06 09:46:49,147 - main - INFO - 220603   grid24_2022060108.072
2022-07-06 09:46:51,021 - main - INFO - 220604   grid24_2022060108.096
2022-07-06 09:46:52,547 - main - INFO - 220605   grid24_2022060108.120
2022-07-06 09:46:53,955 - main - INFO - 220606   grid24_2022060108.144
2022-07-06 09:46:55,392 - main - INFO - 220607   grid24_2022060108.168
2022-07-06 09:46:57,017 - main - INFO - 220608   grid24_2022060108.192
2022-07-06 09:46:58,543 - main - INFO - 220609   grid24_2022060108.216
2022-07-06 09:47:00,384 - main - INFO - 220610   grid24_2022060108.240
2022-07-06 09:47:05,344 - main - ERROR - 'NoneType' object has no attribute 'dtype'
2022-07-06 09:47:50,830 - main - INFO - 开始处理是实况数据：2022-06-01
2022-07-06 09:47:50,848 - main - INFO - 当前设定计算时间为： 2022-05-31
2022-07-06 09:48:27,253 - main - INFO - 开始处理是实况数据：2022-06-01
2022-07-06 09:48:27,262 - main - INFO - 当前设定计算时间为： 2022-05-31
2022-07-06 09:49:31,429 - main - INFO - 开始处理是预报数据：2022-06-01
2022-07-06 09:49:31,438 - main - INFO - 220601   grid24_2022060108.024
2022-07-06 09:49:32,412 - main - INFO - 220602   grid24_2022060108.048
2022-07-06 09:49:33,604 - main - INFO - 220603   grid24_2022060108.072
2022-07-06 09:49:36,902 - main - INFO - 220604   grid24_2022060108.096
2022-07-06 09:49:37,981 - main - INFO - 220605   grid24_2022060108.120
2022-07-06 09:49:40,859 - main - INFO - 220606   grid24_2022060108.144
2022-07-06 09:49:41,921 - main - INFO - 220607   grid24_2022060108.168
2022-07-06 09:49:44,655 - main - INFO - 220608   grid24_2022060108.192
2022-07-06 09:49:45,728 - main - INFO - 220609   grid24_2022060108.216
2022-07-06 09:49:52,523 - main - INFO - 220610   grid24_2022060108.240
2022-07-06 09:50:00,650 - main - ERROR - 'NoneType' object has no attribute 'dtype'
2022-07-06 09:51:18,650 - main - INFO - 开始处理是实况数据：2022-06-01
2022-07-06 09:51:18,660 - main - INFO - 当前设定计算时间为： 2022-05-31
2022-07-06 09:52:24,361 - main - INFO - 开始处理是预报数据：2022-06-01
2022-07-06 09:52:24,369 - main - INFO - 220601   grid24_2022060108.024
2022-07-06 09:52:25,334 - main - INFO - 220602   grid24_2022060108.048
2022-07-06 09:52:26,258 - main - INFO - 220603   grid24_2022060108.072
2022-07-06 09:52:27,591 - main - INFO - 220604   grid24_2022060108.096
2022-07-06 09:52:29,457 - main - INFO - 220605   grid24_2022060108.120
2022-07-06 09:52:30,477 - main - INFO - 220606   grid24_2022060108.144
2022-07-06 09:52:33,547 - main - INFO - 220607   grid24_2022060108.168
2022-07-06 09:52:34,612 - main - INFO - 220608   grid24_2022060108.192
2022-07-06 09:52:37,548 - main - INFO - 220609   grid24_2022060108.216
2022-07-06 09:52:38,593 - main - INFO - 220610   grid24_2022060108.240
2022-07-06 09:55:10,757 - main - INFO - 开始处理是实况数据：2022-06-01
2022-07-06 09:55:10,815 - main - INFO - 当前设定计算时间为： 2022-05-31
2022-07-06 09:56:24,950 - main - INFO - 开始处理是预报数据：2022-06-01
2022-07-06 09:56:24,958 - main - INFO - 220601   grid24_2022060108.024
2022-07-06 09:56:25,924 - main - INFO - 220602   grid24_2022060108.048
2022-07-06 09:56:26,947 - main - INFO - 220603   grid24_2022060108.072
2022-07-06 09:56:27,955 - main - INFO - 220604   grid24_2022060108.096
2022-07-06 09:56:30,307 - main - INFO - 220605   grid24_2022060108.120
2022-07-06 09:56:31,345 - main - INFO - 220606   grid24_2022060108.144
2022-07-06 09:56:33,828 - main - INFO - 220607   grid24_2022060108.168
2022-07-06 09:56:34,946 - main - INFO - 220608   grid24_2022060108.192
2022-07-06 09:56:36,067 - main - INFO - 220609   grid24_2022060108.216
2022-07-06 09:56:38,239 - main - INFO - 220610   grid24_2022060108.240
2022-07-06 10:03:07,398 - main - INFO - 开始处理是实况数据：2022-06-01
2022-07-06 10:03:07,408 - main - INFO - 当前设定计算时间为： 2022-05-31
2022-07-06 10:04:16,821 - main - INFO - 开始处理是预报数据：2022-06-01
2022-07-06 10:04:16,829 - main - INFO - 220601   grid24_2022060108.024
2022-07-06 10:04:17,750 - main - INFO - 220602   grid24_2022060108.048
2022-07-06 10:04:18,649 - main - INFO - 220603   grid24_2022060108.072
2022-07-06 10:04:19,574 - main - INFO - 220604   grid24_2022060108.096
2022-07-06 10:04:21,947 - main - INFO - 220605   grid24_2022060108.120
2022-07-06 10:04:23,010 - main - INFO - 220606   grid24_2022060108.144
2022-07-06 10:04:24,285 - main - INFO - 220607   grid24_2022060108.168
2022-07-06 10:04:26,435 - main - INFO - 220608   grid24_2022060108.192
2022-07-06 10:04:27,562 - main - INFO - 220609   grid24_2022060108.216
2022-07-06 10:04:30,130 - main - INFO - 220610   grid24_2022060108.240
2022-07-06 10:04:34,943 - main - ERROR - 'NoneType' object has no attribute 'dtype'
2022-07-06 10:05:28,339 - main - INFO - 开始处理是实况数据：2022-06-01
2022-07-06 10:05:28,374 - main - INFO - 当前设定计算时间为： 2022-05-31
2022-07-06 10:06:27,885 - main - INFO - 开始处理是预报数据：2022-06-01
2022-07-06 10:06:27,912 - main - INFO - 220601   grid24_2022060108.024
2022-07-06 10:06:29,038 - main - INFO - 220602   grid24_2022060108.048
2022-07-06 10:06:30,065 - main - INFO - 220603   grid24_2022060108.072
2022-07-06 10:06:31,595 - main - INFO - 220604   grid24_2022060108.096
2022-07-06 10:06:32,863 - main - INFO - 220605   grid24_2022060108.120
2022-07-06 10:06:34,754 - main - INFO - 220606   grid24_2022060108.144
2022-07-06 10:06:35,887 - main - INFO - 220607   grid24_2022060108.168
2022-07-06 10:06:37,898 - main - INFO - 220608   grid24_2022060108.192
2022-07-06 10:06:39,472 - main - INFO - 220609   grid24_2022060108.216
2022-07-06 10:06:41,052 - main - INFO - 220610   grid24_2022060108.240
2022-07-06 10:06:46,781 - main - ERROR - 'NoneType' object has no attribute 'dtype'
2022-07-06 10:09:39,838 - main - INFO - 开始处理是实况数据：2022-06-01
2022-07-06 10:09:39,876 - main - INFO - 当前设定计算时间为： 2022-05-31
2022-07-06 10:09:45,306 - main - INFO - 开始处理是实况数据：2022-06-01
2022-07-06 10:09:45,314 - main - INFO - 当前设定计算时间为： 2022-05-31
2022-07-06 10:10:45,948 - main - INFO - 开始处理是预报数据：2022-06-01
2022-07-06 10:10:45,954 - main - INFO - 220601   grid24_2022060108.024
2022-07-06 10:10:46,908 - main - INFO - 220602   grid24_2022060108.048
2022-07-06 10:10:49,954 - main - INFO - 220603   grid24_2022060108.072
2022-07-06 10:10:51,049 - main - INFO - 220604   grid24_2022060108.096
2022-07-06 10:10:53,891 - main - INFO - 220605   grid24_2022060108.120
2022-07-06 10:10:54,913 - main - INFO - 220606   grid24_2022060108.144
2022-07-06 10:10:57,831 - main - INFO - 220607   grid24_2022060108.168
2022-07-06 10:10:58,956 - main - INFO - 220608   grid24_2022060108.192
2022-07-06 10:11:01,715 - main - INFO - 220609   grid24_2022060108.216
2022-07-06 10:11:02,698 - main - INFO - 220610   grid24_2022060108.240
2022-07-06 10:11:08,511 - main - ERROR - 'NoneType' object has no attribute 'dtype'
2022-07-06 10:11:43,684 - main - INFO - 开始处理是实况数据：2022-06-01
2022-07-06 10:11:43,740 - main - INFO - 当前设定计算时间为： 2022-05-31
2022-07-06 10:13:02,183 - main - INFO - 开始处理是预报数据：2022-06-01
2022-07-06 10:13:02,194 - main - INFO - 220601   grid24_2022060108.024
2022-07-06 10:13:03,226 - main - INFO - 220602   grid24_2022060108.048
2022-07-06 10:13:04,587 - main - INFO - 220603   grid24_2022060108.072
2022-07-06 10:13:06,299 - main - INFO - 220604   grid24_2022060108.096
2022-07-06 10:13:07,229 - main - INFO - 220605   grid24_2022060108.120
2022-07-06 10:13:08,340 - main - INFO - 220606   grid24_2022060108.144
2022-07-06 10:13:09,878 - main - INFO - 220607   grid24_2022060108.168
2022-07-06 10:13:12,190 - main - INFO - 220608   grid24_2022060108.192
2022-07-06 10:13:13,292 - main - INFO - 220609   grid24_2022060108.216
2022-07-06 10:13:14,585 - main - INFO - 220610   grid24_2022060108.240
2022-07-06 11:21:41,844 - main - INFO - 开始处理是实况数据：2022-06-01
2022-07-06 11:21:41,886 - main - INFO - 当前设定计算时间为： 2022-05-31
2022-07-06 11:22:18,120 - main - INFO - 开始处理是实况数据：2022-06-01
2022-07-06 11:22:18,154 - main - INFO - 当前设定计算时间为： 2022-05-31
2022-07-06 11:23:10,410 - main - INFO - 开始处理是预报数据：2022-06-01
2022-07-06 11:23:10,415 - main - INFO - 220601   grid24_2022060108.024
2022-07-06 11:23:11,271 - main - INFO - 220602   grid24_2022060108.048
2022-07-06 11:23:12,191 - main - INFO - 220603   grid24_2022060108.072
2022-07-06 11:23:13,440 - main - INFO - 220604   grid24_2022060108.096
2022-07-06 11:23:15,213 - main - INFO - 220605   grid24_2022060108.120
2022-07-06 11:23:16,117 - main - INFO - 220606   grid24_2022060108.144
2022-07-06 11:23:17,030 - main - INFO - 220607   grid24_2022060108.168
2022-07-06 11:23:18,325 - main - INFO - 220608   grid24_2022060108.192
2022-07-06 11:23:19,413 - main - INFO - 220609   grid24_2022060108.216
2022-07-06 11:23:20,490 - main - INFO - 220610   grid24_2022060108.240
2022-07-06 11:42:08,099 - main - INFO - 开始处理是实况数据：2022-06-01
2022-07-06 11:42:08,211 - main - INFO - 当前设定计算时间为： 2022-05-31
2022-07-06 11:43:57,826 - main - INFO - 开始处理是预报数据：2022-06-01
2022-07-06 11:43:57,834 - main - INFO - 220601   grid24_2022060108.024
2022-07-06 11:43:58,832 - main - INFO - 220602   grid24_2022060108.048
2022-07-06 11:43:59,820 - main - INFO - 220603   grid24_2022060108.072
2022-07-06 11:44:02,581 - main - INFO - 220604   grid24_2022060108.096
2022-07-06 11:44:03,818 - main - INFO - 220605   grid24_2022060108.120
2022-07-06 11:44:06,028 - main - INFO - 220606   grid24_2022060108.144
2022-07-06 11:44:06,969 - main - INFO - 220607   grid24_2022060108.168
2022-07-06 11:44:07,996 - main - INFO - 220608   grid24_2022060108.192
2022-07-06 11:44:09,628 - main - INFO - 220609   grid24_2022060108.216
2022-07-06 11:44:11,778 - main - INFO - 220610   grid24_2022060108.240
2022-07-06 13:40:34,415 - main - INFO - 开始处理是实况数据：2022-06-01
2022-07-06 13:40:34,458 - main - INFO - 当前设定计算时间为： 2022-05-31
2022-07-06 13:40:47,633 - main - INFO - 开始处理是实况数据：2022-06-01
2022-07-06 13:40:47,642 - main - INFO - 当前设定计算时间为： 2022-05-31
2022-07-06 13:41:53,198 - main - INFO - 开始处理是预报数据：2022-06-01
2022-07-06 13:41:53,232 - main - INFO - 220601   grid24_2022060108.024
2022-07-06 13:41:54,523 - main - INFO - 220602   grid24_2022060108.048
2022-07-06 13:41:55,834 - main - INFO - 220603   grid24_2022060108.072
2022-07-06 13:41:58,718 - main - INFO - 220604   grid24_2022060108.096
2022-07-06 13:41:59,990 - main - INFO - 220605   grid24_2022060108.120
2022-07-06 13:42:02,438 - main - INFO - 220606   grid24_2022060108.144
2022-07-06 13:42:03,537 - main - INFO - 220607   grid24_2022060108.168
2022-07-06 13:42:06,784 - main - INFO - 220608   grid24_2022060108.192
2022-07-06 13:42:07,954 - main - INFO - 220609   grid24_2022060108.216
2022-07-06 13:42:10,654 - main - INFO - 220610   grid24_2022060108.240
2022-07-06 13:48:10,757 - main - INFO - 开始处理是实况数据：2022-06-01
2022-07-06 13:48:10,770 - main - INFO - 当前设定计算时间为： 2022-05-31
2022-07-06 13:49:18,078 - main - INFO - 开始处理是预报数据：2022-06-01
2022-07-06 13:49:18,105 - main - INFO - 220601   grid24_2022060108.024
2022-07-06 13:49:19,211 - main - INFO - 220602   grid24_2022060108.048
2022-07-06 13:49:20,356 - main - INFO - 220603   grid24_2022060108.072
2022-07-06 13:49:21,412 - main - INFO - 220604   grid24_2022060108.096
2022-07-06 13:49:23,433 - main - INFO - 220605   grid24_2022060108.120
2022-07-06 13:49:24,593 - main - INFO - 220606   grid24_2022060108.144
2022-07-06 13:49:25,647 - main - INFO - 220607   grid24_2022060108.168
2022-07-06 13:49:27,555 - main - INFO - 220608   grid24_2022060108.192
2022-07-06 13:49:28,681 - main - INFO - 220609   grid24_2022060108.216
2022-07-06 13:49:29,793 - main - INFO - 220610   grid24_2022060108.240
2022-07-06 14:09:55,350 - main - INFO - 开始处理是实况数据：2022-06-01
2022-07-06 14:09:55,410 - main - INFO - 当前设定计算时间为： 2022-05-31
2022-07-06 14:11:09,057 - main - INFO - 开始处理是预报数据：2022-06-01
2022-07-06 14:11:09,066 - main - INFO - 220601   grid24_2022060108.024
2022-07-06 14:11:10,064 - main - INFO - 220602   grid24_2022060108.048
2022-07-06 14:11:11,050 - main - INFO - 220603   grid24_2022060108.072
2022-07-06 14:11:13,400 - main - INFO - 220604   grid24_2022060108.096
2022-07-06 14:11:14,286 - main - INFO - 220605   grid24_2022060108.120
2022-07-06 14:11:15,533 - main - INFO - 220606   grid24_2022060108.144
2022-07-06 14:11:17,721 - main - INFO - 220607   grid24_2022060108.168
2022-07-06 14:11:18,929 - main - INFO - 220608   grid24_2022060108.192
2022-07-06 14:11:20,693 - main - INFO - 220609   grid24_2022060108.216
2022-07-06 14:11:22,771 - main - INFO - 220610   grid24_2022060108.240
2022-07-06 14:11:29,709 - main - ERROR - 'NoneType' object has no attribute 'dtype'
2022-07-06 14:12:02,154 - main - INFO - 开始处理是实况数据：2022-06-01
2022-07-06 14:12:02,192 - main - INFO - 当前设定计算时间为： 2022-05-31
2022-07-06 14:13:07,902 - main - INFO - 开始处理是预报数据：2022-06-01
2022-07-06 14:13:07,909 - main - INFO - 220601   grid24_2022060108.024
2022-07-06 14:13:08,835 - main - INFO - 220602   grid24_2022060108.048
2022-07-06 14:13:09,780 - main - INFO - 220603   grid24_2022060108.072
2022-07-06 14:13:11,049 - main - INFO - 220604   grid24_2022060108.096
2022-07-06 14:13:12,568 - main - INFO - 220605   grid24_2022060108.120
2022-07-06 14:13:14,616 - main - INFO - 220606   grid24_2022060108.144
2022-07-06 14:13:15,859 - main - INFO - 220607   grid24_2022060108.168
2022-07-06 14:13:18,420 - main - INFO - 220608   grid24_2022060108.192
2022-07-06 14:13:20,042 - main - INFO - 220609   grid24_2022060108.216
2022-07-06 14:13:22,181 - main - INFO - 220610   grid24_2022060108.240
2022-07-06 14:13:28,174 - main - ERROR - 'NoneType' object has no attribute 'dtype'
2022-07-06 14:19:53,268 - main - INFO - 开始处理是实况数据：2022-06-01
2022-07-06 14:19:53,302 - main - INFO - 当前设定计算时间为： 2022-05-31
2022-07-06 14:20:55,321 - main - INFO - 开始处理是预报数据：2022-06-01
2022-07-06 14:20:55,328 - main - INFO - 220601   grid24_2022060108.024
2022-07-06 14:20:56,176 - main - INFO - 220602   grid24_2022060108.048
2022-07-06 14:20:57,073 - main - INFO - 220603   grid24_2022060108.072
2022-07-06 14:20:58,776 - main - INFO - 220604   grid24_2022060108.096
2022-07-06 14:21:00,458 - main - INFO - 220605   grid24_2022060108.120
2022-07-06 14:21:03,427 - main - INFO - 220606   grid24_2022060108.144
2022-07-06 14:21:04,533 - main - INFO - 220607   grid24_2022060108.168
2022-07-06 14:21:05,639 - main - INFO - 220608   grid24_2022060108.192
2022-07-06 14:21:07,727 - main - INFO - 220609   grid24_2022060108.216
2022-07-06 14:21:08,742 - main - INFO - 220610   grid24_2022060108.240
2022-07-06 14:21:15,274 - main - ERROR - 'NoneType' object has no attribute 'dtype'
2022-07-06 14:22:58,869 - main - INFO - 开始处理是实况数据：2022-06-01
2022-07-06 14:22:58,904 - main - INFO - 当前设定计算时间为： 2022-05-31
2022-07-06 14:23:58,041 - main - INFO - 开始处理是预报数据：2022-06-01
2022-07-06 14:23:58,049 - main - INFO - 220601   grid24_2022060108.024
2022-07-06 14:23:58,918 - main - INFO - 220602   grid24_2022060108.048
2022-07-06 14:23:59,800 - main - INFO - 220603   grid24_2022060108.072
2022-07-06 14:24:02,334 - main - INFO - 220604   grid24_2022060108.096
2022-07-06 14:24:03,220 - main - INFO - 220605   grid24_2022060108.120
2022-07-06 14:24:04,351 - main - INFO - 220606   grid24_2022060108.144
2022-07-06 14:24:06,497 - main - INFO - 220607   grid24_2022060108.168
2022-07-06 14:24:07,740 - main - INFO - 220608   grid24_2022060108.192
2022-07-06 14:24:10,218 - main - INFO - 220609   grid24_2022060108.216
2022-07-06 14:24:11,350 - main - INFO - 220610   grid24_2022060108.240
2022-07-06 14:32:27,730 - main - INFO - 开始处理是实况数据：2022-06-01
2022-07-06 14:32:27,739 - main - INFO - 当前设定计算时间为： 2022-05-31
2022-07-06 14:34:25,046 - main - INFO - 开始处理是预报数据：2022-06-01
2022-07-06 14:34:25,074 - main - INFO - 220601   grid24_2022060108.024
2022-07-06 14:34:26,110 - main - INFO - 220602   grid24_2022060108.048
2022-07-06 14:34:29,199 - main - INFO - 220603   grid24_2022060108.072
2022-07-06 14:34:30,369 - main - INFO - 220604   grid24_2022060108.096
2022-07-06 14:34:33,132 - main - INFO - 220605   grid24_2022060108.120
2022-07-06 14:34:34,142 - main - INFO - 220606   grid24_2022060108.144
2022-07-06 14:34:37,252 - main - INFO - 220607   grid24_2022060108.168
2022-07-06 14:34:38,338 - main - INFO - 220608   grid24_2022060108.192
2022-07-06 14:34:41,196 - main - INFO - 220609   grid24_2022060108.216
2022-07-06 14:34:42,445 - main - INFO - 220610   grid24_2022060108.240
2022-07-06 14:35:44,467 - main - INFO - 开始处理是实况数据：2022-06-01
2022-07-06 14:35:44,506 - main - INFO - 当前设定计算时间为： 2022-05-31
2022-07-06 14:39:52,352 - main - INFO - 开始处理是预报数据：2022-06-01
2022-07-06 14:39:52,379 - main - INFO - 220601   grid24_2022060108.024
2022-07-06 14:39:53,469 - main - INFO - 220602   grid24_2022060108.048
2022-07-06 14:39:54,575 - main - INFO - 220603   grid24_2022060108.072
2022-07-06 14:39:55,687 - main - INFO - 220604   grid24_2022060108.096
2022-07-06 14:39:57,409 - main - INFO - 220605   grid24_2022060108.120
2022-07-06 14:39:58,390 - main - INFO - 220606   grid24_2022060108.144
2022-07-06 14:39:59,422 - main - INFO - 220607   grid24_2022060108.168
2022-07-06 14:40:00,677 - main - INFO - 220608   grid24_2022060108.192
2022-07-06 14:40:02,197 - main - INFO - 220609   grid24_2022060108.216
2022-07-06 14:40:03,268 - main - INFO - 220610   grid24_2022060108.240
2022-07-06 14:42:35,681 - main - INFO - 开始处理是实况数据：2022-06-01
2022-07-06 14:42:35,722 - main - INFO - 当前设定计算时间为： 2022-05-31
2022-07-06 14:46:59,628 - main - INFO - 开始处理是预报数据：2022-06-01
2022-07-06 14:46:59,634 - main - INFO - 220601   grid24_2022060108.024
2022-07-06 14:47:00,472 - main - INFO - 220602   grid24_2022060108.048
2022-07-06 14:47:01,314 - main - INFO - 220603   grid24_2022060108.072
2022-07-06 14:47:03,232 - main - INFO - 220604   grid24_2022060108.096
2022-07-06 14:47:04,267 - main - INFO - 220605   grid24_2022060108.120
2022-07-06 14:47:05,295 - main - INFO - 220606   grid24_2022060108.144
2022-07-06 14:47:07,101 - main - INFO - 220607   grid24_2022060108.168
2022-07-06 14:47:08,282 - main - INFO - 220608   grid24_2022060108.192
2022-07-06 14:47:10,122 - main - INFO - 220609   grid24_2022060108.216
2022-07-06 14:47:12,126 - main - INFO - 220610   grid24_2022060108.240
2022-07-06 14:58:23,011 - main - INFO - 开始处理是实况数据：2022-06-01
2022-07-06 14:58:23,049 - main - INFO - 当前设定计算时间为： 2022-05-31
2022-07-06 15:02:45,561 - main - INFO - 开始处理是预报数据：2022-06-01
2022-07-06 15:02:45,567 - main - INFO - 220601   grid24_2022060108.024
2022-07-06 15:02:46,511 - main - INFO - 220602   grid24_2022060108.048
2022-07-06 15:02:47,564 - main - INFO - 220603   grid24_2022060108.072
2022-07-06 15:02:49,560 - main - INFO - 220604   grid24_2022060108.096
2022-07-06 15:02:50,471 - main - INFO - 220605   grid24_2022060108.120
2022-07-06 15:02:51,677 - main - INFO - 220606   grid24_2022060108.144
2022-07-06 15:02:53,575 - main - INFO - 220607   grid24_2022060108.168
2022-07-06 15:02:54,449 - main - INFO - 220608   grid24_2022060108.192
2022-07-06 15:02:55,702 - main - INFO - 220609   grid24_2022060108.216
2022-07-06 15:02:57,052 - main - INFO - 220610   grid24_2022060108.240
2022-07-06 15:06:24,865 - main - INFO - 开始处理是实况数据：2022-06-01
2022-07-06 15:06:24,877 - main - INFO - 当前设定计算时间为： 2022-05-31
2022-07-06 15:07:44,358 - main - INFO - 开始处理是预报数据：2022-06-01
2022-07-06 15:07:44,367 - main - INFO - 220601   grid24_2022060108.024
2022-07-06 15:07:45,329 - main - INFO - 220602   grid24_2022060108.048
2022-07-06 15:07:46,285 - main - INFO - 220603   grid24_2022060108.072
2022-07-06 15:07:48,873 - main - INFO - 220604   grid24_2022060108.096
2022-07-06 15:07:50,038 - main - INFO - 220605   grid24_2022060108.120
2022-07-06 15:07:52,953 - main - INFO - 220606   grid24_2022060108.144
2022-07-06 15:07:54,041 - main - INFO - 220607   grid24_2022060108.168
2022-07-06 15:07:56,796 - main - INFO - 220608   grid24_2022060108.192
2022-07-06 15:07:57,759 - main - INFO - 220609   grid24_2022060108.216
2022-07-06 15:07:59,027 - main - INFO - 220610   grid24_2022060108.240
2022-07-06 15:11:35,912 - main - INFO - 开始处理是实况数据：2022-06-01
2022-07-06 15:11:35,923 - main - INFO - 当前设定计算时间为： 2022-05-31
2022-07-06 15:12:50,370 - main - INFO - 开始处理是预报数据：2022-06-01
2022-07-06 15:12:50,376 - main - INFO - 220601   grid24_2022060108.024
2022-07-06 15:12:51,381 - main - INFO - 220602   grid24_2022060108.048
2022-07-06 15:12:52,286 - main - INFO - 220603   grid24_2022060108.072
2022-07-06 15:12:53,140 - main - INFO - 220604   grid24_2022060108.096
2022-07-06 15:12:55,970 - main - INFO - 220605   grid24_2022060108.120
2022-07-06 15:12:56,897 - main - INFO - 220606   grid24_2022060108.144
2022-07-06 15:12:58,668 - main - INFO - 220607   grid24_2022060108.168
2022-07-06 15:13:00,070 - main - INFO - 220608   grid24_2022060108.192
2022-07-06 15:13:01,194 - main - INFO - 220609   grid24_2022060108.216
2022-07-06 15:13:03,844 - main - INFO - 220610   grid24_2022060108.240
2022-07-06 15:17:54,909 - main - INFO - 开始处理是实况数据：2022-06-01
2022-07-06 15:17:54,966 - main - INFO - 当前设定计算时间为： 2022-05-31
2022-07-06 15:19:53,724 - main - INFO - 开始处理是预报数据：2022-06-01
2022-07-06 15:19:53,762 - main - INFO - 220601   grid24_2022060108.024
2022-07-06 15:19:54,963 - main - INFO - 220602   grid24_2022060108.048
2022-07-06 15:19:56,112 - main - INFO - 220603   grid24_2022060108.072
2022-07-06 15:19:57,137 - main - INFO - 220604   grid24_2022060108.096
2022-07-06 15:19:59,418 - main - INFO - 220605   grid24_2022060108.120
2022-07-06 15:20:00,486 - main - INFO - 220606   grid24_2022060108.144
2022-07-06 15:20:02,584 - main - INFO - 220607   grid24_2022060108.168
2022-07-06 15:20:05,341 - main - INFO - 220608   grid24_2022060108.192
2022-07-06 15:20:06,223 - main - INFO - 220609   grid24_2022060108.216
2022-07-06 15:20:07,115 - main - INFO - 220610   grid24_2022060108.240
2022-07-06 15:21:39,537 - main - INFO - 开始处理是实况数据：2022-06-01
2022-07-06 15:21:39,591 - main - INFO - 当前设定计算时间为： 2022-05-31
2022-07-06 15:22:53,225 - main - INFO - 开始处理是预报数据：2022-06-01
2022-07-06 15:22:53,233 - main - INFO - 220601   grid24_2022060108.024
2022-07-06 15:22:54,236 - main - INFO - 220602   grid24_2022060108.048
2022-07-06 15:22:55,204 - main - INFO - 220603   grid24_2022060108.072
2022-07-06 15:22:56,297 - main - INFO - 220604   grid24_2022060108.096
2022-07-06 15:22:58,837 - main - INFO - 220605   grid24_2022060108.120
2022-07-06 15:23:01,687 - main - INFO - 220606   grid24_2022060108.144
2022-07-06 15:23:02,814 - main - INFO - 220607   grid24_2022060108.168
2022-07-06 15:23:03,910 - main - INFO - 220608   grid24_2022060108.192
2022-07-06 15:23:06,623 - main - INFO - 220609   grid24_2022060108.216
2022-07-06 15:23:07,821 - main - INFO - 220610   grid24_2022060108.240
2022-07-06 15:34:28,052 - main - INFO - 开始处理是实况数据：2022-06-01
2022-07-06 15:34:28,085 - main - INFO - 当前设定计算时间为： 2022-05-31
2022-07-06 15:34:52,186 - main - INFO - 开始处理是实况数据：2022-06-01
2022-07-06 15:34:52,232 - main - INFO - 当前设定计算时间为： 2022-05-31
2022-07-06 15:36:19,864 - main - INFO - 开始处理是预报数据：2022-06-01
2022-07-06 15:36:19,871 - main - INFO - 220601   grid24_2022060108.024
2022-07-06 15:36:20,770 - main - INFO - 220602   grid24_2022060108.048
2022-07-06 15:36:23,461 - main - INFO - 220603   grid24_2022060108.072
2022-07-06 15:36:24,357 - main - INFO - 220604   grid24_2022060108.096
2022-07-06 15:36:25,716 - main - INFO - 220605   grid24_2022060108.120
2022-07-06 15:36:27,504 - main - INFO - 220606   grid24_2022060108.144
2022-07-06 15:36:28,368 - main - INFO - 220607   grid24_2022060108.168
2022-07-06 15:36:29,670 - main - INFO - 220608   grid24_2022060108.192
2022-07-06 15:36:33,570 - main - INFO - 220609   grid24_2022060108.216
2022-07-06 15:36:34,714 - main - INFO - 220610   grid24_2022060108.240
2022-07-06 15:36:38,834 - main - ERROR - 'NoneType' object is not subscriptable
2022-07-06 15:37:12,556 - main - INFO - 开始处理是实况数据：2022-06-01
2022-07-06 15:37:12,636 - main - INFO - 当前设定计算时间为： 2022-05-31
2022-07-06 15:39:27,642 - main - INFO - 开始处理是预报数据：2022-06-01
2022-07-06 15:39:27,680 - main - INFO - 220601   grid24_2022060108.024
2022-07-06 15:39:28,860 - main - INFO - 220602   grid24_2022060108.048
2022-07-06 15:39:32,027 - main - INFO - 220603   grid24_2022060108.072
2022-07-06 15:39:33,201 - main - INFO - 220604   grid24_2022060108.096
2022-07-06 15:39:34,683 - main - INFO - 220605   grid24_2022060108.120
2022-07-06 15:39:38,319 - main - INFO - 220606   grid24_2022060108.144
2022-07-06 15:39:39,248 - main - INFO - 220607   grid24_2022060108.168
2022-07-06 15:39:41,392 - main - INFO - 220608   grid24_2022060108.192
2022-07-06 15:39:44,623 - main - INFO - 220609   grid24_2022060108.216
2022-07-06 15:39:45,837 - main - INFO - 220610   grid24_2022060108.240
2022-07-06 15:39:49,116 - main - ERROR - 'NoneType' object is not subscriptable
2022-07-06 15:40:32,948 - main - INFO - 开始处理是实况数据：2022-06-01
2022-07-06 15:40:32,987 - main - INFO - 当前设定计算时间为： 2022-05-31
2022-07-06 15:40:43,144 - main - INFO - 开始处理是实况数据：2022-06-01
2022-07-06 15:40:43,197 - main - INFO - 当前设定计算时间为： 2022-05-31
2022-07-06 15:42:05,872 - main - INFO - 开始处理是预报数据：2022-06-01
2022-07-06 15:42:05,879 - main - INFO - 220601   grid24_2022060108.024
2022-07-06 15:42:06,794 - main - INFO - 220602   grid24_2022060108.048
2022-07-06 15:42:07,677 - main - INFO - 220603   grid24_2022060108.072
2022-07-06 15:42:09,789 - main - INFO - 220604   grid24_2022060108.096
2022-07-06 15:42:10,879 - main - INFO - 220605   grid24_2022060108.120
2022-07-06 15:42:12,199 - main - INFO - 220606   grid24_2022060108.144
2022-07-06 15:42:15,129 - main - INFO - 220607   grid24_2022060108.168
2022-07-06 15:42:16,235 - main - INFO - 220608   grid24_2022060108.192
2022-07-06 15:42:18,981 - main - INFO - 220609   grid24_2022060108.216
2022-07-06 15:42:20,061 - main - INFO - 220610   grid24_2022060108.240
2022-07-06 15:42:22,813 - main - ERROR - 'NoneType' object is not subscriptable
2022-07-06 15:42:45,808 - main - INFO - 开始处理是实况数据：2022-06-01
2022-07-06 15:42:45,817 - main - INFO - 当前设定计算时间为： 2022-05-31
2022-07-06 15:44:14,585 - main - INFO - 开始处理是预报数据：2022-06-01
2022-07-06 15:44:14,617 - main - INFO - 220601   grid24_2022060108.024
2022-07-06 15:44:15,904 - main - INFO - 220602   grid24_2022060108.048
2022-07-06 15:44:17,792 - main - INFO - 220603   grid24_2022060108.072
2022-07-06 15:44:19,133 - main - INFO - 220604   grid24_2022060108.096
2022-07-06 15:44:20,006 - main - INFO - 220605   grid24_2022060108.120
2022-07-06 15:44:21,296 - main - INFO - 220606   grid24_2022060108.144
2022-07-06 15:44:23,173 - main - INFO - 220607   grid24_2022060108.168
2022-07-06 15:44:24,001 - main - INFO - 220608   grid24_2022060108.192
2022-07-06 15:44:25,128 - main - INFO - 220609   grid24_2022060108.216
2022-07-06 15:44:27,466 - main - INFO - 220610   grid24_2022060108.240
2022-07-06 15:44:31,034 - main - ERROR - 'NoneType' object has no attribute 'dtype'
2022-07-06 15:44:48,109 - main - INFO - 开始处理是实况数据：2022-06-01
2022-07-06 15:44:48,140 - main - INFO - 当前设定计算时间为： 2022-05-31
2022-07-06 15:48:22,955 - main - INFO - 开始处理是预报数据：2022-06-01
2022-07-06 15:48:22,962 - main - INFO - 220601   grid24_2022060108.024
2022-07-06 15:48:23,894 - main - INFO - 220602   grid24_2022060108.048
2022-07-06 15:48:24,817 - main - INFO - 220603   grid24_2022060108.072
2022-07-06 15:48:25,745 - main - INFO - 220604   grid24_2022060108.096
2022-07-06 15:48:28,226 - main - INFO - 220605   grid24_2022060108.120
2022-07-06 15:48:29,159 - main - INFO - 220606   grid24_2022060108.144
2022-07-06 15:48:30,208 - main - INFO - 220607   grid24_2022060108.168
2022-07-06 15:48:32,194 - main - INFO - 220608   grid24_2022060108.192
2022-07-06 15:48:33,353 - main - INFO - 220609   grid24_2022060108.216
2022-07-06 15:48:36,082 - main - INFO - 220610   grid24_2022060108.240
2022-07-06 15:48:38,295 - main - ERROR - 'NoneType' object has no attribute 'dtype'
2022-07-06 15:49:41,805 - main - INFO - 开始处理是实况数据：2022-06-01
2022-07-06 15:49:41,831 - main - INFO - 当前设定计算时间为： 2022-05-31
2022-07-06 15:49:52,796 - main - INFO - 开始处理是实况数据：2022-06-01
2022-07-06 15:49:52,817 - main - INFO - 当前设定计算时间为： 2022-05-31
2022-07-06 15:52:58,965 - main - INFO - 开始处理是预报数据：2022-06-01
2022-07-06 15:52:58,973 - main - INFO - 220601   grid24_2022060108.024
2022-07-06 15:52:59,991 - main - INFO - 220602   grid24_2022060108.048
2022-07-06 15:53:00,858 - main - INFO - 220603   grid24_2022060108.072
2022-07-06 15:53:03,787 - main - INFO - 220604   grid24_2022060108.096
2022-07-06 15:53:04,944 - main - INFO - 220605   grid24_2022060108.120
2022-07-06 15:53:07,380 - main - INFO - 220606   grid24_2022060108.144
2022-07-06 15:53:08,304 - main - INFO - 220607   grid24_2022060108.168
2022-07-06 15:53:10,164 - main - INFO - 220608   grid24_2022060108.192
2022-07-06 15:53:12,428 - main - INFO - 220609   grid24_2022060108.216
2022-07-06 15:53:15,585 - main - INFO - 220610   grid24_2022060108.240
2022-07-06 15:53:24,573 - main - INFO - 开始处理是实况数据：2022-06-01
2022-07-06 15:53:24,633 - main - INFO - 当前设定计算时间为： 2022-05-31
2022-07-06 15:56:30,937 - main - INFO - 开始处理是预报数据：2022-06-01
2022-07-06 15:56:30,946 - main - INFO - 220601   grid24_2022060108.024
2022-07-06 15:56:31,879 - main - INFO - 220602   grid24_2022060108.048
2022-07-06 15:56:32,793 - main - INFO - 220603   grid24_2022060108.072
2022-07-06 15:56:34,588 - main - INFO - 220604   grid24_2022060108.096
2022-07-06 15:56:38,169 - main - INFO - 220605   grid24_2022060108.120
2022-07-06 15:56:39,031 - main - INFO - 220606   grid24_2022060108.144
2022-07-06 15:56:40,042 - main - INFO - 220607   grid24_2022060108.168
2022-07-06 15:56:44,262 - main - INFO - 220608   grid24_2022060108.192
2022-07-06 15:56:45,285 - main - INFO - 220609   grid24_2022060108.216
2022-07-06 15:56:48,288 - main - INFO - 220610   grid24_2022060108.240
2022-07-06 15:56:49,865 - main - ERROR - 'NoneType' object is not subscriptable
2022-07-06 16:00:37,518 - main - ERROR - 'method' object is not subscriptable
2022-07-06 16:01:41,438 - main - INFO - 开始处理是实况数据：2022-06-01
2022-07-06 16:01:41,471 - main - INFO - 当前设定计算时间为： 2022-05-31
2022-07-06 16:04:03,677 - main - INFO - 开始处理是预报数据：2022-06-01
2022-07-06 16:04:03,704 - main - INFO - 220601   grid24_2022060108.024
2022-07-06 16:04:04,904 - main - INFO - 220602   grid24_2022060108.048
2022-07-06 16:04:06,420 - main - INFO - 220603   grid24_2022060108.072
2022-07-06 16:04:07,936 - main - INFO - 220604   grid24_2022060108.096
2022-07-06 16:04:08,893 - main - INFO - 220605   grid24_2022060108.120
2022-07-06 16:04:10,634 - main - INFO - 220606   grid24_2022060108.144
2022-07-06 16:04:12,078 - main - INFO - 220607   grid24_2022060108.168
2022-07-06 16:04:13,441 - main - INFO - 220608   grid24_2022060108.192
2022-07-06 16:04:15,539 - main - INFO - 220609   grid24_2022060108.216
2022-07-06 16:04:17,713 - main - INFO - 220610   grid24_2022060108.240
2022-07-06 16:04:21,039 - main - ERROR - 'NoneType' object is not subscriptable
2022-07-06 16:18:29,601 - main - INFO - 开始处理是实况数据：2022-06-01
2022-07-06 16:18:29,616 - main - INFO - 当前设定计算时间为： 2022-05-31
2022-07-06 16:18:30,063 - main - ERROR - 'NoneType' object is not subscriptable
2022-07-06 16:20:06,592 - main - INFO - 开始处理是实况数据：2022-06-01
2022-07-06 16:20:06,604 - main - INFO - 当前设定计算时间为： 2022-05-31
2022-07-06 16:20:07,016 - main - ERROR - 'NoneType' object is not subscriptable
2022-07-06 16:22:11,439 - main - INFO - 开始处理是实况数据：2022-06-01
2022-07-06 16:22:11,471 - main - INFO - 当前设定计算时间为： 2022-05-31
2022-07-06 16:29:57,528 - main - INFO - 开始处理是实况数据：2022-06-01
2022-07-06 16:29:57,546 - main - INFO - 当前设定计算时间为： 2022-05-31
2022-07-06 16:29:57,959 - main - ERROR - 'NoneType' object is not subscriptable
2022-07-06 16:30:35,137 - main - INFO - 开始处理是实况数据：2022-06-01
2022-07-06 16:30:35,158 - main - INFO - 当前设定计算时间为： 2022-05-31
2022-07-06 16:30:35,578 - main - ERROR - 'NoneType' object is not subscriptable
2022-07-06 16:31:00,109 - main - INFO - 开始处理是实况数据：2022-06-01
2022-07-06 16:31:00,126 - main - INFO - 当前设定计算时间为： 2022-05-31
2022-07-06 16:37:27,028 - main - INFO - 开始处理是实况数据：2022-06-01
2022-07-06 16:37:27,062 - main - INFO - 当前设定计算时间为： 2022-05-31
2022-07-06 16:37:27,651 - main - ERROR - 'NoneType' object is not subscriptable
2022-07-06 16:37:41,962 - main - INFO - 开始处理是实况数据：2022-06-01
2022-07-06 16:37:42,001 - main - INFO - 当前设定计算时间为： 2022-05-31
2022-07-06 16:37:42,455 - main - ERROR - 'NoneType' object is not subscriptable
2022-07-06 16:39:11,876 - main - INFO - 开始处理是实况数据：2022-06-01
2022-07-06 16:39:11,894 - main - INFO - 当前设定计算时间为： 2022-05-31
2022-07-06 16:39:12,766 - main - ERROR - 'NoneType' object is not subscriptable
2022-07-06 16:39:33,657 - main - INFO - 开始处理是实况数据：2022-06-01
2022-07-06 16:39:33,677 - main - INFO - 当前设定计算时间为： 2022-05-31
2022-07-06 16:39:42,161 - main - ERROR - 'NoneType' object is not subscriptable
2022-07-06 16:39:57,492 - main - INFO - 开始处理是实况数据：2022-06-01
2022-07-06 16:39:57,522 - main - INFO - 当前设定计算时间为： 2022-05-31
2022-07-06 16:39:58,472 - main - ERROR - 'NoneType' object is not subscriptable
2022-07-06 16:40:26,701 - main - INFO - 开始处理是实况数据：2022-06-01
2022-07-06 16:40:26,775 - main - INFO - 当前设定计算时间为： 2022-05-31
2022-07-06 16:42:15,089 - main - INFO - 开始处理是实况数据：2022-06-01
2022-07-06 16:42:15,110 - main - INFO - 当前设定计算时间为： 2022-05-31
2022-07-06 16:42:47,570 - main - INFO - 开始处理是实况数据：2022-06-01
2022-07-06 16:42:47,597 - main - INFO - 当前设定计算时间为： 2022-05-31
2022-07-06 16:43:29,161 - main - INFO - 开始处理是预报数据：2022-06-01
2022-07-06 16:43:29,190 - main - INFO - 220601   grid24_2022060108.024
2022-07-06 16:43:30,329 - main - INFO - 220602   grid24_2022060108.048
2022-07-06 16:43:33,354 - main - INFO - 220603   grid24_2022060108.072
2022-07-06 16:43:34,530 - main - INFO - 220604   grid24_2022060108.096
2022-07-06 16:43:37,603 - main - INFO - 220605   grid24_2022060108.120
2022-07-06 16:43:40,268 - main - INFO - 220606   grid24_2022060108.144
2022-07-06 16:43:41,636 - main - INFO - 220607   grid24_2022060108.168
2022-07-06 16:43:42,672 - main - INFO - 220608   grid24_2022060108.192
2022-07-06 16:43:44,917 - main - INFO - 220609   grid24_2022060108.216
2022-07-06 16:43:47,375 - main - INFO - 220610   grid24_2022060108.240
2022-07-06 16:43:51,390 - main - ERROR - 'NoneType' object has no attribute 'dtype'
2022-07-06 16:44:18,948 - main - INFO - 开始处理是实况数据：2022-06-01
2022-07-06 16:44:18,984 - main - INFO - 当前设定计算时间为： 2022-05-31
2022-07-06 16:44:50,019 - main - INFO - 开始处理是预报数据：2022-06-01
2022-07-06 16:44:50,029 - main - INFO - 220601   grid24_2022060108.024
2022-07-06 16:44:50,925 - main - INFO - 220602   grid24_2022060108.048
2022-07-06 16:44:51,819 - main - INFO - 220603   grid24_2022060108.072
2022-07-06 16:44:52,723 - main - INFO - 220604   grid24_2022060108.096
2022-07-06 16:44:55,810 - main - INFO - 220605   grid24_2022060108.120
2022-07-06 16:44:56,741 - main - INFO - 220606   grid24_2022060108.144
2022-07-06 16:44:59,857 - main - INFO - 220607   grid24_2022060108.168
2022-07-06 16:45:01,075 - main - INFO - 220608   grid24_2022060108.192
2022-07-06 16:45:03,848 - main - INFO - 220609   grid24_2022060108.216
2022-07-06 16:45:04,942 - main - INFO - 220610   grid24_2022060108.240
2022-07-06 16:45:10,984 - main - ERROR - 'NoneType' object has no attribute 'dtype'
2022-07-06 16:45:37,164 - main - INFO - 开始处理是实况数据：2022-06-01
2022-07-06 16:45:37,199 - main - INFO - 当前设定计算时间为： 2022-05-31
2022-07-06 16:48:03,940 - main_org - INFO - 开始处理是实况数据：2022-06-01
2022-07-06 16:48:03,958 - main_org - INFO - 当前设定计算时间为： 2022-05-31
2022-07-06 16:54:38,160 - main - INFO - 开始处理是实况数据：2022-06-01
2022-07-06 16:54:38,225 - main - INFO - 当前设定计算时间为： 2022-05-31
2022-07-06 16:55:48,491 - main - INFO - 开始处理是实况数据：2022-06-01
2022-07-06 16:55:49,839 - main - INFO - 当前设定计算时间为： 2022-05-31
2022-07-06 16:58:00,660 - main - INFO - 开始处理是实况数据：2022-06-01
2022-07-06 16:58:02,882 - main - INFO - 当前设定计算时间为： 2022-05-31
2022-07-06 17:00:10,703 - main - INFO - 开始处理是实况数据：2022-06-01
2022-07-06 17:00:10,714 - main - INFO - 当前设定计算时间为： 2022-05-31
2022-07-06 17:00:13,596 - main - INFO - 开始处理是预报数据：2022-06-01
2022-07-06 17:00:13,645 - main - INFO - 220601   grid24_2022060108.024
2022-07-06 17:00:14,828 - main - INFO - 220602   grid24_2022060108.048
2022-07-06 17:00:17,571 - main - INFO - 220603   grid24_2022060108.072
2022-07-06 17:00:18,490 - main - INFO - 220604   grid24_2022060108.096
2022-07-06 17:00:19,787 - main - INFO - 220605   grid24_2022060108.120
2022-07-06 17:00:21,401 - main - INFO - 220606   grid24_2022060108.144
2022-07-06 17:00:22,303 - main - INFO - 220607   grid24_2022060108.168
2022-07-06 17:00:23,310 - main - INFO - 220608   grid24_2022060108.192
2022-07-06 17:00:27,354 - main - INFO - 220609   grid24_2022060108.216
2022-07-06 17:00:28,197 - main - INFO - 220610   grid24_2022060108.240
2022-07-06 17:00:29,047 - main - ERROR - unsupported operand type(s) for +: 'ApplyResult' and 'list'
2022-07-06 17:00:54,466 - main - INFO - 开始处理是实况数据：2022-06-01
2022-07-06 17:00:55,917 - main - INFO - 当前设定计算时间为： 2022-05-31
2022-07-06 17:01:40,328 - main - INFO - 开始处理是实况数据：2022-06-01
2022-07-06 17:01:41,490 - main - INFO - 当前设定计算时间为： 2022-05-31
2022-07-06 17:03:19,985 - main - INFO - 开始处理是实况数据：2022-06-01
2022-07-06 17:03:20,022 - main - INFO - 当前设定计算时间为： 2022-05-31
2022-07-06 17:05:37,565 - main - INFO - 开始处理是实况数据：2022-06-01
2022-07-06 17:05:37,578 - main - INFO - 当前设定计算时间为： 2022-05-31
2022-07-06 17:21:12,484 - main - INFO - 开始处理是实况数据：2022-06-01
2022-07-06 17:21:12,525 - main - INFO - 当前设定计算时间为： 2022-05-31
2022-07-06 17:21:18,503 - main - ERROR - Pool not running
2022-07-06 17:21:36,850 - main - INFO - 开始处理是实况数据：2022-06-01
2022-07-06 17:21:36,860 - main - INFO - 当前设定计算时间为： 2022-05-31
2022-07-06 17:21:38,753 - main - ERROR - Pool not running
2022-07-06 17:22:27,667 - main - INFO - 开始处理是实况数据：2022-06-01
2022-07-06 17:22:27,701 - main - INFO - 当前设定计算时间为： 2022-05-31
2022-07-06 17:23:02,977 - main - INFO - 开始处理是实况数据：2022-06-01
2022-07-06 17:23:03,000 - main - INFO - 当前设定计算时间为： 2022-05-31
2022-07-06 17:23:08,823 - main - ERROR - Pool not running
2022-07-06 17:24:00,083 - main - INFO - 开始处理是实况数据：2022-06-01
2022-07-06 17:24:00,101 - main - INFO - 当前设定计算时间为： 2022-05-31
2022-07-06 17:28:39,309 - main - INFO - 开始处理是预报数据：2022-06-01
2022-07-06 17:28:39,319 - main - INFO - 220601   grid24_2022060108.024
2022-07-06 17:28:40,226 - main - INFO - 220602   grid24_2022060108.048
2022-07-06 17:28:41,367 - main - INFO - 220603   grid24_2022060108.072
2022-07-06 17:28:44,488 - main - INFO - 220604   grid24_2022060108.096
2022-07-06 17:28:45,582 - main - INFO - 220605   grid24_2022060108.120
2022-07-06 17:28:48,434 - main - INFO - 220606   grid24_2022060108.144
2022-07-06 17:28:49,569 - main - INFO - 220607   grid24_2022060108.168
2022-07-06 17:28:52,372 - main - INFO - 220608   grid24_2022060108.192
2022-07-06 17:28:53,373 - main - INFO - 220609   grid24_2022060108.216
2022-07-06 17:28:56,256 - main - INFO - 220610   grid24_2022060108.240
2022-07-06 17:29:00,204 - main - ERROR - 'NoneType' object has no attribute 'dtype'
2022-07-06 17:29:17,458 - main - INFO - 开始处理是实况数据：2022-06-01
2022-07-06 17:29:17,494 - main - INFO - 当前设定计算时间为： 2022-05-31
2022-07-06 17:30:58,555 - main - INFO - 开始处理是实况数据：2022-06-01
2022-07-06 17:30:58,575 - main - INFO - 当前设定计算时间为： 2022-05-31
2022-07-06 17:31:15,826 - main - ERROR - '55279'
2022-07-06 17:31:24,840 - main - INFO - 开始处理是实况数据：2022-06-01
2022-07-06 17:31:24,879 - main - INFO - 当前设定计算时间为： 2022-05-31
2022-07-06 17:34:09,849 - main - INFO - 开始处理是实况数据：2022-06-01
2022-07-06 17:34:09,866 - main - INFO - 当前设定计算时间为： 2022-05-31
2022-07-06 17:36:42,014 - main - INFO - 开始处理是实况数据：2022-06-01
2022-07-06 17:36:42,023 - main - INFO - 当前设定计算时间为： 2022-05-31
2022-07-06 17:36:48,538 - main - INFO - 开始处理是实况数据：2022-06-01
2022-07-06 17:36:48,565 - main - INFO - 当前设定计算时间为： 2022-05-31
2022-07-06 17:41:00,704 - main - INFO - 开始处理是实况数据：2022-06-01
2022-07-06 17:41:00,718 - main - INFO - 当前设定计算时间为： 2022-05-31
2022-07-06 17:42:01,380 - main - INFO - 开始处理是实况数据：2022-06-01
2022-07-06 17:42:01,411 - main - INFO - 当前设定计算时间为： 2022-05-31
2022-07-06 17:45:55,064 - main - INFO - 开始处理是预报数据：2022-06-01
2022-07-06 17:45:55,081 - main - INFO - 220601   grid24_2022060108.024
2022-07-06 17:45:55,984 - main - INFO - 220602   grid24_2022060108.048
2022-07-06 17:45:56,892 - main - INFO - 220603   grid24_2022060108.072
2022-07-06 17:45:57,801 - main - INFO - 220604   grid24_2022060108.096
2022-07-06 17:46:00,549 - main - INFO - 220605   grid24_2022060108.120
2022-07-06 17:46:01,624 - main - INFO - 220606   grid24_2022060108.144
2022-07-06 17:46:04,482 - main - INFO - 220607   grid24_2022060108.168
2022-07-06 17:46:05,599 - main - INFO - 220608   grid24_2022060108.192
2022-07-06 17:46:08,466 - main - INFO - 220609   grid24_2022060108.216
2022-07-06 17:46:09,355 - main - INFO - 220610   grid24_2022060108.240
2022-07-06 17:54:27,864 - main - INFO - 开始处理是实况数据：2022-06-01
2022-07-06 17:54:27,924 - main - INFO - 当前设定计算时间为： 2022-05-31
2022-07-06 18:00:17,634 - main - INFO - 开始处理是预报数据：2022-06-01
2022-07-06 18:00:17,650 - main - INFO - 220601   grid24_2022060108.024
2022-07-06 18:00:18,911 - main - INFO - 220602   grid24_2022060108.048
2022-07-06 18:00:21,780 - main - INFO - 220603   grid24_2022060108.072
2022-07-06 18:00:23,203 - main - INFO - 220604   grid24_2022060108.096
2022-07-06 18:00:25,831 - main - INFO - 220605   grid24_2022060108.120
2022-07-06 18:00:27,131 - main - INFO - 220606   grid24_2022060108.144
2022-07-06 18:00:30,384 - main - INFO - 220607   grid24_2022060108.168
2022-07-06 18:00:31,681 - main - INFO - 220608   grid24_2022060108.192
2022-07-06 18:00:34,026 - main - INFO - 220609   grid24_2022060108.216
2022-07-06 18:00:35,264 - main - INFO - 220610   grid24_2022060108.240
2022-07-06 18:24:41,541 - main - INFO - 开始处理是实况数据：2022-06-01
2022-07-06 18:24:41,552 - main - INFO - 当前设定计算时间为： 2022-05-31
2022-07-06 18:25:00,803 - main - INFO - 开始处理是预报数据：2022-06-01
2022-07-06 18:25:00,813 - main - INFO - 220601   grid24_2022060108.024
2022-07-06 18:25:01,710 - main - INFO - 220602   grid24_2022060108.048
2022-07-06 18:25:02,608 - main - INFO - 220603   grid24_2022060108.072
2022-07-06 18:25:03,826 - main - INFO - 220604   grid24_2022060108.096
2022-07-06 18:25:05,675 - main - INFO - 220605   grid24_2022060108.120
2022-07-06 18:25:06,569 - main - INFO - 220606   grid24_2022060108.144
2022-07-06 18:25:07,961 - main - INFO - 220607   grid24_2022060108.168
2022-07-06 18:25:09,694 - main - INFO - 220608   grid24_2022060108.192
2022-07-06 18:25:10,558 - main - INFO - 220609   grid24_2022060108.216
2022-07-06 18:25:11,787 - main - INFO - 220610   grid24_2022060108.240
